2025-01-30 15:21:20.888 [info] Reading sessions from keychain...
2025-01-30 15:21:20.888 [info] Getting sessions for all scopes...
2025-01-30 15:21:20.888 [info] Getting sessions for all scopes...
2025-01-30 15:21:20.888 [info] Getting sessions for all scopes...
2025-01-30 15:21:20.932 [info] Getting sessions for all scopes...
2025-01-30 15:21:20.932 [info] Getting sessions for all scopes...
2025-01-30 15:21:20.932 [info] Getting sessions for all scopes...
2025-01-30 15:21:20.932 [info] Getting sessions for all scopes...
2025-01-30 15:21:20.932 [info] Getting sessions for all scopes...
2025-01-30 15:21:20.940 [info] Got stored sessions!
2025-01-30 15:21:20.941 [info] Got 1 verified sessions.
2025-01-30 15:21:20.941 [info] Got 1 sessions for ...
2025-01-30 15:21:20.941 [info] Got 1 sessions for ...
2025-01-30 15:21:20.941 [info] Got 1 sessions for ...
2025-01-30 15:21:20.941 [info] Got 1 sessions for ...
2025-01-30 15:21:20.941 [info] Got 1 sessions for ...
2025-01-30 15:21:20.941 [info] Got 1 sessions for ...
2025-01-30 15:21:20.941 [info] Got 1 sessions for ...
2025-01-30 15:21:20.941 [info] Got 1 sessions for ...
2025-01-30 15:21:21.007 [info] Getting sessions for user:email...
2025-01-30 15:21:21.007 [info] Got 1 sessions for user:email...
2025-01-30 15:21:22.526 [info] Getting sessions for all scopes...
2025-01-30 15:21:22.526 [info] Got 1 sessions for ...
2025-01-30 15:21:24.910 [info] Getting sessions for read:user,repo,user:email,workflow...
2025-01-30 15:21:24.910 [info] Got 0 sessions for read:user,repo,user:email,workflow...
2025-01-30 15:21:25.380 [info] Getting sessions for all scopes...
2025-01-30 15:21:25.380 [info] Got 1 sessions for ...
2025-01-30 15:21:25.380 [info] Getting sessions for all scopes...
2025-01-30 15:21:25.380 [info] Got 1 sessions for ...
2025-01-30 15:21:26.085 [info] Getting sessions for read:user...
2025-01-30 15:21:26.085 [info] Got 0 sessions for read:user...
2025-01-30 15:21:26.088 [info] Getting sessions for read:user,repo,user:email,workflow...
2025-01-30 15:21:26.088 [info] Got 0 sessions for read:user,repo,user:email,workflow...
2025-01-30 15:21:26.089 [info] Getting sessions for user:email...
2025-01-30 15:21:26.089 [info] Got 1 sessions for user:email...
2025-01-30 15:21:26.089 [info] Getting sessions for user:email...
2025-01-30 15:21:26.089 [info] Got 1 sessions for user:email...
2025-01-30 15:21:26.103 [info] Getting sessions for all scopes...
2025-01-30 15:21:26.103 [info] Got 1 sessions for ...
2025-01-30 15:21:28.613 [info] Getting sessions for read:user,repo,user:email,workflow...
2025-01-30 15:21:28.613 [info] Got 0 sessions for read:user,repo,user:email,workflow...
2025-01-30 15:21:28.754 [info] Getting sessions for user:email...
2025-01-30 15:21:28.754 [info] Got 1 sessions for user:email...
2025-01-30 15:21:28.762 [info] Getting sessions for all scopes...
2025-01-30 15:21:28.762 [info] Got 1 sessions for ...
2025-01-30 15:21:28.763 [info] Getting sessions for read:user,repo,user:email,workflow...
2025-01-30 15:21:28.763 [info] Got 0 sessions for read:user,repo,user:email,workflow...
2025-01-30 15:21:28.765 [info] Getting sessions for user:email...
2025-01-30 15:21:28.765 [info] Got 1 sessions for user:email...
2025-01-30 15:21:29.209 [info] Getting sessions for read:user,repo,user:email,workflow...
2025-01-30 15:21:29.209 [info] Got 0 sessions for read:user,repo,user:email,workflow...
2025-01-30 15:21:29.211 [info] Getting sessions for read:user...
2025-01-30 15:21:29.211 [info] Got 0 sessions for read:user...
2025-01-30 15:21:29.213 [info] Getting sessions for user:email...
2025-01-30 15:21:29.213 [info] Got 1 sessions for user:email...
2025-01-30 15:21:29.663 [info] Getting sessions for all scopes...
2025-01-30 15:21:29.663 [info] Got 1 sessions for ...
2025-01-30 15:21:29.664 [info] Getting sessions for all scopes...
2025-01-30 15:21:29.664 [info] Got 1 sessions for ...
2025-01-30 15:21:29.686 [info] Getting sessions for read:user,repo,user:email,workflow...
2025-01-30 15:21:29.686 [info] Got 0 sessions for read:user,repo,user:email,workflow...
2025-01-30 15:21:29.688 [info] Getting sessions for user:email...
2025-01-30 15:21:29.688 [info] Got 1 sessions for user:email...
2025-01-30 15:21:29.693 [info] Getting sessions for all scopes...
2025-01-30 15:21:29.693 [info] Got 1 sessions for ...
2025-01-30 15:21:29.695 [info] Getting sessions for read:user,repo,user:email,workflow...
2025-01-30 15:21:29.695 [info] Got 0 sessions for read:user,repo,user:email,workflow...
2025-01-30 15:21:29.696 [info] Getting sessions for user:email...
2025-01-30 15:21:29.696 [info] Got 1 sessions for user:email...
2025-01-30 15:21:29.793 [info] Getting sessions for all scopes...
2025-01-30 15:21:29.793 [info] Got 1 sessions for ...
2025-01-30 15:21:29.800 [info] Getting sessions for read:user,repo,user:email,workflow...
2025-01-30 15:21:29.800 [info] Got 0 sessions for read:user,repo,user:email,workflow...
2025-01-30 15:21:29.801 [info] Getting sessions for user:email...
2025-01-30 15:21:29.801 [info] Got 1 sessions for user:email...
2025-01-30 15:21:30.342 [info] Getting sessions for read:user,repo,user:email,workflow...
2025-01-30 15:21:30.342 [info] Got 0 sessions for read:user,repo,user:email,workflow...
2025-01-30 15:21:30.344 [info] Getting sessions for read:user...
2025-01-30 15:21:30.344 [info] Got 0 sessions for read:user...
2025-01-30 15:21:30.345 [info] Getting sessions for user:email...
2025-01-30 15:21:30.345 [info] Got 1 sessions for user:email...
2025-01-30 15:21:31.406 [info] Getting sessions for all scopes...
2025-01-30 15:21:31.406 [info] Got 1 sessions for ...
2025-01-30 15:21:31.409 [info] Getting sessions for read:user,repo,user:email,workflow...
2025-01-30 15:21:31.409 [info] Got 0 sessions for read:user,repo,user:email,workflow...
2025-01-30 15:21:31.410 [info] Getting sessions for user:email...
2025-01-30 15:21:31.410 [info] Got 1 sessions for user:email...
2025-01-30 15:36:31.415 [info] Getting sessions for all scopes...
2025-01-30 15:36:31.415 [info] Got 1 sessions for ...
2025-01-30 15:36:31.418 [info] Getting sessions for read:user,repo,user:email,workflow...
2025-01-30 15:36:31.418 [info] Got 0 sessions for read:user,repo,user:email,workflow...
2025-01-30 15:36:31.422 [info] Getting sessions for user:email...
2025-01-30 15:36:31.422 [info] Got 1 sessions for user:email...
2025-01-30 15:36:31.426 [info] Getting sessions for all scopes...
2025-01-30 15:36:31.426 [info] Got 1 sessions for ...
2025-01-30 15:36:31.430 [info] Getting sessions for read:user,repo,user:email,workflow...
2025-01-30 15:36:31.430 [info] Got 0 sessions for read:user,repo,user:email,workflow...
2025-01-30 15:36:31.433 [info] Getting sessions for user:email...
2025-01-30 15:36:31.433 [info] Got 1 sessions for user:email...
2025-01-30 15:46:29.170 [info] Getting sessions for read:user,repo,user:email,workflow...
2025-01-30 15:46:29.170 [info] Got 0 sessions for read:user,repo,user:email,workflow...
2025-01-30 15:46:29.174 [info] Getting sessions for read:user...
2025-01-30 15:46:29.174 [info] Got 0 sessions for read:user...
2025-01-30 15:46:29.178 [info] Getting sessions for user:email...
2025-01-30 15:46:29.178 [info] Got 1 sessions for user:email...
2025-01-30 15:46:29.653 [info] Getting sessions for all scopes...
2025-01-30 15:46:29.653 [info] Got 1 sessions for ...
2025-01-30 15:46:29.654 [info] Getting sessions for read:user,repo,user:email,workflow...
2025-01-30 15:46:29.654 [info] Got 0 sessions for read:user,repo,user:email,workflow...
2025-01-30 15:46:29.655 [info] Getting sessions for user:email...
2025-01-30 15:46:29.655 [info] Got 1 sessions for user:email...
2025-01-30 15:46:30.534 [info] Getting sessions for all scopes...
2025-01-30 15:46:30.534 [info] Got 1 sessions for ...
2025-01-30 15:46:30.534 [info] Getting sessions for all scopes...
2025-01-30 15:46:30.534 [info] Got 1 sessions for ...
2025-01-30 15:46:30.535 [info] Getting sessions for read:user,repo,user:email,workflow...
2025-01-30 15:46:30.535 [info] Got 0 sessions for read:user,repo,user:email,workflow...
2025-01-30 15:46:30.536 [info] Getting sessions for user:email...
2025-01-30 15:46:30.536 [info] Got 1 sessions for user:email...
2025-01-30 15:46:30.537 [info] Getting sessions for all scopes...
2025-01-30 15:46:30.537 [info] Got 1 sessions for ...
2025-01-30 15:46:30.538 [info] Getting sessions for read:user,repo,user:email,workflow...
2025-01-30 15:46:30.538 [info] Got 0 sessions for read:user,repo,user:email,workflow...
2025-01-30 15:46:30.538 [info] Getting sessions for user:email...
2025-01-30 15:46:30.539 [info] Got 1 sessions for user:email...
2025-01-30 15:46:30.541 [info] Getting sessions for all scopes...
2025-01-30 15:46:30.541 [info] Got 1 sessions for ...
2025-01-30 15:46:30.542 [info] Getting sessions for read:user,repo,user:email,workflow...
2025-01-30 15:46:30.542 [info] Got 0 sessions for read:user,repo,user:email,workflow...
2025-01-30 15:46:30.543 [info] Getting sessions for user:email...
2025-01-30 15:46:30.543 [info] Got 1 sessions for user:email...
2025-01-30 16:01:30.546 [info] Getting sessions for all scopes...
2025-01-30 16:01:30.546 [info] Got 1 sessions for ...
2025-01-30 16:01:30.547 [info] Getting sessions for read:user,repo,user:email,workflow...
2025-01-30 16:01:30.547 [info] Got 0 sessions for read:user,repo,user:email,workflow...
2025-01-30 16:01:30.548 [info] Getting sessions for user:email...
2025-01-30 16:01:30.548 [info] Got 1 sessions for user:email...
2025-01-30 16:01:30.549 [info] Getting sessions for all scopes...
2025-01-30 16:01:30.549 [info] Got 1 sessions for ...
2025-01-30 16:01:30.550 [info] Getting sessions for read:user,repo,user:email,workflow...
2025-01-30 16:01:30.550 [info] Got 0 sessions for read:user,repo,user:email,workflow...
2025-01-30 16:01:30.551 [info] Getting sessions for user:email...
2025-01-30 16:01:30.551 [info] Got 1 sessions for user:email...
2025-01-30 16:11:29.762 [info] Getting sessions for read:user,repo,user:email,workflow...
2025-01-30 16:11:29.762 [info] Got 0 sessions for read:user,repo,user:email,workflow...
2025-01-30 16:11:29.766 [info] Getting sessions for read:user...
2025-01-30 16:11:29.766 [info] Got 0 sessions for read:user...
2025-01-30 16:11:29.769 [info] Getting sessions for user:email...
2025-01-30 16:11:29.769 [info] Got 1 sessions for user:email...
2025-01-30 16:11:30.533 [info] Getting sessions for all scopes...
2025-01-30 16:11:30.534 [info] Got 1 sessions for ...
2025-01-30 16:11:30.535 [info] Getting sessions for read:user,repo,user:email,workflow...
2025-01-30 16:11:30.535 [info] Got 0 sessions for read:user,repo,user:email,workflow...
2025-01-30 16:11:30.535 [info] Getting sessions for user:email...
2025-01-30 16:11:30.535 [info] Got 1 sessions for user:email...
2025-01-30 16:11:31.377 [info] Getting sessions for all scopes...
2025-01-30 16:11:31.377 [info] Got 1 sessions for ...
2025-01-30 16:11:31.377 [info] Getting sessions for all scopes...
2025-01-30 16:11:31.378 [info] Got 1 sessions for ...
2025-01-30 16:11:31.378 [info] Getting sessions for read:user,repo,user:email,workflow...
2025-01-30 16:11:31.378 [info] Got 0 sessions for read:user,repo,user:email,workflow...
2025-01-30 16:11:31.379 [info] Getting sessions for user:email...
2025-01-30 16:11:31.379 [info] Got 1 sessions for user:email...
2025-01-30 16:11:31.380 [info] Getting sessions for all scopes...
2025-01-30 16:11:31.380 [info] Got 1 sessions for ...
2025-01-30 16:11:31.381 [info] Getting sessions for read:user,repo,user:email,workflow...
2025-01-30 16:11:31.381 [info] Got 0 sessions for read:user,repo,user:email,workflow...
2025-01-30 16:11:31.382 [info] Getting sessions for user:email...
2025-01-30 16:11:31.382 [info] Got 1 sessions for user:email...
2025-01-30 16:11:31.386 [info] Getting sessions for all scopes...
2025-01-30 16:11:31.386 [info] Got 1 sessions for ...
2025-01-30 16:11:31.387 [info] Getting sessions for read:user,repo,user:email,workflow...
2025-01-30 16:11:31.387 [info] Got 0 sessions for read:user,repo,user:email,workflow...
2025-01-30 16:11:31.388 [info] Getting sessions for user:email...
2025-01-30 16:11:31.388 [info] Got 1 sessions for user:email...
2025-01-30 16:26:31.394 [info] Getting sessions for all scopes...
2025-01-30 16:26:31.394 [info] Got 1 sessions for ...
2025-01-30 16:26:31.396 [info] Getting sessions for read:user,repo,user:email,workflow...
2025-01-30 16:26:31.396 [info] Got 0 sessions for read:user,repo,user:email,workflow...
2025-01-30 16:26:31.398 [info] Getting sessions for user:email...
2025-01-30 16:26:31.398 [info] Got 1 sessions for user:email...
2025-01-30 16:26:31.434 [info] Getting sessions for all scopes...
2025-01-30 16:26:31.434 [info] Got 1 sessions for ...
2025-01-30 16:26:31.435 [info] Getting sessions for read:user,repo,user:email,workflow...
2025-01-30 16:26:31.435 [info] Got 0 sessions for read:user,repo,user:email,workflow...
2025-01-30 16:26:31.436 [info] Getting sessions for user:email...
2025-01-30 16:26:31.436 [info] Got 1 sessions for user:email...
2025-01-30 16:36:30.397 [info] Getting sessions for read:user,repo,user:email,workflow...
2025-01-30 16:36:30.397 [info] Got 0 sessions for read:user,repo,user:email,workflow...
2025-01-30 16:36:30.400 [info] Getting sessions for read:user...
2025-01-30 16:36:30.400 [info] Got 0 sessions for read:user...
2025-01-30 16:36:30.404 [info] Getting sessions for user:email...
2025-01-30 16:36:30.404 [info] Got 1 sessions for user:email...
2025-01-30 16:36:31.378 [info] Getting sessions for all scopes...
2025-01-30 16:36:31.378 [info] Got 1 sessions for ...
2025-01-30 16:36:31.379 [info] Getting sessions for read:user,repo,user:email,workflow...
2025-01-30 16:36:31.379 [info] Got 0 sessions for read:user,repo,user:email,workflow...
2025-01-30 16:36:31.380 [info] Getting sessions for user:email...
2025-01-30 16:36:31.380 [info] Got 1 sessions for user:email...
2025-01-30 16:36:32.182 [info] Getting sessions for all scopes...
2025-01-30 16:36:32.182 [info] Got 1 sessions for ...
2025-01-30 16:36:32.182 [info] Getting sessions for all scopes...
2025-01-30 16:36:32.182 [info] Got 1 sessions for ...
2025-01-30 16:36:32.183 [info] Getting sessions for read:user,repo,user:email,workflow...
2025-01-30 16:36:32.183 [info] Got 0 sessions for read:user,repo,user:email,workflow...
2025-01-30 16:36:32.184 [info] Getting sessions for user:email...
2025-01-30 16:36:32.184 [info] Got 1 sessions for user:email...
2025-01-30 16:36:32.185 [info] Getting sessions for all scopes...
2025-01-30 16:36:32.185 [info] Got 1 sessions for ...
2025-01-30 16:36:32.186 [info] Getting sessions for read:user,repo,user:email,workflow...
2025-01-30 16:36:32.186 [info] Got 0 sessions for read:user,repo,user:email,workflow...
2025-01-30 16:36:32.188 [info] Getting sessions for user:email...
2025-01-30 16:36:32.188 [info] Got 1 sessions for user:email...
2025-01-30 16:36:32.194 [info] Getting sessions for all scopes...
2025-01-30 16:36:32.194 [info] Got 1 sessions for ...
2025-01-30 16:36:32.195 [info] Getting sessions for read:user,repo,user:email,workflow...
2025-01-30 16:36:32.195 [info] Got 0 sessions for read:user,repo,user:email,workflow...
2025-01-30 16:36:32.196 [info] Getting sessions for user:email...
2025-01-30 16:36:32.196 [info] Got 1 sessions for user:email...
2025-01-30 16:51:32.199 [info] Getting sessions for all scopes...
2025-01-30 16:51:32.199 [info] Got 1 sessions for ...
2025-01-30 16:51:32.199 [info] Getting sessions for read:user,repo,user:email,workflow...
2025-01-30 16:51:32.199 [info] Got 0 sessions for read:user,repo,user:email,workflow...
2025-01-30 16:51:32.200 [info] Getting sessions for user:email...
2025-01-30 16:51:32.200 [info] Got 1 sessions for user:email...
2025-01-30 16:51:32.226 [info] Getting sessions for all scopes...
2025-01-30 16:51:32.226 [info] Got 1 sessions for ...
2025-01-30 16:51:32.227 [info] Getting sessions for read:user,repo,user:email,workflow...
2025-01-30 16:51:32.227 [info] Got 0 sessions for read:user,repo,user:email,workflow...
2025-01-30 16:51:32.228 [info] Getting sessions for user:email...
2025-01-30 16:51:32.228 [info] Got 1 sessions for user:email...
2025-01-30 17:01:30.980 [info] Getting sessions for read:user,repo,user:email,workflow...
2025-01-30 17:01:30.980 [info] Got 0 sessions for read:user,repo,user:email,workflow...
2025-01-30 17:01:30.984 [info] Getting sessions for read:user...
2025-01-30 17:01:30.984 [info] Got 0 sessions for read:user...
2025-01-30 17:01:30.988 [info] Getting sessions for user:email...
2025-01-30 17:01:30.988 [info] Got 1 sessions for user:email...
2025-01-30 17:01:32.186 [info] Getting sessions for all scopes...
2025-01-30 17:01:32.186 [info] Got 1 sessions for ...
2025-01-30 17:01:32.190 [info] Getting sessions for read:user,repo,user:email,workflow...
2025-01-30 17:01:32.190 [info] Got 0 sessions for read:user,repo,user:email,workflow...
2025-01-30 17:01:32.194 [info] Getting sessions for user:email...
2025-01-30 17:01:32.194 [info] Got 1 sessions for user:email...
2025-01-30 17:01:32.993 [info] Getting sessions for all scopes...
2025-01-30 17:01:32.993 [info] Got 1 sessions for ...
2025-01-30 17:01:32.993 [info] Getting sessions for all scopes...
2025-01-30 17:01:32.994 [info] Got 1 sessions for ...
2025-01-30 17:01:32.996 [info] Getting sessions for read:user,repo,user:email,workflow...
2025-01-30 17:01:32.996 [info] Got 0 sessions for read:user,repo,user:email,workflow...
2025-01-30 17:01:33.001 [info] Getting sessions for user:email...
2025-01-30 17:01:33.001 [info] Got 1 sessions for user:email...
2025-01-30 17:01:33.005 [info] Getting sessions for all scopes...
2025-01-30 17:01:33.005 [info] Got 1 sessions for ...
2025-01-30 17:01:33.008 [info] Getting sessions for read:user,repo,user:email,workflow...
2025-01-30 17:01:33.008 [info] Got 0 sessions for read:user,repo,user:email,workflow...
2025-01-30 17:01:33.012 [info] Getting sessions for user:email...
2025-01-30 17:01:33.012 [info] Got 1 sessions for user:email...
2025-01-30 17:01:33.024 [info] Getting sessions for all scopes...
2025-01-30 17:01:33.024 [info] Got 1 sessions for ...
2025-01-30 17:01:33.027 [info] Getting sessions for read:user,repo,user:email,workflow...
2025-01-30 17:01:33.027 [info] Got 0 sessions for read:user,repo,user:email,workflow...
2025-01-30 17:01:33.029 [info] Getting sessions for user:email...
2025-01-30 17:01:33.029 [info] Got 1 sessions for user:email...
2025-01-30 17:16:33.035 [info] Getting sessions for all scopes...
2025-01-30 17:16:33.035 [info] Got 1 sessions for ...
2025-01-30 17:16:33.039 [info] Getting sessions for read:user,repo,user:email,workflow...
2025-01-30 17:16:33.039 [info] Got 0 sessions for read:user,repo,user:email,workflow...
2025-01-30 17:16:33.043 [info] Getting sessions for user:email...
2025-01-30 17:16:33.043 [info] Got 1 sessions for user:email...
2025-01-30 17:16:33.048 [info] Getting sessions for all scopes...
2025-01-30 17:16:33.048 [info] Got 1 sessions for ...
2025-01-30 17:16:33.051 [info] Getting sessions for read:user,repo,user:email,workflow...
2025-01-30 17:16:33.052 [info] Got 0 sessions for read:user,repo,user:email,workflow...
2025-01-30 17:16:33.055 [info] Getting sessions for user:email...
2025-01-30 17:16:33.055 [info] Got 1 sessions for user:email...
2025-01-30 17:26:31.453 [info] Getting sessions for read:user,repo,user:email,workflow...
2025-01-30 17:26:31.453 [info] Got 0 sessions for read:user,repo,user:email,workflow...
2025-01-30 17:26:31.457 [info] Getting sessions for read:user...
2025-01-30 17:26:31.457 [info] Got 0 sessions for read:user...
2025-01-30 17:26:31.461 [info] Getting sessions for user:email...
2025-01-30 17:26:31.461 [info] Got 1 sessions for user:email...
2025-01-30 17:26:32.993 [info] Getting sessions for all scopes...
2025-01-30 17:26:32.994 [info] Got 1 sessions for ...
2025-01-30 17:26:32.997 [info] Getting sessions for read:user,repo,user:email,workflow...
2025-01-30 17:26:32.997 [info] Got 0 sessions for read:user,repo,user:email,workflow...
2025-01-30 17:26:33.001 [info] Getting sessions for user:email...
2025-01-30 17:26:33.001 [info] Got 1 sessions for user:email...
2025-01-30 17:26:33.785 [info] Getting sessions for all scopes...
2025-01-30 17:26:33.785 [info] Got 1 sessions for ...
2025-01-30 17:26:33.785 [info] Getting sessions for all scopes...
2025-01-30 17:26:33.785 [info] Got 1 sessions for ...
2025-01-30 17:26:33.786 [info] Getting sessions for read:user,repo,user:email,workflow...
2025-01-30 17:26:33.786 [info] Got 0 sessions for read:user,repo,user:email,workflow...
2025-01-30 17:26:33.787 [info] Getting sessions for user:email...
2025-01-30 17:26:33.787 [info] Got 1 sessions for user:email...
2025-01-30 17:26:33.789 [info] Getting sessions for all scopes...
2025-01-30 17:26:33.789 [info] Got 1 sessions for ...
2025-01-30 17:26:33.790 [info] Getting sessions for read:user,repo,user:email,workflow...
2025-01-30 17:26:33.790 [info] Got 0 sessions for read:user,repo,user:email,workflow...
2025-01-30 17:26:33.791 [info] Getting sessions for user:email...
2025-01-30 17:26:33.791 [info] Got 1 sessions for user:email...
2025-01-30 17:26:33.794 [info] Getting sessions for all scopes...
2025-01-30 17:26:33.794 [info] Got 1 sessions for ...
2025-01-30 17:26:33.795 [info] Getting sessions for read:user,repo,user:email,workflow...
2025-01-30 17:26:33.795 [info] Got 0 sessions for read:user,repo,user:email,workflow...
2025-01-30 17:26:33.796 [info] Getting sessions for user:email...
2025-01-30 17:26:33.796 [info] Got 1 sessions for user:email...
2025-01-30 17:41:33.798 [info] Getting sessions for all scopes...
2025-01-30 17:41:33.798 [info] Got 1 sessions for ...
2025-01-30 17:41:33.799 [info] Getting sessions for read:user,repo,user:email,workflow...
2025-01-30 17:41:33.799 [info] Got 0 sessions for read:user,repo,user:email,workflow...
2025-01-30 17:41:33.800 [info] Getting sessions for user:email...
2025-01-30 17:41:33.800 [info] Got 1 sessions for user:email...
2025-01-30 17:41:33.802 [info] Getting sessions for all scopes...
2025-01-30 17:41:33.802 [info] Got 1 sessions for ...
2025-01-30 17:41:33.803 [info] Getting sessions for read:user,repo,user:email,workflow...
2025-01-30 17:41:33.803 [info] Got 0 sessions for read:user,repo,user:email,workflow...
2025-01-30 17:41:33.804 [info] Getting sessions for user:email...
2025-01-30 17:41:33.804 [info] Got 1 sessions for user:email...
2025-01-30 17:51:32.154 [info] Getting sessions for read:user,repo,user:email,workflow...
2025-01-30 17:51:32.154 [info] Got 0 sessions for read:user,repo,user:email,workflow...
2025-01-30 17:51:32.158 [info] Getting sessions for read:user...
2025-01-30 17:51:32.158 [info] Got 0 sessions for read:user...
2025-01-30 17:51:32.160 [info] Getting sessions for user:email...
2025-01-30 17:51:32.160 [info] Got 1 sessions for user:email...
2025-01-30 17:51:33.787 [info] Getting sessions for all scopes...
2025-01-30 17:51:33.787 [info] Got 1 sessions for ...
2025-01-30 17:51:33.791 [info] Getting sessions for read:user,repo,user:email,workflow...
2025-01-30 17:51:33.791 [info] Got 0 sessions for read:user,repo,user:email,workflow...
2025-01-30 17:51:33.794 [info] Getting sessions for user:email...
2025-01-30 17:51:33.794 [info] Got 1 sessions for user:email...
2025-01-30 17:51:34.667 [info] Getting sessions for all scopes...
2025-01-30 17:51:34.667 [info] Got 1 sessions for ...
2025-01-30 17:51:34.667 [info] Getting sessions for all scopes...
2025-01-30 17:51:34.667 [info] Got 1 sessions for ...
2025-01-30 17:51:34.668 [info] Getting sessions for read:user,repo,user:email,workflow...
2025-01-30 17:51:34.668 [info] Got 0 sessions for read:user,repo,user:email,workflow...
2025-01-30 17:51:34.669 [info] Getting sessions for user:email...
2025-01-30 17:51:34.669 [info] Got 1 sessions for user:email...
2025-01-30 17:51:34.671 [info] Getting sessions for all scopes...
2025-01-30 17:51:34.671 [info] Got 1 sessions for ...
2025-01-30 17:51:34.673 [info] Getting sessions for read:user,repo,user:email,workflow...
2025-01-30 17:51:34.673 [info] Got 0 sessions for read:user,repo,user:email,workflow...
2025-01-30 17:51:34.674 [info] Getting sessions for user:email...
2025-01-30 17:51:34.674 [info] Got 1 sessions for user:email...
2025-01-30 17:51:34.677 [info] Getting sessions for all scopes...
2025-01-30 17:51:34.677 [info] Got 1 sessions for ...
2025-01-30 17:51:34.679 [info] Getting sessions for read:user,repo,user:email,workflow...
2025-01-30 17:51:34.679 [info] Got 0 sessions for read:user,repo,user:email,workflow...
2025-01-30 17:51:34.680 [info] Getting sessions for user:email...
2025-01-30 17:51:34.680 [info] Got 1 sessions for user:email...
2025-01-30 18:06:34.684 [info] Getting sessions for all scopes...
2025-01-30 18:06:34.684 [info] Got 1 sessions for ...
2025-01-30 18:06:34.685 [info] Getting sessions for read:user,repo,user:email,workflow...
2025-01-30 18:06:34.685 [info] Got 0 sessions for read:user,repo,user:email,workflow...
2025-01-30 18:06:34.686 [info] Getting sessions for user:email...
2025-01-30 18:06:34.686 [info] Got 1 sessions for user:email...
2025-01-30 18:06:34.687 [info] Getting sessions for all scopes...
2025-01-30 18:06:34.687 [info] Got 1 sessions for ...
2025-01-30 18:06:34.688 [info] Getting sessions for read:user,repo,user:email,workflow...
2025-01-30 18:06:34.688 [info] Got 0 sessions for read:user,repo,user:email,workflow...
2025-01-30 18:06:34.689 [info] Getting sessions for user:email...
2025-01-30 18:06:34.689 [info] Got 1 sessions for user:email...
2025-01-30 18:16:32.832 [info] Getting sessions for read:user,repo,user:email,workflow...
2025-01-30 18:16:32.832 [info] Got 0 sessions for read:user,repo,user:email,workflow...
2025-01-30 18:16:32.833 [info] Getting sessions for read:user...
2025-01-30 18:16:32.833 [info] Got 0 sessions for read:user...
2025-01-30 18:16:32.834 [info] Getting sessions for user:email...
2025-01-30 18:16:32.834 [info] Got 1 sessions for user:email...
2025-01-30 18:16:34.669 [info] Getting sessions for all scopes...
2025-01-30 18:16:34.669 [info] Got 1 sessions for ...
2025-01-30 18:16:34.670 [info] Getting sessions for read:user,repo,user:email,workflow...
2025-01-30 18:16:34.670 [info] Got 0 sessions for read:user,repo,user:email,workflow...
2025-01-30 18:16:34.670 [info] Getting sessions for user:email...
2025-01-30 18:16:34.670 [info] Got 1 sessions for user:email...
2025-01-30 18:16:35.570 [info] Getting sessions for all scopes...
2025-01-30 18:16:35.570 [info] Got 1 sessions for ...
2025-01-30 18:16:35.571 [info] Getting sessions for all scopes...
2025-01-30 18:16:35.571 [info] Got 1 sessions for ...
2025-01-30 18:16:35.572 [info] Getting sessions for read:user,repo,user:email,workflow...
2025-01-30 18:16:35.572 [info] Got 0 sessions for read:user,repo,user:email,workflow...
2025-01-30 18:16:35.574 [info] Getting sessions for user:email...
2025-01-30 18:16:35.574 [info] Got 1 sessions for user:email...
2025-01-30 18:16:35.576 [info] Getting sessions for all scopes...
2025-01-30 18:16:35.576 [info] Got 1 sessions for ...
2025-01-30 18:16:35.577 [info] Getting sessions for read:user,repo,user:email,workflow...
2025-01-30 18:16:35.577 [info] Got 0 sessions for read:user,repo,user:email,workflow...
2025-01-30 18:16:35.578 [info] Getting sessions for user:email...
2025-01-30 18:16:35.578 [info] Got 1 sessions for user:email...
2025-01-30 18:16:35.585 [info] Getting sessions for all scopes...
2025-01-30 18:16:35.585 [info] Got 1 sessions for ...
2025-01-30 18:16:35.586 [info] Getting sessions for read:user,repo,user:email,workflow...
2025-01-30 18:16:35.586 [info] Got 0 sessions for read:user,repo,user:email,workflow...
2025-01-30 18:16:35.587 [info] Getting sessions for user:email...
2025-01-30 18:16:35.587 [info] Got 1 sessions for user:email...
2025-01-30 18:31:35.592 [info] Getting sessions for all scopes...
2025-01-30 18:31:35.592 [info] Got 1 sessions for ...
2025-01-30 18:31:35.596 [info] Getting sessions for read:user,repo,user:email,workflow...
2025-01-30 18:31:35.596 [info] Got 0 sessions for read:user,repo,user:email,workflow...
2025-01-30 18:31:35.600 [info] Getting sessions for user:email...
2025-01-30 18:31:35.600 [info] Got 1 sessions for user:email...
2025-01-30 18:31:35.604 [info] Getting sessions for all scopes...
2025-01-30 18:31:35.604 [info] Got 1 sessions for ...
2025-01-30 18:31:35.608 [info] Getting sessions for read:user,repo,user:email,workflow...
2025-01-30 18:31:35.608 [info] Got 0 sessions for read:user,repo,user:email,workflow...
2025-01-30 18:31:35.612 [info] Getting sessions for user:email...
2025-01-30 18:31:35.612 [info] Got 1 sessions for user:email...
2025-01-30 18:41:33.383 [info] Getting sessions for read:user,repo,user:email,workflow...
2025-01-30 18:41:33.383 [info] Got 0 sessions for read:user,repo,user:email,workflow...
2025-01-30 18:41:33.384 [info] Getting sessions for read:user...
2025-01-30 18:41:33.384 [info] Got 0 sessions for read:user...
2025-01-30 18:41:33.385 [info] Getting sessions for user:email...
2025-01-30 18:41:33.385 [info] Got 1 sessions for user:email...
2025-01-30 18:41:35.572 [info] Getting sessions for all scopes...
2025-01-30 18:41:35.572 [info] Got 1 sessions for ...
2025-01-30 18:41:35.576 [info] Getting sessions for read:user,repo,user:email,workflow...
2025-01-30 18:41:35.576 [info] Got 0 sessions for read:user,repo,user:email,workflow...
2025-01-30 18:41:35.580 [info] Getting sessions for user:email...
2025-01-30 18:41:35.580 [info] Got 1 sessions for user:email...
2025-01-30 18:41:36.767 [info] Getting sessions for all scopes...
2025-01-30 18:41:36.767 [info] Got 1 sessions for ...
2025-01-30 18:41:36.767 [info] Getting sessions for all scopes...
2025-01-30 18:41:36.767 [info] Got 1 sessions for ...
2025-01-30 18:41:36.770 [info] Getting sessions for read:user,repo,user:email,workflow...
2025-01-30 18:41:36.770 [info] Got 0 sessions for read:user,repo,user:email,workflow...
2025-01-30 18:41:36.774 [info] Getting sessions for user:email...
2025-01-30 18:41:36.774 [info] Got 1 sessions for user:email...
2025-01-30 18:41:36.779 [info] Getting sessions for all scopes...
2025-01-30 18:41:36.779 [info] Got 1 sessions for ...
2025-01-30 18:41:36.783 [info] Getting sessions for read:user,repo,user:email,workflow...
2025-01-30 18:41:36.783 [info] Got 0 sessions for read:user,repo,user:email,workflow...
2025-01-30 18:41:36.786 [info] Getting sessions for user:email...
2025-01-30 18:41:36.786 [info] Got 1 sessions for user:email...
2025-01-30 18:41:36.799 [info] Getting sessions for all scopes...
2025-01-30 18:41:36.799 [info] Got 1 sessions for ...
2025-01-30 18:41:36.803 [info] Getting sessions for read:user,repo,user:email,workflow...
2025-01-30 18:41:36.803 [info] Got 0 sessions for read:user,repo,user:email,workflow...
2025-01-30 18:41:36.812 [info] Getting sessions for user:email...
2025-01-30 18:41:36.812 [info] Got 1 sessions for user:email...
2025-01-30 18:41:36.822 [info] Getting sessions for all scopes...
2025-01-30 18:41:36.822 [info] Got 1 sessions for ...
2025-01-30 18:41:36.826 [info] Getting sessions for read:user,repo,user:email,workflow...
2025-01-30 18:41:36.826 [info] Got 0 sessions for read:user,repo,user:email,workflow...
2025-01-30 18:41:36.830 [info] Getting sessions for user:email...
2025-01-30 18:41:36.830 [info] Got 1 sessions for user:email...
2025-01-30 18:56:38.185 [info] Getting sessions for all scopes...
2025-01-30 18:56:38.186 [info] Got 1 sessions for ...
2025-01-30 18:56:38.187 [info] Getting sessions for read:user,repo,user:email,workflow...
2025-01-30 18:56:38.187 [info] Got 0 sessions for read:user,repo,user:email,workflow...
2025-01-30 18:56:38.188 [info] Getting sessions for user:email...
2025-01-30 18:56:38.188 [info] Got 1 sessions for user:email...
2025-01-30 18:56:38.189 [info] Getting sessions for all scopes...
2025-01-30 18:56:38.189 [info] Got 1 sessions for ...
2025-01-30 18:56:38.190 [info] Getting sessions for read:user,repo,user:email,workflow...
2025-01-30 18:56:38.190 [info] Got 0 sessions for read:user,repo,user:email,workflow...
2025-01-30 18:56:38.191 [info] Getting sessions for user:email...
2025-01-30 18:56:38.191 [info] Got 1 sessions for user:email...
2025-01-30 19:06:34.297 [info] Getting sessions for read:user,repo,user:email,workflow...
2025-01-30 19:06:34.297 [info] Got 0 sessions for read:user,repo,user:email,workflow...
2025-01-30 19:06:34.301 [info] Getting sessions for read:user...
2025-01-30 19:06:34.301 [info] Got 0 sessions for read:user...
2025-01-30 19:06:34.310 [info] Getting sessions for user:email...
2025-01-30 19:06:34.310 [info] Got 1 sessions for user:email...
2025-01-30 19:06:36.769 [info] Getting sessions for all scopes...
2025-01-30 19:06:36.769 [info] Got 1 sessions for ...
2025-01-30 19:06:36.773 [info] Getting sessions for read:user,repo,user:email,workflow...
2025-01-30 19:06:36.773 [info] Got 0 sessions for read:user,repo,user:email,workflow...
2025-01-30 19:06:36.776 [info] Getting sessions for user:email...
2025-01-30 19:06:36.776 [info] Got 1 sessions for user:email...
2025-01-30 19:06:37.648 [info] Getting sessions for all scopes...
2025-01-30 19:06:37.649 [info] Got 1 sessions for ...
2025-01-30 19:06:37.649 [info] Getting sessions for all scopes...
2025-01-30 19:06:37.649 [info] Got 1 sessions for ...
2025-01-30 19:06:37.652 [info] Getting sessions for read:user,repo,user:email,workflow...
2025-01-30 19:06:37.652 [info] Got 0 sessions for read:user,repo,user:email,workflow...
2025-01-30 19:06:37.656 [info] Getting sessions for user:email...
2025-01-30 19:06:37.656 [info] Got 1 sessions for user:email...
2025-01-30 19:06:37.660 [info] Getting sessions for all scopes...
2025-01-30 19:06:37.660 [info] Got 1 sessions for ...
2025-01-30 19:06:37.664 [info] Getting sessions for read:user,repo,user:email,workflow...
2025-01-30 19:06:37.664 [info] Got 0 sessions for read:user,repo,user:email,workflow...
2025-01-30 19:06:37.667 [info] Getting sessions for user:email...
2025-01-30 19:06:37.667 [info] Got 1 sessions for user:email...
2025-01-30 19:06:37.672 [info] Getting sessions for all scopes...
2025-01-30 19:06:37.673 [info] Got 1 sessions for ...
2025-01-30 19:06:37.674 [info] Getting sessions for read:user,repo,user:email,workflow...
2025-01-30 19:06:37.675 [info] Got 0 sessions for read:user,repo,user:email,workflow...
2025-01-30 19:06:37.676 [info] Getting sessions for user:email...
2025-01-30 19:06:37.676 [info] Got 1 sessions for user:email...
2025-01-30 19:21:37.682 [info] Getting sessions for all scopes...
2025-01-30 19:21:37.682 [info] Got 1 sessions for ...
2025-01-30 19:21:37.686 [info] Getting sessions for read:user,repo,user:email,workflow...
2025-01-30 19:21:37.686 [info] Got 0 sessions for read:user,repo,user:email,workflow...
2025-01-30 19:21:37.690 [info] Getting sessions for user:email...
2025-01-30 19:21:37.690 [info] Got 1 sessions for user:email...
2025-01-30 19:21:37.694 [info] Getting sessions for all scopes...
2025-01-30 19:21:37.694 [info] Got 1 sessions for ...
2025-01-30 19:21:37.698 [info] Getting sessions for read:user,repo,user:email,workflow...
2025-01-30 19:21:37.698 [info] Got 0 sessions for read:user,repo,user:email,workflow...
2025-01-30 19:21:37.702 [info] Getting sessions for user:email...
2025-01-30 19:21:37.702 [info] Got 1 sessions for user:email...
2025-01-30 19:31:34.800 [info] Getting sessions for read:user,repo,user:email,workflow...
2025-01-30 19:31:34.800 [info] Got 0 sessions for read:user,repo,user:email,workflow...
2025-01-30 19:31:34.804 [info] Getting sessions for read:user...
2025-01-30 19:31:34.804 [info] Got 0 sessions for read:user...
2025-01-30 19:31:34.810 [info] Getting sessions for user:email...
2025-01-30 19:31:34.811 [info] Got 1 sessions for user:email...
2025-01-30 19:31:37.647 [info] Getting sessions for all scopes...
2025-01-30 19:31:37.647 [info] Got 1 sessions for ...
2025-01-30 19:31:37.648 [info] Getting sessions for read:user,repo,user:email,workflow...
2025-01-30 19:31:37.648 [info] Got 0 sessions for read:user,repo,user:email,workflow...
2025-01-30 19:31:37.650 [info] Getting sessions for user:email...
2025-01-30 19:31:37.650 [info] Got 1 sessions for user:email...
2025-01-30 19:31:38.532 [info] Getting sessions for all scopes...
2025-01-30 19:31:38.532 [info] Got 1 sessions for ...
2025-01-30 19:31:38.532 [info] Getting sessions for all scopes...
2025-01-30 19:31:38.532 [info] Got 1 sessions for ...
2025-01-30 19:31:38.533 [info] Getting sessions for read:user,repo,user:email,workflow...
2025-01-30 19:31:38.533 [info] Got 0 sessions for read:user,repo,user:email,workflow...
2025-01-30 19:31:38.533 [info] Getting sessions for user:email...
2025-01-30 19:31:38.533 [info] Got 1 sessions for user:email...
2025-01-30 19:31:38.534 [info] Getting sessions for all scopes...
2025-01-30 19:31:38.534 [info] Got 1 sessions for ...
2025-01-30 19:31:38.535 [info] Getting sessions for read:user,repo,user:email,workflow...
2025-01-30 19:31:38.535 [info] Got 0 sessions for read:user,repo,user:email,workflow...
2025-01-30 19:31:38.536 [info] Getting sessions for user:email...
2025-01-30 19:31:38.536 [info] Got 1 sessions for user:email...
2025-01-30 19:31:38.539 [info] Getting sessions for all scopes...
2025-01-30 19:31:38.539 [info] Got 1 sessions for ...
2025-01-30 19:31:38.540 [info] Getting sessions for read:user,repo,user:email,workflow...
2025-01-30 19:31:38.540 [info] Got 0 sessions for read:user,repo,user:email,workflow...
2025-01-30 19:31:38.541 [info] Getting sessions for user:email...
2025-01-30 19:31:38.541 [info] Got 1 sessions for user:email...
2025-01-30 19:46:38.546 [info] Getting sessions for all scopes...
2025-01-30 19:46:38.546 [info] Got 1 sessions for ...
2025-01-30 19:46:38.549 [info] Getting sessions for read:user,repo,user:email,workflow...
2025-01-30 19:46:38.550 [info] Got 0 sessions for read:user,repo,user:email,workflow...
2025-01-30 19:46:38.553 [info] Getting sessions for user:email...
2025-01-30 19:46:38.553 [info] Got 1 sessions for user:email...
2025-01-30 19:46:38.558 [info] Getting sessions for all scopes...
2025-01-30 19:46:38.558 [info] Got 1 sessions for ...
2025-01-30 19:46:38.562 [info] Getting sessions for read:user,repo,user:email,workflow...
2025-01-30 19:46:38.562 [info] Got 0 sessions for read:user,repo,user:email,workflow...
2025-01-30 19:46:38.565 [info] Getting sessions for user:email...
2025-01-30 19:46:38.565 [info] Got 1 sessions for user:email...
2025-01-30 19:56:35.458 [info] Getting sessions for read:user,repo,user:email,workflow...
2025-01-30 19:56:35.458 [info] Got 0 sessions for read:user,repo,user:email,workflow...
2025-01-30 19:56:35.462 [info] Getting sessions for read:user...
2025-01-30 19:56:35.462 [info] Got 0 sessions for read:user...
2025-01-30 19:56:35.466 [info] Getting sessions for user:email...
2025-01-30 19:56:35.466 [info] Got 1 sessions for user:email...
2025-01-30 19:56:38.535 [info] Getting sessions for all scopes...
2025-01-30 19:56:38.535 [info] Got 1 sessions for ...
2025-01-30 19:56:38.539 [info] Getting sessions for read:user,repo,user:email,workflow...
2025-01-30 19:56:38.539 [info] Got 0 sessions for read:user,repo,user:email,workflow...
2025-01-30 19:56:38.543 [info] Getting sessions for user:email...
2025-01-30 19:56:38.543 [info] Got 1 sessions for user:email...
2025-01-30 19:56:39.729 [info] Getting sessions for all scopes...
2025-01-30 19:56:39.729 [info] Got 1 sessions for ...
2025-01-30 19:56:39.730 [info] Getting sessions for all scopes...
2025-01-30 19:56:39.730 [info] Got 1 sessions for ...
2025-01-30 19:56:39.733 [info] Getting sessions for read:user,repo,user:email,workflow...
2025-01-30 19:56:39.733 [info] Got 0 sessions for read:user,repo,user:email,workflow...
2025-01-30 19:56:39.736 [info] Getting sessions for user:email...
2025-01-30 19:56:39.736 [info] Got 1 sessions for user:email...
2025-01-30 19:56:39.740 [info] Getting sessions for all scopes...
2025-01-30 19:56:39.740 [info] Got 1 sessions for ...
2025-01-30 19:56:39.744 [info] Getting sessions for read:user,repo,user:email,workflow...
2025-01-30 19:56:39.744 [info] Got 0 sessions for read:user,repo,user:email,workflow...
2025-01-30 19:56:39.748 [info] Getting sessions for user:email...
2025-01-30 19:56:39.748 [info] Got 1 sessions for user:email...
2025-01-30 19:56:39.762 [info] Getting sessions for all scopes...
2025-01-30 19:56:39.762 [info] Got 1 sessions for ...
2025-01-30 19:56:39.765 [info] Getting sessions for read:user,repo,user:email,workflow...
2025-01-30 19:56:39.766 [info] Got 0 sessions for read:user,repo,user:email,workflow...
2025-01-30 19:56:39.769 [info] Getting sessions for user:email...
2025-01-30 19:56:39.769 [info] Got 1 sessions for user:email...
2025-01-30 19:56:39.778 [info] Getting sessions for all scopes...
2025-01-30 19:56:39.778 [info] Got 1 sessions for ...
2025-01-30 19:56:39.782 [info] Getting sessions for read:user,repo,user:email,workflow...
2025-01-30 19:56:39.782 [info] Got 0 sessions for read:user,repo,user:email,workflow...
2025-01-30 19:56:39.786 [info] Getting sessions for user:email...
2025-01-30 19:56:39.786 [info] Got 1 sessions for user:email...
2025-01-30 20:11:40.802 [info] Getting sessions for all scopes...
2025-01-30 20:11:40.802 [info] Got 1 sessions for ...
2025-01-30 20:11:40.811 [info] Getting sessions for read:user,repo,user:email,workflow...
2025-01-30 20:11:40.811 [info] Got 0 sessions for read:user,repo,user:email,workflow...
2025-01-30 20:11:40.816 [info] Getting sessions for user:email...
2025-01-30 20:11:40.816 [info] Got 1 sessions for user:email...
2025-01-30 20:11:40.818 [info] Getting sessions for all scopes...
2025-01-30 20:11:40.818 [info] Got 1 sessions for ...
2025-01-30 20:11:40.819 [info] Getting sessions for read:user,repo,user:email,workflow...
2025-01-30 20:11:40.819 [info] Got 0 sessions for read:user,repo,user:email,workflow...
2025-01-30 20:11:40.820 [info] Getting sessions for user:email...
2025-01-30 20:11:40.820 [info] Got 1 sessions for user:email...
2025-01-30 20:21:36.247 [info] Getting sessions for read:user,repo,user:email,workflow...
2025-01-30 20:21:36.247 [info] Got 0 sessions for read:user,repo,user:email,workflow...
2025-01-30 20:21:36.251 [info] Getting sessions for read:user...
2025-01-30 20:21:36.251 [info] Got 0 sessions for read:user...
2025-01-30 20:21:36.255 [info] Getting sessions for user:email...
2025-01-30 20:21:36.255 [info] Got 1 sessions for user:email...
2025-01-30 20:21:39.730 [info] Getting sessions for all scopes...
2025-01-30 20:21:39.730 [info] Got 1 sessions for ...
2025-01-30 20:21:39.734 [info] Getting sessions for read:user,repo,user:email,workflow...
2025-01-30 20:21:39.734 [info] Got 0 sessions for read:user,repo,user:email,workflow...
2025-01-30 20:21:39.738 [info] Getting sessions for user:email...
2025-01-30 20:21:39.738 [info] Got 1 sessions for user:email...
2025-01-30 20:21:40.814 [info] Getting sessions for all scopes...
2025-01-30 20:21:40.814 [info] Got 1 sessions for ...
2025-01-30 20:21:40.814 [info] Getting sessions for all scopes...
2025-01-30 20:21:40.814 [info] Got 1 sessions for ...
2025-01-30 20:21:40.815 [info] Getting sessions for read:user,repo,user:email,workflow...
2025-01-30 20:21:40.815 [info] Got 0 sessions for read:user,repo,user:email,workflow...
2025-01-30 20:21:40.816 [info] Getting sessions for user:email...
2025-01-30 20:21:40.816 [info] Got 1 sessions for user:email...
2025-01-30 20:21:40.817 [info] Getting sessions for all scopes...
2025-01-30 20:21:40.817 [info] Got 1 sessions for ...
2025-01-30 20:21:40.818 [info] Getting sessions for read:user,repo,user:email,workflow...
2025-01-30 20:21:40.818 [info] Got 0 sessions for read:user,repo,user:email,workflow...
2025-01-30 20:21:40.819 [info] Getting sessions for user:email...
2025-01-30 20:21:40.819 [info] Got 1 sessions for user:email...
2025-01-30 20:21:40.822 [info] Getting sessions for all scopes...
2025-01-30 20:21:40.822 [info] Got 1 sessions for ...
2025-01-30 20:21:40.823 [info] Getting sessions for read:user,repo,user:email,workflow...
2025-01-30 20:21:40.823 [info] Got 0 sessions for read:user,repo,user:email,workflow...
2025-01-30 20:21:40.824 [info] Getting sessions for user:email...
2025-01-30 20:21:40.824 [info] Got 1 sessions for user:email...
2025-01-30 20:36:40.828 [info] Getting sessions for all scopes...
2025-01-30 20:36:40.828 [info] Got 1 sessions for ...
2025-01-30 20:36:40.831 [info] Getting sessions for read:user,repo,user:email,workflow...
2025-01-30 20:36:40.831 [info] Got 0 sessions for read:user,repo,user:email,workflow...
2025-01-30 20:36:40.833 [info] Getting sessions for user:email...
2025-01-30 20:36:40.833 [info] Got 1 sessions for user:email...
2025-01-30 20:36:40.837 [info] Getting sessions for all scopes...
2025-01-30 20:36:40.837 [info] Got 1 sessions for ...
2025-01-30 20:36:40.840 [info] Getting sessions for read:user,repo,user:email,workflow...
2025-01-30 20:36:40.840 [info] Got 0 sessions for read:user,repo,user:email,workflow...
2025-01-30 20:36:40.844 [info] Getting sessions for user:email...
2025-01-30 20:36:40.844 [info] Got 1 sessions for user:email...
2025-01-30 21:53:49.038 [info] Getting sessions for read:user,repo,user:email,workflow...
2025-01-30 21:53:49.038 [info] Got 0 sessions for read:user,repo,user:email,workflow...
2025-01-30 21:53:49.039 [info] Getting sessions for read:user...
2025-01-30 21:53:49.039 [info] Got 0 sessions for read:user...
2025-01-30 21:53:49.040 [info] Getting sessions for user:email...
2025-01-30 21:53:49.040 [info] Got 1 sessions for user:email...
2025-01-30 21:53:49.197 [info] Getting sessions for read:user,repo,user:email,workflow...
2025-01-30 21:53:49.197 [info] Got 0 sessions for read:user,repo,user:email,workflow...
2025-01-30 21:53:49.198 [info] Getting sessions for read:user...
2025-01-30 21:53:49.198 [info] Got 0 sessions for read:user...
2025-01-30 21:53:49.199 [info] Getting sessions for user:email...
2025-01-30 21:53:49.199 [info] Got 1 sessions for user:email...
2025-01-30 21:53:49.615 [info] Getting sessions for read:user,repo,user:email,workflow...
2025-01-30 21:53:49.615 [info] Got 0 sessions for read:user,repo,user:email,workflow...
2025-01-30 21:53:49.616 [info] Getting sessions for read:user...
2025-01-30 21:53:49.616 [info] Got 0 sessions for read:user...
2025-01-30 21:53:49.617 [info] Getting sessions for user:email...
2025-01-30 21:53:49.617 [info] Got 1 sessions for user:email...
2025-01-30 21:59:35.621 [info] Getting sessions for read:user,repo,user:email,workflow...
2025-01-30 21:59:35.621 [info] Got 0 sessions for read:user,repo,user:email,workflow...
2025-01-30 21:59:35.625 [info] Getting sessions for read:user...
2025-01-30 21:59:35.625 [info] Got 0 sessions for read:user...
2025-01-30 21:59:35.629 [info] Getting sessions for user:email...
2025-01-30 21:59:35.629 [info] Got 1 sessions for user:email...
2025-01-30 21:59:39.605 [info] Getting sessions for all scopes...
2025-01-30 21:59:39.605 [info] Got 1 sessions for ...
2025-01-30 21:59:39.608 [info] Getting sessions for read:user,repo,user:email,workflow...
2025-01-30 21:59:39.608 [info] Got 0 sessions for read:user,repo,user:email,workflow...
2025-01-30 21:59:39.612 [info] Getting sessions for user:email...
2025-01-30 21:59:39.612 [info] Got 1 sessions for user:email...
2025-01-30 21:59:40.566 [info] Getting sessions for all scopes...
2025-01-30 21:59:40.566 [info] Got 1 sessions for ...
2025-01-30 21:59:40.567 [info] Getting sessions for all scopes...
2025-01-30 21:59:40.567 [info] Got 1 sessions for ...
2025-01-30 21:59:40.567 [info] Getting sessions for read:user,repo,user:email,workflow...
2025-01-30 21:59:40.567 [info] Got 0 sessions for read:user,repo,user:email,workflow...
2025-01-30 21:59:40.568 [info] Getting sessions for user:email...
2025-01-30 21:59:40.568 [info] Got 1 sessions for user:email...
2025-01-30 21:59:40.569 [info] Getting sessions for all scopes...
2025-01-30 21:59:40.569 [info] Got 1 sessions for ...
2025-01-30 21:59:40.570 [info] Getting sessions for read:user,repo,user:email,workflow...
2025-01-30 21:59:40.570 [info] Got 0 sessions for read:user,repo,user:email,workflow...
2025-01-30 21:59:40.571 [info] Getting sessions for user:email...
2025-01-30 21:59:40.571 [info] Got 1 sessions for user:email...
2025-01-30 21:59:40.574 [info] Getting sessions for all scopes...
2025-01-30 21:59:40.574 [info] Got 1 sessions for ...
2025-01-30 21:59:40.574 [info] Getting sessions for read:user,repo,user:email,workflow...
2025-01-30 21:59:40.574 [info] Got 0 sessions for read:user,repo,user:email,workflow...
2025-01-30 21:59:40.575 [info] Getting sessions for user:email...
2025-01-30 21:59:40.575 [info] Got 1 sessions for user:email...
2025-01-30 21:59:40.577 [info] Getting sessions for all scopes...
2025-01-30 21:59:40.577 [info] Got 1 sessions for ...
2025-01-30 21:59:40.578 [info] Getting sessions for read:user,repo,user:email,workflow...
2025-01-30 21:59:40.578 [info] Got 0 sessions for read:user,repo,user:email,workflow...
2025-01-30 21:59:40.579 [info] Getting sessions for user:email...
2025-01-30 21:59:40.579 [info] Got 1 sessions for user:email...
2025-01-30 22:14:42.002 [info] Getting sessions for all scopes...
2025-01-30 22:14:42.002 [info] Got 1 sessions for ...
2025-01-30 22:14:42.003 [info] Getting sessions for read:user,repo,user:email,workflow...
2025-01-30 22:14:42.003 [info] Got 0 sessions for read:user,repo,user:email,workflow...
2025-01-30 22:14:42.004 [info] Getting sessions for user:email...
2025-01-30 22:14:42.004 [info] Got 1 sessions for user:email...
2025-01-30 22:14:42.005 [info] Getting sessions for all scopes...
2025-01-30 22:14:42.005 [info] Got 1 sessions for ...
2025-01-30 22:14:42.006 [info] Getting sessions for read:user,repo,user:email,workflow...
2025-01-30 22:14:42.006 [info] Got 0 sessions for read:user,repo,user:email,workflow...
2025-01-30 22:14:42.007 [info] Getting sessions for user:email...
2025-01-30 22:14:42.007 [info] Got 1 sessions for user:email...
2025-01-30 22:24:36.274 [info] Getting sessions for read:user,repo,user:email,workflow...
2025-01-30 22:24:36.274 [info] Got 0 sessions for read:user,repo,user:email,workflow...
2025-01-30 22:24:36.278 [info] Getting sessions for read:user...
2025-01-30 22:24:36.278 [info] Got 0 sessions for read:user...
2025-01-30 22:24:36.282 [info] Getting sessions for user:email...
2025-01-30 22:24:36.282 [info] Got 1 sessions for user:email...
2025-01-30 22:24:40.570 [info] Getting sessions for all scopes...
2025-01-30 22:24:40.570 [info] Got 1 sessions for ...
2025-01-30 22:24:40.574 [info] Getting sessions for read:user,repo,user:email,workflow...
2025-01-30 22:24:40.574 [info] Got 0 sessions for read:user,repo,user:email,workflow...
2025-01-30 22:24:40.577 [info] Getting sessions for user:email...
2025-01-30 22:24:40.577 [info] Got 1 sessions for user:email...
2025-01-30 22:24:41.461 [info] Getting sessions for all scopes...
2025-01-30 22:24:41.462 [info] Got 1 sessions for ...
2025-01-30 22:24:41.462 [info] Getting sessions for all scopes...
2025-01-30 22:24:41.462 [info] Got 1 sessions for ...
2025-01-30 22:24:41.465 [info] Getting sessions for read:user,repo,user:email,workflow...
2025-01-30 22:24:41.465 [info] Got 0 sessions for read:user,repo,user:email,workflow...
2025-01-30 22:24:41.468 [info] Getting sessions for user:email...
2025-01-30 22:24:41.468 [info] Got 1 sessions for user:email...
2025-01-30 22:24:41.472 [info] Getting sessions for all scopes...
2025-01-30 22:24:41.472 [info] Got 1 sessions for ...
2025-01-30 22:24:41.476 [info] Getting sessions for read:user,repo,user:email,workflow...
2025-01-30 22:24:41.476 [info] Got 0 sessions for read:user,repo,user:email,workflow...
2025-01-30 22:24:41.479 [info] Getting sessions for user:email...
2025-01-30 22:24:41.479 [info] Got 1 sessions for user:email...
2025-01-30 22:24:41.496 [info] Getting sessions for all scopes...
2025-01-30 22:24:41.496 [info] Got 1 sessions for ...
2025-01-30 22:24:41.499 [info] Getting sessions for read:user,repo,user:email,workflow...
2025-01-30 22:24:41.499 [info] Got 0 sessions for read:user,repo,user:email,workflow...
2025-01-30 22:24:41.502 [info] Getting sessions for user:email...
2025-01-30 22:24:41.502 [info] Got 1 sessions for user:email...
2025-01-30 22:39:41.509 [info] Getting sessions for all scopes...
2025-01-30 22:39:41.509 [info] Got 1 sessions for ...
2025-01-30 22:39:41.516 [info] Getting sessions for read:user,repo,user:email,workflow...
2025-01-30 22:39:41.516 [info] Got 0 sessions for read:user,repo,user:email,workflow...
2025-01-30 22:39:41.520 [info] Getting sessions for user:email...
2025-01-30 22:39:41.520 [info] Got 1 sessions for user:email...
2025-01-30 22:39:41.524 [info] Getting sessions for all scopes...
2025-01-30 22:39:41.524 [info] Got 1 sessions for ...
2025-01-30 22:39:41.528 [info] Getting sessions for read:user,repo,user:email,workflow...
2025-01-30 22:39:41.528 [info] Got 0 sessions for read:user,repo,user:email,workflow...
2025-01-30 22:39:41.531 [info] Getting sessions for user:email...
2025-01-30 22:39:41.531 [info] Got 1 sessions for user:email...
2025-01-30 22:49:36.955 [info] Getting sessions for read:user,repo,user:email,workflow...
2025-01-30 22:49:36.955 [info] Got 0 sessions for read:user,repo,user:email,workflow...
2025-01-30 22:49:36.956 [info] Getting sessions for read:user...
2025-01-30 22:49:36.956 [info] Got 0 sessions for read:user...
2025-01-30 22:49:36.957 [info] Getting sessions for user:email...
2025-01-30 22:49:36.957 [info] Got 1 sessions for user:email...
2025-01-30 22:49:41.462 [info] Getting sessions for all scopes...
2025-01-30 22:49:41.462 [info] Got 1 sessions for ...
2025-01-30 22:49:41.463 [info] Getting sessions for read:user,repo,user:email,workflow...
2025-01-30 22:49:41.463 [info] Got 0 sessions for read:user,repo,user:email,workflow...
2025-01-30 22:49:41.464 [info] Getting sessions for user:email...
2025-01-30 22:49:41.464 [info] Got 1 sessions for user:email...
2025-01-30 22:49:42.554 [info] Getting sessions for all scopes...
2025-01-30 22:49:42.554 [info] Got 1 sessions for ...
2025-01-30 22:49:42.554 [info] Getting sessions for all scopes...
2025-01-30 22:49:42.554 [info] Got 1 sessions for ...
2025-01-30 22:49:42.557 [info] Getting sessions for read:user,repo,user:email,workflow...
2025-01-30 22:49:42.557 [info] Got 0 sessions for read:user,repo,user:email,workflow...
2025-01-30 22:49:42.561 [info] Getting sessions for user:email...
2025-01-30 22:49:42.561 [info] Got 1 sessions for user:email...
2025-01-30 22:49:42.565 [info] Getting sessions for all scopes...
2025-01-30 22:49:42.565 [info] Got 1 sessions for ...
2025-01-30 22:49:42.568 [info] Getting sessions for read:user,repo,user:email,workflow...
2025-01-30 22:49:42.568 [info] Got 0 sessions for read:user,repo,user:email,workflow...
2025-01-30 22:49:42.572 [info] Getting sessions for user:email...
2025-01-30 22:49:42.572 [info] Got 1 sessions for user:email...
2025-01-30 22:49:42.590 [info] Getting sessions for all scopes...
2025-01-30 22:49:42.590 [info] Got 1 sessions for ...
2025-01-30 22:49:42.593 [info] Getting sessions for read:user,repo,user:email,workflow...
2025-01-30 22:49:42.593 [info] Got 0 sessions for read:user,repo,user:email,workflow...
2025-01-30 22:49:42.597 [info] Getting sessions for user:email...
2025-01-30 22:49:42.597 [info] Got 1 sessions for user:email...
2025-01-30 22:49:42.605 [info] Getting sessions for all scopes...
2025-01-30 22:49:42.605 [info] Got 1 sessions for ...
2025-01-30 22:49:42.607 [info] Getting sessions for read:user,repo,user:email,workflow...
2025-01-30 22:49:42.607 [info] Got 0 sessions for read:user,repo,user:email,workflow...
2025-01-30 22:49:42.609 [info] Getting sessions for user:email...
2025-01-30 22:49:42.609 [info] Got 1 sessions for user:email...
2025-01-30 23:04:43.618 [info] Getting sessions for all scopes...
2025-01-30 23:04:43.618 [info] Got 1 sessions for ...
2025-01-30 23:04:43.619 [info] Getting sessions for read:user,repo,user:email,workflow...
2025-01-30 23:04:43.619 [info] Got 0 sessions for read:user,repo,user:email,workflow...
2025-01-30 23:04:43.622 [info] Getting sessions for user:email...
2025-01-30 23:04:43.622 [info] Got 1 sessions for user:email...
2025-01-30 23:04:43.623 [info] Getting sessions for all scopes...
2025-01-30 23:04:43.623 [info] Got 1 sessions for ...
2025-01-30 23:04:43.624 [info] Getting sessions for read:user,repo,user:email,workflow...
2025-01-30 23:04:43.624 [info] Got 0 sessions for read:user,repo,user:email,workflow...
2025-01-30 23:04:43.626 [info] Getting sessions for user:email...
2025-01-30 23:04:43.626 [info] Got 1 sessions for user:email...
2025-01-30 23:14:37.541 [info] Getting sessions for read:user,repo,user:email,workflow...
2025-01-30 23:14:37.541 [info] Got 0 sessions for read:user,repo,user:email,workflow...
2025-01-30 23:14:37.542 [info] Getting sessions for read:user...
2025-01-30 23:14:37.542 [info] Got 0 sessions for read:user...
2025-01-30 23:14:37.543 [info] Getting sessions for user:email...
2025-01-30 23:14:37.543 [info] Got 1 sessions for user:email...
2025-01-30 23:14:42.594 [info] Getting sessions for all scopes...
2025-01-30 23:14:42.594 [info] Got 1 sessions for ...
2025-01-30 23:14:42.596 [info] Getting sessions for read:user,repo,user:email,workflow...
2025-01-30 23:14:42.596 [info] Got 0 sessions for read:user,repo,user:email,workflow...
2025-01-30 23:14:42.597 [info] Getting sessions for user:email...
2025-01-30 23:14:42.597 [info] Got 1 sessions for user:email...
2025-01-30 23:14:43.411 [info] Getting sessions for all scopes...
2025-01-30 23:14:43.411 [info] Got 1 sessions for ...
2025-01-30 23:14:43.411 [info] Getting sessions for all scopes...
2025-01-30 23:14:43.411 [info] Got 1 sessions for ...
2025-01-30 23:14:43.412 [info] Getting sessions for read:user,repo,user:email,workflow...
2025-01-30 23:14:43.412 [info] Got 0 sessions for read:user,repo,user:email,workflow...
2025-01-30 23:14:43.413 [info] Getting sessions for user:email...
2025-01-30 23:14:43.413 [info] Got 1 sessions for user:email...
2025-01-30 23:14:43.414 [info] Getting sessions for all scopes...
2025-01-30 23:14:43.414 [info] Got 1 sessions for ...
2025-01-30 23:14:43.415 [info] Getting sessions for read:user,repo,user:email,workflow...
2025-01-30 23:14:43.415 [info] Got 0 sessions for read:user,repo,user:email,workflow...
2025-01-30 23:14:43.416 [info] Getting sessions for user:email...
2025-01-30 23:14:43.416 [info] Got 1 sessions for user:email...
2025-01-30 23:14:43.421 [info] Getting sessions for all scopes...
2025-01-30 23:14:43.421 [info] Got 1 sessions for ...
2025-01-30 23:14:43.422 [info] Getting sessions for read:user,repo,user:email,workflow...
2025-01-30 23:14:43.422 [info] Got 0 sessions for read:user,repo,user:email,workflow...
2025-01-30 23:14:43.423 [info] Getting sessions for user:email...
2025-01-30 23:14:43.423 [info] Got 1 sessions for user:email...
2025-01-30 23:29:43.429 [info] Getting sessions for all scopes...
2025-01-30 23:29:43.429 [info] Got 1 sessions for ...
2025-01-30 23:29:43.433 [info] Getting sessions for read:user,repo,user:email,workflow...
2025-01-30 23:29:43.433 [info] Got 0 sessions for read:user,repo,user:email,workflow...
2025-01-30 23:29:43.437 [info] Getting sessions for user:email...
2025-01-30 23:29:43.437 [info] Got 1 sessions for user:email...
2025-01-30 23:29:43.441 [info] Getting sessions for all scopes...
2025-01-30 23:29:43.441 [info] Got 1 sessions for ...
2025-01-30 23:29:43.445 [info] Getting sessions for read:user,repo,user:email,workflow...
2025-01-30 23:29:43.445 [info] Got 0 sessions for read:user,repo,user:email,workflow...
2025-01-30 23:29:43.448 [info] Getting sessions for user:email...
2025-01-30 23:29:43.449 [info] Got 1 sessions for user:email...
2025-01-30 23:39:38.216 [info] Getting sessions for read:user,repo,user:email,workflow...
2025-01-30 23:39:38.216 [info] Got 0 sessions for read:user,repo,user:email,workflow...
2025-01-30 23:39:38.220 [info] Getting sessions for read:user...
2025-01-30 23:39:38.220 [info] Got 0 sessions for read:user...
2025-01-30 23:39:38.225 [info] Getting sessions for user:email...
2025-01-30 23:39:38.225 [info] Got 1 sessions for user:email...
2025-01-30 23:39:43.414 [info] Getting sessions for all scopes...
2025-01-30 23:39:43.414 [info] Got 1 sessions for ...
2025-01-30 23:39:43.417 [info] Getting sessions for read:user,repo,user:email,workflow...
2025-01-30 23:39:43.417 [info] Got 0 sessions for read:user,repo,user:email,workflow...
2025-01-30 23:39:43.420 [info] Getting sessions for user:email...
2025-01-30 23:39:43.420 [info] Got 1 sessions for user:email...
2025-01-30 23:39:44.432 [info] Getting sessions for all scopes...
2025-01-30 23:39:44.432 [info] Got 1 sessions for ...
2025-01-30 23:39:44.433 [info] Getting sessions for all scopes...
2025-01-30 23:39:44.433 [info] Got 1 sessions for ...
2025-01-30 23:39:44.436 [info] Getting sessions for read:user,repo,user:email,workflow...
2025-01-30 23:39:44.436 [info] Got 0 sessions for read:user,repo,user:email,workflow...
2025-01-30 23:39:44.440 [info] Getting sessions for user:email...
2025-01-30 23:39:44.440 [info] Got 1 sessions for user:email...
2025-01-30 23:39:44.444 [info] Getting sessions for all scopes...
2025-01-30 23:39:44.444 [info] Got 1 sessions for ...
2025-01-30 23:39:44.448 [info] Getting sessions for read:user,repo,user:email,workflow...
2025-01-30 23:39:44.448 [info] Got 0 sessions for read:user,repo,user:email,workflow...
2025-01-30 23:39:44.451 [info] Getting sessions for user:email...
2025-01-30 23:39:44.451 [info] Got 1 sessions for user:email...
2025-01-30 23:39:44.470 [info] Getting sessions for all scopes...
2025-01-30 23:39:44.470 [info] Got 1 sessions for ...
2025-01-30 23:39:44.473 [info] Getting sessions for read:user,repo,user:email,workflow...
2025-01-30 23:39:44.473 [info] Got 0 sessions for read:user,repo,user:email,workflow...
2025-01-30 23:39:44.475 [info] Getting sessions for user:email...
2025-01-30 23:39:44.475 [info] Got 1 sessions for user:email...
2025-01-30 23:54:44.482 [info] Getting sessions for all scopes...
2025-01-30 23:54:44.482 [info] Got 1 sessions for ...
2025-01-30 23:54:44.485 [info] Getting sessions for read:user,repo,user:email,workflow...
2025-01-30 23:54:44.485 [info] Got 0 sessions for read:user,repo,user:email,workflow...
2025-01-30 23:54:44.488 [info] Getting sessions for user:email...
2025-01-30 23:54:44.488 [info] Got 1 sessions for user:email...
2025-01-30 23:54:44.492 [info] Getting sessions for all scopes...
2025-01-30 23:54:44.492 [info] Got 1 sessions for ...
2025-01-30 23:54:44.495 [info] Getting sessions for read:user,repo,user:email,workflow...
2025-01-30 23:54:44.495 [info] Got 0 sessions for read:user,repo,user:email,workflow...
2025-01-30 23:54:44.497 [info] Getting sessions for user:email...
2025-01-30 23:54:44.497 [info] Got 1 sessions for user:email...
2025-01-31 00:04:38.702 [info] Getting sessions for read:user,repo,user:email,workflow...
2025-01-31 00:04:38.702 [info] Got 0 sessions for read:user,repo,user:email,workflow...
2025-01-31 00:04:38.706 [info] Getting sessions for read:user...
2025-01-31 00:04:38.743 [info] Got 0 sessions for read:user...
2025-01-31 00:04:38.746 [info] Getting sessions for user:email...
2025-01-31 00:04:38.747 [info] Got 1 sessions for user:email...
2025-01-31 00:04:44.434 [info] Getting sessions for all scopes...
2025-01-31 00:04:44.434 [info] Got 1 sessions for ...
2025-01-31 00:04:44.438 [info] Getting sessions for read:user,repo,user:email,workflow...
2025-01-31 00:04:44.438 [info] Got 0 sessions for read:user,repo,user:email,workflow...
2025-01-31 00:04:44.441 [info] Getting sessions for user:email...
2025-01-31 00:04:44.441 [info] Got 1 sessions for user:email...
2025-01-31 00:04:45.714 [info] Getting sessions for all scopes...
2025-01-31 00:04:45.714 [info] Got 1 sessions for ...
2025-01-31 00:04:45.714 [info] Getting sessions for all scopes...
2025-01-31 00:04:45.714 [info] Got 1 sessions for ...
2025-01-31 00:04:45.715 [info] Getting sessions for read:user,repo,user:email,workflow...
2025-01-31 00:04:45.715 [info] Got 0 sessions for read:user,repo,user:email,workflow...
2025-01-31 00:04:45.716 [info] Getting sessions for user:email...
2025-01-31 00:04:45.716 [info] Got 1 sessions for user:email...
2025-01-31 00:04:45.717 [info] Getting sessions for all scopes...
2025-01-31 00:04:45.717 [info] Got 1 sessions for ...
2025-01-31 00:04:45.718 [info] Getting sessions for read:user,repo,user:email,workflow...
2025-01-31 00:04:45.718 [info] Got 0 sessions for read:user,repo,user:email,workflow...
2025-01-31 00:04:45.719 [info] Getting sessions for user:email...
2025-01-31 00:04:45.719 [info] Got 1 sessions for user:email...
2025-01-31 00:04:45.722 [info] Getting sessions for all scopes...
2025-01-31 00:04:45.722 [info] Got 1 sessions for ...
2025-01-31 00:04:45.723 [info] Getting sessions for read:user,repo,user:email,workflow...
2025-01-31 00:04:45.723 [info] Got 0 sessions for read:user,repo,user:email,workflow...
2025-01-31 00:04:45.723 [info] Getting sessions for user:email...
2025-01-31 00:04:45.723 [info] Got 1 sessions for user:email...
2025-01-31 00:04:45.726 [info] Getting sessions for all scopes...
2025-01-31 00:04:45.726 [info] Got 1 sessions for ...
2025-01-31 00:04:45.727 [info] Getting sessions for read:user,repo,user:email,workflow...
2025-01-31 00:04:45.727 [info] Got 0 sessions for read:user,repo,user:email,workflow...
2025-01-31 00:04:45.727 [info] Getting sessions for user:email...
2025-01-31 00:04:45.728 [info] Got 1 sessions for user:email...
2025-01-31 00:19:47.046 [info] Getting sessions for all scopes...
2025-01-31 00:19:47.046 [info] Got 1 sessions for ...
2025-01-31 00:19:47.047 [info] Getting sessions for read:user,repo,user:email,workflow...
2025-01-31 00:19:47.086 [info] Got 0 sessions for read:user,repo,user:email,workflow...
2025-01-31 00:19:47.090 [info] Getting sessions for user:email...
2025-01-31 00:19:47.090 [info] Got 1 sessions for user:email...
2025-01-31 00:19:47.092 [info] Getting sessions for all scopes...
2025-01-31 00:19:47.092 [info] Got 1 sessions for ...
2025-01-31 00:19:47.093 [info] Getting sessions for read:user,repo,user:email,workflow...
2025-01-31 00:19:47.093 [info] Got 0 sessions for read:user,repo,user:email,workflow...
2025-01-31 00:19:47.094 [info] Getting sessions for user:email...
2025-01-31 00:19:47.094 [info] Got 1 sessions for user:email...
2025-01-31 00:29:39.270 [info] Getting sessions for read:user,repo,user:email,workflow...
2025-01-31 00:29:39.270 [info] Got 0 sessions for read:user,repo,user:email,workflow...
2025-01-31 00:29:39.271 [info] Getting sessions for read:user...
2025-01-31 00:29:39.271 [info] Got 0 sessions for read:user...
2025-01-31 00:29:39.272 [info] Getting sessions for user:email...
2025-01-31 00:29:39.272 [info] Got 1 sessions for user:email...
2025-01-31 00:29:45.719 [info] Getting sessions for all scopes...
2025-01-31 00:29:45.719 [info] Got 1 sessions for ...
2025-01-31 00:29:45.722 [info] Getting sessions for read:user,repo,user:email,workflow...
2025-01-31 00:29:45.722 [info] Got 0 sessions for read:user,repo,user:email,workflow...
2025-01-31 00:29:45.726 [info] Getting sessions for user:email...
2025-01-31 00:29:45.726 [info] Got 1 sessions for user:email...
2025-01-31 00:29:46.742 [info] Getting sessions for all scopes...
2025-01-31 00:29:46.742 [info] Got 1 sessions for ...
2025-01-31 00:29:46.742 [info] Getting sessions for all scopes...
2025-01-31 00:29:46.742 [info] Got 1 sessions for ...
2025-01-31 00:29:46.743 [info] Getting sessions for read:user,repo,user:email,workflow...
2025-01-31 00:29:46.743 [info] Got 0 sessions for read:user,repo,user:email,workflow...
2025-01-31 00:29:46.744 [info] Getting sessions for user:email...
2025-01-31 00:29:46.744 [info] Got 1 sessions for user:email...
2025-01-31 00:29:46.744 [info] Getting sessions for all scopes...
2025-01-31 00:29:46.744 [info] Got 1 sessions for ...
2025-01-31 00:29:46.745 [info] Getting sessions for read:user,repo,user:email,workflow...
2025-01-31 00:29:46.745 [info] Got 0 sessions for read:user,repo,user:email,workflow...
2025-01-31 00:29:46.746 [info] Getting sessions for user:email...
2025-01-31 00:29:46.746 [info] Got 1 sessions for user:email...
2025-01-31 00:29:46.749 [info] Getting sessions for all scopes...
2025-01-31 00:29:46.749 [info] Got 1 sessions for ...
2025-01-31 00:29:46.750 [info] Getting sessions for read:user,repo,user:email,workflow...
2025-01-31 00:29:46.750 [info] Got 0 sessions for read:user,repo,user:email,workflow...
2025-01-31 00:29:46.750 [info] Getting sessions for user:email...
2025-01-31 00:29:46.750 [info] Got 1 sessions for user:email...
2025-01-31 00:44:46.753 [info] Getting sessions for all scopes...
2025-01-31 00:44:46.753 [info] Got 1 sessions for ...
2025-01-31 00:44:46.754 [info] Getting sessions for read:user,repo,user:email,workflow...
2025-01-31 00:44:46.754 [info] Got 0 sessions for read:user,repo,user:email,workflow...
2025-01-31 00:44:46.755 [info] Getting sessions for user:email...
2025-01-31 00:44:46.755 [info] Got 1 sessions for user:email...
2025-01-31 00:44:46.756 [info] Getting sessions for all scopes...
2025-01-31 00:44:46.756 [info] Got 1 sessions for ...
2025-01-31 00:44:46.757 [info] Getting sessions for read:user,repo,user:email,workflow...
2025-01-31 00:44:46.757 [info] Got 0 sessions for read:user,repo,user:email,workflow...
2025-01-31 00:44:46.759 [info] Getting sessions for user:email...
2025-01-31 00:44:46.759 [info] Got 1 sessions for user:email...
2025-01-31 00:54:39.855 [info] Getting sessions for read:user,repo,user:email,workflow...
2025-01-31 00:54:39.855 [info] Got 0 sessions for read:user,repo,user:email,workflow...
2025-01-31 00:54:39.859 [info] Getting sessions for read:user...
2025-01-31 00:54:39.859 [info] Got 0 sessions for read:user...
2025-01-31 00:54:39.863 [info] Getting sessions for user:email...
2025-01-31 00:54:39.863 [info] Got 1 sessions for user:email...
2025-01-31 00:54:46.745 [info] Getting sessions for all scopes...
2025-01-31 00:54:46.745 [info] Got 1 sessions for ...
2025-01-31 00:54:46.749 [info] Getting sessions for read:user,repo,user:email,workflow...
2025-01-31 00:54:46.749 [info] Got 0 sessions for read:user,repo,user:email,workflow...
2025-01-31 00:54:46.753 [info] Getting sessions for user:email...
2025-01-31 00:54:46.753 [info] Got 1 sessions for user:email...
2025-01-31 00:54:47.805 [info] Getting sessions for all scopes...
2025-01-31 00:54:47.805 [info] Got 1 sessions for ...
2025-01-31 00:54:47.805 [info] Getting sessions for all scopes...
2025-01-31 00:54:47.805 [info] Got 1 sessions for ...
2025-01-31 00:54:47.809 [info] Getting sessions for read:user,repo,user:email,workflow...
2025-01-31 00:54:47.809 [info] Got 0 sessions for read:user,repo,user:email,workflow...
2025-01-31 00:54:47.812 [info] Getting sessions for user:email...
2025-01-31 00:54:47.812 [info] Got 1 sessions for user:email...
2025-01-31 00:54:47.816 [info] Getting sessions for all scopes...
2025-01-31 00:54:47.816 [info] Got 1 sessions for ...
2025-01-31 00:54:47.820 [info] Getting sessions for read:user,repo,user:email,workflow...
2025-01-31 00:54:47.820 [info] Got 0 sessions for read:user,repo,user:email,workflow...
2025-01-31 00:54:47.824 [info] Getting sessions for user:email...
2025-01-31 00:54:47.824 [info] Got 1 sessions for user:email...
2025-01-31 00:54:47.834 [info] Getting sessions for all scopes...
2025-01-31 00:54:47.834 [info] Got 1 sessions for ...
2025-01-31 00:54:47.838 [info] Getting sessions for read:user,repo,user:email,workflow...
2025-01-31 00:54:47.838 [info] Got 0 sessions for read:user,repo,user:email,workflow...
2025-01-31 00:54:47.841 [info] Getting sessions for user:email...
2025-01-31 00:54:47.842 [info] Got 1 sessions for user:email...
2025-01-31 00:54:47.850 [info] Getting sessions for all scopes...
2025-01-31 00:54:47.850 [info] Got 1 sessions for ...
2025-01-31 00:54:47.853 [info] Getting sessions for read:user,repo,user:email,workflow...
2025-01-31 00:54:47.853 [info] Got 0 sessions for read:user,repo,user:email,workflow...
2025-01-31 00:54:47.855 [info] Getting sessions for user:email...
2025-01-31 00:54:47.855 [info] Got 1 sessions for user:email...
