2025-02-01 12:11:55.922 [info] Reading sessions from keychain...
2025-02-01 12:11:55.922 [info] Getting sessions for all scopes...
2025-02-01 12:11:55.922 [info] Getting sessions for all scopes...
2025-02-01 12:11:55.922 [info] Getting sessions for user:email...
2025-02-01 12:11:55.922 [info] Getting sessions for all scopes...
2025-02-01 12:11:55.922 [info] Getting sessions for all scopes...
2025-02-01 12:11:55.922 [info] Getting sessions for all scopes...
2025-02-01 12:11:55.922 [info] Getting sessions for all scopes...
2025-02-01 12:11:55.922 [info] Getting sessions for all scopes...
2025-02-01 12:11:56.087 [info] Got stored sessions!
2025-02-01 12:11:56.087 [info] Got 1 verified sessions.
2025-02-01 12:11:56.087 [info] Got 1 sessions for ...
2025-02-01 12:11:56.087 [info] Got 1 sessions for ...
2025-02-01 12:11:56.087 [info] Got 1 sessions for user:email...
2025-02-01 12:11:56.087 [info] Got 1 sessions for ...
2025-02-01 12:11:56.087 [info] Got 1 sessions for ...
2025-02-01 12:11:56.087 [info] Got 1 sessions for ...
2025-02-01 12:11:56.087 [info] Got 1 sessions for ...
2025-02-01 12:11:56.087 [info] Got 1 sessions for ...
2025-02-01 12:11:57.493 [info] Getting sessions for all scopes...
2025-02-01 12:11:57.493 [info] Got 1 sessions for ...
2025-02-01 12:12:01.545 [info] Getting sessions for read:user,repo,user:email,workflow...
2025-02-01 12:12:01.545 [info] Got 0 sessions for read:user,repo,user:email,workflow...
2025-02-01 12:12:01.546 [info] Getting sessions for all scopes...
2025-02-01 12:12:01.546 [info] Got 1 sessions for ...
2025-02-01 12:12:01.546 [info] Getting sessions for all scopes...
2025-02-01 12:12:01.546 [info] Got 1 sessions for ...
2025-02-01 12:12:01.581 [info] Getting sessions for read:user...
2025-02-01 12:12:01.581 [info] Got 0 sessions for read:user...
2025-02-01 12:12:01.582 [info] Getting sessions for read:user,repo,user:email,workflow...
2025-02-01 12:12:01.582 [info] Got 0 sessions for read:user,repo,user:email,workflow...
2025-02-01 12:12:01.593 [info] Getting sessions for user:email...
2025-02-01 12:12:01.593 [info] Got 1 sessions for user:email...
2025-02-01 12:12:01.594 [info] Getting sessions for user:email...
2025-02-01 12:12:01.594 [info] Got 1 sessions for user:email...
2025-02-01 12:12:01.632 [info] Getting sessions for all scopes...
2025-02-01 12:12:01.632 [info] Got 1 sessions for ...
2025-02-01 12:12:01.652 [info] Getting sessions for read:user,repo,user:email,workflow...
2025-02-01 12:12:01.652 [info] Got 0 sessions for read:user,repo,user:email,workflow...
2025-02-01 12:12:03.164 [info] Getting sessions for read:user,repo,user:email,workflow...
2025-02-01 12:12:03.165 [info] Got 0 sessions for read:user,repo,user:email,workflow...
2025-02-01 12:12:03.197 [info] Getting sessions for user:email...
2025-02-01 12:12:03.197 [info] Got 1 sessions for user:email...
2025-02-01 12:12:03.282 [info] Getting sessions for all scopes...
2025-02-01 12:12:03.282 [info] Got 1 sessions for ...
2025-02-01 12:12:03.318 [info] Getting sessions for read:user,repo,user:email,workflow...
2025-02-01 12:12:03.318 [info] Got 0 sessions for read:user,repo,user:email,workflow...
2025-02-01 12:12:03.330 [info] Getting sessions for user:email...
2025-02-01 12:12:03.330 [info] Got 1 sessions for user:email...
2025-02-01 12:12:03.401 [info] Getting sessions for all scopes...
2025-02-01 12:12:03.401 [info] Got 1 sessions for ...
2025-02-01 12:12:03.435 [info] Getting sessions for read:user,repo,user:email,workflow...
2025-02-01 12:12:03.435 [info] Got 0 sessions for read:user,repo,user:email,workflow...
2025-02-01 12:12:03.491 [info] Getting sessions for user:email...
2025-02-01 12:12:03.491 [info] Got 1 sessions for user:email...
2025-02-01 12:12:03.518 [info] Getting sessions for all scopes...
2025-02-01 12:12:03.518 [info] Got 1 sessions for ...
2025-02-01 12:12:03.523 [info] Getting sessions for read:user,repo,user:email,workflow...
2025-02-01 12:12:03.523 [info] Got 0 sessions for read:user,repo,user:email,workflow...
2025-02-01 12:12:03.524 [info] Getting sessions for all scopes...
2025-02-01 12:12:03.524 [info] Got 1 sessions for ...
2025-02-01 12:12:03.525 [info] Getting sessions for read:user,repo,user:email,workflow...
2025-02-01 12:12:03.525 [info] Got 0 sessions for read:user,repo,user:email,workflow...
2025-02-01 12:12:03.526 [info] Getting sessions for user:email...
2025-02-01 12:12:03.526 [info] Got 1 sessions for user:email...
2025-02-01 12:12:03.709 [info] Getting sessions for read:user,repo,user:email,workflow...
2025-02-01 12:12:03.709 [info] Got 0 sessions for read:user,repo,user:email,workflow...
2025-02-01 12:12:03.710 [info] Getting sessions for read:user...
2025-02-01 12:12:03.710 [info] Got 0 sessions for read:user...
2025-02-01 12:12:03.711 [info] Getting sessions for user:email...
2025-02-01 12:12:03.711 [info] Got 1 sessions for user:email...
2025-02-01 12:12:04.129 [info] Getting sessions for all scopes...
2025-02-01 12:12:04.129 [info] Got 1 sessions for ...
2025-02-01 12:12:04.129 [info] Getting sessions for all scopes...
2025-02-01 12:12:04.129 [info] Got 1 sessions for ...
2025-02-01 12:12:04.138 [info] Getting sessions for read:user,repo,user:email,workflow...
2025-02-01 12:12:04.138 [info] Got 0 sessions for read:user,repo,user:email,workflow...
2025-02-01 12:12:04.140 [info] Getting sessions for user:email...
2025-02-01 12:12:04.140 [info] Got 1 sessions for user:email...
2025-02-01 12:12:04.141 [info] Getting sessions for all scopes...
2025-02-01 12:12:04.141 [info] Got 1 sessions for ...
2025-02-01 12:12:04.142 [info] Getting sessions for read:user,repo,user:email,workflow...
2025-02-01 12:12:04.142 [info] Got 0 sessions for read:user,repo,user:email,workflow...
2025-02-01 12:12:04.143 [info] Getting sessions for user:email...
2025-02-01 12:12:04.143 [info] Got 1 sessions for user:email...
2025-02-01 12:12:04.222 [info] Getting sessions for all scopes...
2025-02-01 12:12:04.222 [info] Got 1 sessions for ...
2025-02-01 12:12:04.228 [info] Getting sessions for read:user,repo,user:email,workflow...
2025-02-01 12:12:04.228 [info] Got 0 sessions for read:user,repo,user:email,workflow...
2025-02-01 12:12:04.229 [info] Getting sessions for user:email...
2025-02-01 12:12:04.229 [info] Got 1 sessions for user:email...
2025-02-01 12:12:04.746 [info] Getting sessions for read:user,repo,user:email,workflow...
2025-02-01 12:12:04.746 [info] Got 0 sessions for read:user,repo,user:email,workflow...
2025-02-01 12:12:04.747 [info] Getting sessions for read:user...
2025-02-01 12:12:04.747 [info] Got 0 sessions for read:user...
2025-02-01 12:12:04.748 [info] Getting sessions for user:email...
2025-02-01 12:12:04.748 [info] Got 1 sessions for user:email...
2025-02-01 12:12:05.644 [info] Getting sessions for all scopes...
2025-02-01 12:12:05.644 [info] Got 1 sessions for ...
2025-02-01 12:12:05.654 [info] Getting sessions for read:user,repo,user:email,workflow...
2025-02-01 12:12:05.654 [info] Got 0 sessions for read:user,repo,user:email,workflow...
2025-02-01 12:12:05.733 [info] Getting sessions for user:email...
2025-02-01 12:12:05.733 [info] Got 1 sessions for user:email...
2025-02-01 12:27:06.720 [info] Getting sessions for all scopes...
2025-02-01 12:27:06.720 [info] Got 1 sessions for ...
2025-02-01 12:27:06.724 [info] Getting sessions for read:user,repo,user:email,workflow...
2025-02-01 12:27:06.724 [info] Got 0 sessions for read:user,repo,user:email,workflow...
2025-02-01 12:27:06.727 [info] Getting sessions for user:email...
2025-02-01 12:27:06.728 [info] Got 1 sessions for user:email...
2025-02-01 12:27:06.732 [info] Getting sessions for all scopes...
2025-02-01 12:27:06.732 [info] Got 1 sessions for ...
2025-02-01 12:27:06.736 [info] Getting sessions for read:user,repo,user:email,workflow...
2025-02-01 12:27:06.736 [info] Got 0 sessions for read:user,repo,user:email,workflow...
2025-02-01 12:27:06.739 [info] Getting sessions for user:email...
2025-02-01 12:27:06.739 [info] Got 1 sessions for user:email...
2025-02-01 12:37:03.665 [info] Getting sessions for read:user,repo,user:email,workflow...
2025-02-01 12:37:03.666 [info] Got 0 sessions for read:user,repo,user:email,workflow...
2025-02-01 12:37:03.667 [info] Getting sessions for read:user...
2025-02-01 12:37:03.667 [info] Got 0 sessions for read:user...
2025-02-01 12:37:03.668 [info] Getting sessions for user:email...
2025-02-01 12:37:03.668 [info] Got 1 sessions for user:email...
2025-02-01 12:37:04.122 [info] Getting sessions for all scopes...
2025-02-01 12:37:04.122 [info] Got 1 sessions for ...
2025-02-01 12:37:04.126 [info] Getting sessions for read:user,repo,user:email,workflow...
2025-02-01 12:37:04.126 [info] Got 0 sessions for read:user,repo,user:email,workflow...
2025-02-01 12:37:04.129 [info] Getting sessions for user:email...
2025-02-01 12:37:04.129 [info] Got 1 sessions for user:email...
2025-02-01 12:37:05.135 [info] Getting sessions for all scopes...
2025-02-01 12:37:05.135 [info] Got 1 sessions for ...
2025-02-01 12:37:05.135 [info] Getting sessions for all scopes...
2025-02-01 12:37:05.135 [info] Got 1 sessions for ...
2025-02-01 12:37:05.136 [info] Getting sessions for read:user,repo,user:email,workflow...
2025-02-01 12:37:05.136 [info] Got 0 sessions for read:user,repo,user:email,workflow...
2025-02-01 12:37:05.137 [info] Getting sessions for user:email...
2025-02-01 12:37:05.137 [info] Got 1 sessions for user:email...
2025-02-01 12:37:05.138 [info] Getting sessions for all scopes...
2025-02-01 12:37:05.138 [info] Got 1 sessions for ...
2025-02-01 12:37:05.139 [info] Getting sessions for read:user,repo,user:email,workflow...
2025-02-01 12:37:05.139 [info] Got 0 sessions for read:user,repo,user:email,workflow...
2025-02-01 12:37:05.140 [info] Getting sessions for user:email...
2025-02-01 12:37:05.140 [info] Got 1 sessions for user:email...
2025-02-01 12:37:05.143 [info] Getting sessions for all scopes...
2025-02-01 12:37:05.143 [info] Got 1 sessions for ...
2025-02-01 12:37:05.144 [info] Getting sessions for read:user,repo,user:email,workflow...
2025-02-01 12:37:05.144 [info] Got 0 sessions for read:user,repo,user:email,workflow...
2025-02-01 12:37:05.145 [info] Getting sessions for user:email...
2025-02-01 12:37:05.145 [info] Got 1 sessions for user:email...
2025-02-01 12:52:05.153 [info] Getting sessions for all scopes...
2025-02-01 12:52:05.153 [info] Got 1 sessions for ...
2025-02-01 12:52:05.157 [info] Getting sessions for read:user,repo,user:email,workflow...
2025-02-01 12:52:05.157 [info] Got 0 sessions for read:user,repo,user:email,workflow...
2025-02-01 12:52:05.160 [info] Getting sessions for user:email...
2025-02-01 12:52:05.160 [info] Got 1 sessions for user:email...
2025-02-01 12:52:05.165 [info] Getting sessions for all scopes...
2025-02-01 12:52:05.165 [info] Got 1 sessions for ...
2025-02-01 12:52:05.168 [info] Getting sessions for read:user,repo,user:email,workflow...
2025-02-01 12:52:05.168 [info] Got 0 sessions for read:user,repo,user:email,workflow...
2025-02-01 12:52:05.172 [info] Getting sessions for user:email...
2025-02-01 12:52:05.172 [info] Got 1 sessions for user:email...
2025-02-01 13:02:04.150 [info] Getting sessions for read:user,repo,user:email,workflow...
2025-02-01 13:02:04.150 [info] Got 0 sessions for read:user,repo,user:email,workflow...
2025-02-01 13:02:04.154 [info] Getting sessions for read:user...
2025-02-01 13:02:04.154 [info] Got 0 sessions for read:user...
2025-02-01 13:02:04.158 [info] Getting sessions for user:email...
2025-02-01 13:02:04.158 [info] Got 1 sessions for user:email...
2025-02-01 13:02:05.138 [info] Getting sessions for all scopes...
2025-02-01 13:02:05.138 [info] Got 1 sessions for ...
2025-02-01 13:02:05.142 [info] Getting sessions for read:user,repo,user:email,workflow...
2025-02-01 13:02:05.142 [info] Got 0 sessions for read:user,repo,user:email,workflow...
2025-02-01 13:02:05.146 [info] Getting sessions for user:email...
2025-02-01 13:02:05.146 [info] Got 1 sessions for user:email...
2025-02-01 13:02:05.925 [info] Getting sessions for all scopes...
2025-02-01 13:02:05.925 [info] Got 1 sessions for ...
2025-02-01 13:02:05.926 [info] Getting sessions for all scopes...
2025-02-01 13:02:05.926 [info] Got 1 sessions for ...
2025-02-01 13:02:05.932 [info] Getting sessions for read:user,repo,user:email,workflow...
2025-02-01 13:02:05.932 [info] Got 0 sessions for read:user,repo,user:email,workflow...
2025-02-01 13:02:05.934 [info] Getting sessions for user:email...
2025-02-01 13:02:05.934 [info] Got 1 sessions for user:email...
2025-02-01 13:02:05.936 [info] Getting sessions for all scopes...
2025-02-01 13:02:05.936 [info] Got 1 sessions for ...
2025-02-01 13:02:05.937 [info] Getting sessions for read:user,repo,user:email,workflow...
2025-02-01 13:02:05.937 [info] Got 0 sessions for read:user,repo,user:email,workflow...
2025-02-01 13:02:05.939 [info] Getting sessions for user:email...
2025-02-01 13:02:05.939 [info] Got 1 sessions for user:email...
2025-02-01 13:02:05.944 [info] Getting sessions for all scopes...
2025-02-01 13:02:05.944 [info] Got 1 sessions for ...
2025-02-01 13:02:05.945 [info] Getting sessions for read:user,repo,user:email,workflow...
2025-02-01 13:02:05.945 [info] Got 0 sessions for read:user,repo,user:email,workflow...
2025-02-01 13:02:05.947 [info] Getting sessions for user:email...
2025-02-01 13:02:05.947 [info] Got 1 sessions for user:email...
