2025-02-07T19:54:08.691Z Info: Setting LTeX UI language to 'en-us'.
2025-02-07T19:54:08.691Z Info: Loading i18n messages...
2025-02-07T19:54:08.692Z Info: Loading default i18n messages...
2025-02-07T19:54:08.696Z Info: 
2025-02-07T19:54:08.697Z Info: ltex.ltex-ls.path not set.
2025-02-07T19:54:08.697Z Info: Searching for ltex-ls in '/home/sab/.vscode/extensions/valentjn.vscode-ltex-13.1.0/lib'...
2025-02-07T19:54:08.698Z Info: ltex-ls found in '/home/sab/.vscode/extensions/valentjn.vscode-ltex-13.1.0/lib/ltex-ls-15.2.0'.
2025-02-07T19:54:08.698Z Info: 
2025-02-07T19:54:08.698Z Info: Using ltex-ls from '/home/sab/.vscode/extensions/valentjn.vscode-ltex-13.1.0/lib/ltex-ls-15.2.0'.
2025-02-07T19:54:08.698Z Info: Using Java bundled with ltex-ls as ltex.java.path is not set.
2025-02-07T19:54:08.699Z Info: Testing ltex-ls...
2025-02-07T19:54:08.699Z Info:   Command: "/home/sab/.vscode/extensions/valentjn.vscode-ltex-13.1.0/lib/ltex-ls-15.2.0/bin/ltex-ls"
2025-02-07T19:54:08.699Z Info:   Arguments: ["--version"]
2025-02-07T19:54:08.699Z Info:   env['JAVA_HOME']: undefined
2025-02-07T19:54:08.699Z Info:   env['JAVA_OPTS']: "-Xms64m -Xmx512m"
2025-02-07T19:54:09.765Z Info: Test successful!
2025-02-07T19:54:09.765Z Info: 
2025-02-07T19:54:09.773Z Info: Starting ltex-ls...
2025-02-07T19:54:09.773Z Info:   Command: "/home/sab/.vscode/extensions/valentjn.vscode-ltex-13.1.0/lib/ltex-ls-15.2.0/bin/ltex-ls"
2025-02-07T19:54:09.773Z Info:   Arguments: []
2025-02-07T19:54:09.773Z Info:   env['JAVA_HOME']: undefined
2025-02-07T19:54:09.773Z Info:   env['JAVA_OPTS']: "-Xms64m -Xmx512m"
2025-02-07T19:54:09.773Z Info: 
