2025-02-03 22:18:06.033 [info] Configuration changed
2025-02-03 22:18:07.556 [info] Active editor: vscode-notebook-cell:/home/sab/github/TheInvisibleFoe/PH3105-Lab-reports/DPS-Lab_reports/PH3204/exp-2BJT/code/exp2.ipynb#W0sZmlsZQ%3D%3D
2025-02-03 22:18:18.529 [info] /home/sab/github/TheInvisibleFoe/PH3105-Lab-reports/DPS-Lab_reports/PH3204/exp-2BJT/code/exp2.ipynb closed
2025-02-03 22:18:42.516 [info] Active editor: vscode-notebook-cell:/home/sab/github/TheInvisibleFoe/PH3105-Lab-reports/DPS-Lab_reports/PH3204/exp01zener/code/Zener%20Plot.ipynb#W0sZmlsZQ%3D%3D
2025-02-03 22:18:47.042 [info] Active editor: vscode-notebook-cell:/home/sab/github/TheInvisibleFoe/PH3105-Lab-reports/DPS-Lab_reports/PH3204/exp-2BJT/code/exp2.ipynb#W0sZmlsZQ%3D%3D
2025-02-03 22:18:47.064 [info] /home/sab/github/TheInvisibleFoe/PH3105-Lab-reports/DPS-Lab_reports/PH3204/exp01zener/code/Zener Plot.ipynb closed
2025-02-03 22:18:47.064 [info] /home/sab/github/TheInvisibleFoe/PH3105-Lab-reports/DPS-Lab_reports/PH3204/exp01zener/code/Zener Plot.ipynb closed
2025-02-03 22:18:47.064 [info] /home/sab/github/TheInvisibleFoe/PH3105-Lab-reports/DPS-Lab_reports/PH3204/exp01zener/code/Zener Plot.ipynb closed
2025-02-03 22:18:47.064 [info] /home/sab/github/TheInvisibleFoe/PH3105-Lab-reports/DPS-Lab_reports/PH3204/exp01zener/code/Zener Plot.ipynb closed
2025-02-03 22:18:47.064 [info] /home/sab/github/TheInvisibleFoe/PH3105-Lab-reports/DPS-Lab_reports/PH3204/exp01zener/code/Zener Plot.ipynb closed
2025-02-03 22:18:47.064 [info] /home/sab/github/TheInvisibleFoe/PH3105-Lab-reports/DPS-Lab_reports/PH3204/exp01zener/code/Zener Plot.ipynb closed
2025-02-03 22:18:47.064 [info] /home/sab/github/TheInvisibleFoe/PH3105-Lab-reports/DPS-Lab_reports/PH3204/exp01zener/code/Zener Plot.ipynb closed
2025-02-03 22:18:47.064 [info] /home/sab/github/TheInvisibleFoe/PH3105-Lab-reports/DPS-Lab_reports/PH3204/exp01zener/code/Zener Plot.ipynb closed
2025-02-03 22:18:47.064 [info] /home/sab/github/TheInvisibleFoe/PH3105-Lab-reports/DPS-Lab_reports/PH3204/exp01zener/code/Zener Plot.ipynb closed
2025-02-03 22:18:47.064 [info] /home/sab/github/TheInvisibleFoe/PH3105-Lab-reports/DPS-Lab_reports/PH3204/exp01zener/code/Zener Plot.ipynb closed
2025-02-03 22:18:47.064 [info] /home/sab/github/TheInvisibleFoe/PH3105-Lab-reports/DPS-Lab_reports/PH3204/exp01zener/code/Zener Plot.ipynb closed
2025-02-03 22:18:47.064 [info] /home/sab/github/TheInvisibleFoe/PH3105-Lab-reports/DPS-Lab_reports/PH3204/exp01zener/code/Zener Plot.ipynb closed
2025-02-03 22:18:47.064 [info] /home/sab/github/TheInvisibleFoe/PH3105-Lab-reports/DPS-Lab_reports/PH3204/exp01zener/code/Zener Plot.ipynb closed
2025-02-03 22:18:47.064 [info] /home/sab/github/TheInvisibleFoe/PH3105-Lab-reports/DPS-Lab_reports/PH3204/exp01zener/code/Zener Plot.ipynb closed
2025-02-03 22:18:47.064 [info] /home/sab/github/TheInvisibleFoe/PH3105-Lab-reports/DPS-Lab_reports/PH3204/exp01zener/code/Zener Plot.ipynb closed
2025-02-03 22:18:47.064 [info] /home/sab/github/TheInvisibleFoe/PH3105-Lab-reports/DPS-Lab_reports/PH3204/exp01zener/code/Zener Plot.ipynb closed
2025-02-03 22:18:47.064 [info] /home/sab/github/TheInvisibleFoe/PH3105-Lab-reports/DPS-Lab_reports/PH3204/exp01zener/code/Zener Plot.ipynb closed
2025-02-03 22:18:47.064 [info] /home/sab/github/TheInvisibleFoe/PH3105-Lab-reports/DPS-Lab_reports/PH3204/exp01zener/code/Zener Plot.ipynb closed
2025-02-03 22:18:47.064 [info] /home/sab/github/TheInvisibleFoe/PH3105-Lab-reports/DPS-Lab_reports/PH3204/exp01zener/code/Zener Plot.ipynb closed
2025-02-03 22:18:47.064 [info] /home/sab/github/TheInvisibleFoe/PH3105-Lab-reports/DPS-Lab_reports/PH3204/exp01zener/code/Zener Plot.ipynb closed
2025-02-03 22:18:47.064 [info] /home/sab/github/TheInvisibleFoe/PH3105-Lab-reports/DPS-Lab_reports/PH3204/exp01zener/code/Zener Plot.ipynb closed
2025-02-03 22:18:47.064 [info] /home/sab/github/TheInvisibleFoe/PH3105-Lab-reports/DPS-Lab_reports/PH3204/exp01zener/code/Zener Plot.ipynb closed
2025-02-03 22:18:47.064 [info] /home/sab/github/TheInvisibleFoe/PH3105-Lab-reports/DPS-Lab_reports/PH3204/exp01zener/code/Zener Plot.ipynb closed
2025-02-03 22:18:47.064 [info] /home/sab/github/TheInvisibleFoe/PH3105-Lab-reports/DPS-Lab_reports/PH3204/exp01zener/code/Zener Plot.ipynb closed
2025-02-03 22:18:47.064 [info] /home/sab/github/TheInvisibleFoe/PH3105-Lab-reports/DPS-Lab_reports/PH3204/exp01zener/code/Zener Plot.ipynb closed
2025-02-03 22:18:47.064 [info] /home/sab/github/TheInvisibleFoe/PH3105-Lab-reports/DPS-Lab_reports/PH3204/exp01zener/code/Zener Plot.ipynb closed
2025-02-03 22:18:47.064 [info] /home/sab/github/TheInvisibleFoe/PH3105-Lab-reports/DPS-Lab_reports/PH3204/exp01zener/code/Zener Plot.ipynb closed
2025-02-03 22:18:47.064 [info] /home/sab/github/TheInvisibleFoe/PH3105-Lab-reports/DPS-Lab_reports/PH3204/exp01zener/code/Zener Plot.ipynb closed
2025-02-03 22:18:47.064 [info] /home/sab/github/TheInvisibleFoe/PH3105-Lab-reports/DPS-Lab_reports/PH3204/exp01zener/code/Zener Plot.ipynb closed
2025-02-03 22:18:47.065 [info] /home/sab/github/TheInvisibleFoe/PH3105-Lab-reports/DPS-Lab_reports/PH3204/exp01zener/code/Zener Plot.ipynb closed
2025-02-03 22:18:47.065 [info] /home/sab/github/TheInvisibleFoe/PH3105-Lab-reports/DPS-Lab_reports/PH3204/exp01zener/code/Zener Plot.ipynb closed
2025-02-03 22:18:47.065 [info] /home/sab/github/TheInvisibleFoe/PH3105-Lab-reports/DPS-Lab_reports/PH3204/exp01zener/code/Zener Plot.ipynb closed
2025-02-03 22:18:47.065 [info] /home/sab/github/TheInvisibleFoe/PH3105-Lab-reports/DPS-Lab_reports/PH3204/exp01zener/code/Zener Plot.ipynb closed
2025-02-03 22:19:01.390 [info] Active editor: vscode-notebook-cell:/home/sab/github/TheInvisibleFoe/PH3105-Lab-reports/DPS-Lab_reports/PH3204/exp01zener/code/Zener%20Plot.ipynb#W0sZmlsZQ%3D%3D
2025-02-03 22:19:03.229 [info] Active editor: vscode-notebook-cell:/home/sab/github/TheInvisibleFoe/PH3105-Lab-reports/DPS-Lab_reports/PH3204/exp-2BJT/code/exp2.ipynb#W0sZmlsZQ%3D%3D
2025-02-03 22:19:03.240 [info] /home/sab/github/TheInvisibleFoe/PH3105-Lab-reports/DPS-Lab_reports/PH3204/exp01zener/code/Zener Plot.ipynb closed
2025-02-03 22:19:03.240 [info] /home/sab/github/TheInvisibleFoe/PH3105-Lab-reports/DPS-Lab_reports/PH3204/exp01zener/code/Zener Plot.ipynb closed
2025-02-03 22:19:03.240 [info] /home/sab/github/TheInvisibleFoe/PH3105-Lab-reports/DPS-Lab_reports/PH3204/exp01zener/code/Zener Plot.ipynb closed
2025-02-03 22:19:03.240 [info] /home/sab/github/TheInvisibleFoe/PH3105-Lab-reports/DPS-Lab_reports/PH3204/exp01zener/code/Zener Plot.ipynb closed
2025-02-03 22:19:03.240 [info] /home/sab/github/TheInvisibleFoe/PH3105-Lab-reports/DPS-Lab_reports/PH3204/exp01zener/code/Zener Plot.ipynb closed
2025-02-03 22:19:03.240 [info] /home/sab/github/TheInvisibleFoe/PH3105-Lab-reports/DPS-Lab_reports/PH3204/exp01zener/code/Zener Plot.ipynb closed
2025-02-03 22:19:03.240 [info] /home/sab/github/TheInvisibleFoe/PH3105-Lab-reports/DPS-Lab_reports/PH3204/exp01zener/code/Zener Plot.ipynb closed
2025-02-03 22:19:03.240 [info] /home/sab/github/TheInvisibleFoe/PH3105-Lab-reports/DPS-Lab_reports/PH3204/exp01zener/code/Zener Plot.ipynb closed
2025-02-03 22:19:03.240 [info] /home/sab/github/TheInvisibleFoe/PH3105-Lab-reports/DPS-Lab_reports/PH3204/exp01zener/code/Zener Plot.ipynb closed
2025-02-03 22:19:03.240 [info] /home/sab/github/TheInvisibleFoe/PH3105-Lab-reports/DPS-Lab_reports/PH3204/exp01zener/code/Zener Plot.ipynb closed
2025-02-03 22:19:03.240 [info] /home/sab/github/TheInvisibleFoe/PH3105-Lab-reports/DPS-Lab_reports/PH3204/exp01zener/code/Zener Plot.ipynb closed
2025-02-03 22:19:03.240 [info] /home/sab/github/TheInvisibleFoe/PH3105-Lab-reports/DPS-Lab_reports/PH3204/exp01zener/code/Zener Plot.ipynb closed
2025-02-03 22:19:03.240 [info] /home/sab/github/TheInvisibleFoe/PH3105-Lab-reports/DPS-Lab_reports/PH3204/exp01zener/code/Zener Plot.ipynb closed
2025-02-03 22:19:03.240 [info] /home/sab/github/TheInvisibleFoe/PH3105-Lab-reports/DPS-Lab_reports/PH3204/exp01zener/code/Zener Plot.ipynb closed
2025-02-03 22:19:03.240 [info] /home/sab/github/TheInvisibleFoe/PH3105-Lab-reports/DPS-Lab_reports/PH3204/exp01zener/code/Zener Plot.ipynb closed
2025-02-03 22:19:03.240 [info] /home/sab/github/TheInvisibleFoe/PH3105-Lab-reports/DPS-Lab_reports/PH3204/exp01zener/code/Zener Plot.ipynb closed
2025-02-03 22:19:03.240 [info] /home/sab/github/TheInvisibleFoe/PH3105-Lab-reports/DPS-Lab_reports/PH3204/exp01zener/code/Zener Plot.ipynb closed
2025-02-03 22:19:03.240 [info] /home/sab/github/TheInvisibleFoe/PH3105-Lab-reports/DPS-Lab_reports/PH3204/exp01zener/code/Zener Plot.ipynb closed
2025-02-03 22:19:03.240 [info] /home/sab/github/TheInvisibleFoe/PH3105-Lab-reports/DPS-Lab_reports/PH3204/exp01zener/code/Zener Plot.ipynb closed
2025-02-03 22:19:03.240 [info] /home/sab/github/TheInvisibleFoe/PH3105-Lab-reports/DPS-Lab_reports/PH3204/exp01zener/code/Zener Plot.ipynb closed
2025-02-03 22:19:03.240 [info] /home/sab/github/TheInvisibleFoe/PH3105-Lab-reports/DPS-Lab_reports/PH3204/exp01zener/code/Zener Plot.ipynb closed
2025-02-03 22:19:03.240 [info] /home/sab/github/TheInvisibleFoe/PH3105-Lab-reports/DPS-Lab_reports/PH3204/exp01zener/code/Zener Plot.ipynb closed
2025-02-03 22:19:03.240 [info] /home/sab/github/TheInvisibleFoe/PH3105-Lab-reports/DPS-Lab_reports/PH3204/exp01zener/code/Zener Plot.ipynb closed
2025-02-03 22:19:03.240 [info] /home/sab/github/TheInvisibleFoe/PH3105-Lab-reports/DPS-Lab_reports/PH3204/exp01zener/code/Zener Plot.ipynb closed
2025-02-03 22:19:03.240 [info] /home/sab/github/TheInvisibleFoe/PH3105-Lab-reports/DPS-Lab_reports/PH3204/exp01zener/code/Zener Plot.ipynb closed
2025-02-03 22:19:03.240 [info] /home/sab/github/TheInvisibleFoe/PH3105-Lab-reports/DPS-Lab_reports/PH3204/exp01zener/code/Zener Plot.ipynb closed
2025-02-03 22:19:03.240 [info] /home/sab/github/TheInvisibleFoe/PH3105-Lab-reports/DPS-Lab_reports/PH3204/exp01zener/code/Zener Plot.ipynb closed
2025-02-03 22:19:03.240 [info] /home/sab/github/TheInvisibleFoe/PH3105-Lab-reports/DPS-Lab_reports/PH3204/exp01zener/code/Zener Plot.ipynb closed
2025-02-03 22:19:03.240 [info] /home/sab/github/TheInvisibleFoe/PH3105-Lab-reports/DPS-Lab_reports/PH3204/exp01zener/code/Zener Plot.ipynb closed
2025-02-03 22:19:03.240 [info] /home/sab/github/TheInvisibleFoe/PH3105-Lab-reports/DPS-Lab_reports/PH3204/exp01zener/code/Zener Plot.ipynb closed
2025-02-03 22:19:03.240 [info] /home/sab/github/TheInvisibleFoe/PH3105-Lab-reports/DPS-Lab_reports/PH3204/exp01zener/code/Zener Plot.ipynb closed
2025-02-03 22:19:03.240 [info] /home/sab/github/TheInvisibleFoe/PH3105-Lab-reports/DPS-Lab_reports/PH3204/exp01zener/code/Zener Plot.ipynb closed
2025-02-03 22:19:03.240 [info] /home/sab/github/TheInvisibleFoe/PH3105-Lab-reports/DPS-Lab_reports/PH3204/exp01zener/code/Zener Plot.ipynb closed
2025-02-03 22:19:04.808 [info] Active editor: vscode-notebook-cell:/home/sab/github/TheInvisibleFoe/PH3105-Lab-reports/DPS-Lab_reports/PH3204/exp-2BJT/code/exp2.ipynb#W1sZmlsZQ%3D%3D
2025-02-03 22:19:21.085 [info] Active editor: vscode-notebook-cell:/home/sab/github/TheInvisibleFoe/PH3105-Lab-reports/DPS-Lab_reports/PH3204/exp-2BJT/code/exp2.ipynb#W2sZmlsZQ%3D%3D
2025-02-03 22:19:22.776 [info] Active editor: vscode-notebook-cell:/home/sab/github/TheInvisibleFoe/PH3105-Lab-reports/DPS-Lab_reports/PH3204/exp-2BJT/code/exp2.ipynb#W1sZmlsZQ%3D%3D
2025-02-03 22:19:23.593 [info] Active editor: vscode-notebook-cell:/home/sab/github/TheInvisibleFoe/PH3105-Lab-reports/DPS-Lab_reports/PH3204/exp-2BJT/code/exp2.ipynb#W2sZmlsZQ%3D%3D
2025-02-03 22:19:25.433 [info] Active editor: vscode-notebook-cell:/home/sab/github/TheInvisibleFoe/PH3105-Lab-reports/DPS-Lab_reports/PH3204/exp-2BJT/code/exp2.ipynb#W3sZmlsZQ%3D%3D
2025-02-03 22:19:25.547 [info] Active editor: vscode-notebook-cell:/home/sab/github/TheInvisibleFoe/PH3105-Lab-reports/DPS-Lab_reports/PH3204/exp-2BJT/code/exp2.ipynb#W3sZmlsZQ%3D%3D
2025-02-03 22:19:30.682 [info] Active editor: vscode-notebook-cell:/home/sab/github/TheInvisibleFoe/PH3105-Lab-reports/DPS-Lab_reports/PH3204/exp-2BJT/code/exp2.ipynb#W2sZmlsZQ%3D%3D
2025-02-03 22:22:41.037 [info] Active editor: vscode-notebook-cell:/home/sab/github/TheInvisibleFoe/PH3105-Lab-reports/DPS-Lab_reports/PH3204/exp-2BJT/code/exp2.ipynb#W3sZmlsZQ%3D%3D
2025-02-03 22:22:41.330 [info] Active editor: vscode-notebook-cell:/home/sab/github/TheInvisibleFoe/PH3105-Lab-reports/DPS-Lab_reports/PH3204/exp-2BJT/code/exp2.ipynb#W3sZmlsZQ%3D%3D
2025-02-03 22:22:43.141 [info] Active editor: vscode-notebook-cell:/home/sab/github/TheInvisibleFoe/PH3105-Lab-reports/DPS-Lab_reports/PH3204/exp-2BJT/code/exp2.ipynb#W2sZmlsZQ%3D%3D
2025-02-03 22:23:06.813 [info] Active editor: vscode-notebook-cell:/home/sab/github/TheInvisibleFoe/PH3105-Lab-reports/DPS-Lab_reports/PH3204/exp-2BJT/code/exp2.ipynb#W1sZmlsZQ%3D%3D
2025-02-03 22:23:08.349 [info] Active editor: vscode-notebook-cell:/home/sab/github/TheInvisibleFoe/PH3105-Lab-reports/DPS-Lab_reports/PH3204/exp-2BJT/code/exp2.ipynb#W2sZmlsZQ%3D%3D
2025-02-03 22:23:12.161 [info] Active editor: vscode-notebook-cell:/home/sab/github/TheInvisibleFoe/PH3105-Lab-reports/DPS-Lab_reports/PH3204/exp-2BJT/code/exp2.ipynb#W2sZmlsZQ%3D%3D
2025-02-03 22:24:30.180 [info] Active editor: vscode-notebook-cell:/home/sab/github/TheInvisibleFoe/PH3105-Lab-reports/DPS-Lab_reports/PH3204/exp-2BJT/code/exp2.ipynb#W3sZmlsZQ%3D%3D
2025-02-03 22:24:55.794 [info] Active editor: vscode-notebook-cell:/home/sab/github/TheInvisibleFoe/PH3105-Lab-reports/DPS-Lab_reports/PH3204/exp-2BJT/code/exp2.ipynb#W4sZmlsZQ%3D%3D
2025-02-03 22:25:01.650 [info] Active editor: vscode-notebook-cell:/home/sab/github/TheInvisibleFoe/PH3105-Lab-reports/DPS-Lab_reports/PH3204/exp-2BJT/code/exp2.ipynb#W3sZmlsZQ%3D%3D
2025-02-03 22:25:08.043 [info] Active editor: vscode-notebook-cell:/home/sab/github/TheInvisibleFoe/PH3105-Lab-reports/DPS-Lab_reports/PH3204/exp-2BJT/code/exp2.ipynb#W4sZmlsZQ%3D%3D
2025-02-03 22:25:09.377 [info] Active editor: vscode-notebook-cell:/home/sab/github/TheInvisibleFoe/PH3105-Lab-reports/DPS-Lab_reports/PH3204/exp-2BJT/code/exp2.ipynb#W4sZmlsZQ%3D%3D
2025-02-03 22:25:11.615 [info] Active editor: vscode-notebook-cell:/home/sab/github/TheInvisibleFoe/PH3105-Lab-reports/DPS-Lab_reports/PH3204/exp-2BJT/code/exp2.ipynb#W4sZmlsZQ%3D%3D
2025-02-03 22:25:15.866 [info] Active editor: vscode-notebook-cell:/home/sab/github/TheInvisibleFoe/PH3105-Lab-reports/DPS-Lab_reports/PH3204/exp-2BJT/code/exp2.ipynb#W3sZmlsZQ%3D%3D
2025-02-03 22:25:21.331 [info] Active editor: vscode-notebook-cell:/home/sab/github/TheInvisibleFoe/PH3105-Lab-reports/DPS-Lab_reports/PH3204/exp-2BJT/code/exp2.ipynb#W4sZmlsZQ%3D%3D
2025-02-03 22:25:23.375 [info] Active editor: vscode-notebook-cell:/home/sab/github/TheInvisibleFoe/PH3105-Lab-reports/DPS-Lab_reports/PH3204/exp-2BJT/code/exp2.ipynb#W4sZmlsZQ%3D%3D
2025-02-03 22:25:27.675 [info] Active editor: vscode-notebook-cell:/home/sab/github/TheInvisibleFoe/PH3105-Lab-reports/DPS-Lab_reports/PH3204/exp-2BJT/code/exp2.ipynb#W3sZmlsZQ%3D%3D
2025-02-03 22:25:48.261 [info] Active editor: vscode-notebook-cell:/home/sab/github/TheInvisibleFoe/PH3105-Lab-reports/DPS-Lab_reports/PH3204/exp01zener/code/Zener%20Plot.ipynb#W0sZmlsZQ%3D%3D
2025-02-03 22:25:55.601 [info] Active editor: vscode-notebook-cell:/home/sab/github/TheInvisibleFoe/PH3105-Lab-reports/DPS-Lab_reports/PH3204/exp01zener/code/Zener%20Plot.ipynb#X10sZmlsZQ%3D%3D
2025-02-03 22:25:56.430 [info] Active editor: vscode-notebook-cell:/home/sab/github/TheInvisibleFoe/PH3105-Lab-reports/DPS-Lab_reports/PH3204/exp01zener/code/Zener%20Plot.ipynb#W6sZmlsZQ%3D%3D
2025-02-03 22:26:02.780 [info] Active editor: vscode-notebook-cell:/home/sab/github/TheInvisibleFoe/PH3105-Lab-reports/DPS-Lab_reports/PH3204/exp-2BJT/code/exp2.ipynb#W0sZmlsZQ%3D%3D
2025-02-03 22:26:08.727 [info] Active editor: vscode-notebook-cell:/home/sab/github/TheInvisibleFoe/PH3105-Lab-reports/DPS-Lab_reports/PH3204/exp-2BJT/code/exp2.ipynb#W0sZmlsZQ%3D%3D
2025-02-03 22:26:09.814 [info] Active editor: vscode-notebook-cell:/home/sab/github/TheInvisibleFoe/PH3105-Lab-reports/DPS-Lab_reports/PH3204/exp-2BJT/code/exp2.ipynb#W1sZmlsZQ%3D%3D
2025-02-03 22:26:11.947 [info] Active editor: vscode-notebook-cell:/home/sab/github/TheInvisibleFoe/PH3105-Lab-reports/DPS-Lab_reports/PH3204/exp-2BJT/code/exp2.ipynb#W2sZmlsZQ%3D%3D
2025-02-03 22:26:13.712 [info] Active editor: vscode-notebook-cell:/home/sab/github/TheInvisibleFoe/PH3105-Lab-reports/DPS-Lab_reports/PH3204/exp-2BJT/code/exp2.ipynb#W4sZmlsZQ%3D%3D
2025-02-03 22:26:16.838 [info] Active editor: vscode-notebook-cell:/home/sab/github/TheInvisibleFoe/PH3105-Lab-reports/DPS-Lab_reports/PH3204/exp-2BJT/code/exp2.ipynb#W4sZmlsZQ%3D%3D
2025-02-03 22:26:20.537 [info] Active editor: vscode-notebook-cell:/home/sab/github/TheInvisibleFoe/PH3105-Lab-reports/DPS-Lab_reports/PH3204/exp-2BJT/code/exp2.ipynb#W4sZmlsZQ%3D%3D
2025-02-03 22:26:22.955 [info] Active editor: vscode-notebook-cell:/home/sab/github/TheInvisibleFoe/PH3105-Lab-reports/DPS-Lab_reports/PH3204/exp-2BJT/code/exp2.ipynb#W4sZmlsZQ%3D%3D
2025-02-03 22:26:23.740 [info] Active editor: vscode-notebook-cell:/home/sab/github/TheInvisibleFoe/PH3105-Lab-reports/DPS-Lab_reports/PH3204/exp-2BJT/code/exp2.ipynb#W4sZmlsZQ%3D%3D
2025-02-03 22:26:32.320 [info] Active editor: vscode-notebook-cell:/home/sab/github/TheInvisibleFoe/PH3105-Lab-reports/DPS-Lab_reports/PH3204/exp-2BJT/code/exp2.ipynb#W3sZmlsZQ%3D%3D
2025-02-03 22:27:22.832 [info] Active editor: vscode-notebook-cell:/home/sab/github/TheInvisibleFoe/PH3105-Lab-reports/DPS-Lab_reports/PH3204/exp-2BJT/code/exp2.ipynb#W2sZmlsZQ%3D%3D
2025-02-03 22:27:27.774 [info] Active editor: vscode-notebook-cell:/home/sab/github/TheInvisibleFoe/PH3105-Lab-reports/DPS-Lab_reports/PH3204/exp-2BJT/code/exp2.ipynb#W3sZmlsZQ%3D%3D
2025-02-03 22:27:28.664 [info] Active editor: vscode-notebook-cell:/home/sab/github/TheInvisibleFoe/PH3105-Lab-reports/DPS-Lab_reports/PH3204/exp-2BJT/code/exp2.ipynb#W4sZmlsZQ%3D%3D
2025-02-03 22:27:31.472 [info] Active editor: vscode-notebook-cell:/home/sab/github/TheInvisibleFoe/PH3105-Lab-reports/DPS-Lab_reports/PH3204/exp-2BJT/code/exp2.ipynb#W4sZmlsZQ%3D%3D
2025-02-03 22:27:36.269 [info] Active editor: vscode-notebook-cell:/home/sab/github/TheInvisibleFoe/PH3105-Lab-reports/DPS-Lab_reports/PH3204/exp-2BJT/code/exp2.ipynb#W2sZmlsZQ%3D%3D
2025-02-03 22:27:48.425 [info] Active editor: vscode-notebook-cell:/home/sab/github/TheInvisibleFoe/PH3105-Lab-reports/DPS-Lab_reports/PH3204/exp-2BJT/code/exp2.ipynb#W3sZmlsZQ%3D%3D
2025-02-03 22:27:49.729 [info] Active editor: vscode-notebook-cell:/home/sab/github/TheInvisibleFoe/PH3105-Lab-reports/DPS-Lab_reports/PH3204/exp-2BJT/code/exp2.ipynb#W4sZmlsZQ%3D%3D
2025-02-03 22:27:51.646 [info] Active editor: vscode-notebook-cell:/home/sab/github/TheInvisibleFoe/PH3105-Lab-reports/DPS-Lab_reports/PH3204/exp-2BJT/code/exp2.ipynb#W4sZmlsZQ%3D%3D
2025-02-03 22:28:18.290 [info] Active editor: vscode-notebook-cell:/home/sab/github/TheInvisibleFoe/PH3105-Lab-reports/DPS-Lab_reports/PH3204/exp-2BJT/code/exp2.ipynb#W3sZmlsZQ%3D%3D
2025-02-03 22:28:53.845 [info] Active editor: vscode-notebook-cell:/home/sab/github/TheInvisibleFoe/PH3105-Lab-reports/DPS-Lab_reports/PH3204/exp-2BJT/code/exp2.ipynb#W4sZmlsZQ%3D%3D
2025-02-03 22:28:56.356 [info] Active editor: vscode-notebook-cell:/home/sab/github/TheInvisibleFoe/PH3105-Lab-reports/DPS-Lab_reports/PH3204/exp-2BJT/code/exp2.ipynb#W4sZmlsZQ%3D%3D
2025-02-03 22:30:12.943 [info] Active editor: vscode-notebook-cell:/home/sab/github/TheInvisibleFoe/PH3105-Lab-reports/DPS-Lab_reports/PH3204/exp-2BJT/code/exp2.ipynb#W3sZmlsZQ%3D%3D
2025-02-03 22:30:54.087 [info] Active editor: vscode-notebook-cell:/home/sab/github/TheInvisibleFoe/PH3105-Lab-reports/DPS-Lab_reports/PH3204/exp-2BJT/code/exp2.ipynb#W1sZmlsZQ%3D%3D
2025-02-03 22:30:55.849 [info] Active editor: vscode-notebook-cell:/home/sab/github/TheInvisibleFoe/PH3105-Lab-reports/DPS-Lab_reports/PH3204/exp-2BJT/code/exp2.ipynb#W1sZmlsZQ%3D%3D
2025-02-03 22:30:57.078 [info] Active editor: vscode-notebook-cell:/home/sab/github/TheInvisibleFoe/PH3105-Lab-reports/DPS-Lab_reports/PH3204/exp-2BJT/code/exp2.ipynb#W4sZmlsZQ%3D%3D
2025-02-03 22:30:58.538 [info] Active editor: vscode-notebook-cell:/home/sab/github/TheInvisibleFoe/PH3105-Lab-reports/DPS-Lab_reports/PH3204/exp-2BJT/code/exp2.ipynb#W4sZmlsZQ%3D%3D
2025-02-03 22:30:59.922 [info] Active editor: vscode-notebook-cell:/home/sab/github/TheInvisibleFoe/PH3105-Lab-reports/DPS-Lab_reports/PH3204/exp-2BJT/code/exp2.ipynb#W1sZmlsZQ%3D%3D
2025-02-03 22:31:12.790 [info] Active editor: vscode-notebook-cell:/home/sab/github/TheInvisibleFoe/PH3105-Lab-reports/DPS-Lab_reports/PH3204/exp-2BJT/code/exp2.ipynb#W2sZmlsZQ%3D%3D
2025-02-03 22:31:16.108 [info] Active editor: vscode-notebook-cell:/home/sab/github/TheInvisibleFoe/PH3105-Lab-reports/DPS-Lab_reports/PH3204/exp-2BJT/code/exp2.ipynb#W1sZmlsZQ%3D%3D
2025-02-03 22:31:17.648 [info] Active editor: vscode-notebook-cell:/home/sab/github/TheInvisibleFoe/PH3105-Lab-reports/DPS-Lab_reports/PH3204/exp-2BJT/code/exp2.ipynb#W2sZmlsZQ%3D%3D
2025-02-03 22:31:20.592 [info] Active editor: vscode-notebook-cell:/home/sab/github/TheInvisibleFoe/PH3105-Lab-reports/DPS-Lab_reports/PH3204/exp-2BJT/code/exp2.ipynb#W4sZmlsZQ%3D%3D
2025-02-03 22:31:23.532 [info] Active editor: vscode-notebook-cell:/home/sab/github/TheInvisibleFoe/PH3105-Lab-reports/DPS-Lab_reports/PH3204/exp-2BJT/code/exp2.ipynb#W5sZmlsZQ%3D%3D
2025-02-03 22:31:24.373 [info] Active editor: vscode-notebook-cell:/home/sab/github/TheInvisibleFoe/PH3105-Lab-reports/DPS-Lab_reports/PH3204/exp-2BJT/code/exp2.ipynb#W5sZmlsZQ%3D%3D
2025-02-03 22:31:24.632 [info] Active editor: vscode-notebook-cell:/home/sab/github/TheInvisibleFoe/PH3105-Lab-reports/DPS-Lab_reports/PH3204/exp-2BJT/code/exp2.ipynb#W5sZmlsZQ%3D%3D
2025-02-03 22:32:44.447 [info] Active editor: vscode-notebook-cell:/home/sab/github/TheInvisibleFoe/PH3105-Lab-reports/DPS-Lab_reports/PH3204/exp-2BJT/code/exp2.ipynb#W6sZmlsZQ%3D%3D
2025-02-03 22:32:50.113 [info] Active editor: vscode-notebook-cell:/home/sab/github/TheInvisibleFoe/PH3105-Lab-reports/DPS-Lab_reports/PH3204/exp-2BJT/code/exp2.ipynb#X10sZmlsZQ%3D%3D
2025-02-03 22:33:13.167 [info] Active editor: vscode-notebook-cell:/home/sab/github/TheInvisibleFoe/PH3105-Lab-reports/DPS-Lab_reports/PH3204/exp-2BJT/code/exp2.ipynb#W5sZmlsZQ%3D%3D
2025-02-03 22:33:43.544 [info] Active editor: vscode-notebook-cell:/home/sab/github/TheInvisibleFoe/PH3105-Lab-reports/DPS-Lab_reports/PH3204/exp-2BJT/code/exp2.ipynb#W6sZmlsZQ%3D%3D
2025-02-03 22:33:47.976 [info] Active editor: vscode-notebook-cell:/home/sab/github/TheInvisibleFoe/PH3105-Lab-reports/DPS-Lab_reports/PH3204/exp-2BJT/code/exp2.ipynb#W5sZmlsZQ%3D%3D
2025-02-03 22:33:59.207 [info] Active editor: vscode-notebook-cell:/home/sab/github/TheInvisibleFoe/PH3105-Lab-reports/DPS-Lab_reports/PH3204/exp-2BJT/code/exp2.ipynb#W6sZmlsZQ%3D%3D
2025-02-03 22:34:01.869 [info] Active editor: vscode-notebook-cell:/home/sab/github/TheInvisibleFoe/PH3105-Lab-reports/DPS-Lab_reports/PH3204/exp-2BJT/code/exp2.ipynb#W5sZmlsZQ%3D%3D
2025-02-03 22:34:30.459 [info] Active editor: vscode-notebook-cell:/home/sab/github/TheInvisibleFoe/PH3105-Lab-reports/DPS-Lab_reports/PH3204/exp-2BJT/code/exp2.ipynb#W6sZmlsZQ%3D%3D
2025-02-03 22:34:36.534 [info] Active editor: vscode-notebook-cell:/home/sab/github/TheInvisibleFoe/PH3105-Lab-reports/DPS-Lab_reports/PH3204/exp-2BJT/code/exp2.ipynb#W5sZmlsZQ%3D%3D
2025-02-03 22:35:09.471 [info] Active editor: vscode-notebook-cell:/home/sab/github/TheInvisibleFoe/PH3105-Lab-reports/DPS-Lab_reports/PH3204/exp-2BJT/code/exp2.ipynb#W6sZmlsZQ%3D%3D
2025-02-03 22:35:10.056 [info] Active editor: vscode-notebook-cell:/home/sab/github/TheInvisibleFoe/PH3105-Lab-reports/DPS-Lab_reports/PH3204/exp-2BJT/code/exp2.ipynb#W6sZmlsZQ%3D%3D
2025-02-03 22:35:26.430 [info] Active editor: vscode-notebook-cell:/home/sab/github/TheInvisibleFoe/PH3105-Lab-reports/DPS-Lab_reports/PH3204/exp-2BJT/code/exp2.ipynb#X10sZmlsZQ%3D%3D
2025-02-03 22:35:32.495 [info] Active editor: vscode-notebook-cell:/home/sab/github/TheInvisibleFoe/PH3105-Lab-reports/DPS-Lab_reports/PH3204/exp-2BJT/code/exp2.ipynb#X10sZmlsZQ%3D%3D
2025-02-03 22:35:46.374 [info] Active editor: vscode-notebook-cell:/home/sab/github/TheInvisibleFoe/PH3105-Lab-reports/DPS-Lab_reports/PH3204/exp-2BJT/code/exp2.ipynb#X10sZmlsZQ%3D%3D
2025-02-03 22:35:54.186 [info] Active editor: vscode-notebook-cell:/home/sab/github/TheInvisibleFoe/PH3105-Lab-reports/DPS-Lab_reports/PH3204/exp-2BJT/code/exp2.ipynb#X10sZmlsZQ%3D%3D
2025-02-03 22:36:06.191 [info] Active editor: vscode-notebook-cell:/home/sab/github/TheInvisibleFoe/PH3105-Lab-reports/DPS-Lab_reports/PH3204/exp-2BJT/code/exp2.ipynb#X10sZmlsZQ%3D%3D
2025-02-03 22:36:42.300 [info] Active editor: vscode-notebook-cell:/home/sab/github/TheInvisibleFoe/PH3105-Lab-reports/DPS-Lab_reports/PH3204/exp-2BJT/code/exp2.ipynb#X10sZmlsZQ%3D%3D
