2025-02-16 17:14:14.030 [info] Experiment 'pythonRecommendTensorboardExt' is active
2025-02-16 17:14:14.030 [info] Experiment 'pythonTerminalEnvVarActivation' is active
2025-02-16 17:14:14.030 [info] Experiment 'pythonTestAdapter' is active
2025-02-16 17:14:14.030 [warning] Dir "/home/sab/github/TheInvisibleFoe/PH3105-Lab-reports/DPS-Lab_reports/PH3204/exp-2BJT/.pixi/envs" is not watchable (directory does not exist)
2025-02-16 17:14:14.030 [info] Starting Environment refresh
2025-02-16 17:14:14.030 [info] > hatch env show --json
2025-02-16 17:14:14.030 [info] cwd: .
2025-02-16 17:14:14.030 [info] > conda info --json
2025-02-16 17:14:14.030 [info] > pyenv which python
2025-02-16 17:14:14.030 [info] cwd: .
2025-02-16 17:14:14.030 [info] > pyenv which python
2025-02-16 17:14:14.030 [info] cwd: .
2025-02-16 17:14:14.073 [info] Environments refresh finished (event): 894 milliseconds
2025-02-16 17:14:14.073 [info] Environments refresh paths discovered: 894 milliseconds
2025-02-16 17:14:14.078 [info] Environment refresh took 899 milliseconds
2025-02-16 17:14:14.209 [info] > python -c "import sys;print(sys.executable)"
2025-02-16 17:14:14.239 [info] Python interpreter path: ~/miniconda3/bin/python
2025-02-16 17:14:14.258 [info] > conda info --json
2025-02-16 17:14:14.258 [info] shell: bash
2025-02-16 17:14:14.310 [info] > conda config --get auto_activate_base
2025-02-16 17:14:15.079 [info] > conda run -n base --no-capture-output python ~/.vscode/extensions/ms-python.python-2025.0.0-linux-x64/python_files/get_output_via_markers.py ~/.vscode/extensions/ms-python.python-2025.0.0-linux-x64/python_files/printEnvVariables.py
2025-02-16 17:14:15.079 [info] shell: bash
2025-02-16 17:14:15.805 [info] Starting Pylance language server.
2025-02-16 17:14:17.242 [info] > python ~/.vscode/extensions/ms-python.python-2025.0.0-linux-x64/python_files/printEnvVariables.py
2025-02-16 17:14:17.242 [info] shell: bash
2025-02-16 17:14:17.273 [info] Setting environment variable _CE_M in collection to  {"applyAtShellIntegration":true,"applyAtProcessCreation":true}
2025-02-16 17:14:17.273 [info] Setting environment variable CONDA_ROOT in collection to /home/sab/miniconda3 {"applyAtShellIntegration":true,"applyAtProcessCreation":true}
2025-02-16 17:14:17.273 [info] Setting environment variable _CE_CONDA in collection to  {"applyAtShellIntegration":true,"applyAtProcessCreation":true}
2025-02-16 17:14:17.275 [info] Send text to terminal: python /home/sab/.vscode/extensions/ms-python.python-2025.0.0-linux-x64/python_files/printEnvVariablesToFile.py /home/sab/.vscode/extensions/ms-python.python-2025.0.0-linux-x64/python_files/deactivate/bash/envVars.txt
2025-02-16 17:15:03.962 [info] Starting Environment refresh
2025-02-16 17:15:03.962 [info] Searching for interpreters in posix paths locator
2025-02-16 17:15:03.967 [info] Searching for pyenv environments
2025-02-16 17:15:03.967 [info] Searching for conda environments
2025-02-16 17:15:03.967 [info] Searching for global virtual environments
2025-02-16 17:15:03.967 [info] Searching for custom virtual environments
2025-02-16 17:15:03.982 [info] > conda info --json
2025-02-16 17:15:03.982 [info] pyenv is not installed
2025-02-16 17:15:03.982 [info] Finished searching for pyenv environments: 16 milliseconds
2025-02-16 17:15:03.982 [info] Finished searching for custom virtual envs: 16 milliseconds
2025-02-16 17:15:03.983 [info] Finished searching for global virtual envs: 17 milliseconds
2025-02-16 17:15:03.991 [info] Found: /bin/python --> /bin/python3.13
2025-02-16 17:15:03.991 [info] Found: /bin/python3 --> /bin/python3.13
2025-02-16 17:15:03.991 [info] Found: /bin/python3.13 --> /bin/python3.13
2025-02-16 17:15:04.006 [info] Found: /usr/bin/python --> /usr/bin/python3.13
2025-02-16 17:15:04.006 [info] Found: /usr/bin/python3 --> /usr/bin/python3.13
2025-02-16 17:15:04.006 [info] Found: /usr/bin/python3.13 --> /usr/bin/python3.13
2025-02-16 17:15:04.057 [info] Found: /home/sab/miniconda3/bin/python --> /home/sab/miniconda3/bin/python3.12
2025-02-16 17:15:04.058 [info] Found: /home/sab/miniconda3/bin/python3 --> /home/sab/miniconda3/bin/python3.12
2025-02-16 17:15:04.058 [info] Found: /home/sab/miniconda3/bin/python3.1 --> /home/sab/miniconda3/bin/python3.12
2025-02-16 17:15:04.058 [info] Found: /home/sab/miniconda3/bin/python3.12 --> /home/sab/miniconda3/bin/python3.12
2025-02-16 17:15:04.085 [info] > /bin/python -I ~/.vscode/extensions/ms-python.python-2025.0.0-linux-x64/python_files/get_output_via_markers.py ~/.vscode/extensions/ms-python.python-2025.0.0-linux-x64/python_files/interpreterInfo.py
2025-02-16 17:15:04.108 [info] Finished searching for interpreters in posix paths locator: 135 milliseconds
2025-02-16 17:15:04.108 [info] > /usr/bin/python -I ~/.vscode/extensions/ms-python.python-2025.0.0-linux-x64/python_files/get_output_via_markers.py ~/.vscode/extensions/ms-python.python-2025.0.0-linux-x64/python_files/interpreterInfo.py
2025-02-16 17:15:04.541 [info] > ~/miniconda3/bin/python -I ~/.vscode/extensions/ms-python.python-2025.0.0-linux-x64/python_files/get_output_via_markers.py ~/.vscode/extensions/ms-python.python-2025.0.0-linux-x64/python_files/interpreterInfo.py
2025-02-16 17:15:04.542 [info] Finished searching for conda environments: 576 milliseconds
2025-02-16 17:15:04.597 [info] > ~/miniconda3/envs/jupyter/bin/python -I ~/.vscode/extensions/ms-python.python-2025.0.0-linux-x64/python_files/get_output_via_markers.py ~/.vscode/extensions/ms-python.python-2025.0.0-linux-x64/python_files/interpreterInfo.py
2025-02-16 17:15:04.597 [info] Environments refresh paths discovered (event): 637 milliseconds
2025-02-16 17:15:04.597 [info] Environments refresh paths discovered: 637 milliseconds
2025-02-16 17:15:04.632 [info] Environments refresh finished (event): 672 milliseconds
2025-02-16 17:15:04.644 [info] Environment refresh took 684 milliseconds
2025-02-16 17:15:05.987 [info] > conda run -n jupyter --no-capture-output python ~/.vscode/extensions/ms-python.python-2025.0.0-linux-x64/python_files/get_output_via_markers.py ~/.vscode/extensions/ms-python.python-2025.0.0-linux-x64/python_files/printEnvVariables.py
2025-02-16 17:15:05.988 [info] shell: bash
2025-02-16 17:15:06.090 [info] > conda run -n jupyter --no-capture-output python ~/.vscode/extensions/ms-python.python-2025.0.0-linux-x64/python_files/get_output_via_markers.py ~/.vscode/extensions/ms-python.python-2025.0.0-linux-x64/python_files/printEnvVariables.py
2025-02-16 17:15:06.090 [info] shell: bash
