2025-02-08 01:24:07.628 [info] Reading sessions from keychain...
2025-02-08 01:24:07.628 [info] Getting sessions for all scopes...
2025-02-08 01:24:07.628 [info] Getting sessions for all scopes...
2025-02-08 01:24:07.628 [info] Getting sessions for all scopes...
2025-02-08 01:24:07.628 [info] Got stored sessions!
2025-02-08 01:24:07.628 [info] Got 1 verified sessions.
2025-02-08 01:24:07.628 [info] Got 1 sessions for ...
2025-02-08 01:24:07.628 [info] Got 1 sessions for ...
2025-02-08 01:24:07.628 [info] Got 1 sessions for ...
2025-02-08 01:24:07.628 [info] Getting sessions for all scopes...
2025-02-08 01:24:07.628 [info] Got 1 sessions for ...
2025-02-08 01:24:07.628 [info] Getting sessions for all scopes...
2025-02-08 01:24:07.628 [info] Got 1 sessions for ...
2025-02-08 01:24:07.628 [info] Getting sessions for all scopes...
2025-02-08 01:24:07.628 [info] Got 1 sessions for ...
2025-02-08 01:24:07.628 [info] Getting sessions for all scopes...
2025-02-08 01:24:07.628 [info] Got 1 sessions for ...
2025-02-08 01:24:07.628 [info] Getting sessions for all scopes...
2025-02-08 01:24:07.628 [info] Got 1 sessions for ...
2025-02-08 01:24:11.882 [info] Getting sessions for all scopes...
2025-02-08 01:24:11.882 [info] Got 1 sessions for ...
2025-02-08 01:24:11.883 [info] Getting sessions for user:email...
2025-02-08 01:24:11.883 [info] Got 1 sessions for user:email...
2025-02-08 01:24:12.207 [info] Getting sessions for all scopes...
2025-02-08 01:24:12.207 [info] Got 1 sessions for ...
2025-02-08 01:24:13.058 [info] Getting sessions for read:user,repo,user:email,workflow...
2025-02-08 01:24:13.058 [info] Got 0 sessions for read:user,repo,user:email,workflow...
2025-02-08 01:24:13.058 [info] Getting sessions for all scopes...
2025-02-08 01:24:13.058 [info] Got 1 sessions for ...
2025-02-08 01:24:13.059 [info] Getting sessions for all scopes...
2025-02-08 01:24:13.059 [info] Got 1 sessions for ...
2025-02-08 01:24:14.880 [info] Getting sessions for read:user...
2025-02-08 01:24:14.880 [info] Got 0 sessions for read:user...
2025-02-08 01:24:14.880 [info] Getting sessions for read:user,repo,user:email,workflow...
2025-02-08 01:24:14.880 [info] Got 0 sessions for read:user,repo,user:email,workflow...
2025-02-08 01:24:16.815 [info] Getting sessions for user:email...
2025-02-08 01:24:16.815 [info] Got 1 sessions for user:email...
2025-02-08 01:24:16.815 [info] Getting sessions for user:email...
2025-02-08 01:24:16.815 [info] Got 1 sessions for user:email...
2025-02-08 01:24:16.916 [info] Getting sessions for all scopes...
2025-02-08 01:24:16.916 [info] Got 1 sessions for ...
2025-02-08 01:24:16.917 [info] Getting sessions for all scopes...
2025-02-08 01:24:16.917 [info] Got 1 sessions for ...
2025-02-08 01:24:16.941 [info] Getting sessions for read:user,repo,user:email,workflow...
2025-02-08 01:24:16.941 [info] Got 0 sessions for read:user,repo,user:email,workflow...
2025-02-08 01:24:16.943 [info] Getting sessions for user:email...
2025-02-08 01:24:16.943 [info] Got 1 sessions for user:email...
2025-02-08 01:24:17.847 [info] Getting sessions for all scopes...
2025-02-08 01:24:17.847 [info] Got 1 sessions for ...
2025-02-08 01:24:17.847 [info] Getting sessions for all scopes...
2025-02-08 01:24:17.847 [info] Got 1 sessions for ...
2025-02-08 01:24:17.877 [info] Getting sessions for read:user,repo,user:email,workflow...
2025-02-08 01:24:17.877 [info] Got 0 sessions for read:user,repo,user:email,workflow...
2025-02-08 01:24:17.879 [info] Getting sessions for user:email...
2025-02-08 01:24:17.879 [info] Got 1 sessions for user:email...
2025-02-08 01:24:17.884 [info] Getting sessions for all scopes...
2025-02-08 01:24:17.885 [info] Got 1 sessions for ...
2025-02-08 01:24:17.887 [info] Getting sessions for read:user,repo,user:email,workflow...
2025-02-08 01:24:17.887 [info] Got 0 sessions for read:user,repo,user:email,workflow...
2025-02-08 01:24:17.888 [info] Getting sessions for user:email...
2025-02-08 01:24:17.889 [info] Got 1 sessions for user:email...
2025-02-08 01:24:17.999 [info] Getting sessions for all scopes...
2025-02-08 01:24:17.999 [info] Got 1 sessions for ...
2025-02-08 01:24:18.016 [info] Getting sessions for read:user,repo,user:email,workflow...
2025-02-08 01:24:18.016 [info] Got 0 sessions for read:user,repo,user:email,workflow...
2025-02-08 01:24:18.018 [info] Getting sessions for user:email...
2025-02-08 01:24:18.018 [info] Got 1 sessions for user:email...
2025-02-08 01:24:19.886 [info] Getting sessions for all scopes...
2025-02-08 01:24:19.886 [info] Got 1 sessions for ...
2025-02-08 01:24:19.892 [info] Getting sessions for read:user,repo,user:email,workflow...
2025-02-08 01:24:19.892 [info] Got 0 sessions for read:user,repo,user:email,workflow...
2025-02-08 01:24:19.897 [info] Getting sessions for user:email...
2025-02-08 01:24:19.897 [info] Got 1 sessions for user:email...
2025-02-08 01:39:19.901 [info] Getting sessions for all scopes...
2025-02-08 01:39:19.901 [info] Got 1 sessions for ...
2025-02-08 01:39:19.902 [info] Getting sessions for read:user,repo,user:email,workflow...
2025-02-08 01:39:19.902 [info] Got 0 sessions for read:user,repo,user:email,workflow...
2025-02-08 01:39:19.904 [info] Getting sessions for user:email...
2025-02-08 01:39:19.904 [info] Got 1 sessions for user:email...
2025-02-08 01:39:19.937 [info] Getting sessions for all scopes...
2025-02-08 01:39:19.937 [info] Got 1 sessions for ...
2025-02-08 01:39:19.938 [info] Getting sessions for read:user,repo,user:email,workflow...
2025-02-08 01:39:19.938 [info] Got 0 sessions for read:user,repo,user:email,workflow...
2025-02-08 01:39:19.939 [info] Getting sessions for user:email...
2025-02-08 01:39:19.939 [info] Got 1 sessions for user:email...
2025-02-08 01:49:17.835 [info] Getting sessions for all scopes...
2025-02-08 01:49:17.835 [info] Got 1 sessions for ...
2025-02-08 01:49:17.839 [info] Getting sessions for read:user,repo,user:email,workflow...
2025-02-08 01:49:17.839 [info] Got 0 sessions for read:user,repo,user:email,workflow...
2025-02-08 01:49:17.843 [info] Getting sessions for user:email...
2025-02-08 01:49:17.843 [info] Got 1 sessions for user:email...
2025-02-08 01:49:19.213 [info] Getting sessions for all scopes...
2025-02-08 01:49:19.213 [info] Got 1 sessions for ...
2025-02-08 01:49:19.214 [info] Getting sessions for all scopes...
2025-02-08 01:49:19.214 [info] Got 1 sessions for ...
2025-02-08 01:49:19.217 [info] Getting sessions for read:user,repo,user:email,workflow...
2025-02-08 01:49:19.217 [info] Got 0 sessions for read:user,repo,user:email,workflow...
2025-02-08 01:49:19.221 [info] Getting sessions for user:email...
2025-02-08 01:49:19.221 [info] Got 1 sessions for user:email...
2025-02-08 01:49:19.225 [info] Getting sessions for all scopes...
2025-02-08 01:49:19.225 [info] Got 1 sessions for ...
2025-02-08 01:49:19.229 [info] Getting sessions for read:user,repo,user:email,workflow...
2025-02-08 01:49:19.229 [info] Got 0 sessions for read:user,repo,user:email,workflow...
2025-02-08 01:49:19.233 [info] Getting sessions for user:email...
2025-02-08 01:49:19.233 [info] Got 1 sessions for user:email...
2025-02-08 01:49:19.252 [info] Getting sessions for all scopes...
2025-02-08 01:49:19.252 [info] Got 1 sessions for ...
2025-02-08 01:49:19.254 [info] Getting sessions for read:user,repo,user:email,workflow...
2025-02-08 01:49:19.254 [info] Got 0 sessions for read:user,repo,user:email,workflow...
2025-02-08 01:49:19.256 [info] Getting sessions for user:email...
2025-02-08 01:49:19.256 [info] Got 1 sessions for user:email...
2025-02-08 01:49:30.355 [info] Getting sessions for read:user,repo,user:email,workflow...
2025-02-08 01:49:30.355 [info] Got 0 sessions for read:user,repo,user:email,workflow...
2025-02-08 01:49:30.356 [info] Getting sessions for read:user...
2025-02-08 01:49:30.356 [info] Got 0 sessions for read:user...
2025-02-08 01:49:30.357 [info] Getting sessions for user:email...
2025-02-08 01:49:30.357 [info] Got 1 sessions for user:email...
