2025-02-16 11:26:36.139 [info] Reading sessions from keychain...
2025-02-16 11:26:36.139 [info] Getting sessions for all scopes...
2025-02-16 11:26:36.139 [info] Getting sessions for all scopes...
2025-02-16 11:26:36.139 [info] Getting sessions for all scopes...
2025-02-16 11:26:36.139 [info] Getting sessions for user:email...
2025-02-16 11:26:36.139 [info] Getting sessions for all scopes...
2025-02-16 11:26:36.139 [info] Getting sessions for all scopes...
2025-02-16 11:26:36.139 [info] Getting sessions for all scopes...
2025-02-16 11:26:36.139 [info] Getting sessions for all scopes...
2025-02-16 11:26:36.139 [info] Getting sessions for all scopes...
2025-02-16 11:26:36.139 [info] Got stored sessions!
2025-02-16 11:26:36.139 [info] Got 1 verified sessions.
2025-02-16 11:26:36.139 [info] Got 1 sessions for ...
2025-02-16 11:26:36.139 [info] Got 1 sessions for ...
2025-02-16 11:26:36.139 [info] Got 1 sessions for ...
2025-02-16 11:26:36.139 [info] Got 1 sessions for user:email...
2025-02-16 11:26:36.139 [info] Got 1 sessions for ...
2025-02-16 11:26:36.139 [info] Got 1 sessions for ...
2025-02-16 11:26:36.139 [info] Got 1 sessions for ...
2025-02-16 11:26:36.139 [info] Got 1 sessions for ...
2025-02-16 11:26:36.139 [info] Got 1 sessions for ...
2025-02-16 11:26:36.139 [info] Getting sessions for all scopes...
2025-02-16 11:26:36.139 [info] Got 1 sessions for ...
