2025-03-15 22:31:37.686 [info] Reading sessions from keychain...
2025-03-15 22:31:37.686 [info] Getting sessions for all scopes...
2025-03-15 22:31:37.686 [info] Getting sessions for all scopes...
2025-03-15 22:31:37.686 [info] Getting sessions for all scopes...
2025-03-15 22:31:37.686 [info] Getting sessions for all scopes...
2025-03-15 22:31:37.686 [info] Getting sessions for all scopes...
2025-03-15 22:31:37.686 [info] Getting sessions for all scopes...
2025-03-15 22:31:37.686 [info] Getting sessions for all scopes...
2025-03-15 22:31:37.686 [info] Getting sessions for all scopes...
2025-03-15 22:31:37.705 [info] Getting sessions for user:email...
2025-03-15 22:31:37.749 [info] Got stored sessions!
2025-03-15 22:31:37.749 [info] Got 1 verified sessions.
2025-03-15 22:31:37.749 [info] Got 1 sessions for ...
2025-03-15 22:31:37.749 [info] Got 1 sessions for ...
2025-03-15 22:31:37.749 [info] Got 1 sessions for ...
2025-03-15 22:31:37.749 [info] Got 1 sessions for ...
2025-03-15 22:31:37.749 [info] Got 1 sessions for ...
2025-03-15 22:31:37.749 [info] Got 1 sessions for ...
2025-03-15 22:31:37.749 [info] Got 1 sessions for ...
2025-03-15 22:31:37.749 [info] Got 1 sessions for ...
2025-03-15 22:31:37.749 [info] Got 1 sessions for user:email...
2025-03-15 22:31:39.957 [info] Getting sessions for all scopes...
2025-03-15 22:31:39.957 [info] Got 1 sessions for ...
2025-03-15 22:31:40.151 [info] Getting sessions for read:user,repo,user:email,workflow...
2025-03-15 22:31:40.151 [info] Got 0 sessions for read:user,repo,user:email,workflow...
2025-03-15 22:31:40.151 [info] Getting sessions for all scopes...
2025-03-15 22:31:40.151 [info] Got 1 sessions for ...
2025-03-15 22:31:40.151 [info] Getting sessions for all scopes...
2025-03-15 22:31:40.151 [info] Got 1 sessions for ...
2025-03-15 22:31:40.298 [info] Getting sessions for read:user...
2025-03-15 22:31:40.298 [info] Got 0 sessions for read:user...
2025-03-15 22:31:40.298 [info] Getting sessions for read:user,repo,user:email,workflow...
2025-03-15 22:31:40.298 [info] Got 0 sessions for read:user,repo,user:email,workflow...
2025-03-15 22:31:40.301 [info] Getting sessions for user:email...
2025-03-15 22:31:40.301 [info] Got 1 sessions for user:email...
2025-03-15 22:31:40.301 [info] Getting sessions for user:email...
2025-03-15 22:31:40.301 [info] Got 1 sessions for user:email...
2025-03-15 22:31:40.306 [info] Getting sessions for all scopes...
2025-03-15 22:31:40.306 [info] Got 1 sessions for ...
2025-03-15 22:31:40.307 [info] Getting sessions for read:user,repo,user:email,workflow...
2025-03-15 22:31:40.308 [info] Got 0 sessions for read:user,repo,user:email,workflow...
2025-03-15 22:31:40.309 [info] Getting sessions for user:email...
2025-03-15 22:31:40.309 [info] Got 1 sessions for user:email...
2025-03-15 22:31:40.310 [info] Getting sessions for all scopes...
2025-03-15 22:31:40.310 [info] Got 1 sessions for ...
2025-03-15 22:31:40.311 [info] Getting sessions for read:user,repo,user:email,workflow...
2025-03-15 22:31:40.311 [info] Got 0 sessions for read:user,repo,user:email,workflow...
2025-03-15 22:31:40.312 [info] Getting sessions for user:email...
2025-03-15 22:31:40.312 [info] Got 1 sessions for user:email...
