2025-02-03 22:18:06.043 [info] Experiment 'pythonRecommendTensorboardExt' is active
2025-02-03 22:18:06.043 [info] Experiment 'pythonTerminalEnvVarActivation' is active
2025-02-03 22:18:06.043 [info] Experiment 'pythonTestAdapter' is active
2025-02-03 22:18:06.043 [warning] Dir "/home/sab/github/TheInvisibleFoe/PH3105-Lab-reports/DPS-Lab_reports/PH3204/.pixi/envs" is not watchable (directory does not exist)
2025-02-03 22:18:06.043 [info] Starting Environment refresh
2025-02-03 22:18:06.043 [info] > hatch env show --json
2025-02-03 22:18:06.043 [info] cwd: .
2025-02-03 22:18:06.043 [info] > conda info --json
2025-02-03 22:18:06.043 [info] > pyenv which python
2025-02-03 22:18:06.043 [info] cwd: .
2025-02-03 22:18:06.087 [info] Environments refresh finished (event): 641 milliseconds
2025-02-03 22:18:06.087 [info] Environments refresh paths discovered: 641 milliseconds
2025-02-03 22:18:06.093 [info] Environment refresh took 646 milliseconds
2025-02-03 22:18:06.120 [info] > python -c "import sys;print(sys.executable)"
2025-02-03 22:18:06.141 [info] Python interpreter path: ~/miniconda3/bin/python
2025-02-03 22:18:06.161 [info] > conda info --json
2025-02-03 22:18:06.161 [info] shell: bash
2025-02-03 22:18:06.222 [info] > pyenv which python
2025-02-03 22:18:06.222 [info] cwd: .
2025-02-03 22:18:06.450 [info] > conda config --get auto_activate_base
2025-02-03 22:18:07.181 [info] > conda run -n base --no-capture-output python ~/.vscode/extensions/ms-python.python-2024.22.2-linux-x64/python_files/get_output_via_markers.py ~/.vscode/extensions/ms-python.python-2024.22.2-linux-x64/python_files/printEnvVariables.py
2025-02-03 22:18:07.181 [info] shell: bash
2025-02-03 22:18:07.678 [info] Starting Pylance language server.
2025-02-03 22:18:09.445 [info] > python ~/.vscode/extensions/ms-python.python-2024.22.2-linux-x64/python_files/printEnvVariables.py
2025-02-03 22:18:09.445 [info] shell: bash
2025-02-03 22:18:09.468 [info] Setting environment variable _CE_M in collection to  {"applyAtShellIntegration":true,"applyAtProcessCreation":true}
2025-02-03 22:18:09.468 [info] Setting environment variable CONDA_ROOT in collection to /home/sab/miniconda3 {"applyAtShellIntegration":true,"applyAtProcessCreation":true}
2025-02-03 22:18:09.468 [info] Setting environment variable _CE_CONDA in collection to  {"applyAtShellIntegration":true,"applyAtProcessCreation":true}
2025-02-03 22:18:09.470 [info] Send text to terminal: python /home/sab/.vscode/extensions/ms-python.python-2024.22.2-linux-x64/python_files/printEnvVariablesToFile.py /home/sab/.vscode/extensions/ms-python.python-2024.22.2-linux-x64/python_files/deactivate/bash/envVars.txt
2025-02-03 22:18:16.970 [info] Starting Environment refresh
2025-02-03 22:18:16.970 [info] Searching for interpreters in posix paths locator
2025-02-03 22:18:16.980 [info] Searching for pyenv environments
2025-02-03 22:18:16.980 [info] Searching for conda environments
2025-02-03 22:18:16.981 [info] Searching for global virtual environments
2025-02-03 22:18:16.981 [info] Searching for custom virtual environments
2025-02-03 22:18:16.982 [info] pyenv is not installed
2025-02-03 22:18:16.982 [info] Finished searching for pyenv environments: 3 milliseconds
2025-02-03 22:18:16.982 [info] Finished searching for custom virtual envs: 2 milliseconds
2025-02-03 22:18:16.984 [info] Finished searching for global virtual envs: 4 milliseconds
2025-02-03 22:18:16.993 [info] Found: /bin/python --> /bin/python3.13
2025-02-03 22:18:16.994 [info] Found: /bin/python3 --> /bin/python3.13
2025-02-03 22:18:16.995 [info] Found: /bin/python3.13 --> /bin/python3.13
2025-02-03 22:18:17.010 [info] Found: /usr/bin/python --> /usr/bin/python3.13
2025-02-03 22:18:17.010 [info] Found: /usr/bin/python3 --> /usr/bin/python3.13
2025-02-03 22:18:17.011 [info] Found: /usr/bin/python3.13 --> /usr/bin/python3.13
2025-02-03 22:18:17.071 [info] > ~/miniconda3/bin/python -I ~/.vscode/extensions/ms-python.python-2024.22.2-linux-x64/python_files/get_output_via_markers.py ~/.vscode/extensions/ms-python.python-2024.22.2-linux-x64/python_files/interpreterInfo.py
2025-02-03 22:18:17.071 [info] Finished searching for conda environments: 91 milliseconds
2025-02-03 22:18:17.094 [info] > ~/miniconda3/envs/jupyter/bin/python -I ~/.vscode/extensions/ms-python.python-2024.22.2-linux-x64/python_files/get_output_via_markers.py ~/.vscode/extensions/ms-python.python-2024.22.2-linux-x64/python_files/interpreterInfo.py
2025-02-03 22:18:17.105 [info] Found: /home/sab/miniconda3/bin/python --> /home/sab/miniconda3/bin/python3.12
2025-02-03 22:18:17.105 [info] Found: /home/sab/miniconda3/bin/python3 --> /home/sab/miniconda3/bin/python3.12
2025-02-03 22:18:17.106 [info] Found: /home/sab/miniconda3/bin/python3.1 --> /home/sab/miniconda3/bin/python3.12
2025-02-03 22:18:17.106 [info] Found: /home/sab/miniconda3/bin/python3.12 --> /home/sab/miniconda3/bin/python3.12
2025-02-03 22:18:17.126 [info] > /bin/python -I ~/.vscode/extensions/ms-python.python-2024.22.2-linux-x64/python_files/get_output_via_markers.py ~/.vscode/extensions/ms-python.python-2024.22.2-linux-x64/python_files/interpreterInfo.py
2025-02-03 22:18:17.145 [info] Finished searching for interpreters in posix paths locator: 171 milliseconds
2025-02-03 22:18:17.145 [info] > /usr/bin/python -I ~/.vscode/extensions/ms-python.python-2024.22.2-linux-x64/python_files/get_output_via_markers.py ~/.vscode/extensions/ms-python.python-2024.22.2-linux-x64/python_files/interpreterInfo.py
2025-02-03 22:18:17.145 [info] Environments refresh paths discovered (event): 181 milliseconds
2025-02-03 22:18:17.145 [info] Environments refresh paths discovered: 181 milliseconds
2025-02-03 22:18:17.171 [info] Environments refresh finished (event): 207 milliseconds
2025-02-03 22:18:17.184 [info] Environment refresh took 221 milliseconds
2025-02-03 22:18:18.474 [info] > conda run -n jupyter --no-capture-output python ~/.vscode/extensions/ms-python.python-2024.22.2-linux-x64/python_files/get_output_via_markers.py ~/.vscode/extensions/ms-python.python-2024.22.2-linux-x64/python_files/printEnvVariables.py
2025-02-03 22:18:18.474 [info] shell: bash
2025-02-03 22:18:18.522 [info] > conda run -n jupyter --no-capture-output python ~/.vscode/extensions/ms-python.python-2024.22.2-linux-x64/python_files/get_output_via_markers.py ~/.vscode/extensions/ms-python.python-2024.22.2-linux-x64/python_files/printEnvVariables.py
2025-02-03 22:18:18.522 [info] shell: bash
