2025-02-07 18:42:10.108 [info] Reading sessions from keychain...
2025-02-07 18:42:10.108 [info] Getting sessions for all scopes...
2025-02-07 18:42:10.108 [info] Getting sessions for all scopes...
2025-02-07 18:42:10.108 [info] Getting sessions for all scopes...
2025-02-07 18:42:10.108 [info] Getting sessions for all scopes...
2025-02-07 18:42:10.108 [info] Getting sessions for all scopes...
2025-02-07 18:42:10.108 [info] Getting sessions for all scopes...
2025-02-07 18:42:10.108 [info] Getting sessions for all scopes...
2025-02-07 18:42:10.115 [info] Got stored sessions!
2025-02-07 18:42:10.115 [info] Got 1 verified sessions.
2025-02-07 18:42:10.115 [info] Got 1 sessions for ...
2025-02-07 18:42:10.115 [info] Got 1 sessions for ...
2025-02-07 18:42:10.115 [info] Got 1 sessions for ...
2025-02-07 18:42:10.115 [info] Got 1 sessions for ...
2025-02-07 18:42:10.115 [info] Got 1 sessions for ...
2025-02-07 18:42:10.115 [info] Got 1 sessions for ...
2025-02-07 18:42:10.115 [info] Got 1 sessions for ...
2025-02-07 18:42:14.452 [info] Getting sessions for all scopes...
2025-02-07 18:42:14.452 [info] Got 1 sessions for ...
2025-02-07 18:42:14.457 [info] Getting sessions for user:email...
2025-02-07 18:42:14.457 [info] Got 1 sessions for user:email...
2025-02-07 18:42:15.373 [info] Getting sessions for all scopes...
2025-02-07 18:42:15.373 [info] Got 1 sessions for ...
2025-02-07 18:42:17.051 [info] Getting sessions for read:user,repo,user:email,workflow...
2025-02-07 18:42:17.051 [info] Got 0 sessions for read:user,repo,user:email,workflow...
2025-02-07 18:42:17.053 [info] Getting sessions for all scopes...
2025-02-07 18:42:17.053 [info] Got 1 sessions for ...
2025-02-07 18:42:17.054 [info] Getting sessions for all scopes...
2025-02-07 18:42:17.054 [info] Got 1 sessions for ...
2025-02-07 18:42:19.458 [info] Getting sessions for read:user...
2025-02-07 18:42:19.458 [info] Got 0 sessions for read:user...
2025-02-07 18:42:19.460 [info] Getting sessions for read:user,repo,user:email,workflow...
2025-02-07 18:42:19.460 [info] Got 0 sessions for read:user,repo,user:email,workflow...
2025-02-07 18:42:23.726 [info] Getting sessions for user:email...
2025-02-07 18:42:23.726 [info] Got 1 sessions for user:email...
2025-02-07 18:42:23.729 [info] Getting sessions for user:email...
2025-02-07 18:42:23.729 [info] Got 1 sessions for user:email...
2025-02-07 18:42:23.897 [info] Getting sessions for all scopes...
2025-02-07 18:42:23.897 [info] Got 1 sessions for ...
2025-02-07 18:42:23.925 [info] Getting sessions for read:user,repo,user:email,workflow...
2025-02-07 18:42:23.925 [info] Got 0 sessions for read:user,repo,user:email,workflow...
2025-02-07 18:42:23.967 [info] Getting sessions for user:email...
2025-02-07 18:42:23.967 [info] Got 1 sessions for user:email...
2025-02-07 18:42:23.977 [info] Getting sessions for all scopes...
2025-02-07 18:42:23.977 [info] Got 1 sessions for ...
2025-02-07 18:42:24.003 [info] Getting sessions for read:user,repo,user:email,workflow...
2025-02-07 18:42:24.003 [info] Got 0 sessions for read:user,repo,user:email,workflow...
2025-02-07 18:42:24.055 [info] Getting sessions for user:email...
2025-02-07 18:42:24.055 [info] Got 1 sessions for user:email...
2025-02-07 18:42:25.580 [info] Getting sessions for all scopes...
2025-02-07 18:42:25.580 [info] Got 1 sessions for ...
2025-02-07 18:42:25.580 [info] Getting sessions for all scopes...
2025-02-07 18:42:25.580 [info] Got 1 sessions for ...
2025-02-07 18:42:25.597 [info] Getting sessions for read:user,repo,user:email,workflow...
2025-02-07 18:42:25.597 [info] Got 0 sessions for read:user,repo,user:email,workflow...
2025-02-07 18:42:25.599 [info] Getting sessions for user:email...
2025-02-07 18:42:25.599 [info] Got 1 sessions for user:email...
2025-02-07 18:42:25.600 [info] Getting sessions for all scopes...
2025-02-07 18:42:25.600 [info] Got 1 sessions for ...
2025-02-07 18:42:25.601 [info] Getting sessions for read:user,repo,user:email,workflow...
2025-02-07 18:42:25.601 [info] Got 0 sessions for read:user,repo,user:email,workflow...
2025-02-07 18:42:25.603 [info] Getting sessions for user:email...
2025-02-07 18:42:25.603 [info] Got 1 sessions for user:email...
2025-02-07 18:42:25.758 [info] Getting sessions for all scopes...
2025-02-07 18:42:25.758 [info] Got 1 sessions for ...
2025-02-07 18:42:25.777 [info] Getting sessions for read:user,repo,user:email,workflow...
2025-02-07 18:42:25.777 [info] Got 0 sessions for read:user,repo,user:email,workflow...
2025-02-07 18:42:25.780 [info] Getting sessions for user:email...
2025-02-07 18:42:25.780 [info] Got 1 sessions for user:email...
2025-02-07 18:42:32.051 [info] Getting sessions for all scopes...
2025-02-07 18:42:32.051 [info] Got 1 sessions for ...
2025-02-07 18:42:32.071 [info] Getting sessions for read:user,repo,user:email,workflow...
2025-02-07 18:42:32.071 [info] Got 0 sessions for read:user,repo,user:email,workflow...
2025-02-07 18:42:32.072 [info] Getting sessions for user:email...
2025-02-07 18:42:32.072 [info] Got 1 sessions for user:email...
2025-02-07 18:42:32.083 [info] Getting sessions for all scopes...
2025-02-07 18:42:32.083 [info] Got 1 sessions for ...
2025-02-07 18:42:32.089 [info] Getting sessions for read:user,repo,user:email,workflow...
2025-02-07 18:42:32.089 [info] Got 0 sessions for read:user,repo,user:email,workflow...
2025-02-07 18:42:32.090 [info] Getting sessions for user:email...
2025-02-07 18:42:32.090 [info] Got 1 sessions for user:email...
2025-02-07 18:57:32.798 [info] Getting sessions for all scopes...
2025-02-07 18:57:32.798 [info] Got 1 sessions for ...
2025-02-07 18:57:32.802 [info] Getting sessions for read:user,repo,user:email,workflow...
2025-02-07 18:57:32.803 [info] Got 0 sessions for read:user,repo,user:email,workflow...
2025-02-07 18:57:32.807 [info] Getting sessions for user:email...
2025-02-07 18:57:32.807 [info] Got 1 sessions for user:email...
2025-02-07 18:57:32.811 [info] Getting sessions for all scopes...
2025-02-07 18:57:32.812 [info] Got 1 sessions for ...
2025-02-07 18:57:32.815 [info] Getting sessions for read:user,repo,user:email,workflow...
2025-02-07 18:57:32.815 [info] Got 0 sessions for read:user,repo,user:email,workflow...
2025-02-07 18:57:32.819 [info] Getting sessions for user:email...
2025-02-07 18:57:32.819 [info] Got 1 sessions for user:email...
2025-02-07 19:07:25.556 [info] Getting sessions for all scopes...
2025-02-07 19:07:25.556 [info] Got 1 sessions for ...
2025-02-07 19:07:25.560 [info] Getting sessions for read:user,repo,user:email,workflow...
2025-02-07 19:07:25.560 [info] Got 0 sessions for read:user,repo,user:email,workflow...
2025-02-07 19:07:25.564 [info] Getting sessions for user:email...
2025-02-07 19:07:25.564 [info] Got 1 sessions for user:email...
2025-02-07 19:07:26.377 [info] Getting sessions for all scopes...
2025-02-07 19:07:26.377 [info] Got 1 sessions for ...
2025-02-07 19:07:26.377 [info] Getting sessions for all scopes...
2025-02-07 19:07:26.378 [info] Got 1 sessions for ...
2025-02-07 19:07:26.381 [info] Getting sessions for read:user,repo,user:email,workflow...
2025-02-07 19:07:26.381 [info] Got 0 sessions for read:user,repo,user:email,workflow...
2025-02-07 19:07:26.385 [info] Getting sessions for user:email...
2025-02-07 19:07:26.385 [info] Got 1 sessions for user:email...
2025-02-07 19:07:26.392 [info] Getting sessions for all scopes...
2025-02-07 19:07:26.392 [info] Got 1 sessions for ...
2025-02-07 19:07:26.396 [info] Getting sessions for read:user,repo,user:email,workflow...
2025-02-07 19:07:26.396 [info] Got 0 sessions for read:user,repo,user:email,workflow...
2025-02-07 19:07:26.400 [info] Getting sessions for user:email...
2025-02-07 19:07:26.400 [info] Got 1 sessions for user:email...
2025-02-07 19:07:26.414 [info] Getting sessions for all scopes...
2025-02-07 19:07:26.414 [info] Got 1 sessions for ...
2025-02-07 19:07:26.418 [info] Getting sessions for read:user,repo,user:email,workflow...
2025-02-07 19:07:26.418 [info] Got 0 sessions for read:user,repo,user:email,workflow...
2025-02-07 19:07:26.422 [info] Getting sessions for user:email...
2025-02-07 19:07:26.422 [info] Got 1 sessions for user:email...
2025-02-07 19:22:26.432 [info] Getting sessions for all scopes...
2025-02-07 19:22:26.433 [info] Got 1 sessions for ...
2025-02-07 19:22:26.437 [info] Getting sessions for read:user,repo,user:email,workflow...
2025-02-07 19:22:26.437 [info] Got 0 sessions for read:user,repo,user:email,workflow...
2025-02-07 19:22:26.441 [info] Getting sessions for user:email...
2025-02-07 19:22:26.441 [info] Got 1 sessions for user:email...
2025-02-07 19:22:26.446 [info] Getting sessions for all scopes...
2025-02-07 19:22:26.446 [info] Got 1 sessions for ...
2025-02-07 19:22:26.450 [info] Getting sessions for read:user,repo,user:email,workflow...
2025-02-07 19:22:26.450 [info] Got 0 sessions for read:user,repo,user:email,workflow...
2025-02-07 19:22:26.454 [info] Getting sessions for user:email...
2025-02-07 19:22:26.454 [info] Got 1 sessions for user:email...
2025-02-07 19:32:26.378 [info] Getting sessions for all scopes...
2025-02-07 19:32:26.378 [info] Got 1 sessions for ...
2025-02-07 19:32:26.382 [info] Getting sessions for read:user,repo,user:email,workflow...
2025-02-07 19:32:26.382 [info] Got 0 sessions for read:user,repo,user:email,workflow...
2025-02-07 19:32:26.386 [info] Getting sessions for user:email...
2025-02-07 19:32:26.386 [info] Got 1 sessions for user:email...
2025-02-07 19:32:27.235 [info] Getting sessions for all scopes...
2025-02-07 19:32:27.235 [info] Got 1 sessions for ...
2025-02-07 19:32:27.236 [info] Getting sessions for all scopes...
2025-02-07 19:32:27.236 [info] Got 1 sessions for ...
2025-02-07 19:32:27.239 [info] Getting sessions for read:user,repo,user:email,workflow...
2025-02-07 19:32:27.239 [info] Got 0 sessions for read:user,repo,user:email,workflow...
2025-02-07 19:32:27.243 [info] Getting sessions for user:email...
2025-02-07 19:32:27.243 [info] Got 1 sessions for user:email...
2025-02-07 19:32:27.247 [info] Getting sessions for all scopes...
2025-02-07 19:32:27.247 [info] Got 1 sessions for ...
2025-02-07 19:32:27.251 [info] Getting sessions for read:user,repo,user:email,workflow...
2025-02-07 19:32:27.251 [info] Got 0 sessions for read:user,repo,user:email,workflow...
2025-02-07 19:32:27.255 [info] Getting sessions for user:email...
2025-02-07 19:32:27.255 [info] Got 1 sessions for user:email...
2025-02-07 19:32:27.269 [info] Getting sessions for all scopes...
2025-02-07 19:32:27.269 [info] Got 1 sessions for ...
2025-02-07 19:32:27.273 [info] Getting sessions for read:user,repo,user:email,workflow...
2025-02-07 19:32:27.274 [info] Got 0 sessions for read:user,repo,user:email,workflow...
2025-02-07 19:32:27.277 [info] Getting sessions for user:email...
2025-02-07 19:32:27.278 [info] Got 1 sessions for user:email...
2025-02-07 19:47:27.289 [info] Getting sessions for all scopes...
2025-02-07 19:47:27.289 [info] Got 1 sessions for ...
2025-02-07 19:47:27.293 [info] Getting sessions for read:user,repo,user:email,workflow...
2025-02-07 19:47:27.294 [info] Got 0 sessions for read:user,repo,user:email,workflow...
2025-02-07 19:47:27.297 [info] Getting sessions for user:email...
2025-02-07 19:47:27.297 [info] Got 1 sessions for user:email...
2025-02-07 19:47:27.302 [info] Getting sessions for all scopes...
2025-02-07 19:47:27.302 [info] Got 1 sessions for ...
2025-02-07 19:47:27.306 [info] Getting sessions for read:user,repo,user:email,workflow...
2025-02-07 19:47:27.306 [info] Got 0 sessions for read:user,repo,user:email,workflow...
2025-02-07 19:47:27.309 [info] Getting sessions for user:email...
2025-02-07 19:47:27.310 [info] Got 1 sessions for user:email...
2025-02-07 19:57:27.236 [info] Getting sessions for all scopes...
2025-02-07 19:57:27.236 [info] Got 1 sessions for ...
2025-02-07 19:57:27.240 [info] Getting sessions for read:user,repo,user:email,workflow...
2025-02-07 19:57:27.240 [info] Got 0 sessions for read:user,repo,user:email,workflow...
2025-02-07 19:57:27.244 [info] Getting sessions for user:email...
2025-02-07 19:57:27.244 [info] Got 1 sessions for user:email...
2025-02-07 19:57:28.023 [info] Getting sessions for all scopes...
2025-02-07 19:57:28.023 [info] Got 1 sessions for ...
2025-02-07 19:57:28.023 [info] Getting sessions for all scopes...
2025-02-07 19:57:28.023 [info] Got 1 sessions for ...
2025-02-07 19:57:28.026 [info] Getting sessions for read:user,repo,user:email,workflow...
2025-02-07 19:57:28.027 [info] Got 0 sessions for read:user,repo,user:email,workflow...
2025-02-07 19:57:28.030 [info] Getting sessions for user:email...
2025-02-07 19:57:28.031 [info] Got 1 sessions for user:email...
2025-02-07 19:57:28.035 [info] Getting sessions for all scopes...
2025-02-07 19:57:28.035 [info] Got 1 sessions for ...
2025-02-07 19:57:28.039 [info] Getting sessions for read:user,repo,user:email,workflow...
2025-02-07 19:57:28.039 [info] Got 0 sessions for read:user,repo,user:email,workflow...
2025-02-07 19:57:28.042 [info] Getting sessions for user:email...
2025-02-07 19:57:28.043 [info] Got 1 sessions for user:email...
2025-02-07 19:57:28.056 [info] Getting sessions for all scopes...
2025-02-07 19:57:28.056 [info] Got 1 sessions for ...
2025-02-07 19:57:28.061 [info] Getting sessions for read:user,repo,user:email,workflow...
2025-02-07 19:57:28.061 [info] Got 0 sessions for read:user,repo,user:email,workflow...
2025-02-07 19:57:28.151 [info] Getting sessions for user:email...
2025-02-07 19:57:28.151 [info] Got 1 sessions for user:email...
2025-02-07 20:12:28.161 [info] Getting sessions for all scopes...
2025-02-07 20:12:28.161 [info] Got 1 sessions for ...
2025-02-07 20:12:28.165 [info] Getting sessions for read:user,repo,user:email,workflow...
2025-02-07 20:12:28.165 [info] Got 0 sessions for read:user,repo,user:email,workflow...
2025-02-07 20:12:28.169 [info] Getting sessions for user:email...
2025-02-07 20:12:28.169 [info] Got 1 sessions for user:email...
2025-02-07 20:12:28.173 [info] Getting sessions for all scopes...
2025-02-07 20:12:28.174 [info] Got 1 sessions for ...
2025-02-07 20:12:28.177 [info] Getting sessions for read:user,repo,user:email,workflow...
2025-02-07 20:12:28.178 [info] Got 0 sessions for read:user,repo,user:email,workflow...
2025-02-07 20:12:28.181 [info] Getting sessions for user:email...
2025-02-07 20:12:28.181 [info] Got 1 sessions for user:email...
2025-02-07 20:22:28.025 [info] Getting sessions for all scopes...
2025-02-07 20:22:28.025 [info] Got 1 sessions for ...
2025-02-07 20:22:28.030 [info] Getting sessions for read:user,repo,user:email,workflow...
2025-02-07 20:22:28.030 [info] Got 0 sessions for read:user,repo,user:email,workflow...
2025-02-07 20:22:28.034 [info] Getting sessions for user:email...
2025-02-07 20:22:28.034 [info] Got 1 sessions for user:email...
2025-02-07 20:22:28.848 [info] Getting sessions for all scopes...
2025-02-07 20:22:28.849 [info] Got 1 sessions for ...
2025-02-07 20:22:28.849 [info] Getting sessions for all scopes...
2025-02-07 20:22:28.849 [info] Got 1 sessions for ...
2025-02-07 20:22:28.852 [info] Getting sessions for read:user,repo,user:email,workflow...
2025-02-07 20:22:28.852 [info] Got 0 sessions for read:user,repo,user:email,workflow...
2025-02-07 20:22:28.856 [info] Getting sessions for user:email...
2025-02-07 20:22:28.856 [info] Got 1 sessions for user:email...
2025-02-07 20:22:28.860 [info] Getting sessions for all scopes...
2025-02-07 20:22:28.860 [info] Got 1 sessions for ...
2025-02-07 20:22:28.864 [info] Getting sessions for read:user,repo,user:email,workflow...
2025-02-07 20:22:28.864 [info] Got 0 sessions for read:user,repo,user:email,workflow...
2025-02-07 20:22:28.868 [info] Getting sessions for user:email...
2025-02-07 20:22:28.868 [info] Got 1 sessions for user:email...
2025-02-07 20:22:28.881 [info] Getting sessions for all scopes...
2025-02-07 20:22:28.882 [info] Got 1 sessions for ...
2025-02-07 20:22:28.885 [info] Getting sessions for read:user,repo,user:email,workflow...
2025-02-07 20:22:28.885 [info] Got 0 sessions for read:user,repo,user:email,workflow...
2025-02-07 20:22:28.889 [info] Getting sessions for user:email...
2025-02-07 20:22:28.889 [info] Got 1 sessions for user:email...
