2025-01-30T09:51:25.489Z Info: Setting LTeX UI language to 'en-us'.
2025-01-30T09:51:25.490Z Info: Loading i18n messages...
2025-01-30T09:51:25.490Z Info: Loading default i18n messages...
2025-01-30T09:51:25.495Z Info: 
2025-01-30T09:51:25.495Z Info: ltex.ltex-ls.path not set.
2025-01-30T09:51:25.495Z Info: Searching for ltex-ls in '/home/sab/.vscode/extensions/valentjn.vscode-ltex-13.1.0/lib'...
2025-01-30T09:51:25.496Z Info: ltex-ls found in '/home/sab/.vscode/extensions/valentjn.vscode-ltex-13.1.0/lib/ltex-ls-15.2.0'.
2025-01-30T09:51:25.496Z Info: 
2025-01-30T09:51:25.496Z Info: Using ltex-ls from '/home/sab/.vscode/extensions/valentjn.vscode-ltex-13.1.0/lib/ltex-ls-15.2.0'.
2025-01-30T09:51:25.496Z Info: Using Java bundled with ltex-ls as ltex.java.path is not set.
2025-01-30T09:51:25.497Z Info: Testing ltex-ls...
2025-01-30T09:51:25.497Z Info:   Command: "/home/sab/.vscode/extensions/valentjn.vscode-ltex-13.1.0/lib/ltex-ls-15.2.0/bin/ltex-ls"
2025-01-30T09:51:25.497Z Info:   Arguments: ["--version"]
2025-01-30T09:51:25.497Z Info:   env['JAVA_HOME']: undefined
2025-01-30T09:51:25.497Z Info:   env['JAVA_OPTS']: "-Xms64m -Xmx512m"
2025-01-30T09:51:26.027Z Info: Test successful!
2025-01-30T09:51:26.027Z Info: 
2025-01-30T09:51:26.032Z Info: Starting ltex-ls...
2025-01-30T09:51:26.032Z Info:   Command: "/home/sab/.vscode/extensions/valentjn.vscode-ltex-13.1.0/lib/ltex-ls-15.2.0/bin/ltex-ls"
2025-01-30T09:51:26.032Z Info:   Arguments: []
2025-01-30T09:51:26.032Z Info:   env['JAVA_HOME']: undefined
2025-01-30T09:51:26.032Z Info:   env['JAVA_OPTS']: "-Xms64m -Xmx512m"
2025-01-30T09:51:26.032Z Info: 
