2025-02-07T13:12:12.998Z Info: Setting LTeX UI language to 'en-us'.
2025-02-07T13:12:12.998Z Info: Loading i18n messages...
2025-02-07T13:12:13.067Z Info: Loading default i18n messages...
2025-02-07T13:12:13.070Z Info: 
2025-02-07T13:12:13.070Z Info: ltex.ltex-ls.path not set.
2025-02-07T13:12:13.070Z Info: Searching for ltex-ls in '/home/sab/.vscode/extensions/valentjn.vscode-ltex-13.1.0/lib'...
2025-02-07T13:12:13.071Z Info: ltex-ls found in '/home/sab/.vscode/extensions/valentjn.vscode-ltex-13.1.0/lib/ltex-ls-15.2.0'.
2025-02-07T13:12:13.071Z Info: 
2025-02-07T13:12:13.071Z Info: Using ltex-ls from '/home/sab/.vscode/extensions/valentjn.vscode-ltex-13.1.0/lib/ltex-ls-15.2.0'.
2025-02-07T13:12:13.071Z Info: Using Java bundled with ltex-ls as ltex.java.path is not set.
2025-02-07T13:12:13.072Z Info: Testing ltex-ls...
2025-02-07T13:12:13.072Z Info:   Command: "/home/sab/.vscode/extensions/valentjn.vscode-ltex-13.1.0/lib/ltex-ls-15.2.0/bin/ltex-ls"
2025-02-07T13:12:13.072Z Info:   Arguments: ["--version"]
2025-02-07T13:12:13.072Z Info:   env['JAVA_HOME']: undefined
2025-02-07T13:12:13.072Z Info:   env['JAVA_OPTS']: "-Xms64m -Xmx512m"
2025-02-07T13:12:13.884Z Info: Test successful!
2025-02-07T13:12:13.885Z Info: 
2025-02-07T13:12:13.893Z Info: Starting ltex-ls...
2025-02-07T13:12:13.893Z Info:   Command: "/home/sab/.vscode/extensions/valentjn.vscode-ltex-13.1.0/lib/ltex-ls-15.2.0/bin/ltex-ls"
2025-02-07T13:12:13.893Z Info:   Arguments: []
2025-02-07T13:12:13.893Z Info:   env['JAVA_HOME']: undefined
2025-02-07T13:12:13.893Z Info:   env['JAVA_OPTS']: "-Xms64m -Xmx512m"
2025-02-07T13:12:13.893Z Info: 
