2025-01-30 15:21:21.784 [info] /home/sab/.config/Code/User/settings.json closed
2025-01-30 15:21:22.480 [info] Configuration changed
2025-01-30 15:21:23.021 [info] Configuration changed
2025-01-30 15:21:23.263 [info] Configuration changed
2025-01-30 15:21:23.272 [info] Configuration changed
2025-01-30 15:21:24.856 [info] Active editor: file:///home/sab/github/TheInvisibleFoe/PH3105-Lab-reports/DPS-Lab_reports/PH3204/exp01zener/main.tex
2025-01-30 15:21:41.329 [info] /home/sab/github/TheInvisibleFoe/PH3105-Lab-reports/DPS-Lab_reports/PH3204/exp01zener/main.tex closed
2025-01-30 15:21:45.677 [info] Active editor: file:///home/sab/github/TheInvisibleFoe/PH3105-Lab-reports/DPS-Lab_reports/PH3204/exp01zener/main.tex
2025-01-30 15:21:47.546 [info] Active editor: file:///home/sab/github/TheInvisibleFoe/PH3105-Lab-reports/DPS-Lab_reports/PH3204/exp01zener/main.tex
2025-01-30 15:28:11.196 [info] Active editor: output:extension-output-James-Yu.latex-workshop-%232-LaTeX%20Compiler
2025-01-30 15:28:27.725 [info] Active editor: file:///home/sab/github/TheInvisibleFoe/PH3105-Lab-reports/DPS-Lab_reports/PH3204/exp01zener/main.tex
2025-01-30 15:28:27.753 [info] extension-output-James-Yu.latex-workshop-#2-LaTeX Compiler closed
2025-01-30 15:56:50.178 [warning] invalid cursor position. [[143, 11] | [143, 11]].
2025-01-30 15:56:50.178 [warning] invalid cursor position. [[143, 11] | [143, 11]].
2025-01-30 16:05:03.198 [info] Active editor: output:extension-output-James-Yu.latex-workshop-%232-LaTeX%20Compiler
2025-01-30 16:05:18.656 [info] Active editor: file:///home/sab/github/TheInvisibleFoe/PH3105-Lab-reports/DPS-Lab_reports/PH3204/exp01zener/main.tex
2025-01-30 16:05:18.676 [info] extension-output-James-Yu.latex-workshop-#2-LaTeX Compiler closed
2025-01-30 16:52:17.589 [info] Active editor: file:///home/sab/github/TheInvisibleFoe/PH3105-Lab-reports/DPS-Lab_reports/PH3204/exp01zener/main.tex
2025-01-30 17:05:43.124 [info] Active editor: file:///home/sab/github/TheInvisibleFoe/PH3105-Lab-reports/DPS-Lab_reports/PH3204/exp01zener/zener.tex
2025-01-30 17:05:48.027 [info] Active editor: file:///home/sab/github/TheInvisibleFoe/PH3105-Lab-reports/DPS-Lab_reports/PH3204/exp01zener/main.tex
2025-01-30 17:06:45.561 [info] Active editor: file:///home/sab/github/TheInvisibleFoe/PH3105-Lab-reports/DPS-Lab_reports/PH3204/exp01zener/zener.tex
2025-01-30 17:48:14.663 [info] Active editor: file:///home/sab/github/TheInvisibleFoe/PH3105-Lab-reports/DPS-Lab_reports/PH3204/exp01zener/ic.tex
2025-01-30 17:50:36.299 [info] Active editor: file:///home/sab/github/TheInvisibleFoe/PH3105-Lab-reports/DPS-Lab_reports/PH3204/exp01zener/zener.tex
2025-01-30 17:58:45.263 [info] Active editor: file:///home/sab/github/TheInvisibleFoe/PH3105-Lab-reports/DPS-Lab_reports/PH3204/exp01zener/main.aux
2025-01-30 17:58:45.793 [info] Active editor: file:///home/sab/github/TheInvisibleFoe/PH3105-Lab-reports/DPS-Lab_reports/PH3204/exp01zener/ic.tex
2025-01-30 17:59:20.038 [info] Executing :w
2025-01-30 17:59:22.875 [info] Active editor: file:///home/sab/github/TheInvisibleFoe/PH3105-Lab-reports/DPS-Lab_reports/PH3204/exp01zener/main.tex
2025-01-30 18:00:18.038 [info] Active editor: file:///home/sab/github/TheInvisibleFoe/PH3105-Lab-reports/DPS-Lab_reports/PH3204/exp01zener/ic.tex
2025-01-30 18:04:59.829 [info] Active editor: file:///home/sab/github/TheInvisibleFoe/PH3105-Lab-reports/DPS-Lab_reports/PH3204/exp01zener/zener.tex
2025-01-30 18:05:01.699 [info] Active editor: file:///home/sab/github/TheInvisibleFoe/PH3105-Lab-reports/DPS-Lab_reports/PH3204/exp01zener/main.tex
2025-01-30 18:10:35.021 [info] Active editor: file:///home/sab/github/TheInvisibleFoe/PH3105-Lab-reports/DPS-Lab_reports/PH3204/exp01zener/main.tex
2025-01-30 22:15:22.390 [info] Active editor: file:///home/sab/github/TheInvisibleFoe/PH3105-Lab-reports/DPS-Lab_reports/PH3204/exp01zener/zener.tex
2025-01-30 22:15:37.718 [info] Active editor: file:///home/sab/github/TheInvisibleFoe/PH3105-Lab-reports/DPS-Lab_reports/PH3204/exp01zener/main.tex
2025-01-30 22:24:45.861 [info] Active editor: file:///home/sab/github/TheInvisibleFoe/PH3105-Lab-reports/DPS-Lab_reports/PH3204/exp01zener/main.tex
2025-01-30 22:26:06.872 [info] Active editor: file:///home/sab/github/TheInvisibleFoe/PH3105-Lab-reports/DPS-Lab_reports/PH3204/exp01zener/main.tex
2025-01-30 22:40:53.203 [info] Active editor: file:///home/sab/github/TheInvisibleFoe/PH3105-Lab-reports/DPS-Lab_reports/PH3204/exp01zener/main.tex
2025-01-30 22:53:20.297 [info] Active editor: file:///home/sab/github/TheInvisibleFoe/PH3105-Lab-reports/DPS-Lab_reports/PH3204/exp01zener/main.tex
2025-01-30 23:16:29.707 [info] Active editor: output:extension-output-James-Yu.latex-workshop-%232-LaTeX%20Compiler
2025-01-30 23:16:39.218 [info] Active editor: file:///home/sab/github/TheInvisibleFoe/PH3105-Lab-reports/DPS-Lab_reports/PH3204/exp01zener/main.tex
2025-01-30 23:16:51.409 [info] extension-output-James-Yu.latex-workshop-#2-LaTeX Compiler closed
2025-01-30 23:17:17.296 [info] Active editor: file:///home/sab/github/TheInvisibleFoe/PH3105-Lab-reports/DPS-Lab_reports/PH3204/exp01zener/main.tex
2025-01-30 23:20:25.965 [info] Active editor: file:///home/sab/github/TheInvisibleFoe/PH3105-Lab-reports/DPS-Lab_reports/PH3204/exp01zener/main.tex
2025-01-30 23:23:02.301 [info] Executing :w
2025-01-30 23:23:26.469 [info] Active editor: file:///home/sab/github/TheInvisibleFoe/PH3105-Lab-reports/DPS-Lab_reports/PH3204/exp01zener/main.tex
2025-01-30 23:24:02.255 [info] Active editor: file:///home/sab/github/TheInvisibleFoe/PH3105-Lab-reports/DPS-Lab_reports/PH3204/exp01zener/main.tex
2025-01-30 23:24:43.893 [info] Active editor: file:///home/sab/github/TheInvisibleFoe/PH3105-Lab-reports/DPS-Lab_reports/PH3204/exp01zener/main.tex
2025-01-30 23:26:16.282 [info] Active editor: file:///home/sab/github/TheInvisibleFoe/PH3105-Lab-reports/DPS-Lab_reports/PH3204/exp01zener/main.tex
