2025-03-08 19:33:17.987 [info] Reading sessions from keychain...
2025-03-08 19:33:17.987 [info] Getting sessions for all scopes...
2025-03-08 19:33:17.987 [info] Getting sessions for all scopes...
2025-03-08 19:33:17.987 [info] Getting sessions for all scopes...
2025-03-08 19:33:17.987 [info] Got stored sessions!
2025-03-08 19:33:17.987 [info] Got 1 verified sessions.
2025-03-08 19:33:17.987 [info] Got 1 sessions for ...
2025-03-08 19:33:17.987 [info] Got 1 sessions for ...
2025-03-08 19:33:17.987 [info] Got 1 sessions for ...
2025-03-08 19:33:17.987 [info] Getting sessions for user:email...
2025-03-08 19:33:17.987 [info] Got 1 sessions for user:email...
2025-03-08 19:33:17.987 [info] Getting sessions for all scopes...
2025-03-08 19:33:17.987 [info] Got 1 sessions for ...
2025-03-08 19:33:17.987 [info] Getting sessions for all scopes...
2025-03-08 19:33:17.987 [info] Got 1 sessions for ...
2025-03-08 19:33:17.987 [info] Getting sessions for all scopes...
2025-03-08 19:33:17.987 [info] Got 1 sessions for ...
2025-03-08 19:33:17.987 [info] Getting sessions for all scopes...
2025-03-08 19:33:17.987 [info] Got 1 sessions for ...
2025-03-08 19:33:17.987 [info] Getting sessions for all scopes...
2025-03-08 19:33:17.987 [info] Got 1 sessions for ...
2025-03-08 19:33:20.494 [info] Getting sessions for all scopes...
2025-03-08 19:33:20.494 [info] Got 1 sessions for ...
2025-03-08 19:33:22.283 [info] Getting sessions for read:user,repo,user:email,workflow...
2025-03-08 19:33:22.283 [info] Got 0 sessions for read:user,repo,user:email,workflow...
2025-03-08 19:33:22.470 [info] Getting sessions for all scopes...
2025-03-08 19:33:22.470 [info] Got 1 sessions for ...
2025-03-08 19:33:22.470 [info] Getting sessions for all scopes...
2025-03-08 19:33:22.470 [info] Got 1 sessions for ...
2025-03-08 19:33:22.582 [info] Getting sessions for read:user...
2025-03-08 19:33:22.582 [info] Got 0 sessions for read:user...
2025-03-08 19:33:22.705 [info] Getting sessions for read:user,repo,user:email,workflow...
2025-03-08 19:33:22.705 [info] Got 0 sessions for read:user,repo,user:email,workflow...
