2025-02-01 12:11:57.275 [info] /home/sab/.config/Code/User/settings.json closed
2025-02-01 12:11:57.447 [info] Configuration changed
2025-02-01 12:11:59.789 [info] Configuration changed
2025-02-01 12:12:00.008 [info] Configuration changed
2025-02-01 12:12:00.013 [info] Configuration changed
2025-02-01 12:12:06.724 [info] Active editor: vscode-notebook-cell:/home/sab/github/TheInvisibleFoe/JupyterNotebooks/UNO/uno_sim.ipynb#W0sZmlsZQ%3D%3D
2025-02-01 12:12:35.734 [info] Active editor: file:///home/sab/github/TheInvisibleFoe/JupyterNotebooks/UNO/UNOfunc.py
2025-02-01 12:12:37.417 [info] Active editor: vscode-notebook-cell:/home/sab/github/TheInvisibleFoe/JupyterNotebooks/UNO/uno_sim.ipynb#W0sZmlsZQ%3D%3D
2025-02-01 12:12:37.420 [info] /home/sab/github/TheInvisibleFoe/JupyterNotebooks/UNO/UNOfunc.py.git closed
2025-02-01 12:12:46.631 [info] Active editor: vscode-notebook-cell:/home/sab/github/TheInvisibleFoe/JupyterNotebooks/UNO/uno_sim.ipynb#W2sZmlsZQ%3D%3D
2025-02-01 12:12:51.320 [info] Active editor: vscode-notebook-cell:/home/sab/github/TheInvisibleFoe/JupyterNotebooks/UNO/uno_sim.ipynb#W5sZmlsZQ%3D%3D
2025-02-01 12:12:56.863 [info] Active editor: file:///home/sab/github/TheInvisibleFoe/JupyterNotebooks/UNO/UNOfunc.py
2025-02-01 12:13:11.747 [info] Active editor: vscode-notebook-cell:/home/sab/github/TheInvisibleFoe/JupyterNotebooks/UNO/uno_sim.ipynb#W5sZmlsZQ%3D%3D
2025-02-01 12:13:11.750 [info] /home/sab/github/TheInvisibleFoe/JupyterNotebooks/UNO/UNOfunc.py.git closed
2025-02-01 12:13:13.074 [info] Active editor: vscode-notebook-cell:/home/sab/github/TheInvisibleFoe/JupyterNotebooks/UNO/uno_sim.ipynb#W5sZmlsZQ%3D%3D
2025-02-01 12:13:14.376 [info] Active editor: vscode-notebook-cell:/home/sab/github/TheInvisibleFoe/JupyterNotebooks/UNO/uno_sim.ipynb#X10sZmlsZQ%3D%3D
2025-02-01 12:13:19.204 [info] Active editor: file:///home/sab/github/TheInvisibleFoe/JupyterNotebooks/UNO/UNOfunc.py
2025-02-01 12:13:24.643 [info] Active editor: vscode-notebook-cell:/home/sab/github/TheInvisibleFoe/JupyterNotebooks/UNO/uno_sim.ipynb#X10sZmlsZQ%3D%3D
2025-02-01 12:13:24.647 [info] /home/sab/github/TheInvisibleFoe/JupyterNotebooks/UNO/UNOfunc.py.git closed
2025-02-01 12:13:26.086 [info] Active editor: vscode-notebook-cell:/home/sab/github/TheInvisibleFoe/JupyterNotebooks/UNO/uno_sim.ipynb#X11sZmlsZQ%3D%3D
2025-02-01 12:13:31.122 [info] Active editor: file:///home/sab/github/TheInvisibleFoe/JupyterNotebooks/UNO/UNOfunc.py
2025-02-01 12:13:38.590 [info] Active editor: vscode-notebook-cell:/home/sab/github/TheInvisibleFoe/JupyterNotebooks/UNO/uno_sim.ipynb#X11sZmlsZQ%3D%3D
2025-02-01 12:13:38.593 [info] /home/sab/github/TheInvisibleFoe/JupyterNotebooks/UNO/UNOfunc.py.git closed
2025-02-01 12:14:18.524 [info] Active editor: vscode-notebook-cell:/home/sab/github/TheInvisibleFoe/JupyterNotebooks/UNO/uno_sim.ipynb#X12sZmlsZQ%3D%3D
2025-02-01 12:14:25.854 [info] Active editor: vscode-notebook-cell:/home/sab/github/TheInvisibleFoe/JupyterNotebooks/UNO/uno_sim.ipynb#X12sZmlsZQ%3D%3D
2025-02-01 12:14:27.546 [info] Active editor: vscode-notebook-cell:/home/sab/github/TheInvisibleFoe/JupyterNotebooks/UNO/uno_sim.ipynb#W0sZmlsZQ%3D%3D
2025-02-01 12:14:31.045 [info] Active editor: vscode-notebook-cell:/home/sab/github/TheInvisibleFoe/JupyterNotebooks/UNO/uno_sim.ipynb#W4sZmlsZQ%3D%3D
2025-02-01 12:14:33.627 [info] Active editor: vscode-notebook-cell:/home/sab/github/TheInvisibleFoe/JupyterNotebooks/UNO/uno_sim.ipynb#W2sZmlsZQ%3D%3D
2025-02-01 12:14:37.341 [info] Active editor: vscode-notebook-cell:/home/sab/github/TheInvisibleFoe/JupyterNotebooks/UNO/uno_sim.ipynb#W3sZmlsZQ%3D%3D
2025-02-01 12:14:38.476 [info] /home/sab/github/TheInvisibleFoe/JupyterNotebooks/UNO/uno_sim.ipynb closed
2025-02-01 12:14:38.476 [info] Active editor: vscode-notebook-cell:/home/sab/github/TheInvisibleFoe/JupyterNotebooks/UNO/uno_sim.ipynb#W4sZmlsZQ%3D%3D
2025-02-01 12:14:41.952 [info] Active editor: vscode-notebook-cell:/home/sab/github/TheInvisibleFoe/JupyterNotebooks/UNO/uno_sim.ipynb#W6sZmlsZQ%3D%3D
2025-02-01 12:14:43.227 [info] Active editor: vscode-notebook-cell:/home/sab/github/TheInvisibleFoe/JupyterNotebooks/UNO/uno_sim.ipynb#X10sZmlsZQ%3D%3D
2025-02-01 12:14:44.309 [info] Active editor: vscode-notebook-cell:/home/sab/github/TheInvisibleFoe/JupyterNotebooks/UNO/uno_sim.ipynb#X11sZmlsZQ%3D%3D
2025-02-01 12:14:45.645 [info] Active editor: vscode-notebook-cell:/home/sab/github/TheInvisibleFoe/JupyterNotebooks/UNO/uno_sim.ipynb#X12sZmlsZQ%3D%3D
2025-02-01 12:14:47.072 [info] Active editor: vscode-notebook-cell:/home/sab/github/TheInvisibleFoe/JupyterNotebooks/UNO/uno_sim.ipynb#X13sZmlsZQ%3D%3D
2025-02-01 12:14:48.291 [info] Active editor: vscode-notebook-cell:/home/sab/github/TheInvisibleFoe/JupyterNotebooks/UNO/uno_sim.ipynb#X14sZmlsZQ%3D%3D
2025-02-01 12:14:53.025 [info] Active editor: vscode-notebook-cell:/home/sab/github/TheInvisibleFoe/JupyterNotebooks/UNO/uno_sim.ipynb#X12sZmlsZQ%3D%3D
2025-02-01 12:18:56.922 [info] Active editor: vscode-notebook-cell:/home/sab/github/TheInvisibleFoe/JupyterNotebooks/UNO/uno_sim.ipynb#X13sZmlsZQ%3D%3D
2025-02-01 12:19:05.170 [info] Active editor: vscode-notebook-cell:/home/sab/github/TheInvisibleFoe/JupyterNotebooks/UNO/uno_sim.ipynb#X12sZmlsZQ%3D%3D
2025-02-01 12:19:17.304 [info] Active editor: vscode-notebook-cell:/home/sab/github/TheInvisibleFoe/JupyterNotebooks/UNO/uno_sim.ipynb#X13sZmlsZQ%3D%3D
2025-02-01 12:19:20.011 [info] Active editor: vscode-notebook-cell:/home/sab/github/TheInvisibleFoe/JupyterNotebooks/UNO/uno_sim.ipynb#X15sZmlsZQ%3D%3D
2025-02-01 12:45:47.365 [info] Active editor: vscode-notebook-cell:/home/sab/github/TheInvisibleFoe/JupyterNotebooks/UNO/uno_sim.ipynb#X13sZmlsZQ%3D%3D
2025-02-01 12:45:48.526 [info] Active editor: vscode-notebook-cell:/home/sab/github/TheInvisibleFoe/JupyterNotebooks/UNO/uno_sim.ipynb#X15sZmlsZQ%3D%3D
2025-02-01 12:46:19.998 [info] Active editor: vscode-notebook-cell:/home/sab/github/TheInvisibleFoe/JupyterNotebooks/UNO/uno_sim.ipynb#X12sZmlsZQ%3D%3D
2025-02-01 12:46:45.359 [info] Active editor: vscode-notebook-cell:/home/sab/github/TheInvisibleFoe/JupyterNotebooks/UNO/uno_sim.ipynb#X15sZmlsZQ%3D%3D
2025-02-01 12:52:17.077 [info] Active editor: vscode-notebook-cell:/home/sab/github/TheInvisibleFoe/JupyterNotebooks/UNO/uno_sim.ipynb#X12sZmlsZQ%3D%3D
2025-02-01 12:52:22.989 [info] Active editor: vscode-notebook-cell:/home/sab/github/TheInvisibleFoe/JupyterNotebooks/UNO/uno_sim.ipynb#X15sZmlsZQ%3D%3D
2025-02-01 12:53:38.080 [info] Active editor: vscode-notebook-cell:/home/sab/github/TheInvisibleFoe/JupyterNotebooks/UNO/uno_sim.ipynb#X12sZmlsZQ%3D%3D
2025-02-01 12:55:53.731 [info] Active editor: vscode-notebook-cell:/home/sab/github/TheInvisibleFoe/JupyterNotebooks/UNO/uno_sim.ipynb#X15sZmlsZQ%3D%3D
2025-02-01 12:55:54.431 [info] Active editor: vscode-notebook-cell:/home/sab/github/TheInvisibleFoe/JupyterNotebooks/UNO/uno_sim.ipynb#X13sZmlsZQ%3D%3D
2025-02-01 12:55:56.668 [info] Active editor: vscode-notebook-cell:/home/sab/github/TheInvisibleFoe/JupyterNotebooks/UNO/uno_sim.ipynb#X12sZmlsZQ%3D%3D
2025-02-01 12:56:24.759 [info] Active editor: vscode-notebook-cell:/home/sab/github/TheInvisibleFoe/JupyterNotebooks/UNO/uno_sim.ipynb#X15sZmlsZQ%3D%3D
2025-02-01 12:58:05.648 [info] Active editor: vscode-notebook-cell:/home/sab/github/TheInvisibleFoe/JupyterNotebooks/UNO/uno_sim.ipynb#X15sZmlsZQ%3D%3D
2025-02-01 12:58:09.483 [info] Active editor: vscode-notebook-cell:/home/sab/github/TheInvisibleFoe/JupyterNotebooks/UNO/uno_sim.ipynb#W1sZmlsZQ%3D%3D
2025-02-01 12:59:22.480 [info] Active editor: vscode-notebook-cell:/home/sab/github/TheInvisibleFoe/JupyterNotebooks/UNO/uno_sim.ipynb#W2sZmlsZQ%3D%3D
2025-02-01 12:59:26.965 [info] Active editor: vscode-notebook-cell:/home/sab/github/TheInvisibleFoe/JupyterNotebooks/UNO/uno_sim.ipynb#W2sZmlsZQ%3D%3D
2025-02-01 13:00:15.261 [info] Active editor: vscode-notebook-cell:/home/sab/github/TheInvisibleFoe/JupyterNotebooks/UNO/uno_sim.ipynb#X15sZmlsZQ%3D%3D
2025-02-01 13:04:18.916 [info] Active editor: vscode-notebook-cell:/home/sab/github/TheInvisibleFoe/JupyterNotebooks/UNO/uno_sim.ipynb#X12sZmlsZQ%3D%3D
2025-02-01 13:04:22.703 [info] Active editor: vscode-notebook-cell:/home/sab/github/TheInvisibleFoe/JupyterNotebooks/UNO/uno_sim.ipynb#X15sZmlsZQ%3D%3D
2025-02-01 13:06:23.013 [info] Active editor: vscode-notebook-cell:/home/sab/github/TheInvisibleFoe/JupyterNotebooks/UNO/uno_sim.ipynb#X12sZmlsZQ%3D%3D
2025-02-01 13:07:11.952 [info] Active editor: vscode-notebook-cell:/home/sab/github/TheInvisibleFoe/JupyterNotebooks/UNO/uno_sim.ipynb#X15sZmlsZQ%3D%3D
