2025-02-16 16:45:51.409 [info] [main] Log level: Info
2025-02-16 16:45:51.409 [info] [main] Validating found git in: "git"
2025-02-16 16:45:51.409 [info] [main] Using git "2.47.1" from "git"
2025-02-16 16:45:51.409 [info] [Model][doInitialScan] Initial repository scan started
2025-02-16 16:45:51.409 [info] > git rev-parse --show-toplevel [37ms]
2025-02-16 16:45:51.409 [info] > git rev-parse --show-toplevel [2ms]
2025-02-16 16:45:51.409 [info] [Model][doInitialScan] Initial repository scan completed - repositories (0), closed repositories (0), parent repositories (1), unsafe repositories (0)
2025-02-16 16:45:54.272 [info] > git rev-parse --show-toplevel [623ms]
2025-02-16 16:45:55.487 [info] > git rev-parse --show-toplevel [37ms]
2025-02-16 16:45:55.585 [info] > git rev-parse --show-toplevel [5ms]
2025-02-16 16:46:11.039 [info] > git rev-parse --show-toplevel [4ms]
2025-02-16 16:46:15.294 [info] > git rev-parse --show-toplevel [3ms]
2025-02-16 16:46:57.324 [info] > git rev-parse --show-toplevel [4ms]
2025-02-16 16:46:58.055 [info] > git rev-parse --show-toplevel [4ms]
2025-02-16 16:47:13.290 [info] > git rev-parse --show-toplevel [3ms]
2025-02-16 16:47:13.306 [info] > git rev-parse --show-toplevel [1ms]
2025-02-16 16:47:15.304 [info] > git rev-parse --show-toplevel [2ms]
2025-02-16 16:47:18.269 [info] > git rev-parse --show-toplevel [5ms]
2025-02-16 16:47:31.840 [info] > git rev-parse --show-toplevel [3ms]
2025-02-16 16:48:58.668 [info] > git rev-parse --show-toplevel [3ms]
2025-02-16 16:51:30.272 [info] > git rev-parse --show-toplevel [3ms]
2025-02-16 16:51:45.850 [info] > git rev-parse --show-toplevel [2ms]
2025-02-16 16:51:58.503 [info] > git rev-parse --show-toplevel [3ms]
2025-02-16 16:59:09.285 [info] > git rev-parse --show-toplevel [4ms]
2025-02-16 16:59:18.922 [info] > git rev-parse --show-toplevel [3ms]
2025-02-16 16:59:22.983 [info] > git rev-parse --show-toplevel [3ms]
2025-02-16 16:59:42.778 [info] > git rev-parse --show-toplevel [5ms]
2025-02-16 17:00:53.508 [info] > git rev-parse --show-toplevel [3ms]
2025-02-16 17:00:56.252 [info] > git rev-parse --show-toplevel [5ms]
2025-02-16 17:00:58.929 [info] > git rev-parse --show-toplevel [3ms]
2025-02-16 17:01:33.282 [info] > git rev-parse --show-toplevel [3ms]
2025-02-16 17:01:40.841 [info] > git rev-parse --show-toplevel [3ms]
2025-02-16 17:01:54.603 [info] > git rev-parse --show-toplevel [3ms]
2025-02-16 17:05:47.848 [info] > git rev-parse --show-toplevel [4ms]
2025-02-16 17:18:51.774 [info] > git rev-parse --show-toplevel [3ms]
2025-02-16 17:30:42.492 [info] > git rev-parse --show-toplevel [5ms]
2025-02-16 17:31:10.166 [info] > git rev-parse --show-toplevel [4ms]
2025-02-16 17:31:29.783 [info] > git rev-parse --show-toplevel [4ms]
2025-02-16 18:28:48.530 [info] > git rev-parse --show-toplevel [41ms]
2025-02-16 18:29:26.002 [info] > git rev-parse --show-toplevel [1ms]
2025-02-16 18:44:13.587 [info] > git rev-parse --show-toplevel [3ms]
2025-02-16 18:46:33.321 [info] > git rev-parse --show-toplevel [4ms]
2025-02-16 18:46:42.134 [info] > git rev-parse --show-toplevel [2ms]
2025-02-16 18:46:44.471 [info] > git rev-parse --show-toplevel [4ms]
2025-02-16 18:46:46.281 [info] > git rev-parse --show-toplevel [9ms]
2025-02-16 18:46:52.544 [info] > git rev-parse --show-toplevel [3ms]
2025-02-16 18:47:09.996 [info] > git rev-parse --show-toplevel [2ms]
2025-02-16 18:47:13.632 [info] > git rev-parse --show-toplevel [4ms]
2025-02-16 18:47:18.262 [info] > git rev-parse --show-toplevel [4ms]
2025-02-16 18:47:30.986 [info] > git rev-parse --show-toplevel [6ms]
2025-02-16 18:47:50.097 [info] > git rev-parse --show-toplevel [4ms]
2025-02-16 18:47:57.830 [info] > git rev-parse --show-toplevel [4ms]
2025-02-16 19:02:29.651 [info] > git rev-parse --show-toplevel [41ms]
2025-02-16 22:12:35.971 [info] > git rev-parse --show-toplevel [7ms]
2025-02-16 22:14:40.125 [info] > git rev-parse --show-toplevel [4ms]
2025-02-16 22:21:13.212 [info] > git rev-parse --show-toplevel [3ms]
2025-02-16 22:21:17.795 [info] > git rev-parse --show-toplevel [6ms]
2025-02-16 23:16:15.951 [info] > git rev-parse --show-toplevel [4ms]
