2025-02-03 22:14:27.325 [info] Reading sessions from keychain...
2025-02-03 22:14:27.325 [info] Getting sessions for all scopes...
2025-02-03 22:14:27.325 [info] Getting sessions for all scopes...
2025-02-03 22:14:27.325 [info] Getting sessions for all scopes...
2025-02-03 22:14:27.325 [info] Getting sessions for user:email...
2025-02-03 22:14:27.325 [info] Getting sessions for all scopes...
2025-02-03 22:14:27.325 [info] Getting sessions for all scopes...
2025-02-03 22:14:27.325 [info] Getting sessions for all scopes...
2025-02-03 22:14:27.325 [info] Getting sessions for all scopes...
2025-02-03 22:14:27.325 [info] Getting sessions for all scopes...
2025-02-03 22:14:27.392 [info] Got stored sessions!
2025-02-03 22:14:27.392 [info] Got 1 verified sessions.
2025-02-03 22:14:27.392 [info] Got 1 sessions for ...
2025-02-03 22:14:27.392 [info] Got 1 sessions for ...
2025-02-03 22:14:27.392 [info] Got 1 sessions for ...
2025-02-03 22:14:27.392 [info] Got 1 sessions for user:email...
2025-02-03 22:14:27.392 [info] Got 1 sessions for ...
2025-02-03 22:14:27.392 [info] Got 1 sessions for ...
2025-02-03 22:14:27.392 [info] Got 1 sessions for ...
2025-02-03 22:14:27.392 [info] Got 1 sessions for ...
2025-02-03 22:14:27.392 [info] Got 1 sessions for ...
2025-02-03 22:14:29.615 [info] Getting sessions for all scopes...
2025-02-03 22:14:29.615 [info] Got 1 sessions for ...
2025-02-03 22:14:29.816 [info] Getting sessions for read:user,repo,user:email,workflow...
2025-02-03 22:14:29.816 [info] Got 0 sessions for read:user,repo,user:email,workflow...
2025-02-03 22:14:29.915 [info] Getting sessions for all scopes...
2025-02-03 22:14:29.915 [info] Got 1 sessions for ...
2025-02-03 22:14:29.915 [info] Getting sessions for all scopes...
2025-02-03 22:14:29.915 [info] Got 1 sessions for ...
2025-02-03 22:14:29.979 [info] Getting sessions for read:user...
2025-02-03 22:14:29.979 [info] Got 0 sessions for read:user...
2025-02-03 22:14:31.435 [info] Getting sessions for read:user,repo,user:email,workflow...
2025-02-03 22:14:31.435 [info] Got 0 sessions for read:user,repo,user:email,workflow...
2025-02-03 22:14:31.458 [info] Getting sessions for user:email...
2025-02-03 22:14:31.458 [info] Got 1 sessions for user:email...
2025-02-03 22:14:31.459 [info] Getting sessions for user:email...
2025-02-03 22:14:31.459 [info] Got 1 sessions for user:email...
2025-02-03 22:14:31.485 [info] Getting sessions for all scopes...
2025-02-03 22:14:31.485 [info] Got 1 sessions for ...
2025-02-03 22:14:31.486 [info] Getting sessions for read:user,repo,user:email,workflow...
2025-02-03 22:14:31.486 [info] Got 0 sessions for read:user,repo,user:email,workflow...
2025-02-03 22:14:31.487 [info] Getting sessions for user:email...
2025-02-03 22:14:31.487 [info] Got 1 sessions for user:email...
2025-02-03 22:14:31.488 [info] Getting sessions for all scopes...
2025-02-03 22:14:31.488 [info] Got 1 sessions for ...
2025-02-03 22:14:31.489 [info] Getting sessions for read:user,repo,user:email,workflow...
2025-02-03 22:14:31.490 [info] Got 0 sessions for read:user,repo,user:email,workflow...
2025-02-03 22:14:31.491 [info] Getting sessions for user:email...
2025-02-03 22:14:31.491 [info] Got 1 sessions for user:email...
2025-02-03 22:14:31.704 [info] Getting sessions for all scopes...
2025-02-03 22:14:31.704 [info] Got 1 sessions for ...
2025-02-03 22:14:31.706 [info] Getting sessions for read:user,repo,user:email,workflow...
2025-02-03 22:14:31.706 [info] Got 0 sessions for read:user,repo,user:email,workflow...
2025-02-03 22:14:31.706 [info] Getting sessions for user:email...
2025-02-03 22:14:31.706 [info] Got 1 sessions for user:email...
2025-02-03 22:14:32.342 [info] Getting sessions for all scopes...
2025-02-03 22:14:32.342 [info] Got 1 sessions for ...
2025-02-03 22:14:32.342 [info] Getting sessions for all scopes...
2025-02-03 22:14:32.342 [info] Got 1 sessions for ...
2025-02-03 22:14:32.355 [info] Getting sessions for read:user,repo,user:email,workflow...
2025-02-03 22:14:32.355 [info] Got 0 sessions for read:user,repo,user:email,workflow...
2025-02-03 22:14:32.356 [info] Getting sessions for user:email...
2025-02-03 22:14:32.356 [info] Got 1 sessions for user:email...
2025-02-03 22:14:32.358 [info] Getting sessions for all scopes...
2025-02-03 22:14:32.358 [info] Got 1 sessions for ...
2025-02-03 22:14:32.359 [info] Getting sessions for read:user,repo,user:email,workflow...
2025-02-03 22:14:32.359 [info] Got 0 sessions for read:user,repo,user:email,workflow...
2025-02-03 22:14:32.360 [info] Getting sessions for user:email...
2025-02-03 22:14:32.360 [info] Got 1 sessions for user:email...
2025-02-03 22:14:32.422 [info] Getting sessions for all scopes...
2025-02-03 22:14:32.422 [info] Got 1 sessions for ...
2025-02-03 22:14:32.423 [info] Getting sessions for read:user,repo,user:email,workflow...
2025-02-03 22:14:32.423 [info] Got 0 sessions for read:user,repo,user:email,workflow...
2025-02-03 22:14:32.424 [info] Getting sessions for user:email...
2025-02-03 22:14:32.424 [info] Got 1 sessions for user:email...
2025-02-03 22:14:33.926 [info] Getting sessions for all scopes...
2025-02-03 22:14:33.926 [info] Got 1 sessions for ...
2025-02-03 22:14:33.927 [info] Getting sessions for read:user,repo,user:email,workflow...
2025-02-03 22:14:33.927 [info] Got 0 sessions for read:user,repo,user:email,workflow...
2025-02-03 22:14:33.928 [info] Getting sessions for user:email...
2025-02-03 22:14:33.928 [info] Got 1 sessions for user:email...
2025-02-03 22:29:33.933 [info] Getting sessions for all scopes...
2025-02-03 22:29:33.933 [info] Got 1 sessions for ...
2025-02-03 22:29:33.938 [info] Getting sessions for read:user,repo,user:email,workflow...
2025-02-03 22:29:33.938 [info] Got 0 sessions for read:user,repo,user:email,workflow...
2025-02-03 22:29:33.941 [info] Getting sessions for user:email...
2025-02-03 22:29:33.942 [info] Got 1 sessions for user:email...
2025-02-03 22:29:33.969 [info] Getting sessions for all scopes...
2025-02-03 22:29:33.969 [info] Got 1 sessions for ...
2025-02-03 22:29:33.970 [info] Getting sessions for read:user,repo,user:email,workflow...
2025-02-03 22:29:33.970 [info] Got 0 sessions for read:user,repo,user:email,workflow...
2025-02-03 22:29:33.971 [info] Getting sessions for user:email...
2025-02-03 22:29:33.971 [info] Got 1 sessions for user:email...
