2025-02-01 12:12:01.568 [info] [main] Log level: Info
2025-02-01 12:12:01.568 [info] [main] Validating found git in: "git"
2025-02-01 12:12:01.568 [info] [main] Using git "2.47.1" from "git"
2025-02-01 12:12:01.568 [info] [Model][doInitialScan] Initial repository scan started
2025-02-01 12:12:01.568 [info] > git rev-parse --show-toplevel [26ms]
2025-02-01 12:12:01.568 [info] > git rev-parse --git-dir --git-common-dir [1ms]
2025-02-01 12:12:01.568 [info] [Model][openRepository] Opened repository: /home/sab/github/TheInvisibleFoe/JupyterNotebooks
2025-02-01 12:12:01.580 [info] > git config --get commit.template [3ms]
2025-02-01 12:12:01.594 [info] > git for-each-ref --format=%(refname)%00%(upstream:short)%00%(objectname)%00%(upstream:track)%00%(upstream:remotename)%00%(upstream:remoteref) refs/heads/main refs/remotes/main [1ms]
2025-02-01 12:12:01.631 [info] > git for-each-ref --sort -committerdate --format %(refname) %(objectname) %(*objectname) [15ms]
2025-02-01 12:12:01.632 [info] > git rev-parse --show-toplevel [3ms]
2025-02-01 12:12:01.643 [info] > git rev-parse --show-toplevel [1ms]
2025-02-01 12:12:01.653 [info] > git status -z -uall [47ms]
2025-02-01 12:12:01.681 [info] > git for-each-ref --format=%(refname)%00%(upstream:short)%00%(objectname)%00%(upstream:track)%00%(upstream:remotename)%00%(upstream:remoteref) refs/heads/main refs/remotes/main [15ms]
2025-02-01 12:12:01.693 [info] > git rev-parse --show-toplevel [41ms]
2025-02-01 12:12:01.704 [info] > git config --local branch.main.vscode-merge-base [11ms]
2025-02-01 12:12:01.704 [warning] [Git][config] git config failed: Failed to execute git
2025-02-01 12:12:01.713 [info] > git config --get commit.template [32ms]
2025-02-01 12:12:03.153 [info] > git rev-parse --show-toplevel [1450ms]
2025-02-01 12:12:03.187 [info] > git reflog main --grep-reflog=branch: Created from *. [1474ms]
2025-02-01 12:12:03.201 [info] > git check-ignore -v -z --stdin [37ms]
2025-02-01 12:12:03.201 [info] > git rev-parse --show-toplevel [20ms]
2025-02-01 12:12:03.202 [info] > git for-each-ref --format=%(refname)%00%(upstream:short)%00%(objectname)%00%(upstream:track)%00%(upstream:remotename)%00%(upstream:remoteref) refs/heads/main refs/remotes/main [29ms]
2025-02-01 12:12:03.211 [info] > git symbolic-ref --short refs/remotes/origin/HEAD [15ms]
2025-02-01 12:12:03.211 [info] fatal: ref refs/remotes/origin/HEAD is not a symbolic ref
2025-02-01 12:12:03.211 [warning] [Repository][getDefaultBranch] Failed to get default branch details: Failed to execute git.
2025-02-01 12:12:03.239 [info] > git merge-base refs/heads/main refs/remotes/origin/main [17ms]
2025-02-01 12:12:03.250 [info] > git rev-parse --show-toplevel [39ms]
2025-02-01 12:12:03.281 [info] > git status -z -uall [11ms]
2025-02-01 12:12:03.281 [info] > git rev-parse --show-toplevel [21ms]
2025-02-01 12:12:03.281 [info] > git diff --name-status -z --diff-filter=ADMR 2de1cf9b018ca3d54bac09f7560b4fc6279be67a...refs/remotes/origin/main [31ms]
2025-02-01 12:12:03.294 [info] > git for-each-ref --sort -committerdate --format %(refname) %(objectname) %(*objectname) [14ms]
2025-02-01 12:12:03.304 [info] > git rev-parse --show-toplevel [11ms]
2025-02-01 12:12:03.318 [info] > git rev-parse --show-toplevel [2ms]
2025-02-01 12:12:03.330 [info] > git rev-parse --show-toplevel [1ms]
2025-02-01 12:12:03.373 [info] > git rev-parse --show-toplevel [32ms]
2025-02-01 12:12:03.399 [info] > git config --get commit.template [27ms]
2025-02-01 12:12:03.402 [info] > git rev-parse --show-toplevel [3ms]
2025-02-01 12:12:03.429 [info] > git for-each-ref --format=%(refname)%00%(upstream:short)%00%(objectname)%00%(upstream:track)%00%(upstream:remotename)%00%(upstream:remoteref) refs/heads/main refs/remotes/main [13ms]
2025-02-01 12:12:03.435 [info] > git rev-parse --show-toplevel [8ms]
2025-02-01 12:12:03.474 [info] > git status -z -uall [14ms]
2025-02-01 12:12:03.475 [info] > git rev-parse --show-toplevel [28ms]
2025-02-01 12:12:03.487 [info] > git for-each-ref --sort -committerdate --format %(refname) %(objectname) %(*objectname) [14ms]
2025-02-01 12:12:03.491 [info] > git rev-parse --show-toplevel [5ms]
2025-02-01 12:12:03.505 [info] > git rev-parse --show-toplevel [1ms]
2025-02-01 12:12:03.520 [info] > git rev-parse --show-toplevel [1ms]
2025-02-01 12:12:03.522 [info] [Model][doInitialScan] Initial repository scan completed - repositories (1), closed repositories (0), parent repositories (0), unsafe repositories (0)
2025-02-01 12:12:04.223 [info] > git check-ignore -v -z --stdin [1ms]
2025-02-01 12:12:22.115 [info] > git config --get commit.template [19ms]
2025-02-01 12:12:22.116 [info] > git for-each-ref --format=%(refname)%00%(upstream:short)%00%(objectname)%00%(upstream:track)%00%(upstream:remotename)%00%(upstream:remoteref) refs/heads/main refs/remotes/main [2ms]
2025-02-01 12:12:22.178 [info] > git status -z -uall [47ms]
2025-02-01 12:12:22.179 [info] > git for-each-ref --sort -committerdate --format %(refname) %(objectname) %(*objectname) [34ms]
2025-02-01 12:12:35.969 [info] > git ls-files --stage -- /home/sab/github/TheInvisibleFoe/JupyterNotebooks/UNO/UNOfunc.py [2ms]
2025-02-01 12:12:35.992 [info] > git show --textconv :UNO/UNOfunc.py [43ms]
2025-02-01 12:12:36.228 [info] > git check-ignore -v -z --stdin [3ms]
2025-02-01 12:12:36.737 [info] > git config --get commit.template [18ms]
2025-02-01 12:12:36.738 [info] > git for-each-ref --format=%(refname)%00%(upstream:short)%00%(objectname)%00%(upstream:track)%00%(upstream:remotename)%00%(upstream:remoteref) refs/heads/main refs/remotes/main [3ms]
2025-02-01 12:12:36.772 [info] > git status -z -uall [18ms]
2025-02-01 12:12:36.773 [info] > git for-each-ref --sort -committerdate --format %(refname) %(objectname) %(*objectname) [2ms]
2025-02-01 12:12:57.094 [info] > git show --textconv :UNO/UNOfunc.py [12ms]
2025-02-01 12:12:57.095 [info] > git ls-files --stage -- /home/sab/github/TheInvisibleFoe/JupyterNotebooks/UNO/UNOfunc.py [2ms]
2025-02-01 12:12:58.551 [info] > git blame --root --incremental 2de1cf9b018ca3d54bac09f7560b4fc6279be67a -- /home/sab/github/TheInvisibleFoe/JupyterNotebooks/UNO/UNOfunc.py [3ms]
2025-02-01 12:12:58.551 [info] fatal: no such path UNO/UNOfunc.py in 2de1cf9b018ca3d54bac09f7560b4fc6279be67a
2025-02-01 12:13:00.430 [info] > git config --get commit.template [20ms]
2025-02-01 12:13:00.431 [info] > git for-each-ref --format=%(refname)%00%(upstream:short)%00%(objectname)%00%(upstream:track)%00%(upstream:remotename)%00%(upstream:remoteref) refs/heads/main refs/remotes/main [2ms]
2025-02-01 12:13:00.474 [info] > git status -z -uall [22ms]
2025-02-01 12:13:00.475 [info] > git for-each-ref --sort -committerdate --format %(refname) %(objectname) %(*objectname) [2ms]
2025-02-01 12:13:05.523 [info] > git config --get commit.template [11ms]
2025-02-01 12:13:05.524 [info] > git for-each-ref --format=%(refname)%00%(upstream:short)%00%(objectname)%00%(upstream:track)%00%(upstream:remotename)%00%(upstream:remoteref) refs/heads/main refs/remotes/main [1ms]
2025-02-01 12:13:05.545 [info] > git status -z -uall [11ms]
2025-02-01 12:13:05.546 [info] > git for-each-ref --sort -committerdate --format %(refname) %(objectname) %(*objectname) [1ms]
2025-02-01 12:13:10.627 [info] > git config --get commit.template [32ms]
2025-02-01 12:13:10.628 [info] > git for-each-ref --format=%(refname)%00%(upstream:short)%00%(objectname)%00%(upstream:track)%00%(upstream:remotename)%00%(upstream:remoteref) refs/heads/main refs/remotes/main [3ms]
2025-02-01 12:13:10.679 [info] > git status -z -uall [25ms]
2025-02-01 12:13:10.681 [info] > git for-each-ref --sort -committerdate --format %(refname) %(objectname) %(*objectname) [2ms]
2025-02-01 12:13:15.760 [info] > git config --get commit.template [32ms]
2025-02-01 12:13:15.762 [info] > git for-each-ref --format=%(refname)%00%(upstream:short)%00%(objectname)%00%(upstream:track)%00%(upstream:remotename)%00%(upstream:remoteref) refs/heads/main refs/remotes/main [3ms]
2025-02-01 12:13:15.806 [info] > git status -z -uall [21ms]
2025-02-01 12:13:15.811 [info] > git for-each-ref --sort -committerdate --format %(refname) %(objectname) %(*objectname) [6ms]
2025-02-01 12:13:19.488 [info] > git show --textconv :UNO/UNOfunc.py [37ms]
2025-02-01 12:13:19.489 [info] > git ls-files --stage -- /home/sab/github/TheInvisibleFoe/JupyterNotebooks/UNO/UNOfunc.py [3ms]
2025-02-01 12:13:22.548 [info] > git config --get commit.template [12ms]
2025-02-01 12:13:22.549 [info] > git for-each-ref --format=%(refname)%00%(upstream:short)%00%(objectname)%00%(upstream:track)%00%(upstream:remotename)%00%(upstream:remoteref) refs/heads/main refs/remotes/main [2ms]
2025-02-01 12:13:22.571 [info] > git status -z -uall [11ms]
2025-02-01 12:13:22.572 [info] > git for-each-ref --sort -committerdate --format %(refname) %(objectname) %(*objectname) [1ms]
2025-02-01 12:13:27.614 [info] > git config --get commit.template [22ms]
2025-02-01 12:13:27.614 [info] > git for-each-ref --format=%(refname)%00%(upstream:short)%00%(objectname)%00%(upstream:track)%00%(upstream:remotename)%00%(upstream:remoteref) refs/heads/main refs/remotes/main [2ms]
2025-02-01 12:13:27.654 [info] > git status -z -uall [20ms]
2025-02-01 12:13:27.655 [info] > git for-each-ref --sort -committerdate --format %(refname) %(objectname) %(*objectname) [2ms]
2025-02-01 12:13:31.356 [info] > git show --textconv :UNO/UNOfunc.py [12ms]
2025-02-01 12:13:31.357 [info] > git ls-files --stage -- /home/sab/github/TheInvisibleFoe/JupyterNotebooks/UNO/UNOfunc.py [1ms]
2025-02-01 12:13:34.385 [info] > git config --get commit.template [1ms]
2025-02-01 12:13:34.397 [info] > git for-each-ref --format=%(refname)%00%(upstream:short)%00%(objectname)%00%(upstream:track)%00%(upstream:remotename)%00%(upstream:remoteref) refs/heads/main refs/remotes/main [1ms]
2025-02-01 12:13:34.420 [info] > git status -z -uall [11ms]
2025-02-01 12:13:34.421 [info] > git for-each-ref --sort -committerdate --format %(refname) %(objectname) %(*objectname) [1ms]
2025-02-01 12:13:39.513 [info] > git config --get commit.template [38ms]
2025-02-01 12:13:39.515 [info] > git for-each-ref --format=%(refname)%00%(upstream:short)%00%(objectname)%00%(upstream:track)%00%(upstream:remotename)%00%(upstream:remoteref) refs/heads/main refs/remotes/main [3ms]
2025-02-01 12:13:39.556 [info] > git status -z -uall [19ms]
2025-02-01 12:13:39.557 [info] > git for-each-ref --sort -committerdate --format %(refname) %(objectname) %(*objectname) [2ms]
2025-02-01 12:14:24.020 [info] > git config --get commit.template [11ms]
2025-02-01 12:14:24.021 [info] > git for-each-ref --format=%(refname)%00%(upstream:short)%00%(objectname)%00%(upstream:track)%00%(upstream:remotename)%00%(upstream:remoteref) refs/heads/main refs/remotes/main [1ms]
2025-02-01 12:14:24.043 [info] > git status -z -uall [11ms]
2025-02-01 12:14:24.044 [info] > git for-each-ref --sort -committerdate --format %(refname) %(objectname) %(*objectname) [1ms]
2025-02-01 12:14:29.136 [info] > git config --get commit.template [42ms]
2025-02-01 12:14:29.138 [info] > git for-each-ref --format=%(refname)%00%(upstream:short)%00%(objectname)%00%(upstream:track)%00%(upstream:remotename)%00%(upstream:remoteref) refs/heads/main refs/remotes/main [3ms]
2025-02-01 12:14:29.190 [info] > git status -z -uall [23ms]
2025-02-01 12:14:29.192 [info] > git for-each-ref --sort -committerdate --format %(refname) %(objectname) %(*objectname) [2ms]
2025-02-01 12:14:34.246 [info] > git config --get commit.template [14ms]
2025-02-01 12:14:34.246 [info] > git for-each-ref --format=%(refname)%00%(upstream:short)%00%(objectname)%00%(upstream:track)%00%(upstream:remotename)%00%(upstream:remoteref) refs/heads/main refs/remotes/main [1ms]
2025-02-01 12:14:34.272 [info] > git status -z -uall [13ms]
2025-02-01 12:14:34.273 [info] > git for-each-ref --sort -committerdate --format %(refname) %(objectname) %(*objectname) [1ms]
2025-02-01 12:14:40.610 [info] > git config --get commit.template [39ms]
2025-02-01 12:14:40.611 [info] > git for-each-ref --format=%(refname)%00%(upstream:short)%00%(objectname)%00%(upstream:track)%00%(upstream:remotename)%00%(upstream:remoteref) refs/heads/main refs/remotes/main [2ms]
2025-02-01 12:14:40.653 [info] > git status -z -uall [19ms]
2025-02-01 12:14:40.654 [info] > git for-each-ref --sort -committerdate --format %(refname) %(objectname) %(*objectname) [2ms]
2025-02-01 12:14:45.674 [info] > git config --get commit.template [2ms]
2025-02-01 12:14:45.692 [info] > git for-each-ref --format=%(refname)%00%(upstream:short)%00%(objectname)%00%(upstream:track)%00%(upstream:remotename)%00%(upstream:remoteref) refs/heads/main refs/remotes/main [4ms]
2025-02-01 12:14:45.723 [info] > git status -z -uall [15ms]
2025-02-01 12:14:45.726 [info] > git for-each-ref --sort -committerdate --format %(refname) %(objectname) %(*objectname) [4ms]
2025-02-01 12:14:50.758 [info] > git config --get commit.template [16ms]
2025-02-01 12:14:50.759 [info] > git for-each-ref --format=%(refname)%00%(upstream:short)%00%(objectname)%00%(upstream:track)%00%(upstream:remotename)%00%(upstream:remoteref) refs/heads/main refs/remotes/main [2ms]
2025-02-01 12:14:50.789 [info] > git status -z -uall [16ms]
2025-02-01 12:14:50.794 [info] > git for-each-ref --sort -committerdate --format %(refname) %(objectname) %(*objectname) [6ms]
2025-02-01 12:14:57.516 [info] > git config --get commit.template [38ms]
2025-02-01 12:14:57.518 [info] > git for-each-ref --format=%(refname)%00%(upstream:short)%00%(objectname)%00%(upstream:track)%00%(upstream:remotename)%00%(upstream:remoteref) refs/heads/main refs/remotes/main [3ms]
2025-02-01 12:14:57.560 [info] > git status -z -uall [20ms]
2025-02-01 12:14:57.561 [info] > git for-each-ref --sort -committerdate --format %(refname) %(objectname) %(*objectname) [2ms]
2025-02-01 12:15:03.800 [info] > git config --get commit.template [15ms]
2025-02-01 12:15:03.801 [info] > git for-each-ref --format=%(refname)%00%(upstream:short)%00%(objectname)%00%(upstream:track)%00%(upstream:remotename)%00%(upstream:remoteref) refs/heads/main refs/remotes/main [2ms]
2025-02-01 12:15:03.830 [info] > git status -z -uall [16ms]
2025-02-01 12:15:03.830 [info] > git for-each-ref --sort -committerdate --format %(refname) %(objectname) %(*objectname) [3ms]
2025-02-01 12:15:08.859 [info] > git config --get commit.template [11ms]
2025-02-01 12:15:08.859 [info] > git for-each-ref --format=%(refname)%00%(upstream:short)%00%(objectname)%00%(upstream:track)%00%(upstream:remotename)%00%(upstream:remoteref) refs/heads/main refs/remotes/main [1ms]
2025-02-01 12:15:08.882 [info] > git status -z -uall [12ms]
2025-02-01 12:15:08.883 [info] > git for-each-ref --sort -committerdate --format %(refname) %(objectname) %(*objectname) [2ms]
2025-02-01 12:15:13.913 [info] > git for-each-ref --format=%(refname)%00%(upstream:short)%00%(objectname)%00%(upstream:track)%00%(upstream:remotename)%00%(upstream:remoteref) refs/heads/main refs/remotes/main [2ms]
2025-02-01 12:15:13.913 [info] > git config --get commit.template [13ms]
2025-02-01 12:15:13.936 [info] > git status -z -uall [12ms]
2025-02-01 12:15:13.936 [info] > git for-each-ref --sort -committerdate --format %(refname) %(objectname) %(*objectname) [1ms]
2025-02-01 12:15:21.644 [info] > git config --get commit.template [12ms]
2025-02-01 12:15:21.644 [info] > git for-each-ref --format=%(refname)%00%(upstream:short)%00%(objectname)%00%(upstream:track)%00%(upstream:remotename)%00%(upstream:remoteref) refs/heads/main refs/remotes/main [1ms]
2025-02-01 12:15:21.666 [info] > git status -z -uall [11ms]
2025-02-01 12:15:21.667 [info] > git for-each-ref --sort -committerdate --format %(refname) %(objectname) %(*objectname) [1ms]
2025-02-01 12:15:40.603 [info] > git config --get commit.template [12ms]
2025-02-01 12:15:40.603 [info] > git for-each-ref --format=%(refname)%00%(upstream:short)%00%(objectname)%00%(upstream:track)%00%(upstream:remotename)%00%(upstream:remoteref) refs/heads/main refs/remotes/main [1ms]
2025-02-01 12:15:40.627 [info] > git status -z -uall [12ms]
2025-02-01 12:15:40.628 [info] > git for-each-ref --sort -committerdate --format %(refname) %(objectname) %(*objectname) [1ms]
2025-02-01 12:15:59.182 [info] > git config --get commit.template [2ms]
2025-02-01 12:15:59.194 [info] > git for-each-ref --format=%(refname)%00%(upstream:short)%00%(objectname)%00%(upstream:track)%00%(upstream:remotename)%00%(upstream:remoteref) refs/heads/main refs/remotes/main [2ms]
2025-02-01 12:15:59.216 [info] > git status -z -uall [11ms]
2025-02-01 12:15:59.217 [info] > git for-each-ref --sort -committerdate --format %(refname) %(objectname) %(*objectname) [1ms]
2025-02-01 12:16:07.332 [info] > git config --get commit.template [12ms]
2025-02-01 12:16:07.333 [info] > git for-each-ref --format=%(refname)%00%(upstream:short)%00%(objectname)%00%(upstream:track)%00%(upstream:remotename)%00%(upstream:remoteref) refs/heads/main refs/remotes/main [1ms]
2025-02-01 12:16:07.358 [info] > git status -z -uall [13ms]
2025-02-01 12:16:07.359 [info] > git for-each-ref --sort -committerdate --format %(refname) %(objectname) %(*objectname) [1ms]
2025-02-01 12:16:12.430 [info] > git config --get commit.template [18ms]
2025-02-01 12:16:12.460 [info] > git for-each-ref --format=%(refname)%00%(upstream:short)%00%(objectname)%00%(upstream:track)%00%(upstream:remotename)%00%(upstream:remoteref) refs/heads/main refs/remotes/main [2ms]
2025-02-01 12:16:12.493 [info] > git status -z -uall [18ms]
2025-02-01 12:16:12.495 [info] > git for-each-ref --sort -committerdate --format %(refname) %(objectname) %(*objectname) [3ms]
2025-02-01 12:16:17.552 [info] > git config --get commit.template [5ms]
2025-02-01 12:16:17.584 [info] > git for-each-ref --format=%(refname)%00%(upstream:short)%00%(objectname)%00%(upstream:track)%00%(upstream:remotename)%00%(upstream:remoteref) refs/heads/main refs/remotes/main [1ms]
2025-02-01 12:16:17.610 [info] > git status -z -uall [14ms]
2025-02-01 12:16:17.613 [info] > git for-each-ref --sort -committerdate --format %(refname) %(objectname) %(*objectname) [4ms]
2025-02-01 12:16:22.732 [info] > git for-each-ref --format=%(refname)%00%(upstream:short)%00%(objectname)%00%(upstream:track)%00%(upstream:remotename)%00%(upstream:remoteref) refs/heads/main refs/remotes/main [26ms]
2025-02-01 12:16:22.732 [info] > git config --get commit.template [67ms]
2025-02-01 12:16:22.762 [info] > git status -z -uall [13ms]
2025-02-01 12:16:22.762 [info] > git for-each-ref --sort -committerdate --format %(refname) %(objectname) %(*objectname) [2ms]
2025-02-01 12:16:27.790 [info] > git config --get commit.template [11ms]
2025-02-01 12:16:27.791 [info] > git for-each-ref --format=%(refname)%00%(upstream:short)%00%(objectname)%00%(upstream:track)%00%(upstream:remotename)%00%(upstream:remoteref) refs/heads/main refs/remotes/main [2ms]
2025-02-01 12:16:27.862 [info] > git status -z -uall [11ms]
2025-02-01 12:16:27.863 [info] > git for-each-ref --sort -committerdate --format %(refname) %(objectname) %(*objectname) [2ms]
2025-02-01 12:16:47.133 [info] > git config --get commit.template [32ms]
2025-02-01 12:16:47.134 [info] > git for-each-ref --format=%(refname)%00%(upstream:short)%00%(objectname)%00%(upstream:track)%00%(upstream:remotename)%00%(upstream:remoteref) refs/heads/main refs/remotes/main [3ms]
2025-02-01 12:16:47.179 [info] > git status -z -uall [22ms]
2025-02-01 12:16:47.180 [info] > git for-each-ref --sort -committerdate --format %(refname) %(objectname) %(*objectname) [2ms]
2025-02-01 12:16:54.574 [info] > git config --get commit.template [1ms]
2025-02-01 12:16:54.592 [info] > git for-each-ref --format=%(refname)%00%(upstream:short)%00%(objectname)%00%(upstream:track)%00%(upstream:remotename)%00%(upstream:remoteref) refs/heads/main refs/remotes/main [2ms]
2025-02-01 12:16:54.629 [info] > git status -z -uall [20ms]
2025-02-01 12:16:54.629 [info] > git for-each-ref --sort -committerdate --format %(refname) %(objectname) %(*objectname) [3ms]
2025-02-01 12:16:59.657 [info] > git config --get commit.template [13ms]
2025-02-01 12:16:59.658 [info] > git for-each-ref --format=%(refname)%00%(upstream:short)%00%(objectname)%00%(upstream:track)%00%(upstream:remotename)%00%(upstream:remoteref) refs/heads/main refs/remotes/main [1ms]
2025-02-01 12:16:59.683 [info] > git status -z -uall [13ms]
2025-02-01 12:16:59.684 [info] > git for-each-ref --sort -committerdate --format %(refname) %(objectname) %(*objectname) [1ms]
2025-02-01 12:17:04.714 [info] > git config --get commit.template [13ms]
2025-02-01 12:17:04.714 [info] > git for-each-ref --format=%(refname)%00%(upstream:short)%00%(objectname)%00%(upstream:track)%00%(upstream:remotename)%00%(upstream:remoteref) refs/heads/main refs/remotes/main [1ms]
2025-02-01 12:17:04.739 [info] > git status -z -uall [12ms]
2025-02-01 12:17:04.740 [info] > git for-each-ref --sort -committerdate --format %(refname) %(objectname) %(*objectname) [2ms]
2025-02-01 12:17:09.769 [info] > git config --get commit.template [12ms]
2025-02-01 12:17:09.770 [info] > git for-each-ref --format=%(refname)%00%(upstream:short)%00%(objectname)%00%(upstream:track)%00%(upstream:remotename)%00%(upstream:remoteref) refs/heads/main refs/remotes/main [2ms]
2025-02-01 12:17:09.792 [info] > git status -z -uall [12ms]
2025-02-01 12:17:09.793 [info] > git for-each-ref --sort -committerdate --format %(refname) %(objectname) %(*objectname) [1ms]
2025-02-01 12:17:36.940 [info] > git for-each-ref --format=%(refname)%00%(upstream:short)%00%(objectname)%00%(upstream:track)%00%(upstream:remotename)%00%(upstream:remoteref) refs/heads/main refs/remotes/main [4ms]
2025-02-01 12:17:36.940 [info] > git config --get commit.template [17ms]
2025-02-01 12:17:36.975 [info] > git status -z -uall [13ms]
2025-02-01 12:17:36.976 [info] > git for-each-ref --sort -committerdate --format %(refname) %(objectname) %(*objectname) [1ms]
2025-02-01 12:17:42.026 [info] > git config --get commit.template [12ms]
2025-02-01 12:17:42.026 [info] > git for-each-ref --format=%(refname)%00%(upstream:short)%00%(objectname)%00%(upstream:track)%00%(upstream:remotename)%00%(upstream:remoteref) refs/heads/main refs/remotes/main [1ms]
2025-02-01 12:17:42.049 [info] > git status -z -uall [11ms]
2025-02-01 12:17:42.050 [info] > git for-each-ref --sort -committerdate --format %(refname) %(objectname) %(*objectname) [1ms]
2025-02-01 12:17:48.130 [info] > git config --get commit.template [11ms]
2025-02-01 12:17:48.131 [info] > git for-each-ref --format=%(refname)%00%(upstream:short)%00%(objectname)%00%(upstream:track)%00%(upstream:remotename)%00%(upstream:remoteref) refs/heads/main refs/remotes/main [1ms]
2025-02-01 12:17:48.154 [info] > git status -z -uall [12ms]
2025-02-01 12:17:48.155 [info] > git for-each-ref --sort -committerdate --format %(refname) %(objectname) %(*objectname) [1ms]
2025-02-01 12:17:53.181 [info] > git config --get commit.template [12ms]
2025-02-01 12:17:53.182 [info] > git for-each-ref --format=%(refname)%00%(upstream:short)%00%(objectname)%00%(upstream:track)%00%(upstream:remotename)%00%(upstream:remoteref) refs/heads/main refs/remotes/main [1ms]
2025-02-01 12:17:53.205 [info] > git status -z -uall [11ms]
2025-02-01 12:17:53.206 [info] > git for-each-ref --sort -committerdate --format %(refname) %(objectname) %(*objectname) [1ms]
2025-02-01 12:17:59.899 [info] > git config --get commit.template [34ms]
2025-02-01 12:17:59.900 [info] > git for-each-ref --format=%(refname)%00%(upstream:short)%00%(objectname)%00%(upstream:track)%00%(upstream:remotename)%00%(upstream:remoteref) refs/heads/main refs/remotes/main [2ms]
2025-02-01 12:17:59.924 [info] > git status -z -uall [12ms]
2025-02-01 12:17:59.925 [info] > git for-each-ref --sort -committerdate --format %(refname) %(objectname) %(*objectname) [2ms]
2025-02-01 12:18:21.995 [info] > git config --get commit.template [1ms]
2025-02-01 12:18:22.011 [info] > git for-each-ref --format=%(refname)%00%(upstream:short)%00%(objectname)%00%(upstream:track)%00%(upstream:remotename)%00%(upstream:remoteref) refs/heads/main refs/remotes/main [1ms]
2025-02-01 12:18:22.037 [info] > git status -z -uall [12ms]
2025-02-01 12:18:22.037 [info] > git for-each-ref --sort -committerdate --format %(refname) %(objectname) %(*objectname) [1ms]
2025-02-01 12:18:29.192 [info] > git config --get commit.template [33ms]
2025-02-01 12:18:29.194 [info] > git for-each-ref --format=%(refname)%00%(upstream:short)%00%(objectname)%00%(upstream:track)%00%(upstream:remotename)%00%(upstream:remoteref) refs/heads/main refs/remotes/main [2ms]
2025-02-01 12:18:29.236 [info] > git status -z -uall [19ms]
2025-02-01 12:18:29.238 [info] > git for-each-ref --sort -committerdate --format %(refname) %(objectname) %(*objectname) [3ms]
2025-02-01 12:18:34.389 [info] > git config --get commit.template [13ms]
2025-02-01 12:18:34.390 [info] > git for-each-ref --format=%(refname)%00%(upstream:short)%00%(objectname)%00%(upstream:track)%00%(upstream:remotename)%00%(upstream:remoteref) refs/heads/main refs/remotes/main [1ms]
2025-02-01 12:18:34.416 [info] > git status -z -uall [13ms]
2025-02-01 12:18:34.416 [info] > git for-each-ref --sort -committerdate --format %(refname) %(objectname) %(*objectname) [1ms]
2025-02-01 12:18:39.434 [info] > git config --get commit.template [2ms]
2025-02-01 12:18:39.447 [info] > git for-each-ref --format=%(refname)%00%(upstream:short)%00%(objectname)%00%(upstream:track)%00%(upstream:remotename)%00%(upstream:remoteref) refs/heads/main refs/remotes/main [1ms]
2025-02-01 12:18:39.471 [info] > git status -z -uall [12ms]
2025-02-01 12:18:39.472 [info] > git for-each-ref --sort -committerdate --format %(refname) %(objectname) %(*objectname) [1ms]
2025-02-01 12:18:49.600 [info] > git config --get commit.template [41ms]
2025-02-01 12:18:49.601 [info] > git for-each-ref --format=%(refname)%00%(upstream:short)%00%(objectname)%00%(upstream:track)%00%(upstream:remotename)%00%(upstream:remoteref) refs/heads/main refs/remotes/main [3ms]
2025-02-01 12:18:49.647 [info] > git status -z -uall [23ms]
2025-02-01 12:18:49.648 [info] > git for-each-ref --sort -committerdate --format %(refname) %(objectname) %(*objectname) [5ms]
2025-02-01 12:18:54.674 [info] > git config --get commit.template [11ms]
2025-02-01 12:18:54.675 [info] > git for-each-ref --format=%(refname)%00%(upstream:short)%00%(objectname)%00%(upstream:track)%00%(upstream:remotename)%00%(upstream:remoteref) refs/heads/main refs/remotes/main [1ms]
2025-02-01 12:18:54.697 [info] > git status -z -uall [11ms]
2025-02-01 12:18:54.698 [info] > git for-each-ref --sort -committerdate --format %(refname) %(objectname) %(*objectname) [1ms]
2025-02-01 12:18:59.729 [info] > git config --get commit.template [12ms]
2025-02-01 12:18:59.730 [info] > git for-each-ref --format=%(refname)%00%(upstream:short)%00%(objectname)%00%(upstream:track)%00%(upstream:remotename)%00%(upstream:remoteref) refs/heads/main refs/remotes/main [1ms]
2025-02-01 12:18:59.754 [info] > git status -z -uall [12ms]
2025-02-01 12:18:59.755 [info] > git for-each-ref --sort -committerdate --format %(refname) %(objectname) %(*objectname) [1ms]
2025-02-01 12:19:13.664 [info] > git config --get commit.template [11ms]
2025-02-01 12:19:13.665 [info] > git for-each-ref --format=%(refname)%00%(upstream:short)%00%(objectname)%00%(upstream:track)%00%(upstream:remotename)%00%(upstream:remoteref) refs/heads/main refs/remotes/main [1ms]
2025-02-01 12:19:13.687 [info] > git status -z -uall [11ms]
2025-02-01 12:19:13.688 [info] > git for-each-ref --sort -committerdate --format %(refname) %(objectname) %(*objectname) [1ms]
2025-02-01 12:19:18.763 [info] > git config --get commit.template [29ms]
2025-02-01 12:19:18.764 [info] > git for-each-ref --format=%(refname)%00%(upstream:short)%00%(objectname)%00%(upstream:track)%00%(upstream:remotename)%00%(upstream:remoteref) refs/heads/main refs/remotes/main [2ms]
2025-02-01 12:19:18.793 [info] > git status -z -uall [14ms]
2025-02-01 12:19:18.794 [info] > git for-each-ref --sort -committerdate --format %(refname) %(objectname) %(*objectname) [1ms]
2025-02-01 12:19:23.838 [info] > git config --get commit.template [14ms]
2025-02-01 12:19:23.838 [info] > git for-each-ref --format=%(refname)%00%(upstream:short)%00%(objectname)%00%(upstream:track)%00%(upstream:remotename)%00%(upstream:remoteref) refs/heads/main refs/remotes/main [1ms]
2025-02-01 12:19:23.861 [info] > git status -z -uall [11ms]
2025-02-01 12:19:23.862 [info] > git for-each-ref --sort -committerdate --format %(refname) %(objectname) %(*objectname) [1ms]
2025-02-01 12:19:28.890 [info] > git config --get commit.template [12ms]
2025-02-01 12:19:28.890 [info] > git for-each-ref --format=%(refname)%00%(upstream:short)%00%(objectname)%00%(upstream:track)%00%(upstream:remotename)%00%(upstream:remoteref) refs/heads/main refs/remotes/main [1ms]
2025-02-01 12:19:28.913 [info] > git status -z -uall [12ms]
2025-02-01 12:19:28.914 [info] > git for-each-ref --sort -committerdate --format %(refname) %(objectname) %(*objectname) [1ms]
2025-02-01 12:19:33.942 [info] > git config --get commit.template [11ms]
2025-02-01 12:19:33.943 [info] > git for-each-ref --format=%(refname)%00%(upstream:short)%00%(objectname)%00%(upstream:track)%00%(upstream:remotename)%00%(upstream:remoteref) refs/heads/main refs/remotes/main [2ms]
2025-02-01 12:19:34.033 [info] > git status -z -uall [23ms]
2025-02-01 12:19:34.034 [info] > git for-each-ref --sort -committerdate --format %(refname) %(objectname) %(*objectname) [1ms]
2025-02-01 12:47:12.341 [info] > git config --get commit.template [12ms]
2025-02-01 12:47:12.341 [info] > git for-each-ref --format=%(refname)%00%(upstream:short)%00%(objectname)%00%(upstream:track)%00%(upstream:remotename)%00%(upstream:remoteref) refs/heads/main refs/remotes/main [1ms]
2025-02-01 12:47:12.364 [info] > git status -z -uall [12ms]
2025-02-01 12:47:12.366 [info] > git for-each-ref --sort -committerdate --format %(refname) %(objectname) %(*objectname) [2ms]
2025-02-01 12:47:17.399 [info] > git config --get commit.template [3ms]
2025-02-01 12:47:17.420 [info] > git for-each-ref --format=%(refname)%00%(upstream:short)%00%(objectname)%00%(upstream:track)%00%(upstream:remotename)%00%(upstream:remoteref) refs/heads/main refs/remotes/main [3ms]
2025-02-01 12:47:17.463 [info] > git status -z -uall [24ms]
2025-02-01 12:47:17.463 [info] > git for-each-ref --sort -committerdate --format %(refname) %(objectname) %(*objectname) [7ms]
2025-02-01 12:47:22.512 [info] > git config --get commit.template [12ms]
2025-02-01 12:47:22.513 [info] > git for-each-ref --format=%(refname)%00%(upstream:short)%00%(objectname)%00%(upstream:track)%00%(upstream:remotename)%00%(upstream:remoteref) refs/heads/main refs/remotes/main [1ms]
2025-02-01 12:47:22.537 [info] > git status -z -uall [12ms]
2025-02-01 12:47:22.538 [info] > git for-each-ref --sort -committerdate --format %(refname) %(objectname) %(*objectname) [1ms]
2025-02-01 12:47:27.569 [info] > git config --get commit.template [12ms]
2025-02-01 12:47:27.570 [info] > git for-each-ref --format=%(refname)%00%(upstream:short)%00%(objectname)%00%(upstream:track)%00%(upstream:remotename)%00%(upstream:remoteref) refs/heads/main refs/remotes/main [2ms]
2025-02-01 12:47:27.593 [info] > git status -z -uall [12ms]
2025-02-01 12:47:27.593 [info] > git for-each-ref --sort -committerdate --format %(refname) %(objectname) %(*objectname) [1ms]
2025-02-01 12:47:32.644 [info] > git config --get commit.template [11ms]
2025-02-01 12:47:32.645 [info] > git for-each-ref --format=%(refname)%00%(upstream:short)%00%(objectname)%00%(upstream:track)%00%(upstream:remotename)%00%(upstream:remoteref) refs/heads/main refs/remotes/main [1ms]
2025-02-01 12:47:32.668 [info] > git status -z -uall [11ms]
2025-02-01 12:47:32.669 [info] > git for-each-ref --sort -committerdate --format %(refname) %(objectname) %(*objectname) [1ms]
2025-02-01 12:47:38.405 [info] > git config --get commit.template [12ms]
2025-02-01 12:47:38.406 [info] > git for-each-ref --format=%(refname)%00%(upstream:short)%00%(objectname)%00%(upstream:track)%00%(upstream:remotename)%00%(upstream:remoteref) refs/heads/main refs/remotes/main [1ms]
2025-02-01 12:47:38.429 [info] > git status -z -uall [12ms]
2025-02-01 12:47:38.430 [info] > git for-each-ref --sort -committerdate --format %(refname) %(objectname) %(*objectname) [1ms]
2025-02-01 12:47:46.421 [info] > git config --get commit.template [42ms]
2025-02-01 12:47:46.423 [info] > git for-each-ref --format=%(refname)%00%(upstream:short)%00%(objectname)%00%(upstream:track)%00%(upstream:remotename)%00%(upstream:remoteref) refs/heads/main refs/remotes/main [4ms]
2025-02-01 12:47:46.461 [info] > git status -z -uall [12ms]
2025-02-01 12:47:46.462 [info] > git for-each-ref --sort -committerdate --format %(refname) %(objectname) %(*objectname) [1ms]
2025-02-01 12:47:51.504 [info] > git config --get commit.template [18ms]
2025-02-01 12:47:51.505 [info] > git for-each-ref --format=%(refname)%00%(upstream:short)%00%(objectname)%00%(upstream:track)%00%(upstream:remotename)%00%(upstream:remoteref) refs/heads/main refs/remotes/main [2ms]
2025-02-01 12:47:51.529 [info] > git status -z -uall [12ms]
2025-02-01 12:47:51.530 [info] > git for-each-ref --sort -committerdate --format %(refname) %(objectname) %(*objectname) [1ms]
2025-02-01 12:48:16.643 [info] > git config --get commit.template [12ms]
2025-02-01 12:48:16.644 [info] > git for-each-ref --format=%(refname)%00%(upstream:short)%00%(objectname)%00%(upstream:track)%00%(upstream:remotename)%00%(upstream:remoteref) refs/heads/main refs/remotes/main [2ms]
2025-02-01 12:48:16.667 [info] > git status -z -uall [12ms]
2025-02-01 12:48:16.667 [info] > git for-each-ref --sort -committerdate --format %(refname) %(objectname) %(*objectname) [1ms]
2025-02-01 12:51:32.970 [info] > git config --get commit.template [11ms]
2025-02-01 12:51:32.971 [info] > git for-each-ref --format=%(refname)%00%(upstream:short)%00%(objectname)%00%(upstream:track)%00%(upstream:remotename)%00%(upstream:remoteref) refs/heads/main refs/remotes/main [1ms]
2025-02-01 12:51:32.993 [info] > git status -z -uall [11ms]
2025-02-01 12:51:32.995 [info] > git for-each-ref --sort -committerdate --format %(refname) %(objectname) %(*objectname) [2ms]
2025-02-01 12:51:38.025 [info] > git config --get commit.template [11ms]
2025-02-01 12:51:38.025 [info] > git for-each-ref --format=%(refname)%00%(upstream:short)%00%(objectname)%00%(upstream:track)%00%(upstream:remotename)%00%(upstream:remoteref) refs/heads/main refs/remotes/main [1ms]
2025-02-01 12:51:38.047 [info] > git status -z -uall [11ms]
2025-02-01 12:51:38.048 [info] > git for-each-ref --sort -committerdate --format %(refname) %(objectname) %(*objectname) [1ms]
2025-02-01 12:51:48.690 [info] > git config --get commit.template [12ms]
2025-02-01 12:51:48.691 [info] > git for-each-ref --format=%(refname)%00%(upstream:short)%00%(objectname)%00%(upstream:track)%00%(upstream:remotename)%00%(upstream:remoteref) refs/heads/main refs/remotes/main [1ms]
2025-02-01 12:51:48.714 [info] > git status -z -uall [12ms]
2025-02-01 12:51:48.715 [info] > git for-each-ref --sort -committerdate --format %(refname) %(objectname) %(*objectname) [1ms]
2025-02-01 12:51:53.809 [info] > git config --get commit.template [41ms]
2025-02-01 12:51:53.811 [info] > git for-each-ref --format=%(refname)%00%(upstream:short)%00%(objectname)%00%(upstream:track)%00%(upstream:remotename)%00%(upstream:remoteref) refs/heads/main refs/remotes/main [4ms]
2025-02-01 12:51:53.858 [info] > git status -z -uall [20ms]
2025-02-01 12:51:53.861 [info] > git for-each-ref --sort -committerdate --format %(refname) %(objectname) %(*objectname) [4ms]
2025-02-01 12:51:59.191 [info] > git config --get commit.template [12ms]
2025-02-01 12:51:59.192 [info] > git for-each-ref --format=%(refname)%00%(upstream:short)%00%(objectname)%00%(upstream:track)%00%(upstream:remotename)%00%(upstream:remoteref) refs/heads/main refs/remotes/main [1ms]
2025-02-01 12:51:59.215 [info] > git status -z -uall [12ms]
2025-02-01 12:51:59.216 [info] > git for-each-ref --sort -committerdate --format %(refname) %(objectname) %(*objectname) [2ms]
2025-02-01 12:52:14.975 [info] > git config --get commit.template [13ms]
2025-02-01 12:52:14.975 [info] > git for-each-ref --format=%(refname)%00%(upstream:short)%00%(objectname)%00%(upstream:track)%00%(upstream:remotename)%00%(upstream:remoteref) refs/heads/main refs/remotes/main [1ms]
2025-02-01 12:52:15.001 [info] > git status -z -uall [12ms]
2025-02-01 12:52:15.001 [info] > git for-each-ref --sort -committerdate --format %(refname) %(objectname) %(*objectname) [1ms]
2025-02-01 12:52:21.642 [info] > git config --get commit.template [12ms]
2025-02-01 12:52:21.642 [info] > git for-each-ref --format=%(refname)%00%(upstream:short)%00%(objectname)%00%(upstream:track)%00%(upstream:remotename)%00%(upstream:remoteref) refs/heads/main refs/remotes/main [1ms]
2025-02-01 12:52:21.665 [info] > git status -z -uall [12ms]
2025-02-01 12:52:21.666 [info] > git for-each-ref --sort -committerdate --format %(refname) %(objectname) %(*objectname) [2ms]
2025-02-01 12:52:28.118 [info] > git config --get commit.template [30ms]
2025-02-01 12:52:28.121 [info] > git for-each-ref --format=%(refname)%00%(upstream:short)%00%(objectname)%00%(upstream:track)%00%(upstream:remotename)%00%(upstream:remoteref) refs/heads/main refs/remotes/main [3ms]
2025-02-01 12:52:28.161 [info] > git status -z -uall [17ms]
2025-02-01 12:52:28.161 [info] > git for-each-ref --sort -committerdate --format %(refname) %(objectname) %(*objectname) [1ms]
2025-02-01 12:52:33.194 [info] > git config --get commit.template [13ms]
2025-02-01 12:52:33.194 [info] > git for-each-ref --format=%(refname)%00%(upstream:short)%00%(objectname)%00%(upstream:track)%00%(upstream:remotename)%00%(upstream:remoteref) refs/heads/main refs/remotes/main [1ms]
2025-02-01 12:52:33.216 [info] > git status -z -uall [11ms]
2025-02-01 12:52:33.218 [info] > git for-each-ref --sort -committerdate --format %(refname) %(objectname) %(*objectname) [2ms]
2025-02-01 12:52:39.085 [info] > git config --get commit.template [33ms]
2025-02-01 12:52:39.085 [info] > git for-each-ref --format=%(refname)%00%(upstream:short)%00%(objectname)%00%(upstream:track)%00%(upstream:remotename)%00%(upstream:remoteref) refs/heads/main refs/remotes/main [5ms]
2025-02-01 12:52:39.115 [info] > git status -z -uall [15ms]
2025-02-01 12:52:39.116 [info] > git for-each-ref --sort -committerdate --format %(refname) %(objectname) %(*objectname) [2ms]
2025-02-01 12:52:44.460 [info] > git config --get commit.template [33ms]
2025-02-01 12:52:44.462 [info] > git for-each-ref --format=%(refname)%00%(upstream:short)%00%(objectname)%00%(upstream:track)%00%(upstream:remotename)%00%(upstream:remoteref) refs/heads/main refs/remotes/main [3ms]
2025-02-01 12:52:44.509 [info] > git status -z -uall [22ms]
2025-02-01 12:52:44.511 [info] > git for-each-ref --sort -committerdate --format %(refname) %(objectname) %(*objectname) [3ms]
2025-02-01 12:52:49.559 [info] > git config --get commit.template [14ms]
2025-02-01 12:52:49.560 [info] > git for-each-ref --format=%(refname)%00%(upstream:short)%00%(objectname)%00%(upstream:track)%00%(upstream:remotename)%00%(upstream:remoteref) refs/heads/main refs/remotes/main [1ms]
2025-02-01 12:52:49.583 [info] > git status -z -uall [12ms]
2025-02-01 12:52:49.584 [info] > git for-each-ref --sort -committerdate --format %(refname) %(objectname) %(*objectname) [2ms]
2025-02-01 12:52:54.612 [info] > git config --get commit.template [12ms]
2025-02-01 12:52:54.613 [info] > git for-each-ref --format=%(refname)%00%(upstream:short)%00%(objectname)%00%(upstream:track)%00%(upstream:remotename)%00%(upstream:remoteref) refs/heads/main refs/remotes/main [1ms]
2025-02-01 12:52:54.726 [info] > git status -z -uall [25ms]
2025-02-01 12:52:54.727 [info] > git for-each-ref --sort -committerdate --format %(refname) %(objectname) %(*objectname) [2ms]
2025-02-01 12:53:20.988 [info] > git config --get commit.template [43ms]
2025-02-01 12:53:20.989 [info] > git for-each-ref --format=%(refname)%00%(upstream:short)%00%(objectname)%00%(upstream:track)%00%(upstream:remotename)%00%(upstream:remoteref) refs/heads/main refs/remotes/main [4ms]
2025-02-01 12:53:21.038 [info] > git status -z -uall [20ms]
2025-02-01 12:53:21.039 [info] > git for-each-ref --sort -committerdate --format %(refname) %(objectname) %(*objectname) [2ms]
2025-02-01 12:53:26.069 [info] > git config --get commit.template [11ms]
2025-02-01 12:53:26.070 [info] > git for-each-ref --format=%(refname)%00%(upstream:short)%00%(objectname)%00%(upstream:track)%00%(upstream:remotename)%00%(upstream:remoteref) refs/heads/main refs/remotes/main [1ms]
2025-02-01 12:53:26.093 [info] > git status -z -uall [12ms]
2025-02-01 12:53:26.094 [info] > git for-each-ref --sort -committerdate --format %(refname) %(objectname) %(*objectname) [2ms]
2025-02-01 12:53:50.727 [info] > git config --get commit.template [13ms]
2025-02-01 12:53:50.729 [info] > git for-each-ref --format=%(refname)%00%(upstream:short)%00%(objectname)%00%(upstream:track)%00%(upstream:remotename)%00%(upstream:remoteref) refs/heads/main refs/remotes/main [2ms]
2025-02-01 12:53:50.754 [info] > git status -z -uall [12ms]
2025-02-01 12:53:50.762 [info] > git for-each-ref --sort -committerdate --format %(refname) %(objectname) %(*objectname) [9ms]
2025-02-01 12:53:55.812 [info] > git config --get commit.template [11ms]
2025-02-01 12:53:55.813 [info] > git for-each-ref --format=%(refname)%00%(upstream:short)%00%(objectname)%00%(upstream:track)%00%(upstream:remotename)%00%(upstream:remoteref) refs/heads/main refs/remotes/main [2ms]
2025-02-01 12:53:55.835 [info] > git status -z -uall [11ms]
2025-02-01 12:53:55.836 [info] > git for-each-ref --sort -committerdate --format %(refname) %(objectname) %(*objectname) [2ms]
2025-02-01 12:54:00.856 [info] > git config --get commit.template [4ms]
2025-02-01 12:54:00.873 [info] > git for-each-ref --format=%(refname)%00%(upstream:short)%00%(objectname)%00%(upstream:track)%00%(upstream:remotename)%00%(upstream:remoteref) refs/heads/main refs/remotes/main [2ms]
2025-02-01 12:54:00.899 [info] > git status -z -uall [13ms]
2025-02-01 12:54:00.900 [info] > git for-each-ref --sort -committerdate --format %(refname) %(objectname) %(*objectname) [1ms]
2025-02-01 12:54:05.929 [info] > git config --get commit.template [11ms]
2025-02-01 12:54:05.929 [info] > git for-each-ref --format=%(refname)%00%(upstream:short)%00%(objectname)%00%(upstream:track)%00%(upstream:remotename)%00%(upstream:remoteref) refs/heads/main refs/remotes/main [1ms]
2025-02-01 12:54:05.951 [info] > git status -z -uall [11ms]
2025-02-01 12:54:05.952 [info] > git for-each-ref --sort -committerdate --format %(refname) %(objectname) %(*objectname) [1ms]
2025-02-01 12:54:13.800 [info] > git config --get commit.template [11ms]
2025-02-01 12:54:13.801 [info] > git for-each-ref --format=%(refname)%00%(upstream:short)%00%(objectname)%00%(upstream:track)%00%(upstream:remotename)%00%(upstream:remoteref) refs/heads/main refs/remotes/main [1ms]
2025-02-01 12:54:13.825 [info] > git status -z -uall [13ms]
2025-02-01 12:54:13.826 [info] > git for-each-ref --sort -committerdate --format %(refname) %(objectname) %(*objectname) [2ms]
2025-02-01 12:54:21.168 [info] > git config --get commit.template [1ms]
2025-02-01 12:54:21.182 [info] > git for-each-ref --format=%(refname)%00%(upstream:short)%00%(objectname)%00%(upstream:track)%00%(upstream:remotename)%00%(upstream:remoteref) refs/heads/main refs/remotes/main [1ms]
2025-02-01 12:54:21.207 [info] > git status -z -uall [12ms]
2025-02-01 12:54:21.208 [info] > git for-each-ref --sort -committerdate --format %(refname) %(objectname) %(*objectname) [2ms]
2025-02-01 12:54:28.426 [info] > git for-each-ref --format=%(refname)%00%(upstream:short)%00%(objectname)%00%(upstream:track)%00%(upstream:remotename)%00%(upstream:remoteref) refs/heads/main refs/remotes/main [1ms]
2025-02-01 12:54:28.427 [info] > git config --get commit.template [15ms]
2025-02-01 12:54:28.450 [info] > git status -z -uall [12ms]
2025-02-01 12:54:28.451 [info] > git for-each-ref --sort -committerdate --format %(refname) %(objectname) %(*objectname) [2ms]
2025-02-01 12:54:33.480 [info] > git config --get commit.template [12ms]
2025-02-01 12:54:33.480 [info] > git for-each-ref --format=%(refname)%00%(upstream:short)%00%(objectname)%00%(upstream:track)%00%(upstream:remotename)%00%(upstream:remoteref) refs/heads/main refs/remotes/main [1ms]
2025-02-01 12:54:33.509 [info] > git status -z -uall [15ms]
2025-02-01 12:54:33.509 [info] > git for-each-ref --sort -committerdate --format %(refname) %(objectname) %(*objectname) [2ms]
2025-02-01 12:54:51.050 [info] > git config --get commit.template [11ms]
2025-02-01 12:54:51.051 [info] > git for-each-ref --format=%(refname)%00%(upstream:short)%00%(objectname)%00%(upstream:track)%00%(upstream:remotename)%00%(upstream:remoteref) refs/heads/main refs/remotes/main [1ms]
2025-02-01 12:54:51.073 [info] > git status -z -uall [11ms]
2025-02-01 12:54:51.074 [info] > git for-each-ref --sort -committerdate --format %(refname) %(objectname) %(*objectname) [1ms]
2025-02-01 12:55:08.773 [info] > git config --get commit.template [1ms]
2025-02-01 12:55:08.786 [info] > git for-each-ref --format=%(refname)%00%(upstream:short)%00%(objectname)%00%(upstream:track)%00%(upstream:remotename)%00%(upstream:remoteref) refs/heads/main refs/remotes/main [1ms]
2025-02-01 12:55:08.809 [info] > git status -z -uall [12ms]
2025-02-01 12:55:08.810 [info] > git for-each-ref --sort -committerdate --format %(refname) %(objectname) %(*objectname) [2ms]
2025-02-01 12:55:13.903 [info] > git config --get commit.template [41ms]
2025-02-01 12:55:13.905 [info] > git for-each-ref --format=%(refname)%00%(upstream:short)%00%(objectname)%00%(upstream:track)%00%(upstream:remotename)%00%(upstream:remoteref) refs/heads/main refs/remotes/main [4ms]
2025-02-01 12:55:13.961 [info] > git status -z -uall [26ms]
2025-02-01 12:55:13.965 [info] > git for-each-ref --sort -committerdate --format %(refname) %(objectname) %(*objectname) [4ms]
2025-02-01 12:55:18.995 [info] > git config --get commit.template [12ms]
2025-02-01 12:55:18.995 [info] > git for-each-ref --format=%(refname)%00%(upstream:short)%00%(objectname)%00%(upstream:track)%00%(upstream:remotename)%00%(upstream:remoteref) refs/heads/main refs/remotes/main [1ms]
2025-02-01 12:55:19.018 [info] > git status -z -uall [12ms]
2025-02-01 12:55:19.018 [info] > git for-each-ref --sort -committerdate --format %(refname) %(objectname) %(*objectname) [1ms]
2025-02-01 12:55:31.708 [info] > git config --get commit.template [12ms]
2025-02-01 12:55:31.708 [info] > git for-each-ref --format=%(refname)%00%(upstream:short)%00%(objectname)%00%(upstream:track)%00%(upstream:remotename)%00%(upstream:remoteref) refs/heads/main refs/remotes/main [1ms]
2025-02-01 12:55:31.734 [info] > git status -z -uall [12ms]
2025-02-01 12:55:31.735 [info] > git for-each-ref --sort -committerdate --format %(refname) %(objectname) %(*objectname) [2ms]
2025-02-01 12:55:39.490 [info] > git config --get commit.template [14ms]
2025-02-01 12:55:39.491 [info] > git for-each-ref --format=%(refname)%00%(upstream:short)%00%(objectname)%00%(upstream:track)%00%(upstream:remotename)%00%(upstream:remoteref) refs/heads/main refs/remotes/main [2ms]
2025-02-01 12:55:39.519 [info] > git status -z -uall [14ms]
2025-02-01 12:55:39.520 [info] > git for-each-ref --sort -committerdate --format %(refname) %(objectname) %(*objectname) [2ms]
2025-02-01 12:55:44.568 [info] > git config --get commit.template [11ms]
2025-02-01 12:55:44.569 [info] > git for-each-ref --format=%(refname)%00%(upstream:short)%00%(objectname)%00%(upstream:track)%00%(upstream:remotename)%00%(upstream:remoteref) refs/heads/main refs/remotes/main [1ms]
2025-02-01 12:55:44.591 [info] > git status -z -uall [11ms]
2025-02-01 12:55:44.592 [info] > git for-each-ref --sort -committerdate --format %(refname) %(objectname) %(*objectname) [1ms]
2025-02-01 12:55:49.622 [info] > git config --get commit.template [12ms]
2025-02-01 12:55:49.623 [info] > git for-each-ref --format=%(refname)%00%(upstream:short)%00%(objectname)%00%(upstream:track)%00%(upstream:remotename)%00%(upstream:remoteref) refs/heads/main refs/remotes/main [1ms]
2025-02-01 12:55:49.646 [info] > git status -z -uall [12ms]
2025-02-01 12:55:49.648 [info] > git for-each-ref --sort -committerdate --format %(refname) %(objectname) %(*objectname) [2ms]
2025-02-01 12:55:56.615 [info] > git config --get commit.template [1ms]
2025-02-01 12:55:56.628 [info] > git for-each-ref --format=%(refname)%00%(upstream:short)%00%(objectname)%00%(upstream:track)%00%(upstream:remotename)%00%(upstream:remoteref) refs/heads/main refs/remotes/main [1ms]
2025-02-01 12:55:56.651 [info] > git status -z -uall [11ms]
2025-02-01 12:55:56.651 [info] > git for-each-ref --sort -committerdate --format %(refname) %(objectname) %(*objectname) [1ms]
2025-02-01 12:56:27.592 [info] > git config --get commit.template [14ms]
2025-02-01 12:56:27.593 [info] > git for-each-ref --format=%(refname)%00%(upstream:short)%00%(objectname)%00%(upstream:track)%00%(upstream:remotename)%00%(upstream:remoteref) refs/heads/main refs/remotes/main [2ms]
2025-02-01 12:56:27.619 [info] > git status -z -uall [13ms]
2025-02-01 12:56:27.620 [info] > git for-each-ref --sort -committerdate --format %(refname) %(objectname) %(*objectname) [1ms]
2025-02-01 12:56:32.820 [info] > git config --get commit.template [12ms]
2025-02-01 12:56:32.821 [info] > git for-each-ref --format=%(refname)%00%(upstream:short)%00%(objectname)%00%(upstream:track)%00%(upstream:remotename)%00%(upstream:remoteref) refs/heads/main refs/remotes/main [2ms]
2025-02-01 12:56:32.844 [info] > git status -z -uall [12ms]
2025-02-01 12:56:32.845 [info] > git for-each-ref --sort -committerdate --format %(refname) %(objectname) %(*objectname) [1ms]
2025-02-01 12:57:06.603 [info] > git config --get commit.template [40ms]
2025-02-01 12:57:06.606 [info] > git for-each-ref --format=%(refname)%00%(upstream:short)%00%(objectname)%00%(upstream:track)%00%(upstream:remotename)%00%(upstream:remoteref) refs/heads/main refs/remotes/main [5ms]
2025-02-01 12:57:06.672 [info] > git status -z -uall [40ms]
2025-02-01 12:57:06.672 [info] > git for-each-ref --sort -committerdate --format %(refname) %(objectname) %(*objectname) [19ms]
2025-02-01 12:57:11.701 [info] > git config --get commit.template [11ms]
2025-02-01 12:57:11.702 [info] > git for-each-ref --format=%(refname)%00%(upstream:short)%00%(objectname)%00%(upstream:track)%00%(upstream:remotename)%00%(upstream:remoteref) refs/heads/main refs/remotes/main [1ms]
2025-02-01 12:57:11.728 [info] > git status -z -uall [13ms]
2025-02-01 12:57:11.729 [info] > git for-each-ref --sort -committerdate --format %(refname) %(objectname) %(*objectname) [2ms]
2025-02-01 12:57:16.770 [info] > git config --get commit.template [20ms]
2025-02-01 12:57:16.771 [info] > git for-each-ref --format=%(refname)%00%(upstream:short)%00%(objectname)%00%(upstream:track)%00%(upstream:remotename)%00%(upstream:remoteref) refs/heads/main refs/remotes/main [2ms]
2025-02-01 12:57:16.811 [info] > git status -z -uall [20ms]
2025-02-01 12:57:16.812 [info] > git for-each-ref --sort -committerdate --format %(refname) %(objectname) %(*objectname) [2ms]
2025-02-01 12:57:21.844 [info] > git config --get commit.template [13ms]
2025-02-01 12:57:21.844 [info] > git for-each-ref --format=%(refname)%00%(upstream:short)%00%(objectname)%00%(upstream:track)%00%(upstream:remotename)%00%(upstream:remoteref) refs/heads/main refs/remotes/main [1ms]
2025-02-01 12:57:21.868 [info] > git status -z -uall [12ms]
2025-02-01 12:57:21.869 [info] > git for-each-ref --sort -committerdate --format %(refname) %(objectname) %(*objectname) [1ms]
2025-02-01 12:57:26.920 [info] > git config --get commit.template [11ms]
2025-02-01 12:57:26.921 [info] > git for-each-ref --format=%(refname)%00%(upstream:short)%00%(objectname)%00%(upstream:track)%00%(upstream:remotename)%00%(upstream:remoteref) refs/heads/main refs/remotes/main [1ms]
2025-02-01 12:57:26.943 [info] > git status -z -uall [11ms]
2025-02-01 12:57:26.944 [info] > git for-each-ref --sort -committerdate --format %(refname) %(objectname) %(*objectname) [1ms]
2025-02-01 12:57:36.593 [info] > git config --get commit.template [2ms]
2025-02-01 12:57:36.605 [info] > git for-each-ref --format=%(refname)%00%(upstream:short)%00%(objectname)%00%(upstream:track)%00%(upstream:remotename)%00%(upstream:remoteref) refs/heads/main refs/remotes/main [1ms]
2025-02-01 12:57:36.629 [info] > git status -z -uall [12ms]
2025-02-01 12:57:36.629 [info] > git for-each-ref --sort -committerdate --format %(refname) %(objectname) %(*objectname) [1ms]
2025-02-01 12:57:43.914 [info] > git config --get commit.template [11ms]
2025-02-01 12:57:43.915 [info] > git for-each-ref --format=%(refname)%00%(upstream:short)%00%(objectname)%00%(upstream:track)%00%(upstream:remotename)%00%(upstream:remoteref) refs/heads/main refs/remotes/main [1ms]
2025-02-01 12:57:43.937 [info] > git status -z -uall [11ms]
2025-02-01 12:57:43.938 [info] > git for-each-ref --sort -committerdate --format %(refname) %(objectname) %(*objectname) [2ms]
2025-02-01 12:57:48.954 [info] > git config --get commit.template [1ms]
2025-02-01 12:57:48.968 [info] > git for-each-ref --format=%(refname)%00%(upstream:short)%00%(objectname)%00%(upstream:track)%00%(upstream:remotename)%00%(upstream:remoteref) refs/heads/main refs/remotes/main [1ms]
2025-02-01 12:57:48.995 [info] > git status -z -uall [14ms]
2025-02-01 12:57:48.995 [info] > git for-each-ref --sort -committerdate --format %(refname) %(objectname) %(*objectname) [1ms]
2025-02-01 12:57:54.051 [info] > git config --get commit.template [28ms]
2025-02-01 12:57:54.052 [info] > git for-each-ref --format=%(refname)%00%(upstream:short)%00%(objectname)%00%(upstream:track)%00%(upstream:remotename)%00%(upstream:remoteref) refs/heads/main refs/remotes/main [4ms]
2025-02-01 12:57:54.100 [info] > git status -z -uall [22ms]
2025-02-01 12:57:54.103 [info] > git for-each-ref --sort -committerdate --format %(refname) %(objectname) %(*objectname) [4ms]
2025-02-01 12:57:59.128 [info] > git config --get commit.template [11ms]
2025-02-01 12:57:59.129 [info] > git for-each-ref --format=%(refname)%00%(upstream:short)%00%(objectname)%00%(upstream:track)%00%(upstream:remotename)%00%(upstream:remoteref) refs/heads/main refs/remotes/main [1ms]
2025-02-01 12:57:59.152 [info] > git status -z -uall [11ms]
2025-02-01 12:57:59.153 [info] > git for-each-ref --sort -committerdate --format %(refname) %(objectname) %(*objectname) [1ms]
2025-02-01 12:58:04.181 [info] > git config --get commit.template [11ms]
2025-02-01 12:58:04.181 [info] > git for-each-ref --format=%(refname)%00%(upstream:short)%00%(objectname)%00%(upstream:track)%00%(upstream:remotename)%00%(upstream:remoteref) refs/heads/main refs/remotes/main [1ms]
2025-02-01 12:58:04.204 [info] > git status -z -uall [11ms]
2025-02-01 12:58:04.205 [info] > git for-each-ref --sort -committerdate --format %(refname) %(objectname) %(*objectname) [1ms]
2025-02-01 12:58:12.586 [info] > git config --get commit.template [3ms]
2025-02-01 12:58:12.609 [info] > git for-each-ref --format=%(refname)%00%(upstream:short)%00%(objectname)%00%(upstream:track)%00%(upstream:remotename)%00%(upstream:remoteref) refs/heads/main refs/remotes/main [2ms]
2025-02-01 12:58:12.655 [info] > git status -z -uall [23ms]
2025-02-01 12:58:12.656 [info] > git for-each-ref --sort -committerdate --format %(refname) %(objectname) %(*objectname) [2ms]
2025-02-01 12:58:17.718 [info] > git config --get commit.template [7ms]
2025-02-01 12:58:17.752 [info] > git for-each-ref --format=%(refname)%00%(upstream:short)%00%(objectname)%00%(upstream:track)%00%(upstream:remotename)%00%(upstream:remoteref) refs/heads/main refs/remotes/main [2ms]
2025-02-01 12:58:17.784 [info] > git status -z -uall [15ms]
2025-02-01 12:58:17.784 [info] > git for-each-ref --sort -committerdate --format %(refname) %(objectname) %(*objectname) [1ms]
2025-02-01 12:58:22.814 [info] > git config --get commit.template [11ms]
2025-02-01 12:58:22.815 [info] > git for-each-ref --format=%(refname)%00%(upstream:short)%00%(objectname)%00%(upstream:track)%00%(upstream:remotename)%00%(upstream:remoteref) refs/heads/main refs/remotes/main [1ms]
2025-02-01 12:58:22.838 [info] > git status -z -uall [12ms]
2025-02-01 12:58:22.839 [info] > git for-each-ref --sort -committerdate --format %(refname) %(objectname) %(*objectname) [1ms]
2025-02-01 12:58:35.801 [info] > git config --get commit.template [12ms]
2025-02-01 12:58:35.801 [info] > git for-each-ref --format=%(refname)%00%(upstream:short)%00%(objectname)%00%(upstream:track)%00%(upstream:remotename)%00%(upstream:remoteref) refs/heads/main refs/remotes/main [1ms]
2025-02-01 12:58:35.825 [info] > git status -z -uall [12ms]
2025-02-01 12:58:35.826 [info] > git for-each-ref --sort -committerdate --format %(refname) %(objectname) %(*objectname) [2ms]
2025-02-01 12:58:40.875 [info] > git config --get commit.template [11ms]
2025-02-01 12:58:40.876 [info] > git for-each-ref --format=%(refname)%00%(upstream:short)%00%(objectname)%00%(upstream:track)%00%(upstream:remotename)%00%(upstream:remoteref) refs/heads/main refs/remotes/main [1ms]
2025-02-01 12:58:40.899 [info] > git status -z -uall [12ms]
2025-02-01 12:58:40.900 [info] > git for-each-ref --sort -committerdate --format %(refname) %(objectname) %(*objectname) [1ms]
2025-02-01 12:58:45.967 [info] > git config --get commit.template [25ms]
2025-02-01 12:58:45.971 [info] > git for-each-ref --format=%(refname)%00%(upstream:short)%00%(objectname)%00%(upstream:track)%00%(upstream:remotename)%00%(upstream:remoteref) refs/heads/main refs/remotes/main [5ms]
2025-02-01 12:58:46.005 [info] > git status -z -uall [16ms]
2025-02-01 12:58:46.006 [info] > git for-each-ref --sort -committerdate --format %(refname) %(objectname) %(*objectname) [1ms]
2025-02-01 12:58:51.056 [info] > git config --get commit.template [15ms]
2025-02-01 12:58:51.056 [info] > git for-each-ref --format=%(refname)%00%(upstream:short)%00%(objectname)%00%(upstream:track)%00%(upstream:remotename)%00%(upstream:remoteref) refs/heads/main refs/remotes/main [1ms]
2025-02-01 12:58:51.082 [info] > git status -z -uall [12ms]
2025-02-01 12:58:51.083 [info] > git for-each-ref --sort -committerdate --format %(refname) %(objectname) %(*objectname) [2ms]
2025-02-01 12:58:56.111 [info] > git config --get commit.template [15ms]
2025-02-01 12:58:56.117 [info] > git for-each-ref --format=%(refname)%00%(upstream:short)%00%(objectname)%00%(upstream:track)%00%(upstream:remotename)%00%(upstream:remoteref) refs/heads/main refs/remotes/main [6ms]
2025-02-01 12:58:56.148 [info] > git status -z -uall [14ms]
2025-02-01 12:58:56.151 [info] > git for-each-ref --sort -committerdate --format %(refname) %(objectname) %(*objectname) [3ms]
2025-02-01 12:59:01.186 [info] > git config --get commit.template [14ms]
2025-02-01 12:59:01.187 [info] > git for-each-ref --format=%(refname)%00%(upstream:short)%00%(objectname)%00%(upstream:track)%00%(upstream:remotename)%00%(upstream:remoteref) refs/heads/main refs/remotes/main [2ms]
2025-02-01 12:59:01.214 [info] > git status -z -uall [14ms]
2025-02-01 12:59:01.215 [info] > git for-each-ref --sort -committerdate --format %(refname) %(objectname) %(*objectname) [2ms]
2025-02-01 12:59:06.296 [info] > git config --get commit.template [35ms]
2025-02-01 12:59:06.301 [info] > git for-each-ref --format=%(refname)%00%(upstream:short)%00%(objectname)%00%(upstream:track)%00%(upstream:remotename)%00%(upstream:remoteref) refs/heads/main refs/remotes/main [7ms]
2025-02-01 12:59:06.341 [info] > git status -z -uall [15ms]
2025-02-01 12:59:06.342 [info] > git for-each-ref --sort -committerdate --format %(refname) %(objectname) %(*objectname) [2ms]
2025-02-01 12:59:11.370 [info] > git config --get commit.template [11ms]
2025-02-01 12:59:11.371 [info] > git for-each-ref --format=%(refname)%00%(upstream:short)%00%(objectname)%00%(upstream:track)%00%(upstream:remotename)%00%(upstream:remoteref) refs/heads/main refs/remotes/main [1ms]
2025-02-01 12:59:11.395 [info] > git status -z -uall [12ms]
2025-02-01 12:59:11.396 [info] > git for-each-ref --sort -committerdate --format %(refname) %(objectname) %(*objectname) [2ms]
2025-02-01 12:59:20.689 [info] > git config --get commit.template [26ms]
2025-02-01 12:59:20.690 [info] > git for-each-ref --format=%(refname)%00%(upstream:short)%00%(objectname)%00%(upstream:track)%00%(upstream:remotename)%00%(upstream:remoteref) refs/heads/main refs/remotes/main [2ms]
2025-02-01 12:59:20.741 [info] > git status -z -uall [26ms]
2025-02-01 12:59:20.743 [info] > git for-each-ref --sort -committerdate --format %(refname) %(objectname) %(*objectname) [3ms]
2025-02-01 12:59:25.819 [info] > git config --get commit.template [35ms]
2025-02-01 12:59:25.821 [info] > git for-each-ref --format=%(refname)%00%(upstream:short)%00%(objectname)%00%(upstream:track)%00%(upstream:remotename)%00%(upstream:remoteref) refs/heads/main refs/remotes/main [3ms]
2025-02-01 12:59:25.870 [info] > git status -z -uall [23ms]
2025-02-01 12:59:25.872 [info] > git for-each-ref --sort -committerdate --format %(refname) %(objectname) %(*objectname) [2ms]
2025-02-01 13:00:18.577 [info] > git config --get commit.template [29ms]
2025-02-01 13:00:18.577 [info] > git for-each-ref --format=%(refname)%00%(upstream:short)%00%(objectname)%00%(upstream:track)%00%(upstream:remotename)%00%(upstream:remoteref) refs/heads/main refs/remotes/main [2ms]
2025-02-01 13:00:18.622 [info] > git status -z -uall [19ms]
2025-02-01 13:00:18.623 [info] > git for-each-ref --sort -committerdate --format %(refname) %(objectname) %(*objectname) [2ms]
2025-02-01 13:00:23.675 [info] > git config --get commit.template [11ms]
2025-02-01 13:00:23.689 [info] > git for-each-ref --format=%(refname)%00%(upstream:short)%00%(objectname)%00%(upstream:track)%00%(upstream:remotename)%00%(upstream:remoteref) refs/heads/main refs/remotes/main [15ms]
2025-02-01 13:00:23.716 [info] > git status -z -uall [15ms]
2025-02-01 13:00:23.717 [info] > git for-each-ref --sort -committerdate --format %(refname) %(objectname) %(*objectname) [2ms]
2025-02-01 13:02:08.166 [info] > git config --get commit.template [4ms]
2025-02-01 13:02:08.205 [info] > git for-each-ref --format=%(refname)%00%(upstream:short)%00%(objectname)%00%(upstream:track)%00%(upstream:remotename)%00%(upstream:remoteref) refs/heads/main refs/remotes/main [11ms]
2025-02-01 13:02:08.240 [info] > git status -z -uall [15ms]
2025-02-01 13:02:08.240 [info] > git for-each-ref --sort -committerdate --format %(refname) %(objectname) %(*objectname) [1ms]
2025-02-01 13:02:22.476 [info] > git config --get commit.template [11ms]
2025-02-01 13:02:22.476 [info] > git for-each-ref --format=%(refname)%00%(upstream:short)%00%(objectname)%00%(upstream:track)%00%(upstream:remotename)%00%(upstream:remoteref) refs/heads/main refs/remotes/main [1ms]
2025-02-01 13:02:22.499 [info] > git status -z -uall [12ms]
2025-02-01 13:02:22.500 [info] > git for-each-ref --sort -committerdate --format %(refname) %(objectname) %(*objectname) [1ms]
2025-02-01 13:02:27.529 [info] > git config --get commit.template [13ms]
2025-02-01 13:02:27.530 [info] > git for-each-ref --format=%(refname)%00%(upstream:short)%00%(objectname)%00%(upstream:track)%00%(upstream:remotename)%00%(upstream:remoteref) refs/heads/main refs/remotes/main [1ms]
2025-02-01 13:02:27.557 [info] > git status -z -uall [13ms]
2025-02-01 13:02:27.558 [info] > git for-each-ref --sort -committerdate --format %(refname) %(objectname) %(*objectname) [1ms]
2025-02-01 13:02:49.616 [info] > git config --get commit.template [11ms]
2025-02-01 13:02:49.617 [info] > git for-each-ref --format=%(refname)%00%(upstream:short)%00%(objectname)%00%(upstream:track)%00%(upstream:remotename)%00%(upstream:remoteref) refs/heads/main refs/remotes/main [2ms]
2025-02-01 13:02:49.642 [info] > git status -z -uall [13ms]
2025-02-01 13:02:49.643 [info] > git for-each-ref --sort -committerdate --format %(refname) %(objectname) %(*objectname) [1ms]
2025-02-01 13:02:55.761 [info] > git config --get commit.template [2ms]
2025-02-01 13:02:55.777 [info] > git for-each-ref --format=%(refname)%00%(upstream:short)%00%(objectname)%00%(upstream:track)%00%(upstream:remotename)%00%(upstream:remoteref) refs/heads/main refs/remotes/main [2ms]
2025-02-01 13:02:55.802 [info] > git status -z -uall [12ms]
2025-02-01 13:02:55.802 [info] > git for-each-ref --sort -committerdate --format %(refname) %(objectname) %(*objectname) [1ms]
2025-02-01 13:03:00.852 [info] > git config --get commit.template [11ms]
2025-02-01 13:03:00.853 [info] > git for-each-ref --format=%(refname)%00%(upstream:short)%00%(objectname)%00%(upstream:track)%00%(upstream:remotename)%00%(upstream:remoteref) refs/heads/main refs/remotes/main [1ms]
2025-02-01 13:03:00.876 [info] > git status -z -uall [11ms]
2025-02-01 13:03:00.877 [info] > git for-each-ref --sort -committerdate --format %(refname) %(objectname) %(*objectname) [1ms]
2025-02-01 13:03:05.906 [info] > git config --get commit.template [11ms]
2025-02-01 13:03:05.907 [info] > git for-each-ref --format=%(refname)%00%(upstream:short)%00%(objectname)%00%(upstream:track)%00%(upstream:remotename)%00%(upstream:remoteref) refs/heads/main refs/remotes/main [2ms]
2025-02-01 13:03:05.929 [info] > git status -z -uall [11ms]
2025-02-01 13:03:05.930 [info] > git for-each-ref --sort -committerdate --format %(refname) %(objectname) %(*objectname) [1ms]
2025-02-01 13:03:22.865 [info] > git config --get commit.template [11ms]
2025-02-01 13:03:22.866 [info] > git for-each-ref --format=%(refname)%00%(upstream:short)%00%(objectname)%00%(upstream:track)%00%(upstream:remotename)%00%(upstream:remoteref) refs/heads/main refs/remotes/main [1ms]
2025-02-01 13:03:22.889 [info] > git status -z -uall [12ms]
2025-02-01 13:03:22.890 [info] > git for-each-ref --sort -committerdate --format %(refname) %(objectname) %(*objectname) [1ms]
2025-02-01 13:03:30.842 [info] > git config --get commit.template [12ms]
2025-02-01 13:03:30.842 [info] > git for-each-ref --format=%(refname)%00%(upstream:short)%00%(objectname)%00%(upstream:track)%00%(upstream:remotename)%00%(upstream:remoteref) refs/heads/main refs/remotes/main [1ms]
2025-02-01 13:03:30.865 [info] > git status -z -uall [12ms]
2025-02-01 13:03:30.866 [info] > git for-each-ref --sort -committerdate --format %(refname) %(objectname) %(*objectname) [2ms]
2025-02-01 13:04:29.570 [info] > git config --get commit.template [12ms]
2025-02-01 13:04:29.571 [info] > git for-each-ref --format=%(refname)%00%(upstream:short)%00%(objectname)%00%(upstream:track)%00%(upstream:remotename)%00%(upstream:remoteref) refs/heads/main refs/remotes/main [2ms]
2025-02-01 13:04:29.595 [info] > git status -z -uall [13ms]
2025-02-01 13:04:29.596 [info] > git for-each-ref --sort -committerdate --format %(refname) %(objectname) %(*objectname) [2ms]
2025-02-01 13:06:29.577 [info] > git config --get commit.template [28ms]
2025-02-01 13:06:29.577 [info] > git for-each-ref --format=%(refname)%00%(upstream:short)%00%(objectname)%00%(upstream:track)%00%(upstream:remotename)%00%(upstream:remoteref) refs/heads/main refs/remotes/main [2ms]
2025-02-01 13:06:29.606 [info] > git status -z -uall [15ms]
2025-02-01 13:06:29.608 [info] > git for-each-ref --sort -committerdate --format %(refname) %(objectname) %(*objectname) [2ms]
2025-02-01 13:06:34.632 [info] > git config --get commit.template [12ms]
2025-02-01 13:06:34.633 [info] > git for-each-ref --format=%(refname)%00%(upstream:short)%00%(objectname)%00%(upstream:track)%00%(upstream:remotename)%00%(upstream:remoteref) refs/heads/main refs/remotes/main [1ms]
2025-02-01 13:06:34.656 [info] > git status -z -uall [12ms]
2025-02-01 13:06:34.657 [info] > git for-each-ref --sort -committerdate --format %(refname) %(objectname) %(*objectname) [1ms]
2025-02-01 13:06:39.735 [info] > git config --get commit.template [33ms]
2025-02-01 13:06:39.736 [info] > git for-each-ref --format=%(refname)%00%(upstream:short)%00%(objectname)%00%(upstream:track)%00%(upstream:remotename)%00%(upstream:remoteref) refs/heads/main refs/remotes/main [2ms]
2025-02-01 13:06:39.766 [info] > git status -z -uall [15ms]
2025-02-01 13:06:39.769 [info] > git for-each-ref --sort -committerdate --format %(refname) %(objectname) %(*objectname) [4ms]
2025-02-01 13:06:44.811 [info] > git config --get commit.template [15ms]
2025-02-01 13:06:44.811 [info] > git for-each-ref --format=%(refname)%00%(upstream:short)%00%(objectname)%00%(upstream:track)%00%(upstream:remotename)%00%(upstream:remoteref) refs/heads/main refs/remotes/main [1ms]
2025-02-01 13:06:44.838 [info] > git status -z -uall [13ms]
2025-02-01 13:06:44.839 [info] > git for-each-ref --sort -committerdate --format %(refname) %(objectname) %(*objectname) [1ms]
2025-02-01 13:06:49.863 [info] > git config --get commit.template [12ms]
2025-02-01 13:06:49.863 [info] > git for-each-ref --format=%(refname)%00%(upstream:short)%00%(objectname)%00%(upstream:track)%00%(upstream:remotename)%00%(upstream:remoteref) refs/heads/main refs/remotes/main [1ms]
2025-02-01 13:06:49.886 [info] > git status -z -uall [12ms]
2025-02-01 13:06:49.887 [info] > git for-each-ref --sort -committerdate --format %(refname) %(objectname) %(*objectname) [2ms]
2025-02-01 13:06:54.916 [info] > git config --get commit.template [11ms]
2025-02-01 13:06:54.917 [info] > git for-each-ref --format=%(refname)%00%(upstream:short)%00%(objectname)%00%(upstream:track)%00%(upstream:remotename)%00%(upstream:remoteref) refs/heads/main refs/remotes/main [2ms]
2025-02-01 13:06:54.939 [info] > git status -z -uall [11ms]
2025-02-01 13:06:54.940 [info] > git for-each-ref --sort -committerdate --format %(refname) %(objectname) %(*objectname) [1ms]
2025-02-01 13:07:03.983 [info] > git config --get commit.template [12ms]
2025-02-01 13:07:03.983 [info] > git for-each-ref --format=%(refname)%00%(upstream:short)%00%(objectname)%00%(upstream:track)%00%(upstream:remotename)%00%(upstream:remoteref) refs/heads/main refs/remotes/main [1ms]
2025-02-01 13:07:04.007 [info] > git status -z -uall [12ms]
2025-02-01 13:07:04.008 [info] > git for-each-ref --sort -committerdate --format %(refname) %(objectname) %(*objectname) [1ms]
2025-02-01 13:07:19.404 [info] > git config --get commit.template [41ms]
2025-02-01 13:07:19.407 [info] > git for-each-ref --format=%(refname)%00%(upstream:short)%00%(objectname)%00%(upstream:track)%00%(upstream:remotename)%00%(upstream:remoteref) refs/heads/main refs/remotes/main [4ms]
2025-02-01 13:07:19.443 [info] > git status -z -uall [11ms]
2025-02-01 13:07:19.444 [info] > git for-each-ref --sort -committerdate --format %(refname) %(objectname) %(*objectname) [2ms]
2025-02-01 13:07:36.468 [info] > git config --get commit.template [2ms]
2025-02-01 13:07:36.484 [info] > git for-each-ref --format=%(refname)%00%(upstream:short)%00%(objectname)%00%(upstream:track)%00%(upstream:remotename)%00%(upstream:remoteref) refs/heads/main refs/remotes/main [2ms]
2025-02-01 13:07:36.511 [info] > git status -z -uall [14ms]
2025-02-01 13:07:36.511 [info] > git for-each-ref --sort -committerdate --format %(refname) %(objectname) %(*objectname) [1ms]
2025-02-01 13:07:41.540 [info] > git config --get commit.template [11ms]
2025-02-01 13:07:41.541 [info] > git for-each-ref --format=%(refname)%00%(upstream:short)%00%(objectname)%00%(upstream:track)%00%(upstream:remotename)%00%(upstream:remoteref) refs/heads/main refs/remotes/main [1ms]
2025-02-01 13:07:41.563 [info] > git status -z -uall [11ms]
2025-02-01 13:07:41.564 [info] > git for-each-ref --sort -committerdate --format %(refname) %(objectname) %(*objectname) [1ms]
2025-02-01 13:07:46.596 [info] > git config --get commit.template [11ms]
2025-02-01 13:07:46.597 [info] > git for-each-ref --format=%(refname)%00%(upstream:short)%00%(objectname)%00%(upstream:track)%00%(upstream:remotename)%00%(upstream:remoteref) refs/heads/main refs/remotes/main [1ms]
2025-02-01 13:07:46.620 [info] > git status -z -uall [12ms]
2025-02-01 13:07:46.620 [info] > git for-each-ref --sort -committerdate --format %(refname) %(objectname) %(*objectname) [1ms]
2025-02-01 13:08:16.929 [info] > git config --get commit.template [13ms]
2025-02-01 13:08:16.930 [info] > git for-each-ref --format=%(refname)%00%(upstream:short)%00%(objectname)%00%(upstream:track)%00%(upstream:remotename)%00%(upstream:remoteref) refs/heads/main refs/remotes/main [1ms]
2025-02-01 13:08:16.955 [info] > git status -z -uall [13ms]
2025-02-01 13:08:16.955 [info] > git for-each-ref --sort -committerdate --format %(refname) %(objectname) %(*objectname) [1ms]
2025-02-01 13:08:25.476 [info] > git config --get commit.template [13ms]
2025-02-01 13:08:25.476 [info] > git for-each-ref --format=%(refname)%00%(upstream:short)%00%(objectname)%00%(upstream:track)%00%(upstream:remotename)%00%(upstream:remoteref) refs/heads/main refs/remotes/main [1ms]
2025-02-01 13:08:25.502 [info] > git status -z -uall [13ms]
2025-02-01 13:08:25.503 [info] > git for-each-ref --sort -committerdate --format %(refname) %(objectname) %(*objectname) [2ms]
2025-02-01 13:08:30.555 [info] > git config --get commit.template [4ms]
2025-02-01 13:08:30.592 [info] > git for-each-ref --format=%(refname)%00%(upstream:short)%00%(objectname)%00%(upstream:track)%00%(upstream:remotename)%00%(upstream:remoteref) refs/heads/main refs/remotes/main [9ms]
2025-02-01 13:08:30.623 [info] > git status -z -uall [14ms]
2025-02-01 13:08:30.624 [info] > git for-each-ref --sort -committerdate --format %(refname) %(objectname) %(*objectname) [1ms]
2025-02-01 13:08:35.675 [info] > git config --get commit.template [12ms]
2025-02-01 13:08:35.676 [info] > git for-each-ref --format=%(refname)%00%(upstream:short)%00%(objectname)%00%(upstream:track)%00%(upstream:remotename)%00%(upstream:remoteref) refs/heads/main refs/remotes/main [1ms]
2025-02-01 13:08:35.703 [info] > git status -z -uall [13ms]
2025-02-01 13:08:35.704 [info] > git for-each-ref --sort -committerdate --format %(refname) %(objectname) %(*objectname) [2ms]
2025-02-01 13:08:40.735 [info] > git config --get commit.template [12ms]
2025-02-01 13:08:40.735 [info] > git for-each-ref --format=%(refname)%00%(upstream:short)%00%(objectname)%00%(upstream:track)%00%(upstream:remotename)%00%(upstream:remoteref) refs/heads/main refs/remotes/main [1ms]
2025-02-01 13:08:40.759 [info] > git status -z -uall [12ms]
2025-02-01 13:08:40.759 [info] > git for-each-ref --sort -committerdate --format %(refname) %(objectname) %(*objectname) [1ms]
2025-02-01 13:08:45.777 [info] > git config --get commit.template [2ms]
2025-02-01 13:08:45.803 [info] > git for-each-ref --format=%(refname)%00%(upstream:short)%00%(objectname)%00%(upstream:track)%00%(upstream:remotename)%00%(upstream:remoteref) refs/heads/main refs/remotes/main [12ms]
2025-02-01 13:08:45.830 [info] > git status -z -uall [13ms]
2025-02-01 13:08:45.831 [info] > git for-each-ref --sort -committerdate --format %(refname) %(objectname) %(*objectname) [1ms]
2025-02-01 13:08:50.882 [info] > git config --get commit.template [17ms]
2025-02-01 13:08:50.883 [info] > git for-each-ref --format=%(refname)%00%(upstream:short)%00%(objectname)%00%(upstream:track)%00%(upstream:remotename)%00%(upstream:remoteref) refs/heads/main refs/remotes/main [2ms]
2025-02-01 13:08:50.912 [info] > git status -z -uall [13ms]
2025-02-01 13:08:50.913 [info] > git for-each-ref --sort -committerdate --format %(refname) %(objectname) %(*objectname) [2ms]
2025-02-01 13:08:55.930 [info] > git config --get commit.template [3ms]
2025-02-01 13:08:55.946 [info] > git for-each-ref --format=%(refname)%00%(upstream:short)%00%(objectname)%00%(upstream:track)%00%(upstream:remotename)%00%(upstream:remoteref) refs/heads/main refs/remotes/main [2ms]
2025-02-01 13:08:55.973 [info] > git status -z -uall [14ms]
2025-02-01 13:08:55.974 [info] > git for-each-ref --sort -committerdate --format %(refname) %(objectname) %(*objectname) [2ms]
2025-02-01 13:09:01.029 [info] > git config --get commit.template [3ms]
2025-02-01 13:09:01.058 [info] > git for-each-ref --format=%(refname)%00%(upstream:short)%00%(objectname)%00%(upstream:track)%00%(upstream:remotename)%00%(upstream:remoteref) refs/heads/main refs/remotes/main [2ms]
2025-02-01 13:09:01.092 [info] > git status -z -uall [15ms]
2025-02-01 13:09:01.095 [info] > git for-each-ref --sort -committerdate --format %(refname) %(objectname) %(*objectname) [4ms]
2025-02-01 13:09:06.167 [info] > git config --get commit.template [18ms]
2025-02-01 13:09:06.195 [info] > git for-each-ref --format=%(refname)%00%(upstream:short)%00%(objectname)%00%(upstream:track)%00%(upstream:remotename)%00%(upstream:remoteref) refs/heads/main refs/remotes/main [3ms]
2025-02-01 13:09:06.229 [info] > git status -z -uall [15ms]
2025-02-01 13:09:06.230 [info] > git for-each-ref --sort -committerdate --format %(refname) %(objectname) %(*objectname) [2ms]
2025-02-01 13:09:11.263 [info] > git config --get commit.template [16ms]
2025-02-01 13:09:11.264 [info] > git for-each-ref --format=%(refname)%00%(upstream:short)%00%(objectname)%00%(upstream:track)%00%(upstream:remotename)%00%(upstream:remoteref) refs/heads/main refs/remotes/main [2ms]
2025-02-01 13:09:11.295 [info] > git status -z -uall [15ms]
2025-02-01 13:09:11.298 [info] > git for-each-ref --sort -committerdate --format %(refname) %(objectname) %(*objectname) [4ms]
2025-02-01 13:09:16.313 [info] > git config --get commit.template [1ms]
2025-02-01 13:09:16.327 [info] > git for-each-ref --format=%(refname)%00%(upstream:short)%00%(objectname)%00%(upstream:track)%00%(upstream:remotename)%00%(upstream:remoteref) refs/heads/main refs/remotes/main [1ms]
2025-02-01 13:09:16.354 [info] > git status -z -uall [13ms]
2025-02-01 13:09:16.355 [info] > git for-each-ref --sort -committerdate --format %(refname) %(objectname) %(*objectname) [1ms]
2025-02-01 13:09:21.380 [info] > git config --get commit.template [12ms]
2025-02-01 13:09:21.380 [info] > git for-each-ref --format=%(refname)%00%(upstream:short)%00%(objectname)%00%(upstream:track)%00%(upstream:remotename)%00%(upstream:remoteref) refs/heads/main refs/remotes/main [1ms]
2025-02-01 13:09:21.405 [info] > git status -z -uall [12ms]
2025-02-01 13:09:21.405 [info] > git for-each-ref --sort -committerdate --format %(refname) %(objectname) %(*objectname) [1ms]
2025-02-01 13:09:44.142 [info] > git config --get commit.template [0ms]
2025-02-01 13:09:44.155 [info] > git for-each-ref --format=%(refname)%00%(upstream:short)%00%(objectname)%00%(upstream:track)%00%(upstream:remotename)%00%(upstream:remoteref) refs/heads/main refs/remotes/main [1ms]
2025-02-01 13:09:44.177 [info] > git status -z -uall [11ms]
2025-02-01 13:09:44.178 [info] > git for-each-ref --sort -committerdate --format %(refname) %(objectname) %(*objectname) [1ms]
2025-02-01 13:10:17.509 [info] > git config --get commit.template [26ms]
2025-02-01 13:10:17.510 [info] > git for-each-ref --format=%(refname)%00%(upstream:short)%00%(objectname)%00%(upstream:track)%00%(upstream:remotename)%00%(upstream:remoteref) refs/heads/main refs/remotes/main [1ms]
2025-02-01 13:10:17.533 [info] > git status -z -uall [12ms]
2025-02-01 13:10:17.534 [info] > git for-each-ref --sort -committerdate --format %(refname) %(objectname) %(*objectname) [1ms]
2025-02-01 13:10:22.553 [info] > git config --get commit.template [2ms]
2025-02-01 13:10:22.564 [info] > git for-each-ref --format=%(refname)%00%(upstream:short)%00%(objectname)%00%(upstream:track)%00%(upstream:remotename)%00%(upstream:remoteref) refs/heads/main refs/remotes/main [1ms]
2025-02-01 13:10:22.588 [info] > git status -z -uall [12ms]
2025-02-01 13:10:22.589 [info] > git for-each-ref --sort -committerdate --format %(refname) %(objectname) %(*objectname) [2ms]
2025-02-01 13:10:49.060 [info] > git config --get commit.template [12ms]
2025-02-01 13:10:49.061 [info] > git for-each-ref --format=%(refname)%00%(upstream:short)%00%(objectname)%00%(upstream:track)%00%(upstream:remotename)%00%(upstream:remoteref) refs/heads/main refs/remotes/main [1ms]
2025-02-01 13:10:49.085 [info] > git status -z -uall [12ms]
2025-02-01 13:10:49.086 [info] > git for-each-ref --sort -committerdate --format %(refname) %(objectname) %(*objectname) [1ms]
