2025-02-03 22:12:15.761 [info] Reading sessions from keychain...
2025-02-03 22:12:15.761 [info] Getting sessions for all scopes...
2025-02-03 22:12:15.761 [info] Getting sessions for all scopes...
2025-02-03 22:12:15.761 [info] Getting sessions for all scopes...
2025-02-03 22:12:15.761 [info] Got stored sessions!
2025-02-03 22:12:15.761 [info] Got 1 verified sessions.
2025-02-03 22:12:15.761 [info] Got 1 sessions for ...
2025-02-03 22:12:15.761 [info] Got 1 sessions for ...
2025-02-03 22:12:15.761 [info] Got 1 sessions for ...
2025-02-03 22:12:15.761 [info] Getting sessions for all scopes...
2025-02-03 22:12:15.761 [info] Got 1 sessions for ...
2025-02-03 22:12:15.761 [info] Getting sessions for all scopes...
2025-02-03 22:12:15.761 [info] Got 1 sessions for ...
2025-02-03 22:12:15.761 [info] Getting sessions for all scopes...
2025-02-03 22:12:15.761 [info] Got 1 sessions for ...
2025-02-03 22:12:15.761 [info] Getting sessions for all scopes...
2025-02-03 22:12:15.761 [info] Got 1 sessions for ...
2025-02-03 22:12:15.761 [info] Getting sessions for all scopes...
2025-02-03 22:12:15.761 [info] Got 1 sessions for ...
2025-02-03 22:12:19.954 [info] Getting sessions for all scopes...
2025-02-03 22:12:19.954 [info] Got 1 sessions for ...
2025-02-03 22:12:19.957 [info] Getting sessions for user:email...
2025-02-03 22:12:19.957 [info] Got 1 sessions for user:email...
2025-02-03 22:12:20.325 [info] Getting sessions for all scopes...
2025-02-03 22:12:20.325 [info] Got 1 sessions for ...
2025-02-03 22:12:21.117 [info] Getting sessions for read:user,repo,user:email,workflow...
2025-02-03 22:12:21.117 [info] Got 0 sessions for read:user,repo,user:email,workflow...
2025-02-03 22:12:21.463 [info] Getting sessions for read:user,repo,user:email,workflow...
2025-02-03 22:12:21.463 [info] Got 0 sessions for read:user,repo,user:email,workflow...
2025-02-03 22:12:21.651 [info] Getting sessions for all scopes...
2025-02-03 22:12:21.651 [info] Got 1 sessions for ...
2025-02-03 22:12:21.651 [info] Getting sessions for all scopes...
2025-02-03 22:12:21.651 [info] Got 1 sessions for ...
2025-02-03 22:12:22.515 [info] Getting sessions for read:user...
2025-02-03 22:12:22.515 [info] Got 0 sessions for read:user...
2025-02-03 22:12:22.573 [info] Getting sessions for read:user,repo,user:email,workflow...
2025-02-03 22:12:22.573 [info] Got 0 sessions for read:user,repo,user:email,workflow...
2025-02-03 22:12:22.780 [info] Getting sessions for user:email...
2025-02-03 22:12:22.780 [info] Got 1 sessions for user:email...
2025-02-03 22:12:22.780 [info] Getting sessions for user:email...
2025-02-03 22:12:22.780 [info] Got 1 sessions for user:email...
2025-02-03 22:12:22.950 [info] Getting sessions for all scopes...
2025-02-03 22:12:22.950 [info] Got 1 sessions for ...
2025-02-03 22:12:22.950 [info] Getting sessions for all scopes...
2025-02-03 22:12:22.950 [info] Got 1 sessions for ...
2025-02-03 22:12:24.607 [info] Getting sessions for read:user,repo,user:email,workflow...
2025-02-03 22:12:24.607 [info] Got 0 sessions for read:user,repo,user:email,workflow...
2025-02-03 22:12:24.683 [info] Getting sessions for all scopes...
2025-02-03 22:12:24.683 [info] Got 1 sessions for ...
2025-02-03 22:12:24.717 [info] Getting sessions for user:email...
2025-02-03 22:12:24.717 [info] Got 1 sessions for user:email...
2025-02-03 22:12:24.777 [info] Getting sessions for read:user,repo,user:email,workflow...
2025-02-03 22:12:24.777 [info] Got 0 sessions for read:user,repo,user:email,workflow...
2025-02-03 22:12:24.811 [info] Getting sessions for all scopes...
2025-02-03 22:12:24.811 [info] Got 1 sessions for ...
2025-02-03 22:12:24.813 [info] Getting sessions for read:user,repo,user:email,workflow...
2025-02-03 22:12:24.813 [info] Got 0 sessions for read:user,repo,user:email,workflow...
2025-02-03 22:12:24.816 [info] Getting sessions for user:email...
2025-02-03 22:12:24.816 [info] Got 1 sessions for user:email...
2025-02-03 22:12:25.976 [info] Getting sessions for all scopes...
2025-02-03 22:12:25.976 [info] Got 1 sessions for ...
2025-02-03 22:12:25.976 [info] Getting sessions for all scopes...
2025-02-03 22:12:25.976 [info] Got 1 sessions for ...
2025-02-03 22:12:26.012 [info] Getting sessions for read:user,repo,user:email,workflow...
2025-02-03 22:12:26.012 [info] Got 0 sessions for read:user,repo,user:email,workflow...
2025-02-03 22:12:26.019 [info] Getting sessions for user:email...
2025-02-03 22:12:26.019 [info] Got 1 sessions for user:email...
2025-02-03 22:12:26.023 [info] Getting sessions for all scopes...
2025-02-03 22:12:26.023 [info] Got 1 sessions for ...
2025-02-03 22:12:26.026 [info] Getting sessions for read:user,repo,user:email,workflow...
2025-02-03 22:12:26.026 [info] Got 0 sessions for read:user,repo,user:email,workflow...
2025-02-03 22:12:26.029 [info] Getting sessions for user:email...
2025-02-03 22:12:26.029 [info] Got 1 sessions for user:email...
2025-02-03 22:12:26.415 [info] Getting sessions for all scopes...
2025-02-03 22:12:26.415 [info] Got 1 sessions for ...
2025-02-03 22:12:27.197 [info] Getting sessions for read:user,repo,user:email,workflow...
2025-02-03 22:12:27.197 [info] Got 0 sessions for read:user,repo,user:email,workflow...
2025-02-03 22:12:27.236 [info] Getting sessions for user:email...
2025-02-03 22:12:27.236 [info] Got 1 sessions for user:email...
