2025-02-10 21:50:40.589 [info] Reading sessions from keychain...
2025-02-10 21:50:40.589 [info] Getting sessions for all scopes...
2025-02-10 21:50:40.589 [info] Getting sessions for all scopes...
2025-02-10 21:50:40.589 [info] Getting sessions for all scopes...
2025-02-10 21:50:40.589 [info] Got stored sessions!
2025-02-10 21:50:40.589 [info] Got 1 verified sessions.
2025-02-10 21:50:40.589 [info] Got 1 sessions for ...
2025-02-10 21:50:40.589 [info] Got 1 sessions for ...
2025-02-10 21:50:40.589 [info] Got 1 sessions for ...
2025-02-10 21:50:40.589 [info] Getting sessions for user:email...
2025-02-10 21:50:40.589 [info] Got 1 sessions for user:email...
2025-02-10 21:50:40.589 [info] Getting sessions for all scopes...
2025-02-10 21:50:40.589 [info] Got 1 sessions for ...
2025-02-10 21:50:40.589 [info] Getting sessions for all scopes...
2025-02-10 21:50:40.589 [info] Got 1 sessions for ...
2025-02-10 21:50:40.589 [info] Getting sessions for all scopes...
2025-02-10 21:50:40.589 [info] Got 1 sessions for ...
2025-02-10 21:50:40.589 [info] Getting sessions for all scopes...
2025-02-10 21:50:40.589 [info] Got 1 sessions for ...
2025-02-10 21:50:40.589 [info] Getting sessions for all scopes...
2025-02-10 21:50:40.589 [info] Got 1 sessions for ...
2025-02-10 21:50:40.589 [info] Getting sessions for all scopes...
2025-02-10 21:50:40.589 [info] Got 1 sessions for ...
2025-02-10 21:50:42.735 [info] Getting sessions for read:user,repo,user:email,workflow...
2025-02-10 21:50:42.735 [info] Got 0 sessions for read:user,repo,user:email,workflow...
2025-02-10 21:50:42.735 [info] Getting sessions for all scopes...
2025-02-10 21:50:42.735 [info] Got 1 sessions for ...
2025-02-10 21:50:42.735 [info] Getting sessions for all scopes...
2025-02-10 21:50:42.735 [info] Got 1 sessions for ...
2025-02-10 21:50:42.875 [info] Getting sessions for read:user...
2025-02-10 21:50:42.875 [info] Got 0 sessions for read:user...
2025-02-10 21:50:42.875 [info] Getting sessions for read:user,repo,user:email,workflow...
2025-02-10 21:50:42.875 [info] Got 0 sessions for read:user,repo,user:email,workflow...
2025-02-10 21:50:42.928 [info] Getting sessions for user:email...
2025-02-10 21:50:42.928 [info] Got 1 sessions for user:email...
2025-02-10 21:50:42.928 [info] Getting sessions for user:email...
2025-02-10 21:50:42.928 [info] Got 1 sessions for user:email...
2025-02-10 21:50:42.939 [info] Getting sessions for all scopes...
2025-02-10 21:50:42.939 [info] Got 1 sessions for ...
2025-02-10 21:50:44.587 [info] Getting sessions for read:user,repo,user:email,workflow...
2025-02-10 21:50:44.587 [info] Got 0 sessions for read:user,repo,user:email,workflow...
2025-02-10 21:50:44.657 [info] Getting sessions for user:email...
2025-02-10 21:50:44.657 [info] Got 1 sessions for user:email...
2025-02-10 21:50:44.662 [info] Getting sessions for all scopes...
2025-02-10 21:50:44.662 [info] Got 1 sessions for ...
2025-02-10 21:50:44.666 [info] Getting sessions for read:user,repo,user:email,workflow...
2025-02-10 21:50:44.666 [info] Got 0 sessions for read:user,repo,user:email,workflow...
2025-02-10 21:50:44.669 [info] Getting sessions for user:email...
2025-02-10 21:50:44.669 [info] Got 1 sessions for user:email...
2025-02-10 21:50:45.548 [info] Getting sessions for all scopes...
2025-02-10 21:50:45.548 [info] Got 1 sessions for ...
2025-02-10 21:50:45.548 [info] Getting sessions for all scopes...
2025-02-10 21:50:45.548 [info] Got 1 sessions for ...
2025-02-10 21:50:45.553 [info] Getting sessions for read:user,repo,user:email,workflow...
2025-02-10 21:50:45.553 [info] Got 0 sessions for read:user,repo,user:email,workflow...
2025-02-10 21:50:45.556 [info] Getting sessions for user:email...
2025-02-10 21:50:45.556 [info] Got 1 sessions for user:email...
2025-02-10 21:50:45.559 [info] Getting sessions for all scopes...
2025-02-10 21:50:45.559 [info] Got 1 sessions for ...
2025-02-10 21:50:45.561 [info] Getting sessions for read:user,repo,user:email,workflow...
2025-02-10 21:50:45.561 [info] Got 0 sessions for read:user,repo,user:email,workflow...
2025-02-10 21:50:45.563 [info] Getting sessions for user:email...
2025-02-10 21:50:45.563 [info] Got 1 sessions for user:email...
2025-02-10 21:50:45.801 [info] Getting sessions for all scopes...
2025-02-10 21:50:45.801 [info] Got 1 sessions for ...
2025-02-10 21:50:45.807 [info] Getting sessions for read:user,repo,user:email,workflow...
2025-02-10 21:50:45.807 [info] Got 0 sessions for read:user,repo,user:email,workflow...
2025-02-10 21:50:45.810 [info] Getting sessions for user:email...
2025-02-10 21:50:45.810 [info] Got 1 sessions for user:email...
2025-02-10 21:50:47.291 [info] Getting sessions for all scopes...
2025-02-10 21:50:47.291 [info] Got 1 sessions for ...
2025-02-10 21:50:47.293 [info] Getting sessions for read:user,repo,user:email,workflow...
2025-02-10 21:50:47.293 [info] Got 0 sessions for read:user,repo,user:email,workflow...
2025-02-10 21:50:47.294 [info] Getting sessions for user:email...
2025-02-10 21:50:47.294 [info] Got 1 sessions for user:email...
2025-02-10 22:05:47.298 [info] Getting sessions for all scopes...
2025-02-10 22:05:47.298 [info] Got 1 sessions for ...
2025-02-10 22:05:47.302 [info] Getting sessions for read:user,repo,user:email,workflow...
2025-02-10 22:05:47.302 [info] Got 0 sessions for read:user,repo,user:email,workflow...
2025-02-10 22:05:47.306 [info] Getting sessions for user:email...
2025-02-10 22:05:47.306 [info] Got 1 sessions for user:email...
2025-02-10 22:05:47.333 [info] Getting sessions for all scopes...
2025-02-10 22:05:47.333 [info] Got 1 sessions for ...
2025-02-10 22:05:47.334 [info] Getting sessions for read:user,repo,user:email,workflow...
2025-02-10 22:05:47.334 [info] Got 0 sessions for read:user,repo,user:email,workflow...
2025-02-10 22:05:47.335 [info] Getting sessions for user:email...
2025-02-10 22:05:47.335 [info] Got 1 sessions for user:email...
2025-02-10 22:15:45.514 [info] Getting sessions for all scopes...
2025-02-10 22:15:45.514 [info] Got 1 sessions for ...
2025-02-10 22:15:45.516 [info] Getting sessions for read:user,repo,user:email,workflow...
2025-02-10 22:15:45.516 [info] Got 0 sessions for read:user,repo,user:email,workflow...
2025-02-10 22:15:45.517 [info] Getting sessions for user:email...
2025-02-10 22:15:45.517 [info] Got 1 sessions for user:email...
2025-02-10 22:15:46.340 [info] Getting sessions for all scopes...
2025-02-10 22:15:46.340 [info] Got 1 sessions for ...
2025-02-10 22:15:46.340 [info] Getting sessions for all scopes...
2025-02-10 22:15:46.340 [info] Got 1 sessions for ...
2025-02-10 22:15:46.341 [info] Getting sessions for read:user,repo,user:email,workflow...
2025-02-10 22:15:46.341 [info] Got 0 sessions for read:user,repo,user:email,workflow...
2025-02-10 22:15:46.342 [info] Getting sessions for user:email...
2025-02-10 22:15:46.342 [info] Got 1 sessions for user:email...
2025-02-10 22:15:46.343 [info] Getting sessions for all scopes...
2025-02-10 22:15:46.343 [info] Got 1 sessions for ...
2025-02-10 22:15:46.344 [info] Getting sessions for read:user,repo,user:email,workflow...
2025-02-10 22:15:46.344 [info] Got 0 sessions for read:user,repo,user:email,workflow...
2025-02-10 22:15:46.345 [info] Getting sessions for user:email...
2025-02-10 22:15:46.345 [info] Got 1 sessions for user:email...
2025-02-10 22:15:46.351 [info] Getting sessions for all scopes...
2025-02-10 22:15:46.351 [info] Got 1 sessions for ...
2025-02-10 22:15:46.352 [info] Getting sessions for read:user,repo,user:email,workflow...
2025-02-10 22:15:46.352 [info] Got 0 sessions for read:user,repo,user:email,workflow...
2025-02-10 22:15:46.353 [info] Getting sessions for user:email...
2025-02-10 22:15:46.353 [info] Got 1 sessions for user:email...
2025-02-10 22:16:41.743 [info] Getting sessions for read:user,repo,user:email,workflow...
2025-02-10 22:16:41.744 [info] Got 0 sessions for read:user,repo,user:email,workflow...
2025-02-10 22:16:41.781 [info] Getting sessions for read:user...
2025-02-10 22:16:41.782 [info] Got 0 sessions for read:user...
2025-02-10 22:16:41.782 [info] Getting sessions for user:email...
2025-02-10 22:16:41.782 [info] Got 1 sessions for user:email...
2025-02-10 22:30:46.358 [info] Getting sessions for all scopes...
2025-02-10 22:30:46.358 [info] Got 1 sessions for ...
2025-02-10 22:30:46.362 [info] Getting sessions for read:user,repo,user:email,workflow...
2025-02-10 22:30:46.362 [info] Got 0 sessions for read:user,repo,user:email,workflow...
2025-02-10 22:30:46.366 [info] Getting sessions for user:email...
2025-02-10 22:30:46.366 [info] Got 1 sessions for user:email...
2025-02-10 22:30:46.420 [info] Getting sessions for all scopes...
2025-02-10 22:30:46.420 [info] Got 1 sessions for ...
2025-02-10 22:30:46.421 [info] Getting sessions for read:user,repo,user:email,workflow...
2025-02-10 22:30:46.421 [info] Got 0 sessions for read:user,repo,user:email,workflow...
2025-02-10 22:30:46.422 [info] Getting sessions for user:email...
2025-02-10 22:30:46.422 [info] Got 1 sessions for user:email...
2025-02-10 22:40:46.339 [info] Getting sessions for all scopes...
2025-02-10 22:40:46.339 [info] Got 1 sessions for ...
2025-02-10 22:40:46.341 [info] Getting sessions for read:user,repo,user:email,workflow...
2025-02-10 22:40:46.341 [info] Got 0 sessions for read:user,repo,user:email,workflow...
2025-02-10 22:40:46.342 [info] Getting sessions for user:email...
2025-02-10 22:40:46.342 [info] Got 1 sessions for user:email...
2025-02-10 22:40:47.153 [info] Getting sessions for all scopes...
2025-02-10 22:40:47.153 [info] Got 1 sessions for ...
2025-02-10 22:40:47.153 [info] Getting sessions for all scopes...
2025-02-10 22:40:47.153 [info] Got 1 sessions for ...
2025-02-10 22:40:47.154 [info] Getting sessions for read:user,repo,user:email,workflow...
2025-02-10 22:40:47.154 [info] Got 0 sessions for read:user,repo,user:email,workflow...
2025-02-10 22:40:47.155 [info] Getting sessions for user:email...
2025-02-10 22:40:47.155 [info] Got 1 sessions for user:email...
2025-02-10 22:40:47.165 [info] Getting sessions for all scopes...
2025-02-10 22:40:47.165 [info] Got 1 sessions for ...
2025-02-10 22:40:47.166 [info] Getting sessions for read:user,repo,user:email,workflow...
2025-02-10 22:40:47.166 [info] Got 0 sessions for read:user,repo,user:email,workflow...
2025-02-10 22:40:47.167 [info] Getting sessions for user:email...
2025-02-10 22:40:47.167 [info] Got 1 sessions for user:email...
2025-02-10 22:40:47.171 [info] Getting sessions for all scopes...
2025-02-10 22:40:47.171 [info] Got 1 sessions for ...
2025-02-10 22:40:47.172 [info] Getting sessions for read:user,repo,user:email,workflow...
2025-02-10 22:40:47.172 [info] Got 0 sessions for read:user,repo,user:email,workflow...
2025-02-10 22:40:47.187 [info] Getting sessions for user:email...
2025-02-10 22:40:47.187 [info] Got 1 sessions for user:email...
2025-02-10 22:42:16.819 [info] Getting sessions for read:user,repo,user:email,workflow...
2025-02-10 22:42:16.819 [info] Got 0 sessions for read:user,repo,user:email,workflow...
2025-02-10 22:42:16.820 [info] Getting sessions for read:user...
2025-02-10 22:42:16.820 [info] Got 0 sessions for read:user...
2025-02-10 22:42:16.821 [info] Getting sessions for user:email...
2025-02-10 22:42:16.821 [info] Got 1 sessions for user:email...
2025-02-10 22:55:47.190 [info] Getting sessions for all scopes...
2025-02-10 22:55:47.190 [info] Got 1 sessions for ...
2025-02-10 22:55:47.191 [info] Getting sessions for read:user,repo,user:email,workflow...
2025-02-10 22:55:47.191 [info] Got 0 sessions for read:user,repo,user:email,workflow...
2025-02-10 22:55:47.191 [info] Getting sessions for user:email...
2025-02-10 22:55:47.191 [info] Got 1 sessions for user:email...
2025-02-10 22:55:47.194 [info] Getting sessions for all scopes...
2025-02-10 22:55:47.194 [info] Got 1 sessions for ...
2025-02-10 22:55:47.195 [info] Getting sessions for read:user,repo,user:email,workflow...
2025-02-10 22:55:47.195 [info] Got 0 sessions for read:user,repo,user:email,workflow...
2025-02-10 22:55:47.195 [info] Getting sessions for user:email...
2025-02-10 22:55:47.196 [info] Got 1 sessions for user:email...
2025-02-10 23:05:47.119 [info] Getting sessions for all scopes...
2025-02-10 23:05:47.119 [info] Got 1 sessions for ...
2025-02-10 23:05:47.122 [info] Getting sessions for read:user,repo,user:email,workflow...
2025-02-10 23:05:47.123 [info] Got 0 sessions for read:user,repo,user:email,workflow...
2025-02-10 23:05:47.126 [info] Getting sessions for user:email...
2025-02-10 23:05:47.126 [info] Got 1 sessions for user:email...
2025-02-10 23:05:48.079 [info] Getting sessions for all scopes...
2025-02-10 23:05:48.079 [info] Got 1 sessions for ...
2025-02-10 23:05:48.079 [info] Getting sessions for all scopes...
2025-02-10 23:05:48.079 [info] Got 1 sessions for ...
2025-02-10 23:05:48.080 [info] Getting sessions for read:user,repo,user:email,workflow...
2025-02-10 23:05:48.080 [info] Got 0 sessions for read:user,repo,user:email,workflow...
2025-02-10 23:05:48.081 [info] Getting sessions for user:email...
2025-02-10 23:05:48.081 [info] Got 1 sessions for user:email...
2025-02-10 23:05:48.082 [info] Getting sessions for all scopes...
2025-02-10 23:05:48.082 [info] Got 1 sessions for ...
2025-02-10 23:05:48.083 [info] Getting sessions for read:user,repo,user:email,workflow...
2025-02-10 23:05:48.083 [info] Got 0 sessions for read:user,repo,user:email,workflow...
2025-02-10 23:05:48.084 [info] Getting sessions for user:email...
2025-02-10 23:05:48.084 [info] Got 1 sessions for user:email...
2025-02-10 23:05:48.087 [info] Getting sessions for all scopes...
2025-02-10 23:05:48.087 [info] Got 1 sessions for ...
2025-02-10 23:05:48.088 [info] Getting sessions for read:user,repo,user:email,workflow...
2025-02-10 23:05:48.088 [info] Got 0 sessions for read:user,repo,user:email,workflow...
2025-02-10 23:05:48.089 [info] Getting sessions for user:email...
2025-02-10 23:05:48.089 [info] Got 1 sessions for user:email...
2025-02-10 23:09:21.987 [info] Getting sessions for read:user,repo,user:email,workflow...
2025-02-10 23:09:21.987 [info] Got 0 sessions for read:user,repo,user:email,workflow...
2025-02-10 23:09:21.988 [info] Getting sessions for read:user...
2025-02-10 23:09:21.988 [info] Got 0 sessions for read:user...
2025-02-10 23:09:21.989 [info] Getting sessions for user:email...
2025-02-10 23:09:21.989 [info] Got 1 sessions for user:email...
2025-02-10 23:20:48.092 [info] Getting sessions for all scopes...
2025-02-10 23:20:48.092 [info] Got 1 sessions for ...
2025-02-10 23:20:48.094 [info] Getting sessions for read:user,repo,user:email,workflow...
2025-02-10 23:20:48.094 [info] Got 0 sessions for read:user,repo,user:email,workflow...
2025-02-10 23:20:48.096 [info] Getting sessions for user:email...
2025-02-10 23:20:48.096 [info] Got 1 sessions for user:email...
2025-02-10 23:20:48.097 [info] Getting sessions for all scopes...
2025-02-10 23:20:48.097 [info] Got 1 sessions for ...
2025-02-10 23:20:48.099 [info] Getting sessions for read:user,repo,user:email,workflow...
2025-02-10 23:20:48.099 [info] Got 0 sessions for read:user,repo,user:email,workflow...
2025-02-10 23:20:48.100 [info] Getting sessions for user:email...
2025-02-10 23:20:48.100 [info] Got 1 sessions for user:email...
2025-02-10 23:30:48.083 [info] Getting sessions for all scopes...
2025-02-10 23:30:48.083 [info] Got 1 sessions for ...
2025-02-10 23:30:48.087 [info] Getting sessions for read:user,repo,user:email,workflow...
2025-02-10 23:30:48.087 [info] Got 0 sessions for read:user,repo,user:email,workflow...
2025-02-10 23:30:48.091 [info] Getting sessions for user:email...
2025-02-10 23:30:48.091 [info] Got 1 sessions for user:email...
2025-02-10 23:30:48.915 [info] Getting sessions for all scopes...
2025-02-10 23:30:48.915 [info] Got 1 sessions for ...
2025-02-10 23:30:48.915 [info] Getting sessions for all scopes...
2025-02-10 23:30:48.915 [info] Got 1 sessions for ...
2025-02-10 23:30:48.916 [info] Getting sessions for read:user,repo,user:email,workflow...
2025-02-10 23:30:48.916 [info] Got 0 sessions for read:user,repo,user:email,workflow...
2025-02-10 23:30:48.918 [info] Getting sessions for user:email...
2025-02-10 23:30:48.918 [info] Got 1 sessions for user:email...
2025-02-10 23:30:48.920 [info] Getting sessions for all scopes...
2025-02-10 23:30:48.920 [info] Got 1 sessions for ...
2025-02-10 23:30:48.922 [info] Getting sessions for read:user,repo,user:email,workflow...
2025-02-10 23:30:48.922 [info] Got 0 sessions for read:user,repo,user:email,workflow...
2025-02-10 23:30:48.923 [info] Getting sessions for user:email...
2025-02-10 23:30:48.923 [info] Got 1 sessions for user:email...
2025-02-10 23:30:48.930 [info] Getting sessions for all scopes...
2025-02-10 23:30:48.930 [info] Got 1 sessions for ...
2025-02-10 23:30:48.932 [info] Getting sessions for read:user,repo,user:email,workflow...
2025-02-10 23:30:48.932 [info] Got 0 sessions for read:user,repo,user:email,workflow...
2025-02-10 23:30:48.933 [info] Getting sessions for user:email...
2025-02-10 23:30:48.933 [info] Got 1 sessions for user:email...
2025-02-10 23:35:00.949 [info] Getting sessions for read:user,repo,user:email,workflow...
2025-02-10 23:35:00.949 [info] Got 0 sessions for read:user,repo,user:email,workflow...
2025-02-10 23:35:00.950 [info] Getting sessions for read:user...
2025-02-10 23:35:00.950 [info] Got 0 sessions for read:user...
2025-02-10 23:35:00.952 [info] Getting sessions for user:email...
2025-02-10 23:35:00.952 [info] Got 1 sessions for user:email...
2025-02-10 23:45:48.943 [info] Getting sessions for all scopes...
2025-02-10 23:45:48.943 [info] Got 1 sessions for ...
2025-02-10 23:45:48.947 [info] Getting sessions for read:user,repo,user:email,workflow...
2025-02-10 23:45:48.947 [info] Got 0 sessions for read:user,repo,user:email,workflow...
2025-02-10 23:45:48.961 [info] Getting sessions for user:email...
2025-02-10 23:45:48.961 [info] Got 1 sessions for user:email...
2025-02-10 23:45:48.964 [info] Getting sessions for all scopes...
2025-02-10 23:45:48.964 [info] Got 1 sessions for ...
2025-02-10 23:45:48.968 [info] Getting sessions for read:user,repo,user:email,workflow...
2025-02-10 23:45:48.968 [info] Got 0 sessions for read:user,repo,user:email,workflow...
2025-02-10 23:45:48.970 [info] Getting sessions for user:email...
2025-02-10 23:45:48.970 [info] Got 1 sessions for user:email...
2025-02-10 23:55:48.918 [info] Getting sessions for all scopes...
2025-02-10 23:55:48.918 [info] Got 1 sessions for ...
2025-02-10 23:55:48.922 [info] Getting sessions for read:user,repo,user:email,workflow...
2025-02-10 23:55:48.922 [info] Got 0 sessions for read:user,repo,user:email,workflow...
2025-02-10 23:55:48.926 [info] Getting sessions for user:email...
2025-02-10 23:55:48.926 [info] Got 1 sessions for user:email...
2025-02-10 23:55:49.976 [info] Getting sessions for all scopes...
2025-02-10 23:55:49.976 [info] Got 1 sessions for ...
2025-02-10 23:55:49.976 [info] Getting sessions for all scopes...
2025-02-10 23:55:49.976 [info] Got 1 sessions for ...
2025-02-10 23:55:49.980 [info] Getting sessions for read:user,repo,user:email,workflow...
2025-02-10 23:55:49.980 [info] Got 0 sessions for read:user,repo,user:email,workflow...
2025-02-10 23:55:49.984 [info] Getting sessions for user:email...
2025-02-10 23:55:49.984 [info] Got 1 sessions for user:email...
2025-02-10 23:55:49.988 [info] Getting sessions for all scopes...
2025-02-10 23:55:49.988 [info] Got 1 sessions for ...
2025-02-10 23:55:49.992 [info] Getting sessions for read:user,repo,user:email,workflow...
2025-02-10 23:55:49.992 [info] Got 0 sessions for read:user,repo,user:email,workflow...
2025-02-10 23:55:49.995 [info] Getting sessions for user:email...
2025-02-10 23:55:49.995 [info] Got 1 sessions for user:email...
2025-02-10 23:55:50.024 [info] Getting sessions for all scopes...
2025-02-10 23:55:50.024 [info] Got 1 sessions for ...
2025-02-10 23:55:50.026 [info] Getting sessions for read:user,repo,user:email,workflow...
2025-02-10 23:55:50.026 [info] Got 0 sessions for read:user,repo,user:email,workflow...
2025-02-10 23:55:50.028 [info] Getting sessions for user:email...
2025-02-10 23:55:50.028 [info] Got 1 sessions for user:email...
2025-02-10 23:55:50.033 [info] Getting sessions for all scopes...
2025-02-10 23:55:50.033 [info] Got 1 sessions for ...
2025-02-10 23:55:50.034 [info] Getting sessions for read:user,repo,user:email,workflow...
2025-02-10 23:55:50.035 [info] Got 0 sessions for read:user,repo,user:email,workflow...
2025-02-10 23:55:50.036 [info] Getting sessions for user:email...
2025-02-10 23:55:50.036 [info] Got 1 sessions for user:email...
2025-02-11 00:10:51.283 [info] Getting sessions for all scopes...
2025-02-11 00:10:51.283 [info] Got 1 sessions for ...
2025-02-11 00:10:51.287 [info] Getting sessions for read:user,repo,user:email,workflow...
2025-02-11 00:10:51.287 [info] Got 0 sessions for read:user,repo,user:email,workflow...
2025-02-11 00:10:51.291 [info] Getting sessions for user:email...
2025-02-11 00:10:51.291 [info] Got 1 sessions for user:email...
2025-02-11 00:10:51.349 [info] Getting sessions for all scopes...
2025-02-11 00:10:51.349 [info] Got 1 sessions for ...
2025-02-11 00:10:51.350 [info] Getting sessions for read:user,repo,user:email,workflow...
2025-02-11 00:10:51.350 [info] Got 0 sessions for read:user,repo,user:email,workflow...
2025-02-11 00:10:51.352 [info] Getting sessions for user:email...
2025-02-11 00:10:51.352 [info] Got 1 sessions for user:email...
2025-02-11 00:20:49.977 [info] Getting sessions for all scopes...
2025-02-11 00:20:49.977 [info] Got 1 sessions for ...
2025-02-11 00:20:49.981 [info] Getting sessions for read:user,repo,user:email,workflow...
2025-02-11 00:20:49.981 [info] Got 0 sessions for read:user,repo,user:email,workflow...
2025-02-11 00:20:49.985 [info] Getting sessions for user:email...
2025-02-11 00:20:49.985 [info] Got 1 sessions for user:email...
2025-02-11 00:20:50.947 [info] Getting sessions for all scopes...
2025-02-11 00:20:50.947 [info] Got 1 sessions for ...
2025-02-11 00:20:50.948 [info] Getting sessions for all scopes...
2025-02-11 00:20:50.948 [info] Got 1 sessions for ...
2025-02-11 00:20:50.951 [info] Getting sessions for read:user,repo,user:email,workflow...
2025-02-11 00:20:50.951 [info] Got 0 sessions for read:user,repo,user:email,workflow...
2025-02-11 00:20:50.955 [info] Getting sessions for user:email...
2025-02-11 00:20:50.955 [info] Got 1 sessions for user:email...
2025-02-11 00:20:50.959 [info] Getting sessions for all scopes...
2025-02-11 00:20:50.959 [info] Got 1 sessions for ...
2025-02-11 00:20:50.963 [info] Getting sessions for read:user,repo,user:email,workflow...
2025-02-11 00:20:50.963 [info] Got 0 sessions for read:user,repo,user:email,workflow...
2025-02-11 00:20:50.967 [info] Getting sessions for user:email...
2025-02-11 00:20:50.967 [info] Got 1 sessions for user:email...
2025-02-11 00:20:50.984 [info] Getting sessions for all scopes...
2025-02-11 00:20:50.984 [info] Got 1 sessions for ...
2025-02-11 00:20:50.987 [info] Getting sessions for read:user,repo,user:email,workflow...
2025-02-11 00:20:50.987 [info] Got 0 sessions for read:user,repo,user:email,workflow...
2025-02-11 00:20:50.990 [info] Getting sessions for user:email...
2025-02-11 00:20:50.990 [info] Got 1 sessions for user:email...
2025-02-11 00:35:50.997 [info] Getting sessions for all scopes...
2025-02-11 00:35:50.997 [info] Got 1 sessions for ...
2025-02-11 00:35:51.001 [info] Getting sessions for read:user,repo,user:email,workflow...
2025-02-11 00:35:51.001 [info] Got 0 sessions for read:user,repo,user:email,workflow...
2025-02-11 00:35:51.005 [info] Getting sessions for user:email...
2025-02-11 00:35:51.005 [info] Got 1 sessions for user:email...
2025-02-11 00:35:51.010 [info] Getting sessions for all scopes...
2025-02-11 00:35:51.010 [info] Got 1 sessions for ...
2025-02-11 00:35:51.013 [info] Getting sessions for read:user,repo,user:email,workflow...
2025-02-11 00:35:51.014 [info] Got 0 sessions for read:user,repo,user:email,workflow...
2025-02-11 00:35:51.017 [info] Getting sessions for user:email...
2025-02-11 00:35:51.017 [info] Got 1 sessions for user:email...
2025-02-11 00:45:50.947 [info] Getting sessions for all scopes...
2025-02-11 00:45:50.947 [info] Got 1 sessions for ...
2025-02-11 00:45:50.951 [info] Getting sessions for read:user,repo,user:email,workflow...
2025-02-11 00:45:50.951 [info] Got 0 sessions for read:user,repo,user:email,workflow...
2025-02-11 00:45:50.955 [info] Getting sessions for user:email...
2025-02-11 00:45:50.956 [info] Got 1 sessions for user:email...
2025-02-11 00:45:51.892 [info] Getting sessions for all scopes...
2025-02-11 00:45:51.892 [info] Got 1 sessions for ...
2025-02-11 00:45:51.892 [info] Getting sessions for all scopes...
2025-02-11 00:45:51.892 [info] Got 1 sessions for ...
2025-02-11 00:45:51.893 [info] Getting sessions for read:user,repo,user:email,workflow...
2025-02-11 00:45:51.893 [info] Got 0 sessions for read:user,repo,user:email,workflow...
2025-02-11 00:45:51.893 [info] Getting sessions for user:email...
2025-02-11 00:45:51.893 [info] Got 1 sessions for user:email...
2025-02-11 00:45:51.894 [info] Getting sessions for all scopes...
2025-02-11 00:45:51.894 [info] Got 1 sessions for ...
2025-02-11 00:45:51.895 [info] Getting sessions for read:user,repo,user:email,workflow...
2025-02-11 00:45:51.895 [info] Got 0 sessions for read:user,repo,user:email,workflow...
2025-02-11 00:45:51.896 [info] Getting sessions for user:email...
2025-02-11 00:45:51.896 [info] Got 1 sessions for user:email...
2025-02-11 00:45:51.899 [info] Getting sessions for all scopes...
2025-02-11 00:45:51.899 [info] Got 1 sessions for ...
2025-02-11 00:45:51.900 [info] Getting sessions for read:user,repo,user:email,workflow...
2025-02-11 00:45:51.900 [info] Got 0 sessions for read:user,repo,user:email,workflow...
2025-02-11 00:45:51.901 [info] Getting sessions for user:email...
2025-02-11 00:45:51.901 [info] Got 1 sessions for user:email...
2025-02-11 00:48:03.058 [info] Getting sessions for read:user,repo,user:email,workflow...
2025-02-11 00:48:03.059 [info] Got 0 sessions for read:user,repo,user:email,workflow...
2025-02-11 00:48:03.059 [info] Getting sessions for read:user...
2025-02-11 00:48:03.059 [info] Got 0 sessions for read:user...
2025-02-11 00:48:03.060 [info] Getting sessions for user:email...
2025-02-11 00:48:03.060 [info] Got 1 sessions for user:email...
2025-02-11 01:00:51.909 [info] Getting sessions for all scopes...
2025-02-11 01:00:51.909 [info] Got 1 sessions for ...
2025-02-11 01:00:51.913 [info] Getting sessions for read:user,repo,user:email,workflow...
2025-02-11 01:00:51.913 [info] Got 0 sessions for read:user,repo,user:email,workflow...
2025-02-11 01:00:51.917 [info] Getting sessions for user:email...
2025-02-11 01:00:51.917 [info] Got 1 sessions for user:email...
2025-02-11 01:00:51.921 [info] Getting sessions for all scopes...
2025-02-11 01:00:51.921 [info] Got 1 sessions for ...
2025-02-11 01:00:51.925 [info] Getting sessions for read:user,repo,user:email,workflow...
2025-02-11 01:00:51.925 [info] Got 0 sessions for read:user,repo,user:email,workflow...
2025-02-11 01:00:51.929 [info] Getting sessions for user:email...
2025-02-11 01:00:51.929 [info] Got 1 sessions for user:email...
2025-02-11 01:10:51.895 [info] Getting sessions for all scopes...
2025-02-11 01:10:51.895 [info] Got 1 sessions for ...
2025-02-11 01:10:51.899 [info] Getting sessions for read:user,repo,user:email,workflow...
2025-02-11 01:10:51.899 [info] Got 0 sessions for read:user,repo,user:email,workflow...
2025-02-11 01:10:51.902 [info] Getting sessions for user:email...
2025-02-11 01:10:51.902 [info] Got 1 sessions for user:email...
2025-02-11 01:10:52.772 [info] Getting sessions for all scopes...
2025-02-11 01:10:52.772 [info] Got 1 sessions for ...
2025-02-11 01:10:52.772 [info] Getting sessions for all scopes...
2025-02-11 01:10:52.772 [info] Got 1 sessions for ...
2025-02-11 01:10:52.774 [info] Getting sessions for read:user,repo,user:email,workflow...
2025-02-11 01:10:52.774 [info] Got 0 sessions for read:user,repo,user:email,workflow...
2025-02-11 01:10:52.777 [info] Getting sessions for user:email...
2025-02-11 01:10:52.777 [info] Got 1 sessions for user:email...
2025-02-11 01:10:52.780 [info] Getting sessions for all scopes...
2025-02-11 01:10:52.780 [info] Got 1 sessions for ...
2025-02-11 01:10:52.783 [info] Getting sessions for read:user,repo,user:email,workflow...
2025-02-11 01:10:52.783 [info] Got 0 sessions for read:user,repo,user:email,workflow...
2025-02-11 01:10:52.786 [info] Getting sessions for user:email...
2025-02-11 01:10:52.786 [info] Got 1 sessions for user:email...
2025-02-11 01:10:52.799 [info] Getting sessions for all scopes...
2025-02-11 01:10:52.799 [info] Got 1 sessions for ...
2025-02-11 01:10:52.801 [info] Getting sessions for read:user,repo,user:email,workflow...
2025-02-11 01:10:52.801 [info] Got 0 sessions for read:user,repo,user:email,workflow...
2025-02-11 01:10:52.803 [info] Getting sessions for user:email...
2025-02-11 01:10:52.803 [info] Got 1 sessions for user:email...
2025-02-11 01:16:05.033 [info] Getting sessions for read:user,repo,user:email,workflow...
2025-02-11 01:16:05.034 [info] Got 0 sessions for read:user,repo,user:email,workflow...
2025-02-11 01:16:05.034 [info] Getting sessions for read:user...
2025-02-11 01:16:05.034 [info] Got 0 sessions for read:user...
2025-02-11 01:16:05.035 [info] Getting sessions for user:email...
2025-02-11 01:16:05.035 [info] Got 1 sessions for user:email...
2025-02-11 17:43:52.879 [info] Getting sessions for all scopes...
2025-02-11 17:43:52.879 [info] Got 1 sessions for ...
2025-02-11 17:43:52.880 [info] Getting sessions for read:user,repo,user:email,workflow...
2025-02-11 17:43:52.880 [info] Got 0 sessions for read:user,repo,user:email,workflow...
2025-02-11 17:43:52.882 [info] Getting sessions for user:email...
2025-02-11 17:43:52.882 [info] Got 1 sessions for user:email...
2025-02-11 17:43:52.885 [info] Getting sessions for all scopes...
2025-02-11 17:43:52.885 [info] Got 1 sessions for ...
2025-02-11 17:43:52.886 [info] Getting sessions for read:user,repo,user:email,workflow...
2025-02-11 17:43:52.886 [info] Got 0 sessions for read:user,repo,user:email,workflow...
2025-02-11 17:43:52.887 [info] Getting sessions for user:email...
2025-02-11 17:43:52.887 [info] Got 1 sessions for user:email...
2025-02-11 17:43:53.233 [info] Getting sessions for all scopes...
2025-02-11 17:43:53.233 [info] Got 1 sessions for ...
2025-02-11 17:43:53.233 [info] Getting sessions for all scopes...
2025-02-11 17:43:53.233 [info] Got 1 sessions for ...
2025-02-11 17:43:53.234 [info] Getting sessions for read:user,repo,user:email,workflow...
2025-02-11 17:43:53.234 [info] Got 0 sessions for read:user,repo,user:email,workflow...
2025-02-11 17:43:53.235 [info] Getting sessions for user:email...
2025-02-11 17:43:53.235 [info] Got 1 sessions for user:email...
2025-02-11 17:43:53.236 [info] Getting sessions for all scopes...
2025-02-11 17:43:53.236 [info] Got 1 sessions for ...
2025-02-11 17:43:53.237 [info] Getting sessions for read:user,repo,user:email,workflow...
2025-02-11 17:43:53.237 [info] Got 0 sessions for read:user,repo,user:email,workflow...
2025-02-11 17:43:53.238 [info] Getting sessions for user:email...
2025-02-11 17:43:53.238 [info] Got 1 sessions for user:email...
2025-02-11 17:43:53.239 [info] Getting sessions for all scopes...
2025-02-11 17:43:53.239 [info] Got 1 sessions for ...
2025-02-11 17:43:53.240 [info] Getting sessions for read:user,repo,user:email,workflow...
2025-02-11 17:43:53.240 [info] Got 0 sessions for read:user,repo,user:email,workflow...
2025-02-11 17:43:53.241 [info] Getting sessions for user:email...
2025-02-11 17:43:53.241 [info] Got 1 sessions for user:email...
2025-02-11 17:43:53.995 [info] Getting sessions for all scopes...
2025-02-11 17:43:53.995 [info] Got 1 sessions for ...
2025-02-11 17:43:53.995 [info] Getting sessions for all scopes...
2025-02-11 17:43:53.995 [info] Got 1 sessions for ...
2025-02-11 17:43:53.996 [info] Getting sessions for read:user,repo,user:email,workflow...
2025-02-11 17:43:53.996 [info] Got 0 sessions for read:user,repo,user:email,workflow...
2025-02-11 17:43:53.997 [info] Getting sessions for user:email...
2025-02-11 17:43:53.997 [info] Got 1 sessions for user:email...
2025-02-11 17:43:54.000 [info] Getting sessions for all scopes...
2025-02-11 17:43:54.000 [info] Got 1 sessions for ...
2025-02-11 17:43:54.001 [info] Getting sessions for read:user,repo,user:email,workflow...
2025-02-11 17:43:54.001 [info] Got 0 sessions for read:user,repo,user:email,workflow...
2025-02-11 17:43:54.003 [info] Getting sessions for user:email...
2025-02-11 17:43:54.004 [info] Got 1 sessions for user:email...
2025-02-11 17:43:54.006 [info] Getting sessions for all scopes...
2025-02-11 17:43:54.006 [info] Got 1 sessions for ...
2025-02-11 17:43:54.007 [info] Getting sessions for read:user,repo,user:email,workflow...
2025-02-11 17:43:54.007 [info] Got 0 sessions for read:user,repo,user:email,workflow...
2025-02-11 17:43:54.008 [info] Getting sessions for user:email...
2025-02-11 17:43:54.008 [info] Got 1 sessions for user:email...
