2025-02-03T16:48:04.679Z Info: Setting LTeX UI language to 'en-us'.
2025-02-03T16:48:04.679Z Info: Loading i18n messages...
2025-02-03T16:48:04.680Z Info: Loading default i18n messages...
2025-02-03T16:48:04.682Z Info: 
2025-02-03T16:48:04.682Z Info: ltex.ltex-ls.path not set.
2025-02-03T16:48:04.682Z Info: Searching for ltex-ls in '/home/sab/.vscode/extensions/valentjn.vscode-ltex-13.1.0/lib'...
2025-02-03T16:48:04.683Z Info: ltex-ls found in '/home/sab/.vscode/extensions/valentjn.vscode-ltex-13.1.0/lib/ltex-ls-15.2.0'.
2025-02-03T16:48:04.683Z Info: 
2025-02-03T16:48:04.683Z Info: Using ltex-ls from '/home/sab/.vscode/extensions/valentjn.vscode-ltex-13.1.0/lib/ltex-ls-15.2.0'.
2025-02-03T16:48:04.683Z Info: Using Java bundled with ltex-ls as ltex.java.path is not set.
2025-02-03T16:48:04.684Z Info: Testing ltex-ls...
2025-02-03T16:48:04.684Z Info:   Command: "/home/sab/.vscode/extensions/valentjn.vscode-ltex-13.1.0/lib/ltex-ls-15.2.0/bin/ltex-ls"
2025-02-03T16:48:04.684Z Info:   Arguments: ["--version"]
2025-02-03T16:48:04.684Z Info:   env['JAVA_HOME']: undefined
2025-02-03T16:48:04.684Z Info:   env['JAVA_OPTS']: "-Xms64m -Xmx512m"
2025-02-03T16:48:05.111Z Info: Test successful!
2025-02-03T16:48:05.111Z Info: 
2025-02-03T16:48:05.122Z Info: Starting ltex-ls...
2025-02-03T16:48:05.122Z Info:   Command: "/home/sab/.vscode/extensions/valentjn.vscode-ltex-13.1.0/lib/ltex-ls-15.2.0/bin/ltex-ls"
2025-02-03T16:48:05.122Z Info:   Arguments: []
2025-02-03T16:48:05.122Z Info:   env['JAVA_HOME']: undefined
2025-02-03T16:48:05.122Z Info:   env['JAVA_OPTS']: "-Xms64m -Xmx512m"
2025-02-03T16:48:05.122Z Info: 
