2025-03-15 22:24:25.027 [info] Reading sessions from keychain...
2025-03-15 22:24:25.027 [info] Getting sessions for all scopes...
2025-03-15 22:24:25.027 [info] Getting sessions for all scopes...
2025-03-15 22:24:25.033 [info] Getting sessions for all scopes...
2025-03-15 22:24:25.034 [info] Getting sessions for all scopes...
2025-03-15 22:24:25.034 [info] Getting sessions for all scopes...
2025-03-15 22:24:25.034 [info] Getting sessions for all scopes...
2025-03-15 22:24:25.034 [info] Getting sessions for all scopes...
2025-03-15 22:24:25.054 [info] Got stored sessions!
2025-03-15 22:24:25.054 [info] Got 1 verified sessions.
2025-03-15 22:24:25.054 [info] Got 1 sessions for ...
2025-03-15 22:24:25.054 [info] Got 1 sessions for ...
2025-03-15 22:24:25.054 [info] Got 1 sessions for ...
2025-03-15 22:24:25.054 [info] Got 1 sessions for ...
2025-03-15 22:24:25.054 [info] Got 1 sessions for ...
2025-03-15 22:24:25.054 [info] Got 1 sessions for ...
2025-03-15 22:24:25.054 [info] Got 1 sessions for ...
2025-03-15 22:24:25.172 [info] Getting sessions for all scopes...
2025-03-15 22:24:25.172 [info] Got 1 sessions for ...
2025-03-15 22:24:25.184 [info] Getting sessions for user:email...
2025-03-15 22:24:25.184 [info] Got 1 sessions for user:email...
