Visual Studio Code (1.96.3, undefined, desktop)
Jupyter Extension Version: 2024.11.0.
Python Extension Version: 2024.22.2.
Pylance Extension Version: 2024.12.1.
Platform: linux (x64).
Temp Storage folder ~/.config/Code/User/globalStorage/ms-toolsai.jupyter/version-2024.11.0
Workspace folder ~/github/TheInvisibleFoe/JupyterNotebooks, Home = /home/sab
12:12:20.071 [info] Starting Kernel (Python Path: ~/miniconda3/envs/jupyter/bin/python, Conda, 3.12.8) for '~/github/TheInvisibleFoe/JupyterNotebooks/UNO/uno_sim.ipynb' (di~leUI=true)
12:12:21.397 [info] Process Execution: ~/miniconda3/envs/jupyter/bin/python -m pip list
12:12:21.499 [info] Process Execution: ~/miniconda3/envs/jupyter/bin/python -c "import ipykernel; print(ipykernel.__version__); print("5dc3a68c-e34e-4080-9c3e-2a532b2ccb4d"); print(ipykernel.__file__)"
12:12:21.513 [info] Process Execution: ~/miniconda3/envs/jupyter/bin/python -m ipykernel_launcher --f=/home/~/.local/share/jupyter/runtime/kernel-v30fea2954255695e70051057531e73322b6e04447.json
    > cwd: //home/~/github/TheInvisibleFoe/JupyterNotebooks/UNO
12:12:22.276 [info] Kernel successfully started
12:12:22.292 [info] Process Execution: ~/miniconda3/envs/jupyter/bin/python /home/~/.vscode/extensions/ms-toolsai.jupyter-2024.11.0-linux-x64/pythonFiles/printJupyterDataDir.py
12:14:31.326 [warn] Cell completed with errors iu [Error]: name 'deal_cards' is not defined
    at n.execute (/home/~/.vscode/extensions/ms-toolsai.jupyter-2024.11.0-linux-x64/dist/extension.node.js:297:4958) {
  ename: 'NameError',
  evalue: "name 'deal_cards' is not defined",
  traceback: [
    '\x1B[0;31m---------------------------------------------------------------------------\x1B[0m',
    '\x1B[0;31mNameError\x1B[0m                                 Traceback (most recent call last)',
    'Cell \x1B[0;32mIn[4], line 1\x1B[0m\n' +
      '\x1B[0;32m----> 1\x1B[0m deal_cards(AC,\x1B[38;5;241m7\x1B[39m,\x1B[38;5;241m2\x1B[39m)\n',
    "\x1B[0;31mNameError\x1B[0m: name 'deal_cards' is not defined"
  ]
}
12:14:38.473 [info] Disposing request as the cell (-1) was deleted ~/github/TheInvisibleFoe/JupyterNotebooks/UNO/uno_sim.ipynb
13:10:50.400 [info] Dispose Kernel '~/github/TheInvisibleFoe/JupyterNotebooks/UNO/uno_sim.ipynb' associated with '~/github/TheInvisibleFoe/JupyterNotebooks/UNO/uno_sim.ipynb'
13:10:50.470 [warn] Failed to delete connection file file:///home/~/.local/share/jupyter/runtime/kernel-v30fea2954255695e70051057531e73322b6e04447.json for pid 11215 Canceled (FileSystemError): Canceled
    at Function.e (file:///usr/share/code/resources/app/out/vs/workbench/api/node/extensionHostProcess.js:115:9853)
    at Object.stat (file:///usr/share/code/resources/app/out/vs/workbench/api/node/extensionHostProcess.js:115:7007)
    at Bc.delete (/home/~/.vscode/extensions/ms-toolsai.jupyter-2024.11.0-linux-x64/dist/extension.node.js:239:15448)
    at /home/~/.vscode/extensions/ms-toolsai.jupyter-2024.11.0-linux-x64/dist/extension.node.js:303:469 {
  code: 'Unknown'
}
