2025-02-06 22:16:57.298 [info] Reading sessions from keychain...
2025-02-06 22:16:57.298 [info] Getting sessions for all scopes...
2025-02-06 22:16:57.298 [info] Getting sessions for all scopes...
2025-02-06 22:16:57.298 [info] Getting sessions for user:email...
2025-02-06 22:16:57.298 [info] Getting sessions for all scopes...
2025-02-06 22:16:57.298 [info] Getting sessions for all scopes...
2025-02-06 22:16:57.298 [info] Getting sessions for all scopes...
2025-02-06 22:16:57.298 [info] Getting sessions for all scopes...
2025-02-06 22:16:57.298 [info] Getting sessions for all scopes...
2025-02-06 22:16:57.402 [info] Got stored sessions!
2025-02-06 22:16:57.402 [info] Got 1 verified sessions.
2025-02-06 22:16:57.402 [info] Got 1 sessions for ...
2025-02-06 22:16:57.402 [info] Got 1 sessions for ...
2025-02-06 22:16:57.402 [info] Got 1 sessions for user:email...
2025-02-06 22:16:57.402 [info] Got 1 sessions for ...
2025-02-06 22:16:57.402 [info] Got 1 sessions for ...
2025-02-06 22:16:57.402 [info] Got 1 sessions for ...
2025-02-06 22:16:57.402 [info] Got 1 sessions for ...
2025-02-06 22:16:57.402 [info] Got 1 sessions for ...
2025-02-06 22:16:58.774 [info] Getting sessions for all scopes...
2025-02-06 22:16:58.774 [info] Got 1 sessions for ...
2025-02-06 22:17:02.932 [info] Getting sessions for read:user,repo,user:email,workflow...
2025-02-06 22:17:02.932 [info] Got 0 sessions for read:user,repo,user:email,workflow...
2025-02-06 22:17:02.933 [info] Getting sessions for all scopes...
2025-02-06 22:17:02.933 [info] Got 1 sessions for ...
2025-02-06 22:17:02.933 [info] Getting sessions for all scopes...
2025-02-06 22:17:02.933 [info] Got 1 sessions for ...
2025-02-06 22:17:02.961 [info] Getting sessions for read:user...
2025-02-06 22:17:02.961 [info] Got 0 sessions for read:user...
2025-02-06 22:17:02.961 [info] Getting sessions for read:user,repo,user:email,workflow...
2025-02-06 22:17:02.961 [info] Got 0 sessions for read:user,repo,user:email,workflow...
2025-02-06 22:17:02.962 [info] Getting sessions for user:email...
2025-02-06 22:17:02.962 [info] Got 1 sessions for user:email...
2025-02-06 22:17:02.963 [info] Getting sessions for user:email...
2025-02-06 22:17:02.963 [info] Got 1 sessions for user:email...
2025-02-06 22:17:02.968 [info] Getting sessions for all scopes...
2025-02-06 22:17:02.968 [info] Got 1 sessions for ...
2025-02-06 22:17:05.753 [info] Getting sessions for read:user,repo,user:email,workflow...
2025-02-06 22:17:05.753 [info] Got 0 sessions for read:user,repo,user:email,workflow...
2025-02-06 22:17:06.570 [info] Getting sessions for user:email...
2025-02-06 22:17:06.571 [info] Got 1 sessions for user:email...
2025-02-06 22:17:07.304 [info] Getting sessions for all scopes...
2025-02-06 22:17:07.305 [info] Got 1 sessions for ...
2025-02-06 22:17:07.370 [info] Getting sessions for read:user,repo,user:email,workflow...
2025-02-06 22:17:07.370 [info] Got 0 sessions for read:user,repo,user:email,workflow...
2025-02-06 22:17:07.578 [info] Getting sessions for user:email...
2025-02-06 22:17:07.578 [info] Got 1 sessions for user:email...
2025-02-06 22:17:08.512 [info] Getting sessions for all scopes...
2025-02-06 22:17:08.512 [info] Got 1 sessions for ...
2025-02-06 22:17:08.512 [info] Getting sessions for all scopes...
2025-02-06 22:17:08.512 [info] Got 1 sessions for ...
2025-02-06 22:17:08.601 [info] Getting sessions for read:user,repo,user:email,workflow...
2025-02-06 22:17:08.601 [info] Got 0 sessions for read:user,repo,user:email,workflow...
2025-02-06 22:17:08.622 [info] Getting sessions for user:email...
2025-02-06 22:17:08.622 [info] Got 1 sessions for user:email...
2025-02-06 22:17:08.628 [info] Getting sessions for all scopes...
2025-02-06 22:17:08.628 [info] Got 1 sessions for ...
2025-02-06 22:17:08.634 [info] Getting sessions for read:user,repo,user:email,workflow...
2025-02-06 22:17:08.634 [info] Got 0 sessions for read:user,repo,user:email,workflow...
2025-02-06 22:17:08.636 [info] Getting sessions for user:email...
2025-02-06 22:17:08.636 [info] Got 1 sessions for user:email...
2025-02-06 22:17:08.872 [info] Getting sessions for all scopes...
2025-02-06 22:17:08.872 [info] Got 1 sessions for ...
2025-02-06 22:17:08.914 [info] Getting sessions for read:user,repo,user:email,workflow...
2025-02-06 22:17:08.914 [info] Got 0 sessions for read:user,repo,user:email,workflow...
2025-02-06 22:17:10.749 [info] Getting sessions for user:email...
2025-02-06 22:17:10.749 [info] Got 1 sessions for user:email...
2025-02-06 22:32:11.928 [info] Getting sessions for all scopes...
2025-02-06 22:32:11.928 [info] Got 1 sessions for ...
2025-02-06 22:32:11.933 [info] Getting sessions for read:user,repo,user:email,workflow...
2025-02-06 22:32:11.933 [info] Got 0 sessions for read:user,repo,user:email,workflow...
2025-02-06 22:32:11.937 [info] Getting sessions for user:email...
2025-02-06 22:32:11.937 [info] Got 1 sessions for user:email...
2025-02-06 22:32:11.942 [info] Getting sessions for all scopes...
2025-02-06 22:32:11.942 [info] Got 1 sessions for ...
2025-02-06 22:32:11.950 [info] Getting sessions for read:user,repo,user:email,workflow...
2025-02-06 22:32:11.950 [info] Got 0 sessions for read:user,repo,user:email,workflow...
2025-02-06 22:32:11.954 [info] Getting sessions for user:email...
2025-02-06 22:32:11.954 [info] Got 1 sessions for user:email...
2025-02-06 22:42:06.434 [info] Getting sessions for read:user,repo,user:email,workflow...
2025-02-06 22:42:06.434 [info] Got 0 sessions for read:user,repo,user:email,workflow...
2025-02-06 22:42:06.438 [info] Getting sessions for read:user...
2025-02-06 22:42:06.438 [info] Got 0 sessions for read:user...
2025-02-06 22:42:06.442 [info] Getting sessions for user:email...
2025-02-06 22:42:06.442 [info] Got 1 sessions for user:email...
2025-02-06 22:42:08.498 [info] Getting sessions for all scopes...
2025-02-06 22:42:08.498 [info] Got 1 sessions for ...
2025-02-06 22:42:08.502 [info] Getting sessions for read:user,repo,user:email,workflow...
2025-02-06 22:42:08.502 [info] Got 0 sessions for read:user,repo,user:email,workflow...
2025-02-06 22:42:08.506 [info] Getting sessions for user:email...
2025-02-06 22:42:08.506 [info] Got 1 sessions for user:email...
2025-02-06 22:42:09.498 [info] Getting sessions for all scopes...
2025-02-06 22:42:09.498 [info] Got 1 sessions for ...
2025-02-06 22:42:09.498 [info] Getting sessions for all scopes...
2025-02-06 22:42:09.498 [info] Got 1 sessions for ...
2025-02-06 22:42:09.499 [info] Getting sessions for read:user,repo,user:email,workflow...
2025-02-06 22:42:09.499 [info] Got 0 sessions for read:user,repo,user:email,workflow...
2025-02-06 22:42:09.500 [info] Getting sessions for user:email...
2025-02-06 22:42:09.500 [info] Got 1 sessions for user:email...
2025-02-06 22:42:09.501 [info] Getting sessions for all scopes...
2025-02-06 22:42:09.501 [info] Got 1 sessions for ...
2025-02-06 22:42:09.502 [info] Getting sessions for read:user,repo,user:email,workflow...
2025-02-06 22:42:09.502 [info] Got 0 sessions for read:user,repo,user:email,workflow...
2025-02-06 22:42:09.503 [info] Getting sessions for user:email...
2025-02-06 22:42:09.503 [info] Got 1 sessions for user:email...
2025-02-06 22:42:09.508 [info] Getting sessions for all scopes...
2025-02-06 22:42:09.508 [info] Got 1 sessions for ...
2025-02-06 22:42:09.509 [info] Getting sessions for read:user,repo,user:email,workflow...
2025-02-06 22:42:09.509 [info] Got 0 sessions for read:user,repo,user:email,workflow...
2025-02-06 22:42:09.510 [info] Getting sessions for user:email...
2025-02-06 22:42:09.510 [info] Got 1 sessions for user:email...
2025-02-06 22:57:09.517 [info] Getting sessions for all scopes...
2025-02-06 22:57:09.517 [info] Got 1 sessions for ...
2025-02-06 22:57:09.521 [info] Getting sessions for read:user,repo,user:email,workflow...
2025-02-06 22:57:09.521 [info] Got 0 sessions for read:user,repo,user:email,workflow...
2025-02-06 22:57:09.524 [info] Getting sessions for user:email...
2025-02-06 22:57:09.524 [info] Got 1 sessions for user:email...
2025-02-06 22:57:09.528 [info] Getting sessions for all scopes...
2025-02-06 22:57:09.529 [info] Got 1 sessions for ...
2025-02-06 22:57:09.532 [info] Getting sessions for read:user,repo,user:email,workflow...
2025-02-06 22:57:09.532 [info] Got 0 sessions for read:user,repo,user:email,workflow...
2025-02-06 22:57:09.536 [info] Getting sessions for user:email...
2025-02-06 22:57:09.536 [info] Got 1 sessions for user:email...
2025-02-06 23:07:07.045 [info] Getting sessions for read:user,repo,user:email,workflow...
2025-02-06 23:07:07.045 [info] Got 0 sessions for read:user,repo,user:email,workflow...
2025-02-06 23:07:07.049 [info] Getting sessions for read:user...
2025-02-06 23:07:07.049 [info] Got 0 sessions for read:user...
2025-02-06 23:07:07.053 [info] Getting sessions for user:email...
2025-02-06 23:07:07.053 [info] Got 1 sessions for user:email...
2025-02-06 23:07:09.502 [info] Getting sessions for all scopes...
2025-02-06 23:07:09.502 [info] Got 1 sessions for ...
2025-02-06 23:07:09.506 [info] Getting sessions for read:user,repo,user:email,workflow...
2025-02-06 23:07:09.506 [info] Got 0 sessions for read:user,repo,user:email,workflow...
2025-02-06 23:07:09.509 [info] Getting sessions for user:email...
2025-02-06 23:07:09.509 [info] Got 1 sessions for user:email...
2025-02-06 23:07:10.327 [info] Getting sessions for all scopes...
2025-02-06 23:07:10.327 [info] Got 1 sessions for ...
2025-02-06 23:07:10.327 [info] Getting sessions for all scopes...
2025-02-06 23:07:10.327 [info] Got 1 sessions for ...
2025-02-06 23:07:10.328 [info] Getting sessions for read:user,repo,user:email,workflow...
2025-02-06 23:07:10.328 [info] Got 0 sessions for read:user,repo,user:email,workflow...
2025-02-06 23:07:10.329 [info] Getting sessions for user:email...
2025-02-06 23:07:10.329 [info] Got 1 sessions for user:email...
2025-02-06 23:07:10.330 [info] Getting sessions for all scopes...
2025-02-06 23:07:10.330 [info] Got 1 sessions for ...
2025-02-06 23:07:10.331 [info] Getting sessions for read:user,repo,user:email,workflow...
2025-02-06 23:07:10.331 [info] Got 0 sessions for read:user,repo,user:email,workflow...
2025-02-06 23:07:10.331 [info] Getting sessions for user:email...
2025-02-06 23:07:10.331 [info] Got 1 sessions for user:email...
2025-02-06 23:07:10.335 [info] Getting sessions for all scopes...
2025-02-06 23:07:10.335 [info] Got 1 sessions for ...
2025-02-06 23:07:10.336 [info] Getting sessions for read:user,repo,user:email,workflow...
2025-02-06 23:07:10.336 [info] Got 0 sessions for read:user,repo,user:email,workflow...
2025-02-06 23:07:10.337 [info] Getting sessions for user:email...
2025-02-06 23:07:10.337 [info] Got 1 sessions for user:email...
2025-02-06 23:22:10.340 [info] Getting sessions for all scopes...
2025-02-06 23:22:10.340 [info] Got 1 sessions for ...
2025-02-06 23:22:10.341 [info] Getting sessions for read:user,repo,user:email,workflow...
2025-02-06 23:22:10.341 [info] Got 0 sessions for read:user,repo,user:email,workflow...
2025-02-06 23:22:10.342 [info] Getting sessions for user:email...
2025-02-06 23:22:10.342 [info] Got 1 sessions for user:email...
2025-02-06 23:22:10.343 [info] Getting sessions for all scopes...
2025-02-06 23:22:10.343 [info] Got 1 sessions for ...
2025-02-06 23:22:10.344 [info] Getting sessions for read:user,repo,user:email,workflow...
2025-02-06 23:22:10.344 [info] Got 0 sessions for read:user,repo,user:email,workflow...
2025-02-06 23:22:10.345 [info] Getting sessions for user:email...
2025-02-06 23:22:10.345 [info] Got 1 sessions for user:email...
2025-02-06 23:32:07.535 [info] Getting sessions for read:user,repo,user:email,workflow...
2025-02-06 23:32:07.535 [info] Got 0 sessions for read:user,repo,user:email,workflow...
2025-02-06 23:32:07.538 [info] Getting sessions for read:user...
2025-02-06 23:32:07.539 [info] Got 0 sessions for read:user...
2025-02-06 23:32:07.542 [info] Getting sessions for user:email...
2025-02-06 23:32:07.542 [info] Got 1 sessions for user:email...
2025-02-06 23:32:10.330 [info] Getting sessions for all scopes...
2025-02-06 23:32:10.330 [info] Got 1 sessions for ...
2025-02-06 23:32:10.334 [info] Getting sessions for read:user,repo,user:email,workflow...
2025-02-06 23:32:10.334 [info] Got 0 sessions for read:user,repo,user:email,workflow...
2025-02-06 23:32:10.337 [info] Getting sessions for user:email...
2025-02-06 23:32:10.338 [info] Got 1 sessions for user:email...
2025-02-06 23:32:11.204 [info] Getting sessions for all scopes...
2025-02-06 23:32:11.204 [info] Got 1 sessions for ...
2025-02-06 23:32:11.205 [info] Getting sessions for all scopes...
2025-02-06 23:32:11.205 [info] Got 1 sessions for ...
2025-02-06 23:32:11.208 [info] Getting sessions for read:user,repo,user:email,workflow...
2025-02-06 23:32:11.208 [info] Got 0 sessions for read:user,repo,user:email,workflow...
2025-02-06 23:32:11.212 [info] Getting sessions for user:email...
2025-02-06 23:32:11.212 [info] Got 1 sessions for user:email...
2025-02-06 23:32:11.216 [info] Getting sessions for all scopes...
2025-02-06 23:32:11.216 [info] Got 1 sessions for ...
2025-02-06 23:32:11.219 [info] Getting sessions for read:user,repo,user:email,workflow...
2025-02-06 23:32:11.219 [info] Got 0 sessions for read:user,repo,user:email,workflow...
2025-02-06 23:32:11.223 [info] Getting sessions for user:email...
2025-02-06 23:32:11.223 [info] Got 1 sessions for user:email...
2025-02-06 23:32:11.239 [info] Getting sessions for all scopes...
2025-02-06 23:32:11.240 [info] Got 1 sessions for ...
2025-02-06 23:32:11.243 [info] Getting sessions for read:user,repo,user:email,workflow...
2025-02-06 23:32:11.243 [info] Got 0 sessions for read:user,repo,user:email,workflow...
2025-02-06 23:32:11.247 [info] Getting sessions for user:email...
2025-02-06 23:32:11.247 [info] Got 1 sessions for user:email...
2025-02-06 23:47:11.256 [info] Getting sessions for all scopes...
2025-02-06 23:47:11.256 [info] Got 1 sessions for ...
2025-02-06 23:47:11.260 [info] Getting sessions for read:user,repo,user:email,workflow...
2025-02-06 23:47:11.260 [info] Got 0 sessions for read:user,repo,user:email,workflow...
2025-02-06 23:47:11.264 [info] Getting sessions for user:email...
2025-02-06 23:47:11.264 [info] Got 1 sessions for user:email...
2025-02-06 23:47:11.268 [info] Getting sessions for all scopes...
2025-02-06 23:47:11.268 [info] Got 1 sessions for ...
2025-02-06 23:47:11.272 [info] Getting sessions for read:user,repo,user:email,workflow...
2025-02-06 23:47:11.272 [info] Got 0 sessions for read:user,repo,user:email,workflow...
2025-02-06 23:47:11.276 [info] Getting sessions for user:email...
2025-02-06 23:47:11.276 [info] Got 1 sessions for user:email...
2025-02-06 23:57:08.177 [info] Getting sessions for read:user,repo,user:email,workflow...
2025-02-06 23:57:08.177 [info] Got 0 sessions for read:user,repo,user:email,workflow...
2025-02-06 23:57:08.181 [info] Getting sessions for read:user...
2025-02-06 23:57:08.181 [info] Got 0 sessions for read:user...
2025-02-06 23:57:08.185 [info] Getting sessions for user:email...
2025-02-06 23:57:08.185 [info] Got 1 sessions for user:email...
2025-02-06 23:57:11.205 [info] Getting sessions for all scopes...
2025-02-06 23:57:11.205 [info] Got 1 sessions for ...
2025-02-06 23:57:11.209 [info] Getting sessions for read:user,repo,user:email,workflow...
2025-02-06 23:57:11.209 [info] Got 0 sessions for read:user,repo,user:email,workflow...
2025-02-06 23:57:11.212 [info] Getting sessions for user:email...
2025-02-06 23:57:11.212 [info] Got 1 sessions for user:email...
2025-02-06 23:57:12.142 [info] Getting sessions for all scopes...
2025-02-06 23:57:12.142 [info] Got 1 sessions for ...
2025-02-06 23:57:12.142 [info] Getting sessions for all scopes...
2025-02-06 23:57:12.142 [info] Got 1 sessions for ...
2025-02-06 23:57:12.143 [info] Getting sessions for read:user,repo,user:email,workflow...
2025-02-06 23:57:12.143 [info] Got 0 sessions for read:user,repo,user:email,workflow...
2025-02-06 23:57:12.144 [info] Getting sessions for user:email...
2025-02-06 23:57:12.144 [info] Got 1 sessions for user:email...
2025-02-06 23:57:12.145 [info] Getting sessions for all scopes...
2025-02-06 23:57:12.145 [info] Got 1 sessions for ...
2025-02-06 23:57:12.145 [info] Getting sessions for read:user,repo,user:email,workflow...
2025-02-06 23:57:12.146 [info] Got 0 sessions for read:user,repo,user:email,workflow...
2025-02-06 23:57:12.146 [info] Getting sessions for user:email...
2025-02-06 23:57:12.146 [info] Got 1 sessions for user:email...
2025-02-06 23:57:12.151 [info] Getting sessions for all scopes...
2025-02-06 23:57:12.151 [info] Got 1 sessions for ...
2025-02-06 23:57:12.152 [info] Getting sessions for read:user,repo,user:email,workflow...
2025-02-06 23:57:12.152 [info] Got 0 sessions for read:user,repo,user:email,workflow...
2025-02-06 23:57:12.153 [info] Getting sessions for user:email...
2025-02-06 23:57:12.153 [info] Got 1 sessions for user:email...
2025-02-07 00:12:12.160 [info] Getting sessions for all scopes...
2025-02-07 00:12:12.160 [info] Got 1 sessions for ...
2025-02-07 00:12:12.164 [info] Getting sessions for read:user,repo,user:email,workflow...
2025-02-07 00:12:12.164 [info] Got 0 sessions for read:user,repo,user:email,workflow...
2025-02-07 00:12:12.168 [info] Getting sessions for user:email...
2025-02-07 00:12:12.168 [info] Got 1 sessions for user:email...
2025-02-07 00:12:12.173 [info] Getting sessions for all scopes...
2025-02-07 00:12:12.173 [info] Got 1 sessions for ...
2025-02-07 00:12:12.176 [info] Getting sessions for read:user,repo,user:email,workflow...
2025-02-07 00:12:12.176 [info] Got 0 sessions for read:user,repo,user:email,workflow...
2025-02-07 00:12:12.180 [info] Getting sessions for user:email...
2025-02-07 00:12:12.180 [info] Got 1 sessions for user:email...
2025-02-07 00:22:08.783 [info] Getting sessions for read:user,repo,user:email,workflow...
2025-02-07 00:22:08.783 [info] Got 0 sessions for read:user,repo,user:email,workflow...
2025-02-07 00:22:08.787 [info] Getting sessions for read:user...
2025-02-07 00:22:08.787 [info] Got 0 sessions for read:user...
2025-02-07 00:22:08.791 [info] Getting sessions for user:email...
2025-02-07 00:22:08.791 [info] Got 1 sessions for user:email...
2025-02-07 00:22:12.143 [info] Getting sessions for all scopes...
2025-02-07 00:22:12.143 [info] Got 1 sessions for ...
2025-02-07 00:22:12.147 [info] Getting sessions for read:user,repo,user:email,workflow...
2025-02-07 00:22:12.147 [info] Got 0 sessions for read:user,repo,user:email,workflow...
2025-02-07 00:22:12.150 [info] Getting sessions for user:email...
2025-02-07 00:22:12.150 [info] Got 1 sessions for user:email...
2025-02-07 00:22:13.154 [info] Getting sessions for all scopes...
2025-02-07 00:22:13.154 [info] Got 1 sessions for ...
2025-02-07 00:22:13.155 [info] Getting sessions for all scopes...
2025-02-07 00:22:13.155 [info] Got 1 sessions for ...
2025-02-07 00:22:13.158 [info] Getting sessions for read:user,repo,user:email,workflow...
2025-02-07 00:22:13.158 [info] Got 0 sessions for read:user,repo,user:email,workflow...
2025-02-07 00:22:13.161 [info] Getting sessions for user:email...
2025-02-07 00:22:13.161 [info] Got 1 sessions for user:email...
2025-02-07 00:22:13.165 [info] Getting sessions for all scopes...
2025-02-07 00:22:13.165 [info] Got 1 sessions for ...
2025-02-07 00:22:13.169 [info] Getting sessions for read:user,repo,user:email,workflow...
2025-02-07 00:22:13.169 [info] Got 0 sessions for read:user,repo,user:email,workflow...
2025-02-07 00:22:13.173 [info] Getting sessions for user:email...
2025-02-07 00:22:13.173 [info] Got 1 sessions for user:email...
2025-02-07 00:22:13.191 [info] Getting sessions for all scopes...
2025-02-07 00:22:13.191 [info] Got 1 sessions for ...
2025-02-07 00:22:13.194 [info] Getting sessions for read:user,repo,user:email,workflow...
2025-02-07 00:22:13.194 [info] Got 0 sessions for read:user,repo,user:email,workflow...
2025-02-07 00:22:13.196 [info] Getting sessions for user:email...
2025-02-07 00:22:13.196 [info] Got 1 sessions for user:email...
2025-02-07 00:37:13.203 [info] Getting sessions for all scopes...
2025-02-07 00:37:13.203 [info] Got 1 sessions for ...
2025-02-07 00:37:13.207 [info] Getting sessions for read:user,repo,user:email,workflow...
2025-02-07 00:37:13.207 [info] Got 0 sessions for read:user,repo,user:email,workflow...
2025-02-07 00:37:13.211 [info] Getting sessions for user:email...
2025-02-07 00:37:13.211 [info] Got 1 sessions for user:email...
2025-02-07 00:37:13.215 [info] Getting sessions for all scopes...
2025-02-07 00:37:13.215 [info] Got 1 sessions for ...
2025-02-07 00:37:13.219 [info] Getting sessions for read:user,repo,user:email,workflow...
2025-02-07 00:37:13.219 [info] Got 0 sessions for read:user,repo,user:email,workflow...
2025-02-07 00:37:13.223 [info] Getting sessions for user:email...
2025-02-07 00:37:13.223 [info] Got 1 sessions for user:email...
2025-02-07 00:47:09.326 [info] Getting sessions for read:user,repo,user:email,workflow...
2025-02-07 00:47:09.326 [info] Got 0 sessions for read:user,repo,user:email,workflow...
2025-02-07 00:47:09.329 [info] Getting sessions for read:user...
2025-02-07 00:47:09.330 [info] Got 0 sessions for read:user...
2025-02-07 00:47:09.333 [info] Getting sessions for user:email...
2025-02-07 00:47:09.334 [info] Got 1 sessions for user:email...
2025-02-07 00:47:13.155 [info] Getting sessions for all scopes...
2025-02-07 00:47:13.155 [info] Got 1 sessions for ...
2025-02-07 00:47:13.158 [info] Getting sessions for read:user,repo,user:email,workflow...
2025-02-07 00:47:13.158 [info] Got 0 sessions for read:user,repo,user:email,workflow...
2025-02-07 00:47:13.162 [info] Getting sessions for user:email...
2025-02-07 00:47:13.162 [info] Got 1 sessions for user:email...
2025-02-07 00:47:13.978 [info] Getting sessions for all scopes...
2025-02-07 00:47:13.978 [info] Got 1 sessions for ...
2025-02-07 00:47:13.978 [info] Getting sessions for all scopes...
2025-02-07 00:47:13.978 [info] Got 1 sessions for ...
2025-02-07 00:47:13.981 [info] Getting sessions for read:user,repo,user:email,workflow...
2025-02-07 00:47:13.981 [info] Got 0 sessions for read:user,repo,user:email,workflow...
2025-02-07 00:47:13.985 [info] Getting sessions for user:email...
2025-02-07 00:47:13.985 [info] Got 1 sessions for user:email...
2025-02-07 00:47:13.989 [info] Getting sessions for all scopes...
2025-02-07 00:47:13.989 [info] Got 1 sessions for ...
2025-02-07 00:47:13.993 [info] Getting sessions for read:user,repo,user:email,workflow...
2025-02-07 00:47:13.993 [info] Got 0 sessions for read:user,repo,user:email,workflow...
2025-02-07 00:47:13.996 [info] Getting sessions for user:email...
2025-02-07 00:47:13.996 [info] Got 1 sessions for user:email...
2025-02-07 00:47:14.007 [info] Getting sessions for all scopes...
2025-02-07 00:47:14.007 [info] Got 1 sessions for ...
2025-02-07 00:47:14.011 [info] Getting sessions for read:user,repo,user:email,workflow...
2025-02-07 00:47:14.011 [info] Got 0 sessions for read:user,repo,user:email,workflow...
2025-02-07 00:47:14.015 [info] Getting sessions for user:email...
2025-02-07 00:47:14.015 [info] Got 1 sessions for user:email...
2025-02-07 01:02:14.026 [info] Getting sessions for all scopes...
2025-02-07 01:02:14.026 [info] Got 1 sessions for ...
2025-02-07 01:02:14.030 [info] Getting sessions for read:user,repo,user:email,workflow...
2025-02-07 01:02:14.030 [info] Got 0 sessions for read:user,repo,user:email,workflow...
2025-02-07 01:02:14.033 [info] Getting sessions for user:email...
2025-02-07 01:02:14.033 [info] Got 1 sessions for user:email...
2025-02-07 01:02:14.037 [info] Getting sessions for all scopes...
2025-02-07 01:02:14.037 [info] Got 1 sessions for ...
2025-02-07 01:02:14.041 [info] Getting sessions for read:user,repo,user:email,workflow...
2025-02-07 01:02:14.041 [info] Got 0 sessions for read:user,repo,user:email,workflow...
2025-02-07 01:02:14.045 [info] Getting sessions for user:email...
2025-02-07 01:02:14.045 [info] Got 1 sessions for user:email...
2025-02-07 01:12:09.939 [info] Getting sessions for read:user,repo,user:email,workflow...
2025-02-07 01:12:09.939 [info] Got 0 sessions for read:user,repo,user:email,workflow...
2025-02-07 01:12:09.943 [info] Getting sessions for read:user...
2025-02-07 01:12:09.943 [info] Got 0 sessions for read:user...
2025-02-07 01:12:09.947 [info] Getting sessions for user:email...
2025-02-07 01:12:09.947 [info] Got 1 sessions for user:email...
2025-02-07 01:12:13.972 [info] Getting sessions for all scopes...
2025-02-07 01:12:13.973 [info] Got 1 sessions for ...
2025-02-07 01:12:13.976 [info] Getting sessions for read:user,repo,user:email,workflow...
2025-02-07 01:12:13.976 [info] Got 0 sessions for read:user,repo,user:email,workflow...
2025-02-07 01:12:13.980 [info] Getting sessions for user:email...
2025-02-07 01:12:13.980 [info] Got 1 sessions for user:email...
2025-02-07 01:12:14.728 [info] Getting sessions for all scopes...
2025-02-07 01:12:14.728 [info] Got 1 sessions for ...
2025-02-07 01:12:14.729 [info] Getting sessions for all scopes...
2025-02-07 01:12:14.729 [info] Got 1 sessions for ...
2025-02-07 01:12:14.730 [info] Getting sessions for read:user,repo,user:email,workflow...
2025-02-07 01:12:14.730 [info] Got 0 sessions for read:user,repo,user:email,workflow...
2025-02-07 01:12:14.733 [info] Getting sessions for user:email...
2025-02-07 01:12:14.733 [info] Got 1 sessions for user:email...
2025-02-07 01:12:14.735 [info] Getting sessions for all scopes...
2025-02-07 01:12:14.735 [info] Got 1 sessions for ...
2025-02-07 01:12:14.737 [info] Getting sessions for read:user,repo,user:email,workflow...
2025-02-07 01:12:14.737 [info] Got 0 sessions for read:user,repo,user:email,workflow...
2025-02-07 01:12:14.740 [info] Getting sessions for user:email...
2025-02-07 01:12:14.740 [info] Got 1 sessions for user:email...
2025-02-07 01:12:14.747 [info] Getting sessions for all scopes...
2025-02-07 01:12:14.747 [info] Got 1 sessions for ...
2025-02-07 01:12:14.750 [info] Getting sessions for read:user,repo,user:email,workflow...
2025-02-07 01:12:14.750 [info] Got 0 sessions for read:user,repo,user:email,workflow...
2025-02-07 01:12:14.752 [info] Getting sessions for user:email...
2025-02-07 01:12:14.752 [info] Got 1 sessions for user:email...
2025-02-07 01:27:14.758 [info] Getting sessions for all scopes...
2025-02-07 01:27:14.758 [info] Got 1 sessions for ...
2025-02-07 01:27:14.762 [info] Getting sessions for read:user,repo,user:email,workflow...
2025-02-07 01:27:14.762 [info] Got 0 sessions for read:user,repo,user:email,workflow...
2025-02-07 01:27:14.766 [info] Getting sessions for user:email...
2025-02-07 01:27:14.766 [info] Got 1 sessions for user:email...
2025-02-07 01:27:14.771 [info] Getting sessions for all scopes...
2025-02-07 01:27:14.771 [info] Got 1 sessions for ...
2025-02-07 01:27:14.774 [info] Getting sessions for read:user,repo,user:email,workflow...
2025-02-07 01:27:14.774 [info] Got 0 sessions for read:user,repo,user:email,workflow...
2025-02-07 01:27:14.778 [info] Getting sessions for user:email...
2025-02-07 01:27:14.778 [info] Got 1 sessions for user:email...
2025-02-07 01:37:10.494 [info] Getting sessions for read:user,repo,user:email,workflow...
2025-02-07 01:37:10.494 [info] Got 0 sessions for read:user,repo,user:email,workflow...
2025-02-07 01:37:10.497 [info] Getting sessions for read:user...
2025-02-07 01:37:10.497 [info] Got 0 sessions for read:user...
2025-02-07 01:37:10.501 [info] Getting sessions for user:email...
2025-02-07 01:37:10.501 [info] Got 1 sessions for user:email...
2025-02-07 01:37:14.729 [info] Getting sessions for all scopes...
2025-02-07 01:37:14.730 [info] Got 1 sessions for ...
2025-02-07 01:37:14.733 [info] Getting sessions for read:user,repo,user:email,workflow...
2025-02-07 01:37:14.733 [info] Got 0 sessions for read:user,repo,user:email,workflow...
2025-02-07 01:37:14.736 [info] Getting sessions for user:email...
2025-02-07 01:37:14.736 [info] Got 1 sessions for user:email...
2025-02-07 01:37:15.521 [info] Getting sessions for all scopes...
2025-02-07 01:37:15.521 [info] Got 1 sessions for ...
2025-02-07 01:37:15.522 [info] Getting sessions for all scopes...
2025-02-07 01:37:15.522 [info] Got 1 sessions for ...
2025-02-07 01:37:15.525 [info] Getting sessions for read:user,repo,user:email,workflow...
2025-02-07 01:37:15.525 [info] Got 0 sessions for read:user,repo,user:email,workflow...
2025-02-07 01:37:15.528 [info] Getting sessions for user:email...
2025-02-07 01:37:15.528 [info] Got 1 sessions for user:email...
2025-02-07 01:37:15.532 [info] Getting sessions for all scopes...
2025-02-07 01:37:15.532 [info] Got 1 sessions for ...
2025-02-07 01:37:15.536 [info] Getting sessions for read:user,repo,user:email,workflow...
2025-02-07 01:37:15.536 [info] Got 0 sessions for read:user,repo,user:email,workflow...
2025-02-07 01:37:15.540 [info] Getting sessions for user:email...
2025-02-07 01:37:15.540 [info] Got 1 sessions for user:email...
2025-02-07 01:37:15.555 [info] Getting sessions for all scopes...
2025-02-07 01:37:15.555 [info] Got 1 sessions for ...
2025-02-07 01:37:15.558 [info] Getting sessions for read:user,repo,user:email,workflow...
2025-02-07 01:37:15.558 [info] Got 0 sessions for read:user,repo,user:email,workflow...
2025-02-07 01:37:15.562 [info] Getting sessions for user:email...
2025-02-07 01:37:15.562 [info] Got 1 sessions for user:email...
2025-02-07 01:52:15.573 [info] Getting sessions for all scopes...
2025-02-07 01:52:15.573 [info] Got 1 sessions for ...
2025-02-07 01:52:15.577 [info] Getting sessions for read:user,repo,user:email,workflow...
2025-02-07 01:52:15.577 [info] Got 0 sessions for read:user,repo,user:email,workflow...
2025-02-07 01:52:15.581 [info] Getting sessions for user:email...
2025-02-07 01:52:15.581 [info] Got 1 sessions for user:email...
2025-02-07 01:52:15.585 [info] Getting sessions for all scopes...
2025-02-07 01:52:15.585 [info] Got 1 sessions for ...
2025-02-07 01:52:15.589 [info] Getting sessions for read:user,repo,user:email,workflow...
2025-02-07 01:52:15.589 [info] Got 0 sessions for read:user,repo,user:email,workflow...
2025-02-07 01:52:15.592 [info] Getting sessions for user:email...
2025-02-07 01:52:15.592 [info] Got 1 sessions for user:email...
2025-02-07 02:02:11.043 [info] Getting sessions for read:user,repo,user:email,workflow...
2025-02-07 02:02:11.043 [info] Got 0 sessions for read:user,repo,user:email,workflow...
2025-02-07 02:02:11.044 [info] Getting sessions for read:user...
2025-02-07 02:02:11.044 [info] Got 0 sessions for read:user...
2025-02-07 02:02:11.045 [info] Getting sessions for user:email...
2025-02-07 02:02:11.045 [info] Got 1 sessions for user:email...
2025-02-07 02:02:15.521 [info] Getting sessions for all scopes...
2025-02-07 02:02:15.521 [info] Got 1 sessions for ...
2025-02-07 02:02:15.522 [info] Getting sessions for read:user,repo,user:email,workflow...
2025-02-07 02:02:15.522 [info] Got 0 sessions for read:user,repo,user:email,workflow...
2025-02-07 02:02:15.523 [info] Getting sessions for user:email...
2025-02-07 02:02:15.523 [info] Got 1 sessions for user:email...
2025-02-07 02:02:16.376 [info] Getting sessions for all scopes...
2025-02-07 02:02:16.376 [info] Got 1 sessions for ...
2025-02-07 02:02:16.376 [info] Getting sessions for all scopes...
2025-02-07 02:02:16.376 [info] Got 1 sessions for ...
2025-02-07 02:02:16.377 [info] Getting sessions for read:user,repo,user:email,workflow...
2025-02-07 02:02:16.377 [info] Got 0 sessions for read:user,repo,user:email,workflow...
2025-02-07 02:02:16.378 [info] Getting sessions for user:email...
2025-02-07 02:02:16.378 [info] Got 1 sessions for user:email...
2025-02-07 02:02:16.379 [info] Getting sessions for all scopes...
2025-02-07 02:02:16.379 [info] Got 1 sessions for ...
2025-02-07 02:02:16.380 [info] Getting sessions for read:user,repo,user:email,workflow...
2025-02-07 02:02:16.380 [info] Got 0 sessions for read:user,repo,user:email,workflow...
2025-02-07 02:02:16.381 [info] Getting sessions for user:email...
2025-02-07 02:02:16.381 [info] Got 1 sessions for user:email...
2025-02-07 02:02:16.385 [info] Getting sessions for all scopes...
2025-02-07 02:02:16.385 [info] Got 1 sessions for ...
2025-02-07 02:02:16.386 [info] Getting sessions for read:user,repo,user:email,workflow...
2025-02-07 02:02:16.386 [info] Got 0 sessions for read:user,repo,user:email,workflow...
2025-02-07 02:02:16.387 [info] Getting sessions for user:email...
2025-02-07 02:02:16.387 [info] Got 1 sessions for user:email...
2025-02-07 02:17:16.390 [info] Getting sessions for all scopes...
2025-02-07 02:17:16.390 [info] Got 1 sessions for ...
2025-02-07 02:17:16.391 [info] Getting sessions for read:user,repo,user:email,workflow...
2025-02-07 02:17:16.391 [info] Got 0 sessions for read:user,repo,user:email,workflow...
2025-02-07 02:17:16.392 [info] Getting sessions for user:email...
2025-02-07 02:17:16.392 [info] Got 1 sessions for user:email...
2025-02-07 02:17:16.393 [info] Getting sessions for all scopes...
2025-02-07 02:17:16.393 [info] Got 1 sessions for ...
2025-02-07 02:17:16.393 [info] Getting sessions for read:user,repo,user:email,workflow...
2025-02-07 02:17:16.393 [info] Got 0 sessions for read:user,repo,user:email,workflow...
2025-02-07 02:17:16.394 [info] Getting sessions for user:email...
2025-02-07 02:17:16.394 [info] Got 1 sessions for user:email...
2025-02-07 02:27:11.892 [info] Getting sessions for read:user,repo,user:email,workflow...
2025-02-07 02:27:11.892 [info] Got 0 sessions for read:user,repo,user:email,workflow...
2025-02-07 02:27:11.893 [info] Getting sessions for read:user...
2025-02-07 02:27:11.893 [info] Got 0 sessions for read:user...
2025-02-07 02:27:11.894 [info] Getting sessions for user:email...
2025-02-07 02:27:11.894 [info] Got 1 sessions for user:email...
2025-02-07 02:27:16.378 [info] Getting sessions for all scopes...
2025-02-07 02:27:16.378 [info] Got 1 sessions for ...
2025-02-07 02:27:16.379 [info] Getting sessions for read:user,repo,user:email,workflow...
2025-02-07 02:27:16.379 [info] Got 0 sessions for read:user,repo,user:email,workflow...
2025-02-07 02:27:16.380 [info] Getting sessions for user:email...
2025-02-07 02:27:16.380 [info] Got 1 sessions for user:email...
2025-02-07 02:27:17.179 [info] Getting sessions for all scopes...
2025-02-07 02:27:17.179 [info] Got 1 sessions for ...
2025-02-07 02:27:17.180 [info] Getting sessions for all scopes...
2025-02-07 02:27:17.180 [info] Got 1 sessions for ...
2025-02-07 02:27:17.180 [info] Getting sessions for read:user,repo,user:email,workflow...
2025-02-07 02:27:17.180 [info] Got 0 sessions for read:user,repo,user:email,workflow...
2025-02-07 02:27:17.181 [info] Getting sessions for user:email...
2025-02-07 02:27:17.181 [info] Got 1 sessions for user:email...
2025-02-07 02:27:17.182 [info] Getting sessions for all scopes...
2025-02-07 02:27:17.182 [info] Got 1 sessions for ...
2025-02-07 02:27:17.183 [info] Getting sessions for read:user,repo,user:email,workflow...
2025-02-07 02:27:17.183 [info] Got 0 sessions for read:user,repo,user:email,workflow...
2025-02-07 02:27:17.184 [info] Getting sessions for user:email...
2025-02-07 02:27:17.184 [info] Got 1 sessions for user:email...
2025-02-07 02:27:17.188 [info] Getting sessions for all scopes...
2025-02-07 02:27:17.188 [info] Got 1 sessions for ...
2025-02-07 02:27:17.189 [info] Getting sessions for read:user,repo,user:email,workflow...
2025-02-07 02:27:17.189 [info] Got 0 sessions for read:user,repo,user:email,workflow...
2025-02-07 02:27:17.190 [info] Getting sessions for user:email...
2025-02-07 02:27:17.190 [info] Got 1 sessions for user:email...
2025-02-07 02:42:17.193 [info] Getting sessions for all scopes...
2025-02-07 02:42:17.193 [info] Got 1 sessions for ...
2025-02-07 02:42:17.195 [info] Getting sessions for read:user,repo,user:email,workflow...
2025-02-07 02:42:17.196 [info] Got 0 sessions for read:user,repo,user:email,workflow...
2025-02-07 02:42:17.198 [info] Getting sessions for user:email...
2025-02-07 02:42:17.198 [info] Got 1 sessions for user:email...
2025-02-07 02:42:17.201 [info] Getting sessions for all scopes...
2025-02-07 02:42:17.201 [info] Got 1 sessions for ...
2025-02-07 02:42:17.204 [info] Getting sessions for read:user,repo,user:email,workflow...
2025-02-07 02:42:17.204 [info] Got 0 sessions for read:user,repo,user:email,workflow...
2025-02-07 02:42:17.207 [info] Getting sessions for user:email...
2025-02-07 02:42:17.207 [info] Got 1 sessions for user:email...
2025-02-07 02:52:12.899 [info] Getting sessions for read:user,repo,user:email,workflow...
2025-02-07 02:52:12.899 [info] Got 0 sessions for read:user,repo,user:email,workflow...
2025-02-07 02:52:12.900 [info] Getting sessions for read:user...
2025-02-07 02:52:12.900 [info] Got 0 sessions for read:user...
2025-02-07 02:52:12.901 [info] Getting sessions for user:email...
2025-02-07 02:52:12.901 [info] Got 1 sessions for user:email...
2025-02-07 02:52:17.183 [info] Getting sessions for all scopes...
2025-02-07 02:52:17.183 [info] Got 1 sessions for ...
2025-02-07 02:52:17.187 [info] Getting sessions for read:user,repo,user:email,workflow...
2025-02-07 02:52:17.187 [info] Got 0 sessions for read:user,repo,user:email,workflow...
2025-02-07 02:52:17.191 [info] Getting sessions for user:email...
2025-02-07 02:52:17.191 [info] Got 1 sessions for user:email...
2025-02-07 02:52:17.941 [info] Getting sessions for all scopes...
2025-02-07 02:52:17.941 [info] Got 1 sessions for ...
2025-02-07 02:52:17.941 [info] Getting sessions for all scopes...
2025-02-07 02:52:17.941 [info] Got 1 sessions for ...
2025-02-07 02:52:17.942 [info] Getting sessions for read:user,repo,user:email,workflow...
2025-02-07 02:52:17.942 [info] Got 0 sessions for read:user,repo,user:email,workflow...
2025-02-07 02:52:17.943 [info] Getting sessions for user:email...
2025-02-07 02:52:17.943 [info] Got 1 sessions for user:email...
2025-02-07 02:52:17.944 [info] Getting sessions for all scopes...
2025-02-07 02:52:17.944 [info] Got 1 sessions for ...
2025-02-07 02:52:17.945 [info] Getting sessions for read:user,repo,user:email,workflow...
2025-02-07 02:52:17.945 [info] Got 0 sessions for read:user,repo,user:email,workflow...
2025-02-07 02:52:17.946 [info] Getting sessions for user:email...
2025-02-07 02:52:17.946 [info] Got 1 sessions for user:email...
2025-02-07 02:52:17.950 [info] Getting sessions for all scopes...
2025-02-07 02:52:17.950 [info] Got 1 sessions for ...
2025-02-07 02:52:17.951 [info] Getting sessions for read:user,repo,user:email,workflow...
2025-02-07 02:52:17.951 [info] Got 0 sessions for read:user,repo,user:email,workflow...
2025-02-07 02:52:17.951 [info] Getting sessions for user:email...
2025-02-07 02:52:17.951 [info] Got 1 sessions for user:email...
2025-02-07 03:07:17.953 [info] Getting sessions for all scopes...
2025-02-07 03:07:17.953 [info] Got 1 sessions for ...
2025-02-07 03:07:17.954 [info] Getting sessions for read:user,repo,user:email,workflow...
2025-02-07 03:07:17.954 [info] Got 0 sessions for read:user,repo,user:email,workflow...
2025-02-07 03:07:17.956 [info] Getting sessions for user:email...
2025-02-07 03:07:17.956 [info] Got 1 sessions for user:email...
2025-02-07 03:07:17.957 [info] Getting sessions for all scopes...
2025-02-07 03:07:17.957 [info] Got 1 sessions for ...
2025-02-07 03:07:17.958 [info] Getting sessions for read:user,repo,user:email,workflow...
2025-02-07 03:07:17.958 [info] Got 0 sessions for read:user,repo,user:email,workflow...
2025-02-07 03:07:17.959 [info] Getting sessions for user:email...
2025-02-07 03:07:17.959 [info] Got 1 sessions for user:email...
2025-02-07 03:17:13.491 [info] Getting sessions for read:user,repo,user:email,workflow...
2025-02-07 03:17:13.491 [info] Got 0 sessions for read:user,repo,user:email,workflow...
2025-02-07 03:17:13.494 [info] Getting sessions for read:user...
2025-02-07 03:17:13.494 [info] Got 0 sessions for read:user...
2025-02-07 03:17:13.498 [info] Getting sessions for user:email...
2025-02-07 03:17:13.498 [info] Got 1 sessions for user:email...
2025-02-07 03:17:17.944 [info] Getting sessions for all scopes...
2025-02-07 03:17:17.944 [info] Got 1 sessions for ...
2025-02-07 03:17:17.947 [info] Getting sessions for read:user,repo,user:email,workflow...
2025-02-07 03:17:17.947 [info] Got 0 sessions for read:user,repo,user:email,workflow...
2025-02-07 03:17:17.951 [info] Getting sessions for user:email...
2025-02-07 03:17:17.951 [info] Got 1 sessions for user:email...
2025-02-07 03:17:18.832 [info] Getting sessions for all scopes...
2025-02-07 03:17:18.832 [info] Got 1 sessions for ...
2025-02-07 03:17:18.832 [info] Getting sessions for all scopes...
2025-02-07 03:17:18.832 [info] Got 1 sessions for ...
2025-02-07 03:17:18.833 [info] Getting sessions for read:user,repo,user:email,workflow...
2025-02-07 03:17:18.833 [info] Got 0 sessions for read:user,repo,user:email,workflow...
2025-02-07 03:17:18.834 [info] Getting sessions for user:email...
2025-02-07 03:17:18.834 [info] Got 1 sessions for user:email...
2025-02-07 03:17:18.835 [info] Getting sessions for all scopes...
2025-02-07 03:17:18.835 [info] Got 1 sessions for ...
2025-02-07 03:17:18.836 [info] Getting sessions for read:user,repo,user:email,workflow...
2025-02-07 03:17:18.836 [info] Got 0 sessions for read:user,repo,user:email,workflow...
2025-02-07 03:17:18.837 [info] Getting sessions for user:email...
2025-02-07 03:17:18.837 [info] Got 1 sessions for user:email...
2025-02-07 03:17:18.840 [info] Getting sessions for all scopes...
2025-02-07 03:17:18.840 [info] Got 1 sessions for ...
2025-02-07 03:17:18.841 [info] Getting sessions for read:user,repo,user:email,workflow...
2025-02-07 03:17:18.841 [info] Got 0 sessions for read:user,repo,user:email,workflow...
2025-02-07 03:17:18.841 [info] Getting sessions for user:email...
2025-02-07 03:17:18.841 [info] Got 1 sessions for user:email...
2025-02-07 12:38:39.848 [info] Getting sessions for all scopes...
2025-02-07 12:38:39.848 [info] Got 1 sessions for ...
2025-02-07 12:38:39.852 [info] Getting sessions for read:user,repo,user:email,workflow...
2025-02-07 12:38:39.852 [info] Got 0 sessions for read:user,repo,user:email,workflow...
2025-02-07 12:38:39.855 [info] Getting sessions for user:email...
2025-02-07 12:38:39.855 [info] Got 1 sessions for user:email...
2025-02-07 12:38:39.860 [info] Getting sessions for all scopes...
2025-02-07 12:38:39.860 [info] Got 1 sessions for ...
2025-02-07 12:38:39.864 [info] Getting sessions for read:user,repo,user:email,workflow...
2025-02-07 12:38:39.864 [info] Got 0 sessions for read:user,repo,user:email,workflow...
2025-02-07 12:38:39.867 [info] Getting sessions for user:email...
2025-02-07 12:38:39.867 [info] Got 1 sessions for user:email...
2025-02-07 12:38:40.696 [info] Getting sessions for all scopes...
2025-02-07 12:38:40.696 [info] Got 1 sessions for ...
2025-02-07 12:38:40.696 [info] Getting sessions for all scopes...
2025-02-07 12:38:40.696 [info] Got 1 sessions for ...
2025-02-07 12:38:40.697 [info] Getting sessions for read:user,repo,user:email,workflow...
2025-02-07 12:38:40.697 [info] Got 0 sessions for read:user,repo,user:email,workflow...
2025-02-07 12:38:40.697 [info] Getting sessions for user:email...
2025-02-07 12:38:40.697 [info] Got 1 sessions for user:email...
2025-02-07 12:38:40.698 [info] Getting sessions for all scopes...
2025-02-07 12:38:40.698 [info] Got 1 sessions for ...
2025-02-07 12:38:40.699 [info] Getting sessions for read:user,repo,user:email,workflow...
2025-02-07 12:38:40.699 [info] Got 0 sessions for read:user,repo,user:email,workflow...
2025-02-07 12:38:40.700 [info] Getting sessions for user:email...
2025-02-07 12:38:40.700 [info] Got 1 sessions for user:email...
2025-02-07 12:38:40.701 [info] Getting sessions for all scopes...
2025-02-07 12:38:40.701 [info] Got 1 sessions for ...
2025-02-07 12:38:40.702 [info] Getting sessions for read:user,repo,user:email,workflow...
2025-02-07 12:38:40.702 [info] Got 0 sessions for read:user,repo,user:email,workflow...
2025-02-07 12:38:40.703 [info] Getting sessions for user:email...
2025-02-07 12:38:40.703 [info] Got 1 sessions for user:email...
2025-02-07 12:38:41.943 [info] Getting sessions for all scopes...
2025-02-07 12:38:41.943 [info] Got 1 sessions for ...
2025-02-07 12:38:41.947 [info] Getting sessions for read:user,repo,user:email,workflow...
2025-02-07 12:38:41.947 [info] Got 0 sessions for read:user,repo,user:email,workflow...
2025-02-07 12:38:41.950 [info] Getting sessions for user:email...
2025-02-07 12:38:41.951 [info] Got 1 sessions for user:email...
2025-02-07 12:48:35.073 [info] Getting sessions for read:user,repo,user:email,workflow...
2025-02-07 12:48:35.073 [info] Got 0 sessions for read:user,repo,user:email,workflow...
2025-02-07 12:48:35.077 [info] Getting sessions for read:user...
2025-02-07 12:48:35.077 [info] Got 0 sessions for read:user...
2025-02-07 12:48:35.081 [info] Getting sessions for user:email...
2025-02-07 12:48:35.081 [info] Got 1 sessions for user:email...
2025-02-07 12:53:41.954 [info] Getting sessions for all scopes...
2025-02-07 12:53:41.954 [info] Got 1 sessions for ...
2025-02-07 12:53:41.955 [info] Getting sessions for read:user,repo,user:email,workflow...
2025-02-07 12:53:41.955 [info] Got 0 sessions for read:user,repo,user:email,workflow...
2025-02-07 12:53:41.956 [info] Getting sessions for user:email...
2025-02-07 12:53:41.956 [info] Got 1 sessions for user:email...
2025-02-07 12:53:41.957 [info] Getting sessions for all scopes...
2025-02-07 12:53:41.957 [info] Got 1 sessions for ...
2025-02-07 12:53:41.958 [info] Getting sessions for read:user,repo,user:email,workflow...
2025-02-07 12:53:41.958 [info] Got 0 sessions for read:user,repo,user:email,workflow...
2025-02-07 12:53:41.958 [info] Getting sessions for user:email...
2025-02-07 12:53:41.958 [info] Got 1 sessions for user:email...
2025-02-07 13:03:40.749 [info] Getting sessions for all scopes...
2025-02-07 13:03:40.749 [info] Got 1 sessions for ...
2025-02-07 13:03:40.753 [info] Getting sessions for read:user,repo,user:email,workflow...
2025-02-07 13:03:40.753 [info] Got 0 sessions for read:user,repo,user:email,workflow...
2025-02-07 13:03:40.756 [info] Getting sessions for user:email...
2025-02-07 13:03:40.756 [info] Got 1 sessions for user:email...
2025-02-07 13:03:41.765 [info] Getting sessions for all scopes...
2025-02-07 13:03:41.766 [info] Got 1 sessions for ...
2025-02-07 13:03:41.766 [info] Getting sessions for all scopes...
2025-02-07 13:03:41.766 [info] Got 1 sessions for ...
2025-02-07 13:03:41.770 [info] Getting sessions for read:user,repo,user:email,workflow...
2025-02-07 13:03:41.770 [info] Got 0 sessions for read:user,repo,user:email,workflow...
2025-02-07 13:03:41.773 [info] Getting sessions for user:email...
2025-02-07 13:03:41.773 [info] Got 1 sessions for user:email...
2025-02-07 13:03:41.778 [info] Getting sessions for all scopes...
2025-02-07 13:03:41.778 [info] Got 1 sessions for ...
2025-02-07 13:03:41.782 [info] Getting sessions for read:user,repo,user:email,workflow...
2025-02-07 13:03:41.782 [info] Got 0 sessions for read:user,repo,user:email,workflow...
2025-02-07 13:03:41.786 [info] Getting sessions for user:email...
2025-02-07 13:03:41.786 [info] Got 1 sessions for user:email...
2025-02-07 13:03:41.801 [info] Getting sessions for all scopes...
2025-02-07 13:03:41.801 [info] Got 1 sessions for ...
2025-02-07 13:03:41.805 [info] Getting sessions for read:user,repo,user:email,workflow...
2025-02-07 13:03:41.805 [info] Got 0 sessions for read:user,repo,user:email,workflow...
2025-02-07 13:03:41.808 [info] Getting sessions for user:email...
2025-02-07 13:03:41.808 [info] Got 1 sessions for user:email...
2025-02-07 13:13:36.612 [info] Getting sessions for read:user,repo,user:email,workflow...
2025-02-07 13:13:36.612 [info] Got 0 sessions for read:user,repo,user:email,workflow...
2025-02-07 13:13:36.614 [info] Getting sessions for read:user...
2025-02-07 13:13:36.614 [info] Got 0 sessions for read:user...
2025-02-07 13:13:36.616 [info] Getting sessions for user:email...
2025-02-07 13:13:36.616 [info] Got 1 sessions for user:email...
