2025-02-16 16:46:11.021 [info] Active editor: file:///home/sab/github/TheInvisibleFoe/PH3105-Lab-reports/DPS-Lab_reports/PH3204/exp-2BJT/bjt.tex
2025-02-16 16:46:14.573 [info] Executing :w
2025-02-16 16:46:15.228 [info] Executing :wq
2025-02-16 16:46:15.271 [info] /home/sab/github/TheInvisibleFoe/PH3105-Lab-reports/DPS-Lab_reports/PH3204/exp-2BJT/bjt.tex closed
2025-02-16 16:46:15.272 [warning] getLineLength() called with out-of-bounds line 15
2025-02-16 16:46:15.272 [warning] invalid cursor position. [[15, 16] | [15, 16]].
2025-02-16 16:46:15.278 [info] Active editor: file:///home/sab/github/TheInvisibleFoe/PH3105-Lab-reports/DPS-Lab_reports/PH3204/exp-2BJT/main.tex
2025-02-16 16:46:57.306 [info] Active editor: file:///home/sab/github/TheInvisibleFoe/PH3105-Lab-reports/DPS-Lab_reports/PH3204/exp-2BJT/main.tex
2025-02-16 16:46:58.039 [info] Active editor: file:///home/sab/github/TheInvisibleFoe/PH3105-Lab-reports/DPS-Lab_reports/PH3204/exp-2BJT/main.tex
2025-02-16 16:47:13.275 [info] Active editor: file:///home/sab/github/TheInvisibleFoe/PH3105-Lab-reports/DPS-Lab_reports/PH3204/exp-2BJT/main.tex
2025-02-16 16:47:16.040 [info] Active editor: file:///home/sab/github/TheInvisibleFoe/PH3105-Lab-reports/DPS-Lab_reports/PH3204/exp-2BJT/main.tex
2025-02-16 16:47:18.249 [info] Active editor: file:///home/sab/github/TheInvisibleFoe/PH3105-Lab-reports/DPS-Lab_reports/PH3204/exp-2BJT/bjt.tex
2025-02-16 16:47:30.539 [info] Executing :w
2025-02-16 16:47:31.820 [info] Active editor: file:///home/sab/github/TheInvisibleFoe/PH3105-Lab-reports/DPS-Lab_reports/PH3204/exp-2BJT/main.tex
2025-02-16 16:48:58.651 [info] Active editor: file:///home/sab/github/TheInvisibleFoe/PH3105-Lab-reports/DPS-Lab_reports/PH3204/exp-2BJT/bjt.tex
2025-02-16 16:51:28.650 [info] Executing :w
2025-02-16 16:51:30.255 [info] Active editor: file:///home/sab/github/TheInvisibleFoe/PH3105-Lab-reports/DPS-Lab_reports/PH3204/exp-2BJT/main.tex
2025-02-16 16:51:45.835 [info] Active editor: file:///home/sab/github/TheInvisibleFoe/PH3105-Lab-reports/DPS-Lab_reports/PH3204/exp-2BJT/bjt.tex
2025-02-16 16:51:57.237 [info] Executing :w
2025-02-16 16:51:58.483 [info] Active editor: file:///home/sab/github/TheInvisibleFoe/PH3105-Lab-reports/DPS-Lab_reports/PH3204/exp-2BJT/main.tex
2025-02-16 16:59:09.269 [info] Active editor: file:///home/sab/github/TheInvisibleFoe/PH3105-Lab-reports/DPS-Lab_reports/PH3204/exp-2BJT/bjt.tex
2025-02-16 16:59:18.904 [info] Active editor: file:///home/sab/github/TheInvisibleFoe/PH3105-Lab-reports/DPS-Lab_reports/PH3204/exp-2BJT/tablei.tex
2025-02-16 16:59:22.962 [info] Active editor: file:///home/sab/github/TheInvisibleFoe/PH3105-Lab-reports/DPS-Lab_reports/PH3204/exp-2BJT/main.tex
2025-02-16 16:59:42.757 [info] Active editor: file:///home/sab/github/TheInvisibleFoe/PH3105-Lab-reports/DPS-Lab_reports/PH3204/exp-2BJT/tableo.tex
2025-02-16 17:00:53.491 [info] Active editor: file:///home/sab/github/TheInvisibleFoe/PH3105-Lab-reports/DPS-Lab_reports/PH3204/exp-2BJT/main.tex
2025-02-16 17:00:54.641 [info] Executing :w
2025-02-16 17:00:56.229 [info] Active editor: file:///home/sab/github/TheInvisibleFoe/PH3105-Lab-reports/DPS-Lab_reports/PH3204/exp-2BJT/tableo.tex
2025-02-16 17:00:58.910 [info] Active editor: file:///home/sab/github/TheInvisibleFoe/PH3105-Lab-reports/DPS-Lab_reports/PH3204/exp-2BJT/main.tex
2025-02-16 17:01:33.262 [info] Active editor: file:///home/sab/github/TheInvisibleFoe/PH3105-Lab-reports/DPS-Lab_reports/PH3204/exp-2BJT/tableo.tex
2025-02-16 17:01:39.207 [info] Executing :W
2025-02-16 17:01:40.823 [info] Active editor: file:///home/sab/github/TheInvisibleFoe/PH3105-Lab-reports/DPS-Lab_reports/PH3204/exp-2BJT/main.tex
2025-02-16 17:01:54.584 [info] Active editor: file:///home/sab/github/TheInvisibleFoe/PH3105-Lab-reports/DPS-Lab_reports/PH3204/exp-2BJT/tableo.tex
2025-02-16 17:05:47.827 [info] Active editor: file:///home/sab/github/TheInvisibleFoe/PH3105-Lab-reports/DPS-Lab_reports/PH3204/exp-2BJT/main.tex
2025-02-16 17:06:20.532 [info] Executing :W
2025-02-16 17:06:21.239 [info] Executing :w
2025-02-16 17:06:54.883 [info] Executing :w
2025-02-16 17:14:12.215 [info] Active editor: vscode-notebook-cell:/home/sab/github/TheInvisibleFoe/PH3105-Lab-reports/DPS-Lab_reports/PH3204/exp-2BJT/code/exp2.ipynb#W0sZmlsZQ%3D%3D
2025-02-16 17:14:20.134 [info] Active editor: vscode-notebook-cell:/home/sab/github/TheInvisibleFoe/PH3105-Lab-reports/DPS-Lab_reports/PH3204/exp-2BJT/code/exp2.ipynb#W0sZmlsZQ%3D%3D
2025-02-16 17:14:46.830 [info] Active editor: vscode-notebook-cell:/home/sab/github/TheInvisibleFoe/PH3105-Lab-reports/DPS-Lab_reports/PH3204/exp-2BJT/code/exp2.ipynb#W3sZmlsZQ%3D%3D
2025-02-16 17:15:01.641 [info] Active editor: vscode-notebook-cell:/home/sab/github/TheInvisibleFoe/PH3105-Lab-reports/DPS-Lab_reports/PH3204/exp-2BJT/code/exp2.ipynb#W0sZmlsZQ%3D%3D
2025-02-16 17:15:11.771 [info] Active editor: vscode-notebook-cell:/home/sab/github/TheInvisibleFoe/PH3105-Lab-reports/DPS-Lab_reports/PH3204/exp-2BJT/code/exp2.ipynb#W2sZmlsZQ%3D%3D
2025-02-16 17:15:11.780 [info] Active editor: vscode-notebook-cell:/home/sab/github/TheInvisibleFoe/PH3105-Lab-reports/DPS-Lab_reports/PH3204/exp-2BJT/code/exp2.ipynb#W4sZmlsZQ%3D%3D
2025-02-16 17:15:20.932 [info] Active editor: vscode-notebook-cell:/home/sab/github/TheInvisibleFoe/PH3105-Lab-reports/DPS-Lab_reports/PH3204/exp-2BJT/code/exp2.ipynb#W4sZmlsZQ%3D%3D
2025-02-16 17:15:24.558 [info] Active editor: vscode-notebook-cell:/home/sab/github/TheInvisibleFoe/PH3105-Lab-reports/DPS-Lab_reports/PH3204/exp-2BJT/code/exp2.ipynb#W6sZmlsZQ%3D%3D
2025-02-16 17:15:25.623 [info] Active editor: vscode-notebook-cell:/home/sab/github/TheInvisibleFoe/PH3105-Lab-reports/DPS-Lab_reports/PH3204/exp-2BJT/code/exp2.ipynb#X10sZmlsZQ%3D%3D
2025-02-16 17:16:05.381 [info] Active editor: vscode-notebook-cell:/home/sab/github/TheInvisibleFoe/PH3105-Lab-reports/DPS-Lab_reports/PH3204/exp-2BJT/code/exp2.ipynb#W6sZmlsZQ%3D%3D
2025-02-16 17:16:17.246 [info] Active editor: vscode-notebook-cell:/home/sab/github/TheInvisibleFoe/PH3105-Lab-reports/DPS-Lab_reports/PH3204/exp-2BJT/code/exp2.ipynb#X10sZmlsZQ%3D%3D
2025-02-16 17:16:21.286 [info] Active editor: vscode-notebook-cell:/home/sab/github/TheInvisibleFoe/PH3105-Lab-reports/DPS-Lab_reports/PH3204/exp-2BJT/code/exp2.ipynb#W6sZmlsZQ%3D%3D
2025-02-16 17:17:18.174 [info] Active editor: vscode-notebook-cell:/home/sab/github/TheInvisibleFoe/PH3105-Lab-reports/DPS-Lab_reports/PH3204/exp-2BJT/code/exp2.ipynb#X10sZmlsZQ%3D%3D
2025-02-16 17:17:32.497 [info] Active editor: vscode-notebook-cell:/home/sab/github/TheInvisibleFoe/PH3105-Lab-reports/DPS-Lab_reports/PH3204/exp-2BJT/code/exp2.ipynb#W6sZmlsZQ%3D%3D
2025-02-16 17:17:39.921 [info] Active editor: vscode-notebook-cell:/home/sab/github/TheInvisibleFoe/PH3105-Lab-reports/DPS-Lab_reports/PH3204/exp-2BJT/code/exp2.ipynb#X10sZmlsZQ%3D%3D
2025-02-16 17:17:42.056 [info] Active editor: vscode-notebook-cell:/home/sab/github/TheInvisibleFoe/PH3105-Lab-reports/DPS-Lab_reports/PH3204/exp-2BJT/code/exp2.ipynb#W3sZmlsZQ%3D%3D
2025-02-16 17:17:45.727 [info] Active editor: vscode-notebook-cell:/home/sab/github/TheInvisibleFoe/PH3105-Lab-reports/DPS-Lab_reports/PH3204/exp-2BJT/code/exp2.ipynb#W4sZmlsZQ%3D%3D
2025-02-16 17:18:30.515 [info] Active editor: vscode-notebook-cell:/home/sab/github/TheInvisibleFoe/PH3105-Lab-reports/DPS-Lab_reports/PH3204/exp-2BJT/code/exp2.ipynb#X11sZmlsZQ%3D%3D
2025-02-16 17:18:36.554 [info] Active editor: vscode-notebook-cell:/home/sab/github/TheInvisibleFoe/PH3105-Lab-reports/DPS-Lab_reports/PH3204/exp-2BJT/code/exp2.ipynb#X11sZmlsZQ%3D%3D
2025-02-16 17:18:51.753 [info] Active editor: file:///home/sab/github/TheInvisibleFoe/PH3105-Lab-reports/DPS-Lab_reports/PH3204/exp-2BJT/main.tex
2025-02-16 17:20:29.423 [info] Active editor: file:///home/sab/github/TheInvisibleFoe/PH3105-Lab-reports/DPS-Lab_reports/PH3204/exp-2BJT/main.tex
2025-02-16 17:20:36.298 [info] Executing :w
2025-02-16 17:21:55.855 [info] Active editor: file:///home/sab/github/TheInvisibleFoe/PH3105-Lab-reports/DPS-Lab_reports/PH3204/exp-2BJT/main.tex
2025-02-16 17:25:40.719 [info] Active editor: vscode-notebook-cell:/home/sab/github/TheInvisibleFoe/PH3105-Lab-reports/DPS-Lab_reports/PH3204/exp-2BJT/code/exp2.ipynb#X11sZmlsZQ%3D%3D
2025-02-16 17:25:47.313 [info] Active editor: vscode-notebook-cell:/home/sab/github/TheInvisibleFoe/PH3105-Lab-reports/DPS-Lab_reports/PH3204/exp-2BJT/code/exp2.ipynb#W3sZmlsZQ%3D%3D
2025-02-16 17:26:00.422 [info] Active editor: vscode-notebook-cell:/home/sab/github/TheInvisibleFoe/PH3105-Lab-reports/DPS-Lab_reports/PH3204/exp-2BJT/code/exp2.ipynb#W4sZmlsZQ%3D%3D
2025-02-16 17:26:11.307 [info] Active editor: vscode-notebook-cell:/home/sab/github/TheInvisibleFoe/PH3105-Lab-reports/DPS-Lab_reports/PH3204/exp-2BJT/code/exp2.ipynb#W3sZmlsZQ%3D%3D
2025-02-16 17:26:41.449 [info] Active editor: vscode-notebook-cell:/home/sab/github/TheInvisibleFoe/PH3105-Lab-reports/DPS-Lab_reports/PH3204/exp-2BJT/code/exp2.ipynb#W4sZmlsZQ%3D%3D
2025-02-16 17:26:50.902 [info] Active editor: vscode-notebook-cell:/home/sab/github/TheInvisibleFoe/PH3105-Lab-reports/DPS-Lab_reports/PH3204/exp-2BJT/code/exp2.ipynb#W3sZmlsZQ%3D%3D
2025-02-16 17:27:06.921 [info] Active editor: vscode-notebook-cell:/home/sab/github/TheInvisibleFoe/PH3105-Lab-reports/DPS-Lab_reports/PH3204/exp-2BJT/code/exp2.ipynb#W4sZmlsZQ%3D%3D
2025-02-16 17:27:08.810 [info] Active editor: vscode-notebook-cell:/home/sab/github/TheInvisibleFoe/PH3105-Lab-reports/DPS-Lab_reports/PH3204/exp-2BJT/code/exp2.ipynb#W4sZmlsZQ%3D%3D
2025-02-16 17:27:14.958 [info] Active editor: vscode-notebook-cell:/home/sab/github/TheInvisibleFoe/PH3105-Lab-reports/DPS-Lab_reports/PH3204/exp-2BJT/code/exp2.ipynb#W3sZmlsZQ%3D%3D
2025-02-16 17:27:34.337 [info] Active editor: vscode-notebook-cell:/home/sab/github/TheInvisibleFoe/PH3105-Lab-reports/DPS-Lab_reports/PH3204/exp-2BJT/code/exp2.ipynb#W4sZmlsZQ%3D%3D
2025-02-16 17:27:36.040 [info] Active editor: vscode-notebook-cell:/home/sab/github/TheInvisibleFoe/PH3105-Lab-reports/DPS-Lab_reports/PH3204/exp-2BJT/code/exp2.ipynb#W4sZmlsZQ%3D%3D
2025-02-16 17:27:38.200 [info] Active editor: vscode-notebook-cell:/home/sab/github/TheInvisibleFoe/PH3105-Lab-reports/DPS-Lab_reports/PH3204/exp-2BJT/code/exp2.ipynb#W3sZmlsZQ%3D%3D
2025-02-16 17:27:40.888 [info] Active editor: vscode-notebook-cell:/home/sab/github/TheInvisibleFoe/PH3105-Lab-reports/DPS-Lab_reports/PH3204/exp-2BJT/code/exp2.ipynb#W1sZmlsZQ%3D%3D
2025-02-16 17:27:40.892 [info] Active editor: vscode-notebook-cell:/home/sab/github/TheInvisibleFoe/PH3105-Lab-reports/DPS-Lab_reports/PH3204/exp-2BJT/code/exp2.ipynb#W4sZmlsZQ%3D%3D
2025-02-16 17:27:43.396 [info] Active editor: vscode-notebook-cell:/home/sab/github/TheInvisibleFoe/PH3105-Lab-reports/DPS-Lab_reports/PH3204/exp-2BJT/code/exp2.ipynb#W3sZmlsZQ%3D%3D
2025-02-16 17:28:09.534 [info] Active editor: vscode-notebook-cell:/home/sab/github/TheInvisibleFoe/PH3105-Lab-reports/DPS-Lab_reports/PH3204/exp-2BJT/code/exp2.ipynb#W4sZmlsZQ%3D%3D
2025-02-16 17:28:11.438 [info] Active editor: vscode-notebook-cell:/home/sab/github/TheInvisibleFoe/PH3105-Lab-reports/DPS-Lab_reports/PH3204/exp-2BJT/code/exp2.ipynb#W3sZmlsZQ%3D%3D
2025-02-16 17:28:30.815 [info] Active editor: vscode-notebook-cell:/home/sab/github/TheInvisibleFoe/PH3105-Lab-reports/DPS-Lab_reports/PH3204/exp-2BJT/code/exp2.ipynb#W4sZmlsZQ%3D%3D
2025-02-16 17:28:36.094 [info] Active editor: vscode-notebook-cell:/home/sab/github/TheInvisibleFoe/PH3105-Lab-reports/DPS-Lab_reports/PH3204/exp-2BJT/code/exp2.ipynb#W3sZmlsZQ%3D%3D
2025-02-16 17:28:55.999 [info] Active editor: vscode-notebook-cell:/home/sab/github/TheInvisibleFoe/PH3105-Lab-reports/DPS-Lab_reports/PH3204/exp-2BJT/code/exp2.ipynb#W4sZmlsZQ%3D%3D
2025-02-16 17:29:01.982 [info] Active editor: vscode-notebook-cell:/home/sab/github/TheInvisibleFoe/PH3105-Lab-reports/DPS-Lab_reports/PH3204/exp-2BJT/code/exp2.ipynb#W3sZmlsZQ%3D%3D
2025-02-16 17:29:10.010 [info] Active editor: vscode-notebook-cell:/home/sab/github/TheInvisibleFoe/PH3105-Lab-reports/DPS-Lab_reports/PH3204/exp-2BJT/code/exp2.ipynb#W4sZmlsZQ%3D%3D
2025-02-16 17:29:12.038 [info] Active editor: vscode-notebook-cell:/home/sab/github/TheInvisibleFoe/PH3105-Lab-reports/DPS-Lab_reports/PH3204/exp-2BJT/code/exp2.ipynb#W4sZmlsZQ%3D%3D
2025-02-16 17:29:13.049 [info] Active editor: vscode-notebook-cell:/home/sab/github/TheInvisibleFoe/PH3105-Lab-reports/DPS-Lab_reports/PH3204/exp-2BJT/code/exp2.ipynb#W4sZmlsZQ%3D%3D
2025-02-16 17:29:26.519 [info] Active editor: vscode-notebook-cell:/home/sab/github/TheInvisibleFoe/PH3105-Lab-reports/DPS-Lab_reports/PH3204/exp-2BJT/code/exp2.ipynb#W4sZmlsZQ%3D%3D
2025-02-16 17:29:36.081 [info] Active editor: vscode-notebook-cell:/home/sab/github/TheInvisibleFoe/PH3105-Lab-reports/DPS-Lab_reports/PH3204/exp-2BJT/code/exp2.ipynb#W6sZmlsZQ%3D%3D
2025-02-16 17:29:38.484 [info] Active editor: vscode-notebook-cell:/home/sab/github/TheInvisibleFoe/PH3105-Lab-reports/DPS-Lab_reports/PH3204/exp-2BJT/code/exp2.ipynb#W6sZmlsZQ%3D%3D
2025-02-16 17:29:42.215 [info] Active editor: vscode-notebook-cell:/home/sab/github/TheInvisibleFoe/PH3105-Lab-reports/DPS-Lab_reports/PH3204/exp-2BJT/code/exp2.ipynb#W6sZmlsZQ%3D%3D
2025-02-16 17:30:08.191 [info] Active editor: vscode-notebook-cell:/home/sab/github/TheInvisibleFoe/PH3105-Lab-reports/DPS-Lab_reports/PH3204/exp-2BJT/code/exp2.ipynb#X10sZmlsZQ%3D%3D
2025-02-16 17:30:11.135 [info] Active editor: vscode-notebook-cell:/home/sab/github/TheInvisibleFoe/PH3105-Lab-reports/DPS-Lab_reports/PH3204/exp-2BJT/code/exp2.ipynb#W6sZmlsZQ%3D%3D
2025-02-16 17:30:17.757 [info] Active editor: vscode-notebook-cell:/home/sab/github/TheInvisibleFoe/PH3105-Lab-reports/DPS-Lab_reports/PH3204/exp-2BJT/code/exp2.ipynb#X10sZmlsZQ%3D%3D
2025-02-16 17:30:21.138 [info] Active editor: vscode-notebook-cell:/home/sab/github/TheInvisibleFoe/PH3105-Lab-reports/DPS-Lab_reports/PH3204/exp-2BJT/code/exp2.ipynb#W6sZmlsZQ%3D%3D
2025-02-16 17:30:24.922 [info] Active editor: vscode-notebook-cell:/home/sab/github/TheInvisibleFoe/PH3105-Lab-reports/DPS-Lab_reports/PH3204/exp-2BJT/code/exp2.ipynb#X10sZmlsZQ%3D%3D
2025-02-16 17:30:26.745 [info] Active editor: vscode-notebook-cell:/home/sab/github/TheInvisibleFoe/PH3105-Lab-reports/DPS-Lab_reports/PH3204/exp-2BJT/code/exp2.ipynb#X10sZmlsZQ%3D%3D
2025-02-16 17:30:42.472 [info] Active editor: file:///home/sab/github/TheInvisibleFoe/PH3105-Lab-reports/DPS-Lab_reports/PH3204/exp-2BJT/main.tex
2025-02-16 17:31:10.144 [info] Active editor: file:///home/sab/github/TheInvisibleFoe/PH3105-Lab-reports/DPS-Lab_reports/PH3204/exp-2BJT/main.tex
2025-02-16 17:31:29.765 [info] Active editor: file:///home/sab/github/TheInvisibleFoe/PH3105-Lab-reports/DPS-Lab_reports/PH3204/exp-2BJT/main.tex
2025-02-16 17:38:51.463 [info] Active editor: file:///home/sab/github/TheInvisibleFoe/PH3105-Lab-reports/DPS-Lab_reports/PH3204/exp-2BJT/main.tex
2025-02-16 18:29:26.005 [info] extension-output-James-Yu.latex-workshop-#2-LaTeX Compiler closed
2025-02-16 18:39:37.817 [info] Active editor: vscode-notebook-cell:/home/sab/github/TheInvisibleFoe/PH3105-Lab-reports/DPS-Lab_reports/PH3204/exp-2BJT/code/exp2.ipynb#W4sZmlsZQ%3D%3D
2025-02-16 18:39:39.615 [info] Active editor: vscode-notebook-cell:/home/sab/github/TheInvisibleFoe/PH3105-Lab-reports/DPS-Lab_reports/PH3204/exp-2BJT/code/exp2.ipynb#X13sZmlsZQ%3D%3D
2025-02-16 18:40:07.699 [info] Active editor: vscode-notebook-cell:/home/sab/github/TheInvisibleFoe/PH3105-Lab-reports/DPS-Lab_reports/PH3204/exp-2BJT/code/exp2.ipynb#X16sZmlsZQ%3D%3D
2025-02-16 18:40:08.584 [info] Active editor: vscode-notebook-cell:/home/sab/github/TheInvisibleFoe/PH3105-Lab-reports/DPS-Lab_reports/PH3204/exp-2BJT/code/exp2.ipynb#X13sZmlsZQ%3D%3D
2025-02-16 18:40:10.126 [info] Active editor: vscode-notebook-cell:/home/sab/github/TheInvisibleFoe/PH3105-Lab-reports/DPS-Lab_reports/PH3204/exp-2BJT/code/exp2.ipynb#X20sZmlsZQ%3D%3D
2025-02-16 18:40:43.993 [info] Active editor: vscode-notebook-cell:/home/sab/github/TheInvisibleFoe/PH3105-Lab-reports/DPS-Lab_reports/PH3204/exp-2BJT/code/exp2.ipynb#X15sZmlsZQ%3D%3D
2025-02-16 18:41:17.501 [info] Active editor: vscode-notebook-cell:/home/sab/github/TheInvisibleFoe/PH3105-Lab-reports/DPS-Lab_reports/PH3204/exp-2BJT/code/exp2.ipynb#X15sZmlsZQ%3D%3D
2025-02-16 18:41:18.967 [info] Active editor: vscode-notebook-cell:/home/sab/github/TheInvisibleFoe/PH3105-Lab-reports/DPS-Lab_reports/PH3204/exp-2BJT/code/exp2.ipynb#X13sZmlsZQ%3D%3D
2025-02-16 18:41:37.924 [info] Active editor: vscode-notebook-cell:/home/sab/github/TheInvisibleFoe/PH3105-Lab-reports/DPS-Lab_reports/PH3204/exp-2BJT/code/exp2.ipynb#X15sZmlsZQ%3D%3D
2025-02-16 18:41:58.405 [info] Active editor: vscode-notebook-cell:/home/sab/github/TheInvisibleFoe/PH3105-Lab-reports/DPS-Lab_reports/PH3204/exp-2BJT/code/exp2.ipynb#X16sZmlsZQ%3D%3D
2025-02-16 18:42:00.786 [info] Active editor: vscode-notebook-cell:/home/sab/github/TheInvisibleFoe/PH3105-Lab-reports/DPS-Lab_reports/PH3204/exp-2BJT/code/exp2.ipynb#X13sZmlsZQ%3D%3D
2025-02-16 18:42:02.145 [info] Active editor: vscode-notebook-cell:/home/sab/github/TheInvisibleFoe/PH3105-Lab-reports/DPS-Lab_reports/PH3204/exp-2BJT/code/exp2.ipynb#X15sZmlsZQ%3D%3D
2025-02-16 18:42:02.872 [info] Active editor: vscode-notebook-cell:/home/sab/github/TheInvisibleFoe/PH3105-Lab-reports/DPS-Lab_reports/PH3204/exp-2BJT/code/exp2.ipynb#X16sZmlsZQ%3D%3D
2025-02-16 18:42:19.550 [info] Active editor: vscode-notebook-cell:/home/sab/github/TheInvisibleFoe/PH3105-Lab-reports/DPS-Lab_reports/PH3204/exp-2BJT/code/exp2.ipynb#X15sZmlsZQ%3D%3D
2025-02-16 18:44:12.793 [info] Active editor: vscode-notebook-cell:/home/sab/github/TheInvisibleFoe/PH3105-Lab-reports/DPS-Lab_reports/PH3204/exp-2BJT/code/exp2.ipynb#X16sZmlsZQ%3D%3D
2025-02-16 18:44:13.567 [info] Active editor: file:///home/sab/github/TheInvisibleFoe/PH3105-Lab-reports/DPS-Lab_reports/PH3204/exp-2BJT/main.tex
2025-02-16 18:45:46.068 [info] Active editor: vscode-notebook-cell:/home/sab/github/TheInvisibleFoe/PH3105-Lab-reports/DPS-Lab_reports/PH3204/exp-2BJT/code/exp2.ipynb#X16sZmlsZQ%3D%3D
2025-02-16 18:45:48.297 [info] Active editor: vscode-notebook-cell:/home/sab/github/TheInvisibleFoe/PH3105-Lab-reports/DPS-Lab_reports/PH3204/exp-2BJT/code/exp2.ipynb#X13sZmlsZQ%3D%3D
2025-02-16 18:45:59.960 [info] Active editor: vscode-notebook-cell:/home/sab/github/TheInvisibleFoe/PH3105-Lab-reports/DPS-Lab_reports/PH3204/exp-2BJT/code/exp2.ipynb#X20sZmlsZQ%3D%3D
2025-02-16 18:46:02.375 [info] Active editor: vscode-notebook-cell:/home/sab/github/TheInvisibleFoe/PH3105-Lab-reports/DPS-Lab_reports/PH3204/exp-2BJT/code/exp2.ipynb#X15sZmlsZQ%3D%3D
2025-02-16 18:46:11.525 [info] Active editor: vscode-notebook-cell:/home/sab/github/TheInvisibleFoe/PH3105-Lab-reports/DPS-Lab_reports/PH3204/exp-2BJT/code/exp2.ipynb#X20sZmlsZQ%3D%3D
2025-02-16 18:46:16.421 [info] Active editor: vscode-notebook-cell:/home/sab/github/TheInvisibleFoe/PH3105-Lab-reports/DPS-Lab_reports/PH3204/exp-2BJT/code/exp2.ipynb#X15sZmlsZQ%3D%3D
2025-02-16 18:46:18.966 [info] Active editor: vscode-notebook-cell:/home/sab/github/TheInvisibleFoe/PH3105-Lab-reports/DPS-Lab_reports/PH3204/exp-2BJT/code/exp2.ipynb#X20sZmlsZQ%3D%3D
2025-02-16 18:46:23.891 [info] Active editor: vscode-notebook-cell:/home/sab/github/TheInvisibleFoe/PH3105-Lab-reports/DPS-Lab_reports/PH3204/exp-2BJT/code/exp2.ipynb#X15sZmlsZQ%3D%3D
2025-02-16 18:46:33.300 [info] Active editor: file:///home/sab/github/TheInvisibleFoe/PH3105-Lab-reports/DPS-Lab_reports/PH3204/exp-2BJT/main.tex
2025-02-16 18:46:42.116 [info] Active editor: file:///home/sab/github/TheInvisibleFoe/PH3105-Lab-reports/DPS-Lab_reports/PH3204/exp-2BJT/bjt.tex
2025-02-16 18:46:44.450 [info] Active editor: file:///home/sab/github/TheInvisibleFoe/PH3105-Lab-reports/DPS-Lab_reports/PH3204/exp-2BJT/main.tex
2025-02-16 18:46:45.600 [info] Active editor: vscode-notebook-cell:/home/sab/github/TheInvisibleFoe/PH3105-Lab-reports/DPS-Lab_reports/PH3204/exp-2BJT/code/exp2.ipynb#X15sZmlsZQ%3D%3D
2025-02-16 18:46:46.255 [info] Active editor: file:///home/sab/github/TheInvisibleFoe/PH3105-Lab-reports/DPS-Lab_reports/PH3204/exp-2BJT/main.tex
2025-02-16 18:46:46.885 [info] Active editor: vscode-notebook-cell:/home/sab/github/TheInvisibleFoe/PH3105-Lab-reports/DPS-Lab_reports/PH3204/exp-2BJT/code/exp2.ipynb#X15sZmlsZQ%3D%3D
2025-02-16 18:46:52.525 [info] Active editor: file:///home/sab/github/TheInvisibleFoe/PH3105-Lab-reports/DPS-Lab_reports/PH3204/exp-2BJT/main.tex
2025-02-16 18:47:09.977 [info] Active editor: file:///home/sab/github/TheInvisibleFoe/PH3105-Lab-reports/DPS-Lab_reports/PH3204/exp-2BJT/tablei.tex
2025-02-16 18:47:12.159 [info] Active editor: vscode-notebook-cell:/home/sab/github/TheInvisibleFoe/PH3105-Lab-reports/DPS-Lab_reports/PH3204/exp-2BJT/code/exp2.ipynb#X15sZmlsZQ%3D%3D
2025-02-16 18:47:13.612 [info] Active editor: file:///home/sab/github/TheInvisibleFoe/PH3105-Lab-reports/DPS-Lab_reports/PH3204/exp-2BJT/main.tex
2025-02-16 18:47:13.961 [info] Active editor: vscode-notebook-cell:/home/sab/github/TheInvisibleFoe/PH3105-Lab-reports/DPS-Lab_reports/PH3204/exp-2BJT/code/exp2.ipynb#X15sZmlsZQ%3D%3D
2025-02-16 18:47:18.242 [info] Active editor: file:///home/sab/github/TheInvisibleFoe/PH3105-Lab-reports/DPS-Lab_reports/PH3204/exp-2BJT/main.tex
2025-02-16 18:47:27.700 [info] Active editor: vscode-notebook-cell:/home/sab/github/TheInvisibleFoe/PH3105-Lab-reports/DPS-Lab_reports/PH3204/exp-2BJT/code/exp2.ipynb#X15sZmlsZQ%3D%3D
2025-02-16 18:47:30.964 [info] Active editor: file:///home/sab/github/TheInvisibleFoe/PH3105-Lab-reports/DPS-Lab_reports/PH3204/exp-2BJT/main.tex
2025-02-16 18:47:42.268 [info] Active editor: vscode-notebook-cell:/home/sab/github/TheInvisibleFoe/PH3105-Lab-reports/DPS-Lab_reports/PH3204/exp-2BJT/code/exp2.ipynb#X15sZmlsZQ%3D%3D
2025-02-16 18:47:50.078 [info] Active editor: file:///home/sab/github/TheInvisibleFoe/PH3105-Lab-reports/DPS-Lab_reports/PH3204/exp-2BJT/main.tex
2025-02-16 18:47:54.976 [info] Active editor: vscode-notebook-cell:/home/sab/github/TheInvisibleFoe/PH3105-Lab-reports/DPS-Lab_reports/PH3204/exp-2BJT/code/exp2.ipynb#X15sZmlsZQ%3D%3D
2025-02-16 18:47:57.811 [info] Active editor: file:///home/sab/github/TheInvisibleFoe/PH3105-Lab-reports/DPS-Lab_reports/PH3204/exp-2BJT/main.tex
2025-02-16 19:02:00.137 [info] Active editor: vscode-notebook-cell:/home/sab/github/TheInvisibleFoe/PH3105-Lab-reports/DPS-Lab_reports/PH3204/exp-2BJT/code/exp2.ipynb#X15sZmlsZQ%3D%3D
2025-02-16 19:02:29.593 [info] Active editor: file:///home/sab/github/TheInvisibleFoe/PH3105-Lab-reports/DPS-Lab_reports/PH3204/exp-2BJT/main.tex
2025-02-16 22:12:07.667 [info] Active editor: vscode-notebook-cell:/home/sab/github/TheInvisibleFoe/PH3105-Lab-reports/DPS-Lab_reports/PH3204/exp-2BJT/code/exp2.ipynb#X15sZmlsZQ%3D%3D
2025-02-16 22:12:10.009 [info] Active editor: vscode-notebook-cell:/home/sab/github/TheInvisibleFoe/PH3105-Lab-reports/DPS-Lab_reports/PH3204/exp-2BJT/code/exp2.ipynb#W3sZmlsZQ%3D%3D
2025-02-16 22:12:34.153 [info] Active editor: vscode-notebook-cell:/home/sab/github/TheInvisibleFoe/PH3105-Lab-reports/DPS-Lab_reports/PH3204/exp-2BJT/code/exp2.ipynb#X13sZmlsZQ%3D%3D
2025-02-16 22:12:35.944 [info] Active editor: file:///home/sab/github/TheInvisibleFoe/PH3105-Lab-reports/DPS-Lab_reports/PH3204/exp-2BJT/main.tex
2025-02-16 22:14:01.067 [info] Active editor: vscode-notebook-cell:/home/sab/github/TheInvisibleFoe/PH3105-Lab-reports/DPS-Lab_reports/PH3204/exp-2BJT/code/exp2.ipynb#X13sZmlsZQ%3D%3D
2025-02-16 22:14:02.769 [info] Active editor: vscode-notebook-cell:/home/sab/github/TheInvisibleFoe/PH3105-Lab-reports/DPS-Lab_reports/PH3204/exp-2BJT/code/exp2.ipynb#X13sZmlsZQ%3D%3D
2025-02-16 22:14:05.016 [info] Active editor: vscode-notebook-cell:/home/sab/github/TheInvisibleFoe/PH3105-Lab-reports/DPS-Lab_reports/PH3204/exp-2BJT/code/exp2.ipynb#X13sZmlsZQ%3D%3D
2025-02-16 22:14:09.227 [info] Active editor: vscode-notebook-cell:/home/sab/github/TheInvisibleFoe/PH3105-Lab-reports/DPS-Lab_reports/PH3204/exp-2BJT/code/exp2.ipynb#W6sZmlsZQ%3D%3D
2025-02-16 22:14:29.839 [info] Active editor: vscode-notebook-cell:/home/sab/github/TheInvisibleFoe/PH3105-Lab-reports/DPS-Lab_reports/PH3204/exp-2BJT/code/exp2.ipynb#X10sZmlsZQ%3D%3D
2025-02-16 22:14:40.103 [info] Active editor: file:///home/sab/github/TheInvisibleFoe/PH3105-Lab-reports/DPS-Lab_reports/PH3204/exp-2BJT/main.tex
2025-02-16 22:18:00.963 [info] Active editor: vscode-notebook-cell:/home/sab/github/TheInvisibleFoe/PH3105-Lab-reports/DPS-Lab_reports/PH3204/exp-2BJT/code/exp2.ipynb#X10sZmlsZQ%3D%3D
2025-02-16 22:19:46.614 [info] Active editor: vscode-notebook-cell:/home/sab/github/TheInvisibleFoe/PH3105-Lab-reports/DPS-Lab_reports/PH3204/exp-2BJT/code/exp2.ipynb#X15sZmlsZQ%3D%3D
2025-02-16 22:20:05.429 [info] Active editor: vscode-notebook-cell:/home/sab/github/TheInvisibleFoe/PH3105-Lab-reports/DPS-Lab_reports/PH3204/exp-2BJT/code/exp2.ipynb#X16sZmlsZQ%3D%3D
2025-02-16 22:21:13.191 [info] Active editor: file:///home/sab/github/TheInvisibleFoe/PH3105-Lab-reports/DPS-Lab_reports/PH3204/exp-2BJT/main.tex
2025-02-16 22:21:16.471 [info] Active editor: vscode-notebook-cell:/home/sab/github/TheInvisibleFoe/PH3105-Lab-reports/DPS-Lab_reports/PH3204/exp-2BJT/code/exp2.ipynb#X20sZmlsZQ%3D%3D
2025-02-16 22:21:17.771 [info] Active editor: file:///home/sab/github/TheInvisibleFoe/PH3105-Lab-reports/DPS-Lab_reports/PH3204/exp-2BJT/main.tex
2025-02-16 22:27:11.482 [info] Active editor: file:///home/sab/github/TheInvisibleFoe/PH3105-Lab-reports/DPS-Lab_reports/PH3204/exp-2BJT/main.tex
2025-02-16 22:28:15.387 [info] Active editor: file:///home/sab/github/TheInvisibleFoe/PH3105-Lab-reports/DPS-Lab_reports/PH3204/exp-2BJT/main.tex
2025-02-16 23:15:11.166 [info] Active editor: vscode-notebook-cell:/home/sab/github/TheInvisibleFoe/PH3105-Lab-reports/DPS-Lab_reports/PH3204/exp-2BJT/code/exp2.ipynb#X20sZmlsZQ%3D%3D
2025-02-16 23:15:35.067 [info] Active editor: vscode-notebook-cell:/home/sab/github/TheInvisibleFoe/PH3105-Lab-reports/DPS-Lab_reports/PH3204/exp-2BJT/code/exp2.ipynb#X20sZmlsZQ%3D%3D
2025-02-16 23:15:36.979 [info] Active editor: vscode-notebook-cell:/home/sab/github/TheInvisibleFoe/PH3105-Lab-reports/DPS-Lab_reports/PH3204/exp-2BJT/code/exp2.ipynb#X20sZmlsZQ%3D%3D
2025-02-16 23:16:15.927 [info] Active editor: file:///home/sab/github/TheInvisibleFoe/PH3105-Lab-reports/DPS-Lab_reports/PH3204/exp-2BJT/main.tex
